#
# There is insufficient memory for the Java Runtime Environment to continue.
# Native memory allocation (malloc) failed to allocate 257936 bytes. Error detail: Chunk::new
# Possible reasons:
#   The system is out of physical RAM or swap space
#   This process is running with CompressedOops enabled, and the Java Heap may be blocking the growth of the native heap
# Possible solutions:
#   Reduce memory load on the system
#   Increase physical memory or swap space
#   Check if swap backing store is full
#   Decrease Java heap size (-Xmx/-Xms)
#   Decrease number of Java threads
#   Decrease Java thread stack sizes (-Xss)
#   Set larger code cache with -XX:ReservedCodeCacheSize=
#   JVM is running with Unscaled Compressed Oops mode in which the Java heap is
#     placed in the first 4GB address space. The Java Heap base address is the
#     maximum limit for the native heap growth. Please use -XX:HeapBaseMinAddress
#     to set the Java Heap base and to place the Java Heap above 4GB virtual address.
# This output file may be truncated or incomplete.
#
#  Out of Memory Error (arena.cpp:168), pid=28336, tid=2776
#
# JRE version: OpenJDK Runtime Environment Temurin-21.0.10+7 (21.0.10+7) (build 21.0.10+7-LTS)
# Java VM: OpenJDK 64-Bit Server VM Temurin-21.0.10+7 (21.0.10+7-LTS, mixed mode, sharing, tiered, compressed oops, compressed class ptrs, parallel gc, windows-amd64)
# No core dump will be written. Minidumps are not enabled by default on client versions of Windows
#

---------------  S U M M A R Y ------------

Command Line: --add-modules=ALL-SYSTEM --add-opens=java.base/java.util=ALL-UNNAMED --add-opens=java.base/java.lang=ALL-UNNAMED --add-opens=java.base/sun.nio.fs=ALL-UNNAMED -Declipse.application=org.eclipse.jdt.ls.core.id1 -Dosgi.bundles.defaultStartLevel=4 -Declipse.product=org.eclipse.jdt.ls.core.product -Djava.import.generatesMetadataFilesAtProjectRoot=false -DDetectVMInstallationsJob.disabled=true -Dfile.encoding=utf8 -XX:+UseParallelGC -XX:GCTimeRatio=4 -XX:AdaptiveSizePolicyWeight=90 -Dsun.zip.disableMemoryMapping=true -Xmx2G -Xms100m -Xlog:disable -javaagent:c:\Users\User\.vscode\extensions\redhat.java-1.53.0-win32-x64\lombok\lombok-1.18.39-4050.jar -XX:+HeapDumpOnOutOfMemoryError -XX:HeapDumpPath=c:\Users\User\AppData\Roaming\Code\User\workspaceStorage\c5569fb98b53a5d29c62dc571740dfb3\redhat.java -Daether.dependencyCollector.impl=bf c:\Users\User\.vscode\extensions\redhat.java-1.53.0-win32-x64\server\plugins\org.eclipse.equinox.launcher_1.7.100.v20251111-0406.jar -configuration c:\Users\User\AppData\Roaming\Code\User\globalStorage\redhat.java\1.53.0\config_win -data c:\Users\User\AppData\Roaming\Code\User\workspaceStorage\c5569fb98b53a5d29c62dc571740dfb3\redhat.java\jdt_ws --pipe=\\.\pipe\lsp-95f0554b491863ffb96fb2fd72fa2b5a-sock

Host: 12th Gen Intel(R) Core(TM) i3-1215U, 8 cores, 15G,  Windows 11 , 64 bit Build 26100 (10.0.26100.7920)
Time: Wed Mar 25 09:49:28 2026 E. Africa Standard Time elapsed time: 4.701621 seconds (0d 0h 0m 4s)

---------------  T H R E A D  ---------------

Current thread (0x00000171ca89ea10):  JavaThread "C2 CompilerThread0" daemon [_thread_in_native, id=2776, stack(0x00000009ed800000,0x00000009ed900000) (1024K)]


Current CompileTask:
C2:4702 1393   !   4       lombok.patcher.ScriptManager$OurClassFileTransformer::transform (473 bytes)

Stack: [0x00000009ed800000,0x00000009ed900000]
Native frames: (J=compiled Java code, j=interpreted, Vv=VM code, C=native code)
V  [jvm.dll+0x6d7a39]
V  [jvm.dll+0x8b4b26]
V  [jvm.dll+0x8b70de]
V  [jvm.dll+0x8b77c3]
V  [jvm.dll+0x284346]
V  [jvm.dll+0xc66ed]
V  [jvm.dll+0xc6c31]
V  [jvm.dll+0x2fb29e]
V  [jvm.dll+0x5fe884]
V  [jvm.dll+0x255b17]
V  [jvm.dll+0x255edd]
V  [jvm.dll+0x24e500]
V  [jvm.dll+0x24ba42]
V  [jvm.dll+0x1cb34e]
V  [jvm.dll+0x25b85d]
V  [jvm.dll+0x259dea]
V  [jvm.dll+0x3f857e]
V  [jvm.dll+0x85f59d]
V  [jvm.dll+0x6d626d]
C  [ucrtbase.dll+0x37b0]
C  [KERNEL32.DLL+0x2e8d7]
C  [ntdll.dll+0x8c48c]


---------------  P R O C E S S  ---------------

Threads class SMR info:
_java_thread_list=0x00000171e2cf4600, length=13, elements={
0x00000171ca90e3c0, 0x00000171ca9cbab0, 0x00000171ca8852e0, 0x00000171ca887730,
0x00000171ca888740, 0x00000171ca88e990, 0x00000171ca897650, 0x00000171ca89ea10,
0x00000171ca8a8240, 0x00000171e2d2a910, 0x00000171e2d9dd40, 0x00000171e2d2c350,
0x00000171e70e6150
}

Java Threads: ( => current thread )
  0x00000171ca90e3c0 JavaThread "main"                              [_thread_in_Java, id=23836, stack(0x00000009ece00000,0x00000009ecf00000) (1024K)]
  0x00000171ca9cbab0 JavaThread "Reference Handler"          daemon [_thread_blocked, id=21436, stack(0x00000009ed200000,0x00000009ed300000) (1024K)]
  0x00000171ca8852e0 JavaThread "Finalizer"                  daemon [_thread_blocked, id=6956, stack(0x00000009ed300000,0x00000009ed400000) (1024K)]
  0x00000171ca887730 JavaThread "Signal Dispatcher"          daemon [_thread_blocked, id=24412, stack(0x00000009ed400000,0x00000009ed500000) (1024K)]
  0x00000171ca888740 JavaThread "Attach Listener"            daemon [_thread_blocked, id=13248, stack(0x00000009ed500000,0x00000009ed600000) (1024K)]
  0x00000171ca88e990 JavaThread "Service Thread"             daemon [_thread_blocked, id=28348, stack(0x00000009ed600000,0x00000009ed700000) (1024K)]
  0x00000171ca897650 JavaThread "Monitor Deflation Thread"   daemon [_thread_blocked, id=940, stack(0x00000009ed700000,0x00000009ed800000) (1024K)]
=>0x00000171ca89ea10 JavaThread "C2 CompilerThread0"         daemon [_thread_in_native, id=2776, stack(0x00000009ed800000,0x00000009ed900000) (1024K)]
  0x00000171ca8a8240 JavaThread "C1 CompilerThread0"         daemon [_thread_in_native, id=5124, stack(0x00000009ed900000,0x00000009eda00000) (1024K)]
  0x00000171e2d2a910 JavaThread "Common-Cleaner"             daemon [_thread_blocked, id=25436, stack(0x00000009eda00000,0x00000009edb00000) (1024K)]
  0x00000171e2d9dd40 JavaThread "C2 CompilerThread1"         daemon [_thread_in_native, id=10044, stack(0x00000009edb00000,0x00000009edc00000) (1024K)]
  0x00000171e2d2c350 JavaThread "Notification Thread"        daemon [_thread_blocked, id=20336, stack(0x00000009edc00000,0x00000009edd00000) (1024K)]
  0x00000171e70e6150 JavaThread "C2 CompilerThread2"         daemon [_thread_in_native, id=20020, stack(0x00000009edd00000,0x00000009ede00000) (1024K)]
Total: 13

Other Threads:
  0x00000171ca881400 VMThread "VM Thread"                           [id=11132, stack(0x00000009ed100000,0x00000009ed200000) (1024K)]
  0x00000171ca79ca10 WatcherThread "VM Periodic Task Thread"        [id=27360, stack(0x00000009ed000000,0x00000009ed100000) (1024K)]
  0x00000171ca92d9c0 WorkerThread "GC Thread#0"                     [id=10236, stack(0x00000009ecf00000,0x00000009ed000000) (1024K)]
  0x00000171e79949e0 WorkerThread "GC Thread#1"                     [id=26664, stack(0x00000009ede00000,0x00000009edf00000) (1024K)]
  0x00000171e72d0c00 WorkerThread "GC Thread#2"                     [id=24468, stack(0x00000009edf00000,0x00000009ee000000) (1024K)]
  0x00000171e72d0fb0 WorkerThread "GC Thread#3"                     [id=24280, stack(0x00000009ee000000,0x00000009ee100000) (1024K)]
  0x00000171e71a5330 WorkerThread "GC Thread#4"                     [id=23896, stack(0x00000009ee100000,0x00000009ee200000) (1024K)]
  0x00000171e71a56e0 WorkerThread "GC Thread#5"                     [id=23588, stack(0x00000009ee200000,0x00000009ee300000) (1024K)]
  0x00000171e71a5ea0 WorkerThread "GC Thread#6"                     [id=22448, stack(0x00000009ee300000,0x00000009ee400000) (1024K)]
Total: 9

Threads with active compile tasks:
C2 CompilerThread0  4741 1393   !   4       lombok.patcher.ScriptManager$OurClassFileTransformer::transform (473 bytes)
C1 CompilerThread0  4741 1430       3       java.io.DataInputStream::readLong (20 bytes)
C2 CompilerThread1  4741 1407       4       java.util.HashMap::put (13 bytes)
C2 CompilerThread2  4741 1437       4       java.util.Collections$UnmodifiableCollection::iterator (9 bytes)
Total: 4

VM state: not at safepoint (normal execution)

VM Mutex/Monitor currently owned by a thread: None

Heap address: 0x0000000080000000, size: 2048 MB, Compressed Oops mode: 32-bit

CDS archive(s) mapped at: [0x0000017180000000-0x0000017180ba0000-0x0000017180ba0000), size 12189696, SharedBaseAddress: 0x0000017180000000, ArchiveRelocationMode: 1.
Compressed class space mapped at: 0x0000017181000000-0x00000171c1000000, reserved size: 1073741824
Narrow klass base: 0x0000017180000000, Narrow klass shift: 0, Narrow klass range: 0x100000000

GC Precious Log:
 CardTable entry size: 512
 CPUs: 8 total, 8 available
 Memory: 16057M
 Large Page Support: Disabled
 NUMA Support: Disabled
 Compressed Oops: Enabled (32-bit)
 Alignments: Space 512K, Generation 512K, Heap 2M
 Heap Min Capacity: 100M
 Heap Initial Capacity: 100M
 Heap Max Capacity: 2G
 Pre-touch: Disabled
 Parallel Workers: 8

Heap:
 PSYoungGen      total 29696K, used 17841K [0x00000000d5580000, 0x00000000d7680000, 0x0000000100000000)
  eden space 25600K, 56% used [0x00000000d5580000,0x00000000d63b27b0,0x00000000d6e80000)
  from space 4096K, 80% used [0x00000000d6e80000,0x00000000d71b9e98,0x00000000d7280000)
  to   space 4096K, 0% used [0x00000000d7280000,0x00000000d7280000,0x00000000d7680000)
 ParOldGen       total 68608K, used 16K [0x0000000080000000, 0x0000000084300000, 0x00000000d5580000)
  object space 68608K, 0% used [0x0000000080000000,0x0000000080004000,0x0000000084300000)
 Metaspace       used 6456K, committed 6784K, reserved 1114112K
  class space    used 658K, committed 832K, reserved 1048576K

Card table byte_map: [0x00000171ca2b0000,0x00000171ca6c0000] _byte_map_base: 0x00000171c9eb0000

Marking Bits: (ParMarkBitMap*) 0x00007ffbc48f3450
 Begin Bits: [0x00000171dcdc0000, 0x00000171dedc0000)
 End Bits:   [0x00000171dedc0000, 0x00000171e0dc0000)

Polling page: 0x00000171c8740000

Metaspace:

Usage:
  Non-class:      5.66 MB used.
      Class:    658.38 KB used.
       Both:      6.31 MB used.

Virtual space:
  Non-class space:       64.00 MB reserved,       5.81 MB (  9%) committed,  1 nodes.
      Class space:        1.00 GB reserved,     832.00 KB ( <1%) committed,  1 nodes.
             Both:        1.06 GB reserved,       6.62 MB ( <1%) committed. 

Chunk freelists:
   Non-Class:  9.73 MB
       Class:  15.05 MB
        Both:  24.78 MB

MaxMetaspaceSize: unlimited
CompressedClassSpaceSize: 1.00 GB
Initial GC threshold: 21.00 MB
Current GC threshold: 21.00 MB
CDS: on
 - commit_granule_bytes: 65536.
 - commit_granule_words: 8192.
 - virtual_space_node_default_size: 8388608.
 - enlarge_chunks_in_place: 1.
 - use_allocation_guard: 0.


Internal statistics:

num_allocs_failed_limit: 0.
num_arena_births: 190.
num_arena_deaths: 0.
num_vsnodes_births: 2.
num_vsnodes_deaths: 0.
num_space_committed: 106.
num_space_uncommitted: 0.
num_chunks_returned_to_freelist: 0.
num_chunks_taken_from_freelist: 327.
num_chunk_merges: 0.
num_chunk_splits: 212.
num_chunks_enlarged: 135.
num_inconsistent_stats: 0.

CodeHeap 'non-profiled nmethods': size=120000Kb used=623Kb max_used=623Kb free=119376Kb
 bounds [0x00000171d55e0000, 0x00000171d5850000, 0x00000171dcb10000]
CodeHeap 'profiled nmethods': size=120000Kb used=2442Kb max_used=2442Kb free=117557Kb
 bounds [0x00000171cdb10000, 0x00000171cdd80000, 0x00000171d5040000]
CodeHeap 'non-nmethods': size=5760Kb used=1207Kb max_used=1244Kb free=4552Kb
 bounds [0x00000171d5040000, 0x00000171d52b0000, 0x00000171d55e0000]
CodeCache: size=245760Kb, used=4272Kb, max_used=4309Kb, free=241485Kb
 total_blobs=1912, nmethods=1441, adapters=378, full_count=0
Compilation: enabled, stopped_count=0, restarted_count=0

Compilation events (20 events):
Event: 2.608 Thread 0x00000171ca8a8240 1384       1       org.lombokweb.asm.SymbolTable::getMajorVersion (5 bytes)
Event: 2.608 Thread 0x00000171ca8a8240 nmethod 1384 0x00000171d5671490 code [0x00000171d5671620, 0x00000171d56716e8]
Event: 2.608 Thread 0x00000171ca8a8240 1390       3       org.lombokweb.asm.ClassReader::readInt (52 bytes)
Event: 2.608 Thread 0x00000171ca8a8240 nmethod 1390 0x00000171cdd51f90 code [0x00000171cdd52140, 0x00000171cdd52318]
Event: 2.609 Thread 0x00000171ca8a8240 1386       1       org.lombokweb.asm.SymbolTable::getSource (5 bytes)
Event: 2.609 Thread 0x00000171ca8a8240 nmethod 1386 0x00000171d5671790 code [0x00000171d5671920, 0x00000171d56719e8]
Event: 2.609 Thread 0x00000171ca8a8240 1389       3       org.lombokweb.asm.SymbolTable$Entry::<init> (20 bytes)
Event: 2.609 Thread 0x00000171ca8a8240 nmethod 1389 0x00000171cdd52490 code [0x00000171cdd52640, 0x00000171cdd52798]
Event: 2.609 Thread 0x00000171ca8a8240 1391       1       org.lombokweb.asm.MethodWriter::hasAsmInstructions (5 bytes)
Event: 2.609 Thread 0x00000171ca8a8240 nmethod 1391 0x00000171d5671a90 code [0x00000171d5671c20, 0x00000171d5671cf0]
Event: 2.611 Thread 0x00000171ca89ea10 nmethod 1358 0x00000171d5671d90 code [0x00000171d5672040, 0x00000171d5674730]
Event: 2.614 Thread 0x00000171ca8a8240 1394       3       java.security.Provider$ServiceKey::equals (53 bytes)
Event: 2.617 Thread 0x00000171ca8a8240 nmethod 1394 0x00000171cdd52890 code [0x00000171cdd52a80, 0x00000171cdd52f10]
Event: 2.619 Thread 0x00000171ca8a8240 1395       3       java.util.ArrayList::addAll (76 bytes)
Event: 2.620 Thread 0x00000171ca8a8240 nmethod 1395 0x00000171cdd53090 code [0x00000171cdd53280, 0x00000171cdd53710]
Event: 2.624 Thread 0x00000171ca89ea10 1393   !   4       lombok.patcher.ScriptManager$OurClassFileTransformer::transform (473 bytes)
Event: 2.628 Thread 0x00000171ca8a8240 1396  s    3       java.lang.Throwable::fillInStackTrace (29 bytes)
Event: 2.630 Thread 0x00000171ca8a8240 nmethod 1396 0x00000171cdd53890 code [0x00000171cdd53a40, 0x00000171cdd53cd8]
Event: 2.650 Thread 0x00000171ca8a8240 1397   !   3       java.security.Provider$Service::newInstance (354 bytes)
Event: 2.653 Thread 0x00000171e2d9dd40 nmethod 1387 0x00000171d5675a90 code [0x00000171d5675c60, 0x00000171d5676528]

GC Heap History (2 events):
Event: 1.119 GC heap before
{Heap before GC invocations=1 (full 0):
 PSYoungGen      total 29696K, used 25600K [0x00000000d5580000, 0x00000000d7680000, 0x0000000100000000)
  eden space 25600K, 100% used [0x00000000d5580000,0x00000000d6e80000,0x00000000d6e80000)
  from space 4096K, 0% used [0x00000000d7280000,0x00000000d7280000,0x00000000d7680000)
  to   space 4096K, 0% used [0x00000000d6e80000,0x00000000d6e80000,0x00000000d7280000)
 ParOldGen       total 68608K, used 0K [0x0000000080000000, 0x0000000084300000, 0x00000000d5580000)
  object space 68608K, 0% used [0x0000000080000000,0x0000000080000000,0x0000000084300000)
 Metaspace       used 4350K, committed 4608K, reserved 1114112K
  class space    used 474K, committed 576K, reserved 1048576K
}
Event: 1.125 GC heap after
{Heap after GC invocations=1 (full 0):
 PSYoungGen      total 29696K, used 3303K [0x00000000d5580000, 0x00000000d7680000, 0x0000000100000000)
  eden space 25600K, 0% used [0x00000000d5580000,0x00000000d5580000,0x00000000d6e80000)
  from space 4096K, 80% used [0x00000000d6e80000,0x00000000d71b9e98,0x00000000d7280000)
  to   space 4096K, 0% used [0x00000000d7280000,0x00000000d7280000,0x00000000d7680000)
 ParOldGen       total 68608K, used 16K [0x0000000080000000, 0x0000000084300000, 0x00000000d5580000)
  object space 68608K, 0% used [0x0000000080000000,0x0000000080004000,0x0000000084300000)
 Metaspace       used 4350K, committed 4608K, reserved 1114112K
  class space    used 474K, committed 576K, reserved 1048576K
}

Dll operation events (8 events):
Event: 0.057 Loaded shared library c:\Users\User\.vscode\extensions\redhat.java-1.53.0-win32-x64\jre\21.0.10-win32-x86_64\bin\java.dll
Event: 0.173 Loaded shared library c:\Users\User\.vscode\extensions\redhat.java-1.53.0-win32-x64\jre\21.0.10-win32-x86_64\bin\zip.dll
Event: 0.203 Loaded shared library C:\Users\User\.vscode\extensions\redhat.java-1.53.0-win32-x64\jre\21.0.10-win32-x86_64\bin\instrument.dll
Event: 0.209 Loaded shared library C:\Users\User\.vscode\extensions\redhat.java-1.53.0-win32-x64\jre\21.0.10-win32-x86_64\bin\net.dll
Event: 0.214 Loaded shared library C:\Users\User\.vscode\extensions\redhat.java-1.53.0-win32-x64\jre\21.0.10-win32-x86_64\bin\nio.dll
Event: 0.220 Loaded shared library C:\Users\User\.vscode\extensions\redhat.java-1.53.0-win32-x64\jre\21.0.10-win32-x86_64\bin\zip.dll
Event: 0.246 Loaded shared library C:\Users\User\.vscode\extensions\redhat.java-1.53.0-win32-x64\jre\21.0.10-win32-x86_64\bin\jimage.dll
Event: 0.345 Loaded shared library c:\Users\User\.vscode\extensions\redhat.java-1.53.0-win32-x64\jre\21.0.10-win32-x86_64\bin\verify.dll

Deoptimization events (20 events):
Event: 1.479 Thread 0x00000171ca90e3c0 DEOPT PACKING pc=0x00000171cdbafc0d sp=0x00000009ecef44f0
Event: 1.479 Thread 0x00000171ca90e3c0 DEOPT UNPACKING pc=0x00000171d5094242 sp=0x00000009ecef39a0 mode 0
Event: 1.482 Thread 0x00000171ca90e3c0 DEOPT PACKING pc=0x00000171cdbafc0d sp=0x00000009ecef44f0
Event: 1.482 Thread 0x00000171ca90e3c0 DEOPT UNPACKING pc=0x00000171d5094242 sp=0x00000009ecef39a0 mode 0
Event: 1.489 Thread 0x00000171ca90e3c0 DEOPT PACKING pc=0x00000171cdbafc0d sp=0x00000009ecef7f50
Event: 1.489 Thread 0x00000171ca90e3c0 DEOPT UNPACKING pc=0x00000171d5094242 sp=0x00000009ecef7400 mode 0
Event: 1.495 Thread 0x00000171ca90e3c0 DEOPT PACKING pc=0x00000171cdbafc0d sp=0x00000009ecef7f10
Event: 1.495 Thread 0x00000171ca90e3c0 DEOPT UNPACKING pc=0x00000171d5094242 sp=0x00000009ecef73c0 mode 0
Event: 2.540 Thread 0x00000171ca90e3c0 DEOPT PACKING pc=0x00000171cdbafc0d sp=0x00000009ecef4180
Event: 2.540 Thread 0x00000171ca90e3c0 DEOPT UNPACKING pc=0x00000171d5094242 sp=0x00000009ecef3630 mode 0
Event: 2.550 Thread 0x00000171ca90e3c0 DEOPT PACKING pc=0x00000171cdbafc0d sp=0x00000009ecef7ae0
Event: 2.550 Thread 0x00000171ca90e3c0 DEOPT UNPACKING pc=0x00000171d5094242 sp=0x00000009ecef6f90 mode 0
Event: 2.556 Thread 0x00000171ca90e3c0 Uncommon trap: trap_request=0xffffffc6 fr.pc=0x00000171d56197d0 relative=0x0000000000000290
Event: 2.556 Thread 0x00000171ca90e3c0 Uncommon trap: reason=bimorphic_or_optimized_type_check action=maybe_recompile pc=0x00000171d56197d0 method=java.util.Collections$UnmodifiableCollection$1.next()Ljava/lang/Object; @ 4 c2
Event: 2.556 Thread 0x00000171ca90e3c0 DEOPT PACKING pc=0x00000171d56197d0 sp=0x00000009ecef8690
Event: 2.556 Thread 0x00000171ca90e3c0 DEOPT UNPACKING pc=0x00000171d5093aa2 sp=0x00000009ecef8640 mode 2
Event: 2.556 Thread 0x00000171ca90e3c0 Uncommon trap: trap_request=0xffffffc6 fr.pc=0x00000171d56197d0 relative=0x0000000000000290
Event: 2.556 Thread 0x00000171ca90e3c0 Uncommon trap: reason=bimorphic_or_optimized_type_check action=maybe_recompile pc=0x00000171d56197d0 method=java.util.Collections$UnmodifiableCollection$1.next()Ljava/lang/Object; @ 4 c2
Event: 2.556 Thread 0x00000171ca90e3c0 DEOPT PACKING pc=0x00000171d56197d0 sp=0x00000009ecef8690
Event: 2.556 Thread 0x00000171ca90e3c0 DEOPT UNPACKING pc=0x00000171d5093aa2 sp=0x00000009ecef8640 mode 2

Classes loaded (20 events):
Event: 1.389 Loading class java/util/concurrent/Semaphore$NonfairSync
Event: 1.389 Loading class java/util/concurrent/Semaphore$Sync
Event: 1.389 Loading class java/util/concurrent/Semaphore$Sync done
Event: 1.389 Loading class java/util/concurrent/Semaphore$NonfairSync done
Event: 1.466 Loading class java/lang/TypeNotPresentException
Event: 1.466 Loading class java/lang/TypeNotPresentException done
Event: 2.610 Loading class java/security/InvalidKeyException
Event: 2.610 Loading class java/security/KeyException
Event: 2.610 Loading class java/security/GeneralSecurityException
Event: 2.611 Loading class java/security/GeneralSecurityException done
Event: 2.611 Loading class java/security/KeyException done
Event: 2.611 Loading class java/security/InvalidKeyException done
Event: 2.611 Loading class java/security/SignatureException
Event: 2.611 Loading class java/security/SignatureException done
Event: 2.611 Loading class java/security/cert/CertificateException
Event: 2.611 Loading class java/security/cert/CertificateException done
Event: 2.611 Loading class java/security/NoSuchAlgorithmException
Event: 2.611 Loading class java/security/NoSuchAlgorithmException done
Event: 2.611 Loading class java/security/NoSuchProviderException
Event: 2.611 Loading class java/security/NoSuchProviderException done

Classes unloaded (0 events):
No events

Classes redefined (0 events):
No events

Internal exceptions (20 events):
Event: 0.780 Thread 0x00000171ca90e3c0 Exception <a 'java/io/FileNotFoundException'{0x00000000d64d0a80}> (0x00000000d64d0a80) 
thrown [s\src\hotspot\share\prims\jni.cpp, line 520]
Event: 0.781 Thread 0x00000171ca90e3c0 Exception <a 'java/io/FileNotFoundException'{0x00000000d64d16f8}> (0x00000000d64d16f8) 
thrown [s\src\hotspot\share\prims\jni.cpp, line 520]
Event: 0.781 Thread 0x00000171ca90e3c0 Exception <a 'java/io/FileNotFoundException'{0x00000000d64d2238}> (0x00000000d64d2238) 
thrown [s\src\hotspot\share\prims\jni.cpp, line 520]
Event: 0.788 Thread 0x00000171ca90e3c0 Implicit null exception at 0x00000171d560e1a4 to 0x00000171d560e748
Event: 0.792 Thread 0x00000171ca90e3c0 Exception <a 'java/io/FileNotFoundException'{0x00000000d650c3c8}> (0x00000000d650c3c8) 
thrown [s\src\hotspot\share\prims\jni.cpp, line 520]
Event: 0.814 Thread 0x00000171ca90e3c0 Exception <a 'java/lang/NoSuchMethodError'{0x00000000d6548d90}: 'java.lang.Object java.lang.invoke.DirectMethodHandle$Holder.invokeInterface(java.lang.Object, java.lang.Object)'> (0x00000000d6548d90) 
thrown [s\src\hotspot\share\interpreter\linkResolver.cpp, line 773]
Event: 0.819 Thread 0x00000171ca90e3c0 Exception <a 'java/lang/NoSuchMethodError'{0x00000000d655c800}: 'java.lang.Object java.lang.invoke.Invokers$Holder.invokeExact_MT(java.lang.Object, java.lang.Object, java.lang.Object, java.lang.Object, java.lang.Object, java.lang.Object)'> (0x00000000d655c800) 
thrown [s\src\hotspot\share\interpreter\linkResolver.cpp, line 773]
Event: 0.825 Thread 0x00000171ca90e3c0 Exception <a 'java/lang/NoSuchMethodError'{0x00000000d65738d8}: 'int java.lang.invoke.DirectMethodHandle$Holder.invokeStatic(java.lang.Object, java.lang.Object, java.lang.Object, java.lang.Object, java.lang.Object)'> (0x00000000d65738d8) 
thrown [s\src\hotspot\share\interpreter\linkResolver.cpp, line 773]
Event: 0.863 Thread 0x00000171ca90e3c0 Exception <a 'java/lang/NoSuchMethodError'{0x00000000d6608c50}: 'java.lang.Object java.lang.invoke.DirectMethodHandle$Holder.invokeInterface(java.lang.Object, java.lang.Object, int)'> (0x00000000d6608c50) 
thrown [s\src\hotspot\share\interpreter\linkResolver.cpp, line 773]
Event: 1.040 Thread 0x00000171ca90e3c0 Exception <a 'java/lang/NoSuchMethodError'{0x00000000d6a6fbb8}: 'java.lang.ClassLoader java.lang.ClassLoader.getPlatformClassLoader(java.lang.Class)'> (0x00000000d6a6fbb8) 
thrown [s\src\hotspot\share\interpreter\linkResolver.cpp, line 773]
Event: 1.128 Thread 0x00000171ca90e3c0 Exception <a 'java/lang/ClassNotFoundException'{0x00000000d558ad40}: sun/net/www/protocol/c/Handler> (0x00000000d558ad40) 
thrown [s\src\hotspot\share\classfile\systemDictionary.cpp, line 312]
Event: 1.129 Thread 0x00000171ca90e3c0 Exception <a 'java/lang/ClassNotFoundException'{0x00000000d558c0c8}: sun/net/www/protocol/c/Handler> (0x00000000d558c0c8) 
thrown [s\src\hotspot\share\classfile\systemDictionary.cpp, line 312]
Event: 1.129 Thread 0x00000171ca90e3c0 Exception <a 'java/lang/ClassNotFoundException'{0x00000000d558d288}: sun/net/www/protocol/c/Handler> (0x00000000d558d288) 
thrown [s\src\hotspot\share\classfile\systemDictionary.cpp, line 312]
Event: 1.137 Thread 0x00000171ca90e3c0 Exception <a 'java/io/FileNotFoundException'{0x00000000d55beef8}> (0x00000000d55beef8) 
thrown [s\src\hotspot\share\prims\jni.cpp, line 520]
Event: 1.189 Thread 0x00000171ca90e3c0 Implicit null exception at 0x00000171d563b929 to 0x00000171d563c19c
Event: 1.189 Thread 0x00000171ca90e3c0 Implicit null exception at 0x00000171d5642a9a to 0x00000171d5642ca4
Event: 1.190 Thread 0x00000171ca90e3c0 Exception <a 'java/lang/NoSuchMethodError'{0x00000000d56eec88}: 'void java.lang.invoke.DirectMethodHandle$Holder.invokeStatic(java.lang.Object, java.lang.Object, java.lang.Object, java.lang.Object)'> (0x00000000d56eec88) 
thrown [s\src\hotspot\share\interpreter\linkResolver.cpp, line 773]
Event: 1.192 Thread 0x00000171ca90e3c0 Implicit null exception at 0x00000171d563e83c to 0x00000171d563eacc
Event: 1.192 Thread 0x00000171ca90e3c0 Implicit null exception at 0x00000171d563cb3d to 0x00000171d563cbc1
Event: 1.345 Thread 0x00000171ca90e3c0 Exception <a 'java/lang/NoSuchMethodError'{0x00000000d59d7a68}: 'void java.lang.invoke.DirectMethodHandle$Holder.invokeSpecial(java.lang.Object, java.lang.Object, java.lang.Object)'> (0x00000000d59d7a68) 
thrown [s\src\hotspot\share\interpreter\linkResolver.cpp, line 773]

ZGC Phase Switch (0 events):
No events

VM Operations (18 events):
Event: 0.171 Executing non-safepoint VM operation: HandshakeAllThreads (Deoptimize)
Event: 0.172 Executing non-safepoint VM operation: HandshakeAllThreads (Deoptimize) done
Event: 0.262 Executing non-safepoint VM operation: HandshakeAllThreads (Deoptimize)
Event: 0.262 Executing non-safepoint VM operation: HandshakeAllThreads (Deoptimize) done
Event: 0.704 Executing non-safepoint VM operation: HandshakeAllThreads (Deoptimize)
Event: 0.704 Executing non-safepoint VM operation: HandshakeAllThreads (Deoptimize) done
Event: 0.734 Executing non-safepoint VM operation: HandshakeAllThreads (Deoptimize)
Event: 0.734 Executing non-safepoint VM operation: HandshakeAllThreads (Deoptimize) done
Event: 1.091 Executing safepoint VM operation: ICBufferFull
Event: 1.091 Executing safepoint VM operation: ICBufferFull done
Event: 1.099 Executing non-safepoint VM operation: HandshakeAllThreads (Deoptimize)
Event: 1.099 Executing non-safepoint VM operation: HandshakeAllThreads (Deoptimize) done
Event: 1.119 Executing safepoint VM operation: ParallelGCFailedAllocation (Allocation Failure)
Event: 1.125 Executing safepoint VM operation: ParallelGCFailedAllocation (Allocation Failure) done
Event: 2.128 Executing safepoint VM operation: Cleanup
Event: 2.532 Executing safepoint VM operation: Cleanup done
Event: 3.540 Executing safepoint VM operation: Cleanup
Event: 3.540 Executing safepoint VM operation: Cleanup done

Memory protections (0 events):
No events

Nmethod flushes (0 events):
No events

Events (13 events):
Event: 0.080 Thread 0x00000171ca90e3c0 Thread added: 0x00000171ca90e3c0
Event: 0.119 Thread 0x00000171ca90e3c0 Thread added: 0x00000171ca9cbab0
Event: 0.119 Thread 0x00000171ca90e3c0 Thread added: 0x00000171ca8852e0
Event: 0.120 Thread 0x00000171ca90e3c0 Thread added: 0x00000171ca887730
Event: 0.120 Thread 0x00000171ca90e3c0 Thread added: 0x00000171ca888740
Event: 0.120 Thread 0x00000171ca90e3c0 Thread added: 0x00000171ca88e990
Event: 0.120 Thread 0x00000171ca90e3c0 Thread added: 0x00000171ca897650
Event: 0.120 Thread 0x00000171ca90e3c0 Thread added: 0x00000171ca89ea10
Event: 0.121 Thread 0x00000171ca90e3c0 Thread added: 0x00000171ca8a8240
Event: 0.205 Thread 0x00000171ca90e3c0 Thread added: 0x00000171e2d2a910
Event: 0.340 Thread 0x00000171ca8a8240 Thread added: 0x00000171e2d9dd40
Event: 0.461 Thread 0x00000171ca90e3c0 Thread added: 0x00000171e2d2c350
Event: 0.598 Thread 0x00000171ca8a8240 Thread added: 0x00000171e70e6150


Dynamic libraries:
0x00007ff6382c0000 - 0x00007ff6382ce000 	c:\Users\User\.vscode\extensions\redhat.java-1.53.0-win32-x64\jre\21.0.10-win32-x86_64\bin\java.exe
0x00007ffc5de00000 - 0x00007ffc5e067000 	C:\Windows\SYSTEM32\ntdll.dll
0x00007ffc5cf10000 - 0x00007ffc5cfd9000 	C:\Windows\System32\KERNEL32.DLL
0x00007ffc5a9b0000 - 0x00007ffc5ada1000 	C:\Windows\System32\KERNELBASE.dll
0x00007ffc5b620000 - 0x00007ffc5b76b000 	C:\Windows\System32\ucrtbase.dll
0x00007ffc34d80000 - 0x00007ffc34d98000 	c:\Users\User\.vscode\extensions\redhat.java-1.53.0-win32-x64\jre\21.0.10-win32-x86_64\bin\jli.dll
0x00007ffc2f960000 - 0x00007ffc2f97e000 	c:\Users\User\.vscode\extensions\redhat.java-1.53.0-win32-x64\jre\21.0.10-win32-x86_64\bin\VCRUNTIME140.dll
0x00007ffc5cff0000 - 0x00007ffc5d1b5000 	C:\Windows\System32\USER32.dll
0x00007ffc5a6e0000 - 0x00007ffc5a707000 	C:\Windows\System32\win32u.dll
0x00007ffc3bc00000 - 0x00007ffc3be93000 	C:\Windows\WinSxS\amd64_microsoft.windows.common-controls_6595b64144ccf1df_6.0.26100.8037_none_3e092faae333b53b\COMCTL32.dll
0x00007ffc5d1d0000 - 0x00007ffc5d279000 	C:\Windows\System32\msvcrt.dll
0x00007ffc5c120000 - 0x00007ffc5c14b000 	C:\Windows\System32\GDI32.dll
0x00007ffc5a710000 - 0x00007ffc5a83b000 	C:\Windows\System32\gdi32full.dll
0x00007ffc5b800000 - 0x00007ffc5b8a3000 	C:\Windows\System32\msvcp_win.dll
0x00007ffc5dd50000 - 0x00007ffc5dd81000 	C:\Windows\System32\IMM32.DLL
0x00007ffc530e0000 - 0x00007ffc530ec000 	c:\Users\User\.vscode\extensions\redhat.java-1.53.0-win32-x64\jre\21.0.10-win32-x86_64\bin\vcruntime140_1.dll
0x00007ffc352c0000 - 0x00007ffc3534d000 	c:\Users\User\.vscode\extensions\redhat.java-1.53.0-win32-x64\jre\21.0.10-win32-x86_64\bin\msvcp140.dll
0x00007ffbc3c30000 - 0x00007ffbc49d1000 	c:\Users\User\.vscode\extensions\redhat.java-1.53.0-win32-x64\jre\21.0.10-win32-x86_64\bin\server\jvm.dll
0x00007ffc5ce50000 - 0x00007ffc5cf0b000 	C:\Windows\System32\ADVAPI32.dll
0x00007ffc5d5c0000 - 0x00007ffc5d667000 	C:\Windows\System32\sechost.dll
0x00007ffc5c9a0000 - 0x00007ffc5cab8000 	C:\Windows\System32\RPCRT4.dll
0x00007ffc5c1b0000 - 0x00007ffc5c224000 	C:\Windows\System32\WS2_32.dll
0x00007ffc5a540000 - 0x00007ffc5a59e000 	C:\Windows\SYSTEM32\POWRPROF.dll
0x00007ffc50c60000 - 0x00007ffc50c95000 	C:\Windows\SYSTEM32\WINMM.dll
0x00007ffc48090000 - 0x00007ffc4809b000 	C:\Windows\SYSTEM32\VERSION.dll
0x00007ffc5a520000 - 0x00007ffc5a534000 	C:\Windows\SYSTEM32\UMPDC.dll
0x00007ffc59470000 - 0x00007ffc5948b000 	C:\Windows\SYSTEM32\kernel.appcore.dll
0x00007ffc530b0000 - 0x00007ffc530ba000 	c:\Users\User\.vscode\extensions\redhat.java-1.53.0-win32-x64\jre\21.0.10-win32-x86_64\bin\jimage.dll
0x00007ffc58580000 - 0x00007ffc587c2000 	C:\Windows\SYSTEM32\DBGHELP.DLL
0x00007ffc5cac0000 - 0x00007ffc5ce42000 	C:\Windows\System32\combase.dll
0x00007ffc5d810000 - 0x00007ffc5d8e7000 	C:\Windows\System32\OLEAUT32.dll
0x00007ffc306e0000 - 0x00007ffc3071b000 	C:\Windows\SYSTEM32\dbgcore.DLL
0x00007ffc5baf0000 - 0x00007ffc5bb95000 	C:\Windows\System32\bcryptPrimitives.dll
0x00007ffc4a430000 - 0x00007ffc4a43f000 	c:\Users\User\.vscode\extensions\redhat.java-1.53.0-win32-x64\jre\21.0.10-win32-x86_64\bin\instrument.dll
0x00007ffc4a410000 - 0x00007ffc4a430000 	c:\Users\User\.vscode\extensions\redhat.java-1.53.0-win32-x64\jre\21.0.10-win32-x86_64\bin\java.dll
0x00007ffc5c230000 - 0x00007ffc5c98f000 	C:\Windows\System32\SHELL32.dll
0x00007ffc5a840000 - 0x00007ffc5a9aa000 	C:\Windows\System32\wintypes.dll
0x00007ffc5adb0000 - 0x00007ffc5b614000 	C:\Windows\System32\windows.storage.dll
0x00007ffc5da20000 - 0x00007ffc5db17000 	C:\Windows\System32\SHCORE.dll
0x00007ffc5c0b0000 - 0x00007ffc5c117000 	C:\Windows\System32\shlwapi.dll
0x00007ffc5a600000 - 0x00007ffc5a629000 	C:\Windows\SYSTEM32\profapi.dll
0x00007ffc4a3b0000 - 0x00007ffc4a3c8000 	c:\Users\User\.vscode\extensions\redhat.java-1.53.0-win32-x64\jre\21.0.10-win32-x86_64\bin\zip.dll
0x00007ffc452c0000 - 0x00007ffc452d0000 	C:\Users\User\.vscode\extensions\redhat.java-1.53.0-win32-x64\jre\21.0.10-win32-x86_64\bin\net.dll
0x00007ffc4a7a0000 - 0x00007ffc4a8c7000 	C:\Windows\SYSTEM32\WINHTTP.dll
0x00007ffc599e0000 - 0x00007ffc59a4b000 	C:\Windows\system32\mswsock.dll
0x00007ffc3b920000 - 0x00007ffc3b936000 	C:\Users\User\.vscode\extensions\redhat.java-1.53.0-win32-x64\jre\21.0.10-win32-x86_64\bin\nio.dll
0x00007ffc43000000 - 0x00007ffc43010000 	c:\Users\User\.vscode\extensions\redhat.java-1.53.0-win32-x64\jre\21.0.10-win32-x86_64\bin\verify.dll

JVMTI agents:
c:\Users\User\.vscode\extensions\redhat.java-1.53.0-win32-x64\lombok\lombok-1.18.39-4050.jar path:c:\Users\User\.vscode\extensions\redhat.java-1.53.0-win32-x64\jre\21.0.10-win32-x86_64\bin\instrument.dll, loaded, initialized, instrumentlib options:none

dbghelp: loaded successfully - version: 4.0.5 - missing functions: none
symbol engine: initialized successfully - sym options: 0x614 - pdb path: .;c:\Users\User\.vscode\extensions\redhat.java-1.53.0-win32-x64\jre\21.0.10-win32-x86_64\bin;C:\Windows\SYSTEM32;C:\Windows\WinSxS\amd64_microsoft.windows.common-controls_6595b64144ccf1df_6.0.26100.8037_none_3e092faae333b53b;c:\Users\User\.vscode\extensions\redhat.java-1.53.0-win32-x64\jre\21.0.10-win32-x86_64\bin\server

VM Arguments:
jvm_args: --add-modules=ALL-SYSTEM --add-opens=java.base/java.util=ALL-UNNAMED --add-opens=java.base/java.lang=ALL-UNNAMED --add-opens=java.base/sun.nio.fs=ALL-UNNAMED -Declipse.application=org.eclipse.jdt.ls.core.id1 -Dosgi.bundles.defaultStartLevel=4 -Declipse.product=org.eclipse.jdt.ls.core.product -Djava.import.generatesMetadataFilesAtProjectRoot=false -DDetectVMInstallationsJob.disabled=true -Dfile.encoding=utf8 -XX:+UseParallelGC -XX:GCTimeRatio=4 -XX:AdaptiveSizePolicyWeight=90 -Dsun.zip.disableMemoryMapping=true -Xmx2G -Xms100m -Xlog:disable -javaagent:c:\Users\User\.vscode\extensions\redhat.java-1.53.0-win32-x64\lombok\lombok-1.18.39-4050.jar -XX:+HeapDumpOnOutOfMemoryError -XX:HeapDumpPath=c:\Users\User\AppData\Roaming\Code\User\workspaceStorage\c5569fb98b53a5d29c62dc571740dfb3\redhat.java -Daether.dependencyCollector.impl=bf 
java_command: c:\Users\User\.vscode\extensions\redhat.java-1.53.0-win32-x64\server\plugins\org.eclipse.equinox.launcher_1.7.100.v20251111-0406.jar -configuration c:\Users\User\AppData\Roaming\Code\User\globalStorage\redhat.java\1.53.0\config_win -data c:\Users\User\AppData\Roaming\Code\User\workspaceStorage\c5569fb98b53a5d29c62dc571740dfb3\redhat.java\jdt_ws --pipe=\\.\pipe\lsp-95f0554b491863ffb96fb2fd72fa2b5a-sock
java_class_path (initial): c:\Users\User\.vscode\extensions\redhat.java-1.53.0-win32-x64\server\plugins\org.eclipse.equinox.launcher_1.7.100.v20251111-0406.jar
Launcher Type: SUN_STANDARD

[Global flags]
    uintx AdaptiveSizePolicyWeight                 = 90                                        {product} {command line}
     intx CICompilerCount                          = 4                                         {product} {ergonomic}
    uintx GCTimeRatio                              = 4                                         {product} {command line}
     bool HeapDumpOnOutOfMemoryError               = true                                   {manageable} {command line}
    ccstr HeapDumpPath                             = c:\Users\User\AppData\Roaming\Code\User\workspaceStorage\c5569fb98b53a5d29c62dc571740dfb3\redhat.java         {manageable} {command line}
   size_t InitialHeapSize                          = 104857600                                 {product} {command line}
   size_t MaxHeapSize                              = 2147483648                                {product} {command line}
   size_t MaxNewSize                               = 715653120                                 {product} {ergonomic}
   size_t MinHeapDeltaBytes                        = 524288                                    {product} {ergonomic}
   size_t MinHeapSize                              = 104857600                                 {product} {command line}
   size_t NewSize                                  = 34603008                                  {product} {ergonomic}
    uintx NonNMethodCodeHeapSize                   = 5839372                                {pd product} {ergonomic}
    uintx NonProfiledCodeHeapSize                  = 122909434                              {pd product} {ergonomic}
   size_t OldSize                                  = 70254592                                  {product} {ergonomic}
    uintx ProfiledCodeHeapSize                     = 122909434                              {pd product} {ergonomic}
    uintx ReservedCodeCacheSize                    = 251658240                              {pd product} {ergonomic}
     bool SegmentedCodeCache                       = true                                      {product} {ergonomic}
   size_t SoftMaxHeapSize                          = 2147483648                             {manageable} {ergonomic}
     bool UseCompressedOops                        = true                           {product lp64_product} {ergonomic}
     bool UseLargePagesIndividualAllocation        = false                                  {pd product} {ergonomic}
     bool UseParallelGC                            = true                                      {product} {command line}

Logging:
Log output configuration:
 #0: stdout all=off uptime,level,tags foldmultilines=false
 #1: stderr all=off uptime,level,tags foldmultilines=false

Release file:
JAVA_VERSION="21.0.10" 
MODULES="java.base java.compiler java.datatransfer java.xml java.prefs java.desktop java.instrument java.logging java.management java.security.sasl java.naming java.rmi java.management.rmi java.net.http java.scripting java.security.jgss java.transaction.xa java.sql java.sql.rowset java.xml.crypto java.se java.smartcardio jdk.accessibility jdk.internal.jvmstat jdk.attach jdk.charsets jdk.internal.opt jdk.zipfs jdk.compiler jdk.crypto.ec jdk.crypto.cryptoki jdk.crypto.mscapi jdk.dynalink jdk.internal.ed jdk.editpad jdk.hotspot.agent jdk.httpserver jdk.internal.le jdk.internal.vm.ci jdk.internal.vm.compiler jdk.internal.vm.compiler.management jdk.jartool jdk.javadoc jdk.jcmd jdk.management jdk.management.agent jdk.jconsole jdk.jdeps jdk.jdwp.agent jdk.jdi jdk.jfr jdk.jshell jdk.jsobject jdk.jstatd jdk.localedata jdk.management.jfr jdk.naming.dns jdk.naming.rmi jdk.net jdk.nio.mapmode jdk.random jdk.sctp jdk.security.auth jdk.security.jgss jdk.unsupported jdk.unsupported.desktop jdk.xml.dom" 

Environment Variables:
JAVA_HOME=C:\Program Files\Eclipse Adoptium\jdk-17.0.18.8-hotspot\
PATH=C:\Users\User\AppData\Local\Programs\Microsoft VS Code;C:\Program Files\Eclipse Adoptium\jdk-17.0.18.8-hotspot\bin;C:\Program Files (x86)\Common Files\Oracle\Java\javapath;C:\Windows\system32;C:\Windows;C:\Windows\System32\Wbem;C:\Windows\System32\WindowsPowerShell\v1.0\;C:\Windows\System32\OpenSSH\;C:\Program Files\Git\cmd;C:\ProgramData\chocolatey\bin;C:\Program Files\dotnet\;C:\Users\User\AppData\Local\Microsoft\WindowsApps;C:\Users\User\AppData\Local\Programs\Microsoft VS Code\bin;C:\Users\User\AppData\Local\GitHubDesktop\bin;C:\Program Files\JetBrains\IntelliJ IDEA 2025.3.2\bin;C:\Users\User\AppData\Local\Python\bin
USERNAME=User
OS=Windows_NT
PROCESSOR_IDENTIFIER=Intel64 Family 6 Model 154 Stepping 4, GenuineIntel
TMP=C:\Users\User\AppData\Local\Temp
TEMP=C:\Users\User\AppData\Local\Temp




Periodic native trim disabled

---------------  S Y S T E M  ---------------

OS:
 Windows 11 , 64 bit Build 26100 (10.0.26100.7920)
OS uptime: 1 days 14:42 hours
Hyper-V role detected

CPU: total 8 (initial active 8) (4 cores per cpu, 2 threads per core) family 6 model 154 stepping 4 microcode 0x437, cx8, cmov, fxsr, ht, mmx, 3dnowpref, sse, sse2, sse3, ssse3, sse4.1, sse4.2, popcnt, lzcnt, tsc, tscinvbit, avx, avx2, aes, erms, clmul, bmi1, bmi2, adx, sha, fma, vzeroupper, clflush, clflushopt, clwb, hv, serialize, rdtscp, rdpid, fsrm, f16c, cet_ibt, cet_ss
Processor Information for processor 0
  Max Mhz: 1200, Current Mhz: 1200, Mhz Limit: 1200
Processor Information for processor 1
  Max Mhz: 1200, Current Mhz: 1200, Mhz Limit: 1200
Processor Information for processor 2
  Max Mhz: 1200, Current Mhz: 1200, Mhz Limit: 1200
Processor Information for processor 3
  Max Mhz: 1200, Current Mhz: 1200, Mhz Limit: 1200
Processor Information for processor 4
  Max Mhz: 1200, Current Mhz: 900, Mhz Limit: 900
Processor Information for processor 5
  Max Mhz: 1200, Current Mhz: 900, Mhz Limit: 900
Processor Information for processor 6
  Max Mhz: 1200, Current Mhz: 900, Mhz Limit: 900
Processor Information for processor 7
  Max Mhz: 1200, Current Mhz: 900, Mhz Limit: 900

Memory: 4k page, system-wide physical 16057M (7964M free)
TotalPageFile size 35191M (AvailPageFile size 1M)
current process WorkingSet (physical memory assigned to process): 89M, peak: 91M
current process commit charge ("private bytes"): 239M, peak: 241M

vm_info: OpenJDK 64-Bit Server VM (21.0.10+7-LTS) for windows-amd64 JRE (21.0.10+7-LTS), built on 2026-01-20T00:00:00Z by "admin" with MS VC++ 17.12 (VS2022)

END.
