#
# There is insufficient memory for the Java Runtime Environment to continue.
# Native memory allocation (malloc) failed to allocate 924192 bytes. Error detail: Chunk::new
# Possible reasons:
#   The system is out of physical RAM or swap space
#   This process is running with CompressedOops enabled, and the Java Heap may be blocking the growth of the native heap
# Possible solutions:
#   Reduce memory load on the system
#   Increase physical memory or swap space
#   Check if swap backing store is full
#   Decrease Java heap size (-Xmx/-Xms)
#   Decrease number of Java threads
#   Decrease Java thread stack sizes (-Xss)
#   Set larger code cache with -XX:ReservedCodeCacheSize=
#   JVM is running with Unscaled Compressed Oops mode in which the Java heap is
#     placed in the first 4GB address space. The Java Heap base address is the
#     maximum limit for the native heap growth. Please use -XX:HeapBaseMinAddress
#     to set the Java Heap base and to place the Java Heap above 4GB virtual address.
# This output file may be truncated or incomplete.
#
#  Out of Memory Error (arena.cpp:168), pid=17480, tid=7788
#
# JRE version: OpenJDK Runtime Environment Temurin-21.0.10+7 (21.0.10+7) (build 21.0.10+7-LTS)
# Java VM: OpenJDK 64-Bit Server VM Temurin-21.0.10+7 (21.0.10+7-LTS, mixed mode, sharing, tiered, compressed oops, compressed class ptrs, parallel gc, windows-amd64)
# No core dump will be written. Minidumps are not enabled by default on client versions of Windows
#

---------------  S U M M A R Y ------------

Command Line: --add-modules=ALL-SYSTEM --add-opens=java.base/java.util=ALL-UNNAMED --add-opens=java.base/java.lang=ALL-UNNAMED --add-opens=java.base/sun.nio.fs=ALL-UNNAMED -Declipse.application=org.eclipse.jdt.ls.core.id1 -Dosgi.bundles.defaultStartLevel=4 -Declipse.product=org.eclipse.jdt.ls.core.product -Djava.import.generatesMetadataFilesAtProjectRoot=false -DDetectVMInstallationsJob.disabled=true -Dfile.encoding=utf8 -XX:+UseParallelGC -XX:GCTimeRatio=4 -XX:AdaptiveSizePolicyWeight=90 -Dsun.zip.disableMemoryMapping=true -Xmx2G -Xms100m -Xlog:disable -javaagent:c:\Users\User\.vscode\extensions\redhat.java-1.53.0-win32-x64\lombok\lombok-1.18.39-4050.jar -XX:+HeapDumpOnOutOfMemoryError -XX:HeapDumpPath=c:\Users\User\AppData\Roaming\Code\User\workspaceStorage\4e14a4f493637fc3defc8d62c21426ba\redhat.java -Daether.dependencyCollector.impl=bf c:\Users\User\.vscode\extensions\redhat.java-1.53.0-win32-x64\server\plugins\org.eclipse.equinox.launcher_1.7.100.v20251111-0406.jar -configuration c:\Users\User\AppData\Roaming\Code\User\globalStorage\redhat.java\1.53.0\config_win -data c:\Users\User\AppData\Roaming\Code\User\workspaceStorage\4e14a4f493637fc3defc8d62c21426ba\redhat.java\jdt_ws --pipe=\\.\pipe\lsp-92faf2e7e96649fc75ade53bd9f8a1a0-sock

Host: 12th Gen Intel(R) Core(TM) i3-1215U, 8 cores, 15G,  Windows 11 , 64 bit Build 26100 (10.0.26100.8115)
Time: Wed Apr  8 21:24:42 2026 E. Africa Standard Time elapsed time: 2144.301812 seconds (0d 0h 35m 44s)

---------------  T H R E A D  ---------------

Current thread (0x00000211cbe7f850):  JavaThread "C2 CompilerThread0" daemon [_thread_in_native, id=7788, stack(0x0000005d3b800000,0x0000005d3b900000) (1024K)]


Current CompileTask:
C2:2144302 16391       4       org.eclipse.jdt.internal.compiler.lookup.Scope::findField (850 bytes)

Stack: [0x0000005d3b800000,0x0000005d3b900000]
Native frames: (J=compiled Java code, j=interpreted, Vv=VM code, C=native code)
V  [jvm.dll+0x6d7a39]
V  [jvm.dll+0x8b4b26]
V  [jvm.dll+0x8b70de]
V  [jvm.dll+0x8b77c3]
V  [jvm.dll+0x284346]
V  [jvm.dll+0xc66ed]
V  [jvm.dll+0xc6c31]
V  [jvm.dll+0x3bec3b]
V  [jvm.dll+0x1e3f69]
V  [jvm.dll+0x24c6b3]
V  [jvm.dll+0x24bb40]
V  [jvm.dll+0x1cb34e]
V  [jvm.dll+0x25b85d]
V  [jvm.dll+0x259dea]
V  [jvm.dll+0x3f857e]
V  [jvm.dll+0x85f59d]
V  [jvm.dll+0x6d626d]
C  [ucrtbase.dll+0x37b0]
C  [KERNEL32.DLL+0x2e8d7]
C  [ntdll.dll+0x8c3fc]


---------------  P R O C E S S  ---------------

Threads class SMR info:
_java_thread_list=0x00000211edbd1350, length=52, elements={
0x00000211cbefb9f0, 0x00000211cbfbdc60, 0x00000211cbe762d0, 0x00000211cbe785d0,
0x00000211cbe795e0, 0x00000211cbe7c050, 0x00000211cbe7cab0, 0x00000211cbe7f850,
0x00000211e4188120, 0x00000211e4301210, 0x00000211e4448b60, 0x00000211e488ea20,
0x00000211e90755c0, 0x00000211e4213fb0, 0x00000211e44a40a0, 0x00000211e4affd70,
0x00000211e950fb60, 0x00000211e9aec7b0, 0x00000211e9a3a5d0, 0x00000211e9a37e70,
0x00000211e9a3ac60, 0x00000211ea8594b0, 0x00000211ea858e20, 0x00000211ea859b40,
0x00000211ea858100, 0x00000211ea85a1d0, 0x00000211ea856d50, 0x00000211ea85a860,
0x00000211ea8573e0, 0x00000211ea85aef0, 0x00000211ea857a70, 0x00000211ea85bc10,
0x00000211ea85b580, 0x00000211edf92bf0, 0x00000211edf8fe00, 0x00000211edf911b0,
0x00000211edf91ed0, 0x00000211edf90b20, 0x00000211edf96700, 0x00000211edf97420,
0x00000211edf90490, 0x00000211edf93280, 0x00000211edf93fa0, 0x00000211edf93910,
0x00000211edf94cc0, 0x00000211edf91840, 0x00000211edf96070, 0x00000211e9a39f40,
0x00000211ea85c2a0, 0x00000211ea85c930, 0x00000211ec798ad0, 0x00000211ec796370
}

Java Threads: ( => current thread )
  0x00000211cbefb9f0 JavaThread "main"                              [_thread_blocked, id=3792, stack(0x0000005d3ae00000,0x0000005d3af00000) (1024K)]
  0x00000211cbfbdc60 JavaThread "Reference Handler"          daemon [_thread_blocked, id=17904, stack(0x0000005d3b200000,0x0000005d3b300000) (1024K)]
  0x00000211cbe762d0 JavaThread "Finalizer"                  daemon [_thread_blocked, id=7676, stack(0x0000005d3b300000,0x0000005d3b400000) (1024K)]
  0x00000211cbe785d0 JavaThread "Signal Dispatcher"          daemon [_thread_blocked, id=16160, stack(0x0000005d3b400000,0x0000005d3b500000) (1024K)]
  0x00000211cbe795e0 JavaThread "Attach Listener"            daemon [_thread_blocked, id=11780, stack(0x0000005d3b500000,0x0000005d3b600000) (1024K)]
  0x00000211cbe7c050 JavaThread "Service Thread"             daemon [_thread_blocked, id=6004, stack(0x0000005d3b600000,0x0000005d3b700000) (1024K)]
  0x00000211cbe7cab0 JavaThread "Monitor Deflation Thread"   daemon [_thread_blocked, id=7068, stack(0x0000005d3b700000,0x0000005d3b800000) (1024K)]
=>0x00000211cbe7f850 JavaThread "C2 CompilerThread0"         daemon [_thread_in_native, id=7788, stack(0x0000005d3b800000,0x0000005d3b900000) (1024K)]
  0x00000211e4188120 JavaThread "C1 CompilerThread0"         daemon [_thread_blocked, id=9116, stack(0x0000005d3b900000,0x0000005d3ba00000) (1024K)]
  0x00000211e4301210 JavaThread "Common-Cleaner"             daemon [_thread_blocked, id=12584, stack(0x0000005d3ba00000,0x0000005d3bb00000) (1024K)]
  0x00000211e4448b60 JavaThread "Notification Thread"        daemon [_thread_blocked, id=16192, stack(0x0000005d3bb00000,0x0000005d3bc00000) (1024K)]
  0x00000211e488ea20 JavaThread "Active Thread: Equinox Container: 9857a8f6-8415-4242-94a9-519ee076dda1"        [_thread_blocked, id=8604, stack(0x0000005d3c400000,0x0000005d3c500000) (1024K)]
  0x00000211e90755c0 JavaThread "Refresh Thread: Equinox Container: 9857a8f6-8415-4242-94a9-519ee076dda1" daemon [_thread_blocked, id=3660, stack(0x0000005d3bd00000,0x0000005d3be00000) (1024K)]
  0x00000211e4213fb0 JavaThread "Framework Event Dispatcher: Equinox Container: 9857a8f6-8415-4242-94a9-519ee076dda1" daemon [_thread_blocked, id=5408, stack(0x0000005d3c500000,0x0000005d3c600000) (1024K)]
  0x00000211e44a40a0 JavaThread "Start Level: Equinox Container: 9857a8f6-8415-4242-94a9-519ee076dda1" daemon [_thread_blocked, id=18000, stack(0x0000005d3c600000,0x0000005d3c700000) (1024K)]
  0x00000211e4affd70 JavaThread "Bundle File Closer"         daemon [_thread_blocked, id=20084, stack(0x0000005d3c700000,0x0000005d3c800000) (1024K)]
  0x00000211e950fb60 JavaThread "SCR Component Actor"        daemon [_thread_blocked, id=13064, stack(0x0000005d3ab00000,0x0000005d3ac00000) (1024K)]
  0x00000211e9aec7b0 JavaThread "Worker-JM"                         [_thread_blocked, id=13260, stack(0x0000005d3ac00000,0x0000005d3ad00000) (1024K)]
  0x00000211e9a3a5d0 JavaThread "JNA Cleaner"                daemon [_thread_blocked, id=14792, stack(0x0000005d3c800000,0x0000005d3c900000) (1024K)]
  0x00000211e9a37e70 JavaThread "Worker-1: Publish Diagnostics"        [_thread_blocked, id=14216, stack(0x0000005d3ca00000,0x0000005d3cb00000) (1024K)]
  0x00000211e9a3ac60 JavaThread "Java indexing"              daemon [_thread_blocked, id=8872, stack(0x0000005d3cd00000,0x0000005d3ce00000) (1024K)]
  0x00000211ea8594b0 JavaThread "Thread-1"                   daemon [_thread_in_native, id=16708, stack(0x0000005d3d400000,0x0000005d3d500000) (1024K)]
  0x00000211ea858e20 JavaThread "Thread-2"                   daemon [_thread_in_native, id=10700, stack(0x0000005d3d500000,0x0000005d3d600000) (1024K)]
  0x00000211ea859b40 JavaThread "Thread-3"                   daemon [_thread_in_native, id=17004, stack(0x0000005d3d600000,0x0000005d3d700000) (1024K)]
  0x00000211ea858100 JavaThread "Thread-4"                   daemon [_thread_in_native, id=5492, stack(0x0000005d3d700000,0x0000005d3d800000) (1024K)]
  0x00000211ea85a1d0 JavaThread "Thread-5"                   daemon [_thread_in_native, id=10528, stack(0x0000005d3d800000,0x0000005d3d900000) (1024K)]
  0x00000211ea856d50 JavaThread "Thread-6"                   daemon [_thread_in_native, id=9124, stack(0x0000005d3d900000,0x0000005d3da00000) (1024K)]
  0x00000211ea85a860 JavaThread "Thread-7"                   daemon [_thread_in_native, id=16120, stack(0x0000005d3da00000,0x0000005d3db00000) (1024K)]
  0x00000211ea8573e0 JavaThread "Thread-8"                   daemon [_thread_in_native, id=22404, stack(0x0000005d3db00000,0x0000005d3dc00000) (1024K)]
  0x00000211ea85aef0 JavaThread "Thread-9"                   daemon [_thread_in_native, id=9168, stack(0x0000005d3dc00000,0x0000005d3dd00000) (1024K)]
  0x00000211ea857a70 JavaThread "pool-2-thread-1"                   [_thread_blocked, id=2516, stack(0x0000005d3dd00000,0x0000005d3de00000) (1024K)]
  0x00000211ea85bc10 JavaThread "WorkspaceEventsHandler"            [_thread_blocked, id=14620, stack(0x0000005d3cf00000,0x0000005d3d000000) (1024K)]
  0x00000211ea85b580 JavaThread "pool-1-thread-1"                   [_thread_blocked, id=13204, stack(0x0000005d3de00000,0x0000005d3df00000) (1024K)]
  0x00000211edf92bf0 JavaThread "Cleaner-0"                  daemon [_thread_blocked, id=23372, stack(0x0000005d3e600000,0x0000005d3e700000) (1024K)]
  0x00000211edf8fe00 JavaThread "Compiler Source File Reader" daemon [_thread_blocked, id=21000, stack(0x0000005d3ad00000,0x0000005d3ae00000) (1024K)]
  0x00000211edf911b0 JavaThread "Worker-8"                          [_thread_blocked, id=20980, stack(0x0000005d3cc00000,0x0000005d3cd00000) (1024K)]
  0x00000211edf91ed0 JavaThread "ForkJoinPool.commonPool-worker-16" daemon [_thread_blocked, id=5152, stack(0x0000005d3ce00000,0x0000005d3cf00000) (1024K)]
  0x00000211edf90b20 JavaThread "ForkJoinPool.commonPool-worker-19" daemon [_thread_blocked, id=9308, stack(0x0000005d3d200000,0x0000005d3d300000) (1024K)]
  0x00000211edf96700 JavaThread "ForkJoinPool.commonPool-worker-20" daemon [_thread_blocked, id=13720, stack(0x0000005d3d300000,0x0000005d3d400000) (1024K)]
  0x00000211edf97420 JavaThread "ForkJoinPool.commonPool-worker-21" daemon [_thread_blocked, id=2400, stack(0x0000005d3df00000,0x0000005d3e000000) (1024K)]
  0x00000211edf90490 JavaThread "Compiler Source File Reader" daemon [_thread_blocked, id=11996, stack(0x0000005d3c900000,0x0000005d3ca00000) (1024K)]
  0x00000211edf93280 JavaThread "Worker-9"                          [_thread_blocked, id=15076, stack(0x0000005d3cb00000,0x0000005d3cc00000) (1024K)]
  0x00000211edf93fa0 JavaThread "Compiler Processing Task"   daemon [_thread_blocked, id=21268, stack(0x0000005d3d000000,0x0000005d3d100000) (1024K)]
  0x00000211edf93910 JavaThread "Compiler Source File Reader" daemon [_thread_blocked, id=18936, stack(0x0000005d3d100000,0x0000005d3d200000) (1024K)]
  0x00000211edf94cc0 JavaThread "Compiler Source File Reader" daemon [_thread_blocked, id=12860, stack(0x0000005d3e000000,0x0000005d3e100000) (1024K)]
  0x00000211edf91840 JavaThread "Worker-10"                         [_thread_blocked, id=9612, stack(0x0000005d3e100000,0x0000005d3e200000) (1024K)]
  0x00000211edf96070 JavaThread "Compiler Source File Reader" daemon [_thread_blocked, id=9468, stack(0x0000005d3e200000,0x0000005d3e300000) (1024K)]
  0x00000211e9a39f40 JavaThread "Compiler Source File Reader" daemon [_thread_blocked, id=6788, stack(0x0000005d3e300000,0x0000005d3e400000) (1024K)]
  0x00000211ea85c2a0 JavaThread "ForkJoinPool.commonPool-worker-22" daemon [_thread_blocked, id=21836, stack(0x0000005d3e800000,0x0000005d3e900000) (1024K)]
  0x00000211ea85c930 JavaThread "ForkJoinPool.commonPool-worker-23" daemon [_thread_blocked, id=24916, stack(0x0000005d3e900000,0x0000005d3ea00000) (1024K)]
  0x00000211ec798ad0 JavaThread "ForkJoinPool.commonPool-worker-24" daemon [_thread_blocked, id=22144, stack(0x0000005d3e500000,0x0000005d3e600000) (1024K)]
  0x00000211ec796370 JavaThread "Worker-11"                         [_thread_blocked, id=18836, stack(0x0000005d3e700000,0x0000005d3e800000) (1024K)]
Total: 52

Other Threads:
  0x00000211cbe72700 VMThread "VM Thread"                           [id=9444, stack(0x0000005d3b100000,0x0000005d3b200000) (1024K)]
  0x00000211cbd8ca10 WatcherThread "VM Periodic Task Thread"        [id=10396, stack(0x0000005d3b000000,0x0000005d3b100000) (1024K)]
  0x00000211cbf1d220 WorkerThread "GC Thread#0"                     [id=16956, stack(0x0000005d3af00000,0x0000005d3b000000) (1024K)]
  0x00000211e4cfb3a0 WorkerThread "GC Thread#1"                     [id=17900, stack(0x0000005d3be00000,0x0000005d3bf00000) (1024K)]
  0x00000211e4cfaff0 WorkerThread "GC Thread#2"                     [id=8804, stack(0x0000005d3bf00000,0x0000005d3c000000) (1024K)]
  0x00000211e4cfa130 WorkerThread "GC Thread#3"                     [id=10860, stack(0x0000005d3c000000,0x0000005d3c100000) (1024K)]
  0x00000211e4cfa4e0 WorkerThread "GC Thread#4"                     [id=12432, stack(0x0000005d3c100000,0x0000005d3c200000) (1024K)]
  0x00000211e4cfb750 WorkerThread "GC Thread#5"                     [id=10312, stack(0x0000005d3c200000,0x0000005d3c300000) (1024K)]
  0x00000211e4cfac40 WorkerThread "GC Thread#6"                     [id=13796, stack(0x0000005d3c300000,0x0000005d3c400000) (1024K)]
  0x00000211e41c79e0 WorkerThread "GC Thread#7"                     [id=20416, stack(0x0000005d3bc00000,0x0000005d3bd00000) (1024K)]
Total: 10

Threads with active compile tasks:
C2 CompilerThread0  2144331 16391       4       org.eclipse.jdt.internal.compiler.lookup.Scope::findField (850 bytes)
Total: 1

VM state: at safepoint (normal execution)

VM Mutex/Monitor currently owned by a thread:  ([mutex/lock_event])
[0x00007ffc0e67e560] Threads_lock - owner thread: 0x00000211cbe72700
[0x00007ffc0e67e660] Heap_lock - owner thread: 0x00000211e9a37e70
[0x00007ffc0e67eae0] PSOldGenExpand_lock - owner thread: 0x00000211e4cfaff0

Heap address: 0x0000000080000000, size: 2048 MB, Compressed Oops mode: 32-bit

CDS archive(s) mapped at: [0x0000021180000000-0x0000021180ba0000-0x0000021180ba0000), size 12189696, SharedBaseAddress: 0x0000021180000000, ArchiveRelocationMode: 1.
Compressed class space mapped at: 0x0000021181000000-0x00000211c1000000, reserved size: 1073741824
Narrow klass base: 0x0000021180000000, Narrow klass shift: 0, Narrow klass range: 0x100000000

GC Precious Log:
 CardTable entry size: 512
 CPUs: 8 total, 8 available
 Memory: 16057M
 Large Page Support: Disabled
 NUMA Support: Disabled
 Compressed Oops: Enabled (32-bit)
 Alignments: Space 512K, Generation 512K, Heap 2M
 Heap Min Capacity: 100M
 Heap Initial Capacity: 100M
 Heap Max Capacity: 2G
 Pre-touch: Disabled
 Parallel Workers: 8

Heap:
 PSYoungGen      total 7168K, used 7161K [0x00000000d5580000, 0x00000000d5f00000, 0x0000000100000000)
  eden space 4608K, 99% used [0x00000000d5580000,0x00000000d59ffff0,0x00000000d5a00000)
  from space 2560K, 99% used [0x00000000d5c80000,0x00000000d5efe580,0x00000000d5f00000)
  to   space 1536K, 0% used [0x00000000d5a00000,0x00000000d5a00000,0x00000000d5b80000)
 ParOldGen       total 93184K, used 93180K [0x0000000080000000, 0x0000000085b00000, 0x00000000d5580000)
  object space 93184K, 99% used [0x0000000080000000,0x0000000085aff0a8,0x0000000085b00000)
 Metaspace       used 78686K, committed 80448K, reserved 1179648K
  class space    used 8040K, committed 8896K, reserved 1048576K

Card table byte_map: [0x00000211cb8a0000,0x00000211cbcb0000] _byte_map_base: 0x00000211cb4a0000

Marking Bits: (ParMarkBitMap*) 0x00007ffc0e683450
 Begin Bits: [0x00000211de3b0000, 0x00000211e03b0000)
 End Bits:   [0x00000211e03b0000, 0x00000211e23b0000)

Polling page: 0x00000211c9ab0000

Metaspace:

Usage:
  Non-class:     68.99 MB used.
      Class:      7.85 MB used.
       Both:     76.84 MB used.

Virtual space:
  Non-class space:      128.00 MB reserved,      69.88 MB ( 55%) committed,  2 nodes.
      Class space:        1.00 GB reserved,       8.69 MB ( <1%) committed,  1 nodes.
             Both:        1.12 GB reserved,      78.56 MB (  7%) committed. 

Chunk freelists:
   Non-Class:  9.35 MB
       Class:  7.45 MB
        Both:  16.81 MB

MaxMetaspaceSize: unlimited
CompressedClassSpaceSize: 1.00 GB
Initial GC threshold: 21.00 MB
Current GC threshold: 130.75 MB
CDS: on
 - commit_granule_bytes: 65536.
 - commit_granule_words: 8192.
 - virtual_space_node_default_size: 8388608.
 - enlarge_chunks_in_place: 1.
 - use_allocation_guard: 0.


Internal statistics:

num_allocs_failed_limit: 9.
num_arena_births: 1470.
num_arena_deaths: 320.
num_vsnodes_births: 3.
num_vsnodes_deaths: 0.
num_space_committed: 1257.
num_space_uncommitted: 0.
num_chunks_returned_to_freelist: 364.
num_chunks_taken_from_freelist: 5443.
num_chunk_merges: 95.
num_chunk_splits: 3246.
num_chunks_enlarged: 1824.
num_inconsistent_stats: 0.

CodeHeap 'non-profiled nmethods': size=120000Kb used=10315Kb max_used=13097Kb free=109684Kb
 bounds [0x00000211d6bd0000, 0x00000211d78a0000, 0x00000211de100000]
CodeHeap 'profiled nmethods': size=120000Kb used=28660Kb max_used=36535Kb free=91339Kb
 bounds [0x00000211cf100000, 0x00000211d14c0000, 0x00000211d6630000]
CodeHeap 'non-nmethods': size=5760Kb used=1471Kb max_used=1548Kb free=4288Kb
 bounds [0x00000211d6630000, 0x00000211d68a0000, 0x00000211d6bd0000]
CodeCache: size=245760Kb, used=40446Kb, max_used=51180Kb, free=205311Kb
 total_blobs=13224, nmethods=12430, adapters=695, full_count=0
Compilation: enabled, stopped_count=0, restarted_count=0

Compilation events (20 events):
Event: 2140.125 Thread 0x00000211e4188120 nmethod 16387 0x00000211cf4a2110 code [0x00000211cf4a22c0, 0x00000211cf4a2430]
Event: 2140.125 Thread 0x00000211e4188120 16388       3       org.eclipse.jdt.internal.core.builder.BuildNotifier::updateProgress (68 bytes)
Event: 2140.126 Thread 0x00000211e4188120 nmethod 16388 0x00000211cf494610 code [0x00000211cf494800, 0x00000211cf494b30]
Event: 2140.133 Thread 0x00000211e4188120 16389       3       org.eclipse.jdt.internal.compiler.ast.CompilationUnitDeclaration::updateLocalTypesInMethod (42 bytes)
Event: 2140.133 Thread 0x00000211e4188120 nmethod 16389 0x00000211cf672b90 code [0x00000211cf672d80, 0x00000211cf6730f0]
Event: 2140.155 Thread 0x00000211e4188120 16390       3       org.eclipse.jdt.ls.core.internal.MovingAverage::update (32 bytes)
Event: 2140.156 Thread 0x00000211e4188120 nmethod 16390 0x00000211cf4c3210 code [0x00000211cf4c33c0, 0x00000211cf4c3538]
Event: 2140.157 Thread 0x00000211cbe7f850 16391       4       org.eclipse.jdt.internal.compiler.lookup.Scope::findField (850 bytes)
Event: 2140.159 Thread 0x00000211e4188120 16392       3       org.eclipse.jdt.internal.compiler.ast.TypeDeclaration::getJUnitMethodSourceValues (111 bytes)
Event: 2140.160 Thread 0x00000211e4188120 nmethod 16392 0x00000211cf33de90 code [0x00000211cf33e080, 0x00000211cf33e598]
Event: 2142.199 Thread 0x00000211e4188120 16393       3       java.util.concurrent.CopyOnWriteArrayList::toArray (44 bytes)
Event: 2142.200 Thread 0x00000211e4188120 nmethod 16393 0x00000211cfc75290 code [0x00000211cfc75480, 0x00000211cfc759a8]
Event: 2142.224 Thread 0x00000211e4188120 16394   !   3       java.nio.Buffer$2::releaseSession (28 bytes)
Event: 2142.225 Thread 0x00000211e4188120 nmethod 16394 0x00000211cf3c5890 code [0x00000211cf3c5a80, 0x00000211cf3c5f78]
Event: 2142.225 Thread 0x00000211e4188120 16395       3       org.eclipse.core.internal.resources.Workspace::updateModificationStamp (5 bytes)
Event: 2142.225 Thread 0x00000211e4188120 nmethod 16395 0x00000211cf2b3810 code [0x00000211cf2b39c0, 0x00000211cf2b3b90]
Event: 2142.225 Thread 0x00000211e4188120 16396       3       org.eclipse.core.internal.resources.ResourceInfo::incrementModificationStamp (11 bytes)
Event: 2142.225 Thread 0x00000211e4188120 nmethod 16396 0x00000211cf254b90 code [0x00000211cf254d20, 0x00000211cf254e40]
Event: 2142.225 Thread 0x00000211e4188120 16397   !   3       org.eclipse.jdt.internal.core.builder.ClasspathDirectory::cleanup (33 bytes)
Event: 2142.226 Thread 0x00000211e4188120 nmethod 16397 0x00000211cf647610 code [0x00000211cf6477e0, 0x00000211cf647b08]

GC Heap History (20 events):
Event: 2136.865 GC heap after
{Heap after GC invocations=268 (full 5):
 PSYoungGen      total 7168K, used 1248K [0x00000000d5580000, 0x00000000d5e80000, 0x0000000100000000)
  eden space 5120K, 0% used [0x00000000d5580000,0x00000000d5580000,0x00000000d5a80000)
  from space 2048K, 60% used [0x00000000d5a80000,0x00000000d5bb8020,0x00000000d5c80000)
  to   space 2048K, 0% used [0x00000000d5c80000,0x00000000d5c80000,0x00000000d5e80000)
 ParOldGen       total 80896K, used 80507K [0x0000000080000000, 0x0000000084f00000, 0x00000000d5580000)
  object space 80896K, 99% used [0x0000000080000000,0x0000000084e9ec70,0x0000000084f00000)
 Metaspace       used 78636K, committed 80448K, reserved 1179648K
  class space    used 8040K, committed 8896K, reserved 1048576K
}
Event: 2137.363 GC heap before
{Heap before GC invocations=269 (full 5):
 PSYoungGen      total 7168K, used 6368K [0x00000000d5580000, 0x00000000d5e80000, 0x0000000100000000)
  eden space 5120K, 100% used [0x00000000d5580000,0x00000000d5a80000,0x00000000d5a80000)
  from space 2048K, 60% used [0x00000000d5a80000,0x00000000d5bb8020,0x00000000d5c80000)
  to   space 2048K, 0% used [0x00000000d5c80000,0x00000000d5c80000,0x00000000d5e80000)
 ParOldGen       total 80896K, used 80507K [0x0000000080000000, 0x0000000084f00000, 0x00000000d5580000)
  object space 80896K, 99% used [0x0000000080000000,0x0000000084e9ec70,0x0000000084f00000)
 Metaspace       used 78638K, committed 80448K, reserved 1179648K
  class space    used 8040K, committed 8896K, reserved 1048576K
}
Event: 2137.366 GC heap after
{Heap after GC invocations=269 (full 5):
 PSYoungGen      total 5632K, used 352K [0x00000000d5580000, 0x00000000d5d00000, 0x0000000100000000)
  eden space 5120K, 0% used [0x00000000d5580000,0x00000000d5580000,0x00000000d5a80000)
  from space 512K, 68% used [0x00000000d5c80000,0x00000000d5cd8000,0x00000000d5d00000)
  to   space 1024K, 0% used [0x00000000d5b00000,0x00000000d5b00000,0x00000000d5c00000)
 ParOldGen       total 81408K, used 81280K [0x0000000080000000, 0x0000000084f80000, 0x00000000d5580000)
  object space 81408K, 99% used [0x0000000080000000,0x0000000084f60110,0x0000000084f80000)
 Metaspace       used 78638K, committed 80448K, reserved 1179648K
  class space    used 8040K, committed 8896K, reserved 1048576K
}
Event: 2137.929 GC heap before
{Heap before GC invocations=270 (full 5):
 PSYoungGen      total 5632K, used 5472K [0x00000000d5580000, 0x00000000d5d00000, 0x0000000100000000)
  eden space 5120K, 100% used [0x00000000d5580000,0x00000000d5a80000,0x00000000d5a80000)
  from space 512K, 68% used [0x00000000d5c80000,0x00000000d5cd8000,0x00000000d5d00000)
  to   space 1024K, 0% used [0x00000000d5b00000,0x00000000d5b00000,0x00000000d5c00000)
 ParOldGen       total 81408K, used 81280K [0x0000000080000000, 0x0000000084f80000, 0x00000000d5580000)
  object space 81408K, 99% used [0x0000000080000000,0x0000000084f60110,0x0000000084f80000)
 Metaspace       used 78638K, committed 80448K, reserved 1179648K
  class space    used 8040K, committed 8896K, reserved 1048576K
}
Event: 2137.933 GC heap after
{Heap after GC invocations=270 (full 5):
 PSYoungGen      total 6144K, used 1006K [0x00000000d5580000, 0x00000000d6280000, 0x0000000100000000)
  eden space 5120K, 0% used [0x00000000d5580000,0x00000000d5580000,0x00000000d5a80000)
  from space 1024K, 98% used [0x00000000d5b00000,0x00000000d5bfb8d0,0x00000000d5c00000)
  to   space 4096K, 0% used [0x00000000d5e80000,0x00000000d5e80000,0x00000000d6280000)
 ParOldGen       total 83968K, used 83544K [0x0000000080000000, 0x0000000085200000, 0x00000000d5580000)
  object space 83968K, 99% used [0x0000000080000000,0x0000000085196120,0x0000000085200000)
 Metaspace       used 78638K, committed 80448K, reserved 1179648K
  class space    used 8040K, committed 8896K, reserved 1048576K
}
Event: 2137.961 GC heap before
{Heap before GC invocations=271 (full 5):
 PSYoungGen      total 6144K, used 6126K [0x00000000d5580000, 0x00000000d6280000, 0x0000000100000000)
  eden space 5120K, 100% used [0x00000000d5580000,0x00000000d5a80000,0x00000000d5a80000)
  from space 1024K, 98% used [0x00000000d5b00000,0x00000000d5bfb8d0,0x00000000d5c00000)
  to   space 4096K, 0% used [0x00000000d5e80000,0x00000000d5e80000,0x00000000d6280000)
 ParOldGen       total 83968K, used 83544K [0x0000000080000000, 0x0000000085200000, 0x00000000d5580000)
  object space 83968K, 99% used [0x0000000080000000,0x0000000085196120,0x0000000085200000)
 Metaspace       used 78638K, committed 80448K, reserved 1179648K
  class space    used 8040K, committed 8896K, reserved 1048576K
}
Event: 2137.962 GC heap after
{Heap after GC invocations=271 (full 5):
 PSYoungGen      total 6656K, used 1433K [0x00000000d5580000, 0x00000000d6000000, 0x0000000100000000)
  eden space 5120K, 0% used [0x00000000d5580000,0x00000000d5580000,0x00000000d5a80000)
  from space 1536K, 93% used [0x00000000d5e80000,0x00000000d5fe6580,0x00000000d6000000)
  to   space 2560K, 0% used [0x00000000d5b00000,0x00000000d5b00000,0x00000000d5d80000)
 ParOldGen       total 83968K, used 83600K [0x0000000080000000, 0x0000000085200000, 0x00000000d5580000)
  object space 83968K, 99% used [0x0000000080000000,0x00000000851a4130,0x0000000085200000)
 Metaspace       used 78638K, committed 80448K, reserved 1179648K
  class space    used 8040K, committed 8896K, reserved 1048576K
}
Event: 2138.012 GC heap before
{Heap before GC invocations=272 (full 5):
 PSYoungGen      total 6656K, used 6553K [0x00000000d5580000, 0x00000000d6000000, 0x0000000100000000)
  eden space 5120K, 100% used [0x00000000d5580000,0x00000000d5a80000,0x00000000d5a80000)
  from space 1536K, 93% used [0x00000000d5e80000,0x00000000d5fe6580,0x00000000d6000000)
  to   space 2560K, 0% used [0x00000000d5b00000,0x00000000d5b00000,0x00000000d5d80000)
 ParOldGen       total 83968K, used 83600K [0x0000000080000000, 0x0000000085200000, 0x00000000d5580000)
  object space 83968K, 99% used [0x0000000080000000,0x00000000851a4130,0x0000000085200000)
 Metaspace       used 78644K, committed 80448K, reserved 1179648K
  class space    used 8040K, committed 8896K, reserved 1048576K
}
Event: 2139.017 GC heap after
{Heap after GC invocations=272 (full 5):
 PSYoungGen      total 7680K, used 2528K [0x00000000d5580000, 0x00000000d6480000, 0x0000000100000000)
  eden space 5120K, 0% used [0x00000000d5580000,0x00000000d5580000,0x00000000d5a80000)
  from space 2560K, 98% used [0x00000000d5b00000,0x00000000d5d78010,0x00000000d5d80000)
  to   space 5120K, 0% used [0x00000000d5f80000,0x00000000d5f80000,0x00000000d6480000)
 ParOldGen       total 85504K, used 85217K [0x0000000080000000, 0x0000000085380000, 0x00000000d5580000)
  object space 85504K, 99% used [0x0000000080000000,0x00000000853386b0,0x0000000085380000)
 Metaspace       used 78644K, committed 80448K, reserved 1179648K
  class space    used 8040K, committed 8896K, reserved 1048576K
}
Event: 2139.037 GC heap before
{Heap before GC invocations=273 (full 5):
 PSYoungGen      total 7680K, used 7648K [0x00000000d5580000, 0x00000000d6480000, 0x0000000100000000)
  eden space 5120K, 99% used [0x00000000d5580000,0x00000000d5a7fff8,0x00000000d5a80000)
  from space 2560K, 98% used [0x00000000d5b00000,0x00000000d5d78010,0x00000000d5d80000)
  to   space 5120K, 0% used [0x00000000d5f80000,0x00000000d5f80000,0x00000000d6480000)
 ParOldGen       total 85504K, used 85217K [0x0000000080000000, 0x0000000085380000, 0x00000000d5580000)
  object space 85504K, 99% used [0x0000000080000000,0x00000000853386b0,0x0000000085380000)
 Metaspace       used 78649K, committed 80448K, reserved 1179648K
  class space    used 8040K, committed 8896K, reserved 1048576K
}
Event: 2139.041 GC heap after
{Heap after GC invocations=273 (full 5):
 PSYoungGen      total 6144K, used 1024K [0x00000000d5580000, 0x00000000d6080000, 0x0000000100000000)
  eden space 5120K, 0% used [0x00000000d5580000,0x00000000d5580000,0x00000000d5a80000)
  from space 1024K, 100% used [0x00000000d5f80000,0x00000000d6080000,0x00000000d6080000)
  to   space 2560K, 0% used [0x00000000d5b80000,0x00000000d5b80000,0x00000000d5e00000)
 ParOldGen       total 87552K, used 87417K [0x0000000080000000, 0x0000000085580000, 0x00000000d5580000)
  object space 87552K, 99% used [0x0000000080000000,0x000000008555e6b0,0x0000000085580000)
 Metaspace       used 78649K, committed 80448K, reserved 1179648K
  class space    used 8040K, committed 8896K, reserved 1048576K
}
Event: 2139.074 GC heap before
{Heap before GC invocations=274 (full 5):
 PSYoungGen      total 6144K, used 6144K [0x00000000d5580000, 0x00000000d6080000, 0x0000000100000000)
  eden space 5120K, 100% used [0x00000000d5580000,0x00000000d5a80000,0x00000000d5a80000)
  from space 1024K, 100% used [0x00000000d5f80000,0x00000000d6080000,0x00000000d6080000)
  to   space 2560K, 0% used [0x00000000d5b80000,0x00000000d5b80000,0x00000000d5e00000)
 ParOldGen       total 87552K, used 87417K [0x0000000080000000, 0x0000000085580000, 0x00000000d5580000)
  object space 87552K, 99% used [0x0000000080000000,0x000000008555e6b0,0x0000000085580000)
 Metaspace       used 78670K, committed 80448K, reserved 1179648K
  class space    used 8040K, committed 8896K, reserved 1048576K
}
Event: 2139.076 GC heap after
{Heap after GC invocations=274 (full 5):
 PSYoungGen      total 7680K, used 960K [0x00000000d5580000, 0x00000000d6000000, 0x0000000100000000)
  eden space 5120K, 0% used [0x00000000d5580000,0x00000000d5580000,0x00000000d5a80000)
  from space 2560K, 37% used [0x00000000d5b80000,0x00000000d5c70000,0x00000000d5e00000)
  to   space 1536K, 0% used [0x00000000d5e80000,0x00000000d5e80000,0x00000000d6000000)
 ParOldGen       total 87552K, used 87457K [0x0000000080000000, 0x0000000085580000, 0x00000000d5580000)
  object space 87552K, 99% used [0x0000000080000000,0x00000000855686b0,0x0000000085580000)
 Metaspace       used 78670K, committed 80448K, reserved 1179648K
  class space    used 8040K, committed 8896K, reserved 1048576K
}
Event: 2139.112 GC heap before
{Heap before GC invocations=275 (full 5):
 PSYoungGen      total 7680K, used 6080K [0x00000000d5580000, 0x00000000d6000000, 0x0000000100000000)
  eden space 5120K, 100% used [0x00000000d5580000,0x00000000d5a80000,0x00000000d5a80000)
  from space 2560K, 37% used [0x00000000d5b80000,0x00000000d5c70000,0x00000000d5e00000)
  to   space 1536K, 0% used [0x00000000d5e80000,0x00000000d5e80000,0x00000000d6000000)
 ParOldGen       total 87552K, used 87457K [0x0000000080000000, 0x0000000085580000, 0x00000000d5580000)
  object space 87552K, 99% used [0x0000000080000000,0x00000000855686b0,0x0000000085580000)
 Metaspace       used 78677K, committed 80448K, reserved 1179648K
  class space    used 8040K, committed 8896K, reserved 1048576K
}
Event: 2140.119 GC heap after
{Heap after GC invocations=275 (full 5):
 PSYoungGen      total 6144K, used 1525K [0x00000000d5580000, 0x00000000d6380000, 0x0000000100000000)
  eden space 4608K, 0% used [0x00000000d5580000,0x00000000d5580000,0x00000000d5a00000)
  from space 1536K, 99% used [0x00000000d5e80000,0x00000000d5ffd538,0x00000000d6000000)
  to   space 4608K, 0% used [0x00000000d5a00000,0x00000000d5a00000,0x00000000d5e80000)
 ParOldGen       total 90112K, used 89870K [0x0000000080000000, 0x0000000085800000, 0x00000000d5580000)
  object space 90112K, 99% used [0x0000000080000000,0x00000000857c3b50,0x0000000085800000)
 Metaspace       used 78677K, committed 80448K, reserved 1179648K
  class space    used 8040K, committed 8896K, reserved 1048576K
}
Event: 2140.148 GC heap before
{Heap before GC invocations=276 (full 5):
 PSYoungGen      total 6144K, used 6133K [0x00000000d5580000, 0x00000000d6380000, 0x0000000100000000)
  eden space 4608K, 100% used [0x00000000d5580000,0x00000000d5a00000,0x00000000d5a00000)
  from space 1536K, 99% used [0x00000000d5e80000,0x00000000d5ffd538,0x00000000d6000000)
  to   space 4608K, 0% used [0x00000000d5a00000,0x00000000d5a00000,0x00000000d5e80000)
 ParOldGen       total 90112K, used 89870K [0x0000000080000000, 0x0000000085800000, 0x00000000d5580000)
  object space 90112K, 99% used [0x0000000080000000,0x00000000857c3b50,0x0000000085800000)
 Metaspace       used 78682K, committed 80448K, reserved 1179648K
  class space    used 8040K, committed 8896K, reserved 1048576K
}
Event: 2140.153 GC heap after
{Heap after GC invocations=276 (full 5):
 PSYoungGen      total 6144K, used 1392K [0x00000000d5580000, 0x00000000d5f00000, 0x0000000100000000)
  eden space 4608K, 0% used [0x00000000d5580000,0x00000000d5580000,0x00000000d5a00000)
  from space 1536K, 90% used [0x00000000d5a00000,0x00000000d5b5c010,0x00000000d5b80000)
  to   space 2560K, 0% used [0x00000000d5c80000,0x00000000d5c80000,0x00000000d5f00000)
 ParOldGen       total 91648K, used 91436K [0x0000000080000000, 0x0000000085980000, 0x00000000d5580000)
  object space 91648K, 99% used [0x0000000080000000,0x000000008594b098,0x0000000085980000)
 Metaspace       used 78682K, committed 80448K, reserved 1179648K
  class space    used 8040K, committed 8896K, reserved 1048576K
}
Event: 2140.191 GC heap before
{Heap before GC invocations=277 (full 5):
 PSYoungGen      total 6144K, used 6000K [0x00000000d5580000, 0x00000000d5f00000, 0x0000000100000000)
  eden space 4608K, 100% used [0x00000000d5580000,0x00000000d5a00000,0x00000000d5a00000)
  from space 1536K, 90% used [0x00000000d5a00000,0x00000000d5b5c010,0x00000000d5b80000)
  to   space 2560K, 0% used [0x00000000d5c80000,0x00000000d5c80000,0x00000000d5f00000)
 ParOldGen       total 91648K, used 91436K [0x0000000080000000, 0x0000000085980000, 0x00000000d5580000)
  object space 91648K, 99% used [0x0000000080000000,0x000000008594b098,0x0000000085980000)
 Metaspace       used 78684K, committed 80448K, reserved 1179648K
  class space    used 8040K, committed 8896K, reserved 1048576K
}
Event: 2142.198 GC heap after
{Heap after GC invocations=277 (full 5):
 PSYoungGen      total 7168K, used 2553K [0x00000000d5580000, 0x00000000d5f00000, 0x0000000100000000)
  eden space 4608K, 0% used [0x00000000d5580000,0x00000000d5580000,0x00000000d5a00000)
  from space 2560K, 99% used [0x00000000d5c80000,0x00000000d5efe580,0x00000000d5f00000)
  to   space 1536K, 0% used [0x00000000d5a00000,0x00000000d5a00000,0x00000000d5b80000)
 ParOldGen       total 93184K, used 93180K [0x0000000080000000, 0x0000000085b00000, 0x00000000d5580000)
  object space 93184K, 99% used [0x0000000080000000,0x0000000085aff0a8,0x0000000085b00000)
 Metaspace       used 78684K, committed 80448K, reserved 1179648K
  class space    used 8040K, committed 8896K, reserved 1048576K
}
Event: 2142.679 GC heap before
{Heap before GC invocations=278 (full 5):
 PSYoungGen      total 7168K, used 7161K [0x00000000d5580000, 0x00000000d5f00000, 0x0000000100000000)
  eden space 4608K, 99% used [0x00000000d5580000,0x00000000d59ffff0,0x00000000d5a00000)
  from space 2560K, 99% used [0x00000000d5c80000,0x00000000d5efe580,0x00000000d5f00000)
  to   space 1536K, 0% used [0x00000000d5a00000,0x00000000d5a00000,0x00000000d5b80000)
 ParOldGen       total 93184K, used 93180K [0x0000000080000000, 0x0000000085b00000, 0x00000000d5580000)
  object space 93184K, 99% used [0x0000000080000000,0x0000000085aff0a8,0x0000000085b00000)
 Metaspace       used 78686K, committed 80448K, reserved 1179648K
  class space    used 8040K, committed 8896K, reserved 1048576K
}

Dll operation events (10 events):
Event: 0.016 Loaded shared library c:\Users\User\.vscode\extensions\redhat.java-1.53.0-win32-x64\jre\21.0.10-win32-x86_64\bin\java.dll
Event: 0.165 Loaded shared library c:\Users\User\.vscode\extensions\redhat.java-1.53.0-win32-x64\jre\21.0.10-win32-x86_64\bin\zip.dll
Event: 0.201 Loaded shared library C:\Users\User\.vscode\extensions\redhat.java-1.53.0-win32-x64\jre\21.0.10-win32-x86_64\bin\instrument.dll
Event: 0.209 Loaded shared library C:\Users\User\.vscode\extensions\redhat.java-1.53.0-win32-x64\jre\21.0.10-win32-x86_64\bin\net.dll
Event: 0.213 Loaded shared library C:\Users\User\.vscode\extensions\redhat.java-1.53.0-win32-x64\jre\21.0.10-win32-x86_64\bin\nio.dll
Event: 0.217 Loaded shared library C:\Users\User\.vscode\extensions\redhat.java-1.53.0-win32-x64\jre\21.0.10-win32-x86_64\bin\zip.dll
Event: 0.247 Loaded shared library C:\Users\User\.vscode\extensions\redhat.java-1.53.0-win32-x64\jre\21.0.10-win32-x86_64\bin\jimage.dll
Event: 0.396 Loaded shared library c:\Users\User\.vscode\extensions\redhat.java-1.53.0-win32-x64\jre\21.0.10-win32-x86_64\bin\verify.dll
Event: 27.930 Loaded shared library C:\Users\User\AppData\Roaming\Code\User\globalStorage\redhat.java\1.53.0\config_win\org.eclipse.equinox.launcher\org.eclipse.equinox.launcher.win32.win32.x86_64_1.3.0.v20260203-2149\eclipse_11919.dll
Event: 63.059 Loaded shared library C:\Users\User\AppData\Local\Temp\jna-2645995\jna17847786542127229938.dll

Deoptimization events (20 events):
Event: 2136.867 Thread 0x00000211ea85c930 Uncommon trap: trap_request=0xffffffde fr.pc=0x00000211d6f8b33c relative=0x000000000000097c
Event: 2136.867 Thread 0x00000211ea85c930 Uncommon trap: reason=class_check action=maybe_recompile pc=0x00000211d6f8b33c method=org.eclipse.jdt.ls.core.internal.handlers.JsonRpcHelpers.toLine(Lorg/eclipse/jface/text/IDocument;I)[I @ 6 c2
Event: 2136.867 Thread 0x00000211ea85c930 DEOPT PACKING pc=0x00000211d6f8b33c sp=0x0000005d3e9fe8d0
Event: 2136.867 Thread 0x00000211ea85c930 DEOPT UNPACKING pc=0x00000211d6683aa2 sp=0x0000005d3e9fe898 mode 2
Event: 2136.867 Thread 0x00000211ea85c930 Uncommon trap: trap_request=0xffffffde fr.pc=0x00000211d6f2dd88 relative=0x00000000000000e8
Event: 2136.867 Thread 0x00000211ea85c930 Uncommon trap: reason=class_check action=maybe_recompile pc=0x00000211d6f2dd88 method=org.eclipse.jdt.ls.core.internal.handlers.JsonRpcHelpers.toDocument(Lorg/eclipse/jdt/core/IBuffer;)Lorg/eclipse/jface/text/IDocument; @ 21 c2
Event: 2136.867 Thread 0x00000211ea85c930 DEOPT PACKING pc=0x00000211d6f2dd88 sp=0x0000005d3e9fe920
Event: 2136.867 Thread 0x00000211ea85c930 DEOPT UNPACKING pc=0x00000211d6683aa2 sp=0x0000005d3e9fe8a0 mode 2
Event: 2136.867 Thread 0x00000211ea85c930 Uncommon trap: trap_request=0xffffffde fr.pc=0x00000211d6f8b33c relative=0x000000000000097c
Event: 2136.867 Thread 0x00000211ea85c930 Uncommon trap: reason=class_check action=maybe_recompile pc=0x00000211d6f8b33c method=org.eclipse.jdt.ls.core.internal.handlers.JsonRpcHelpers.toLine(Lorg/eclipse/jface/text/IDocument;I)[I @ 6 c2
Event: 2136.867 Thread 0x00000211ea85c930 DEOPT PACKING pc=0x00000211d6f8b33c sp=0x0000005d3e9fe8d0
Event: 2136.867 Thread 0x00000211ea85c930 DEOPT UNPACKING pc=0x00000211d6683aa2 sp=0x0000005d3e9fe898 mode 2
Event: 2136.868 Thread 0x00000211ea85c930 Uncommon trap: trap_request=0xffffffde fr.pc=0x00000211d6f8b33c relative=0x000000000000097c
Event: 2136.868 Thread 0x00000211ea85c930 Uncommon trap: reason=class_check action=maybe_recompile pc=0x00000211d6f8b33c method=org.eclipse.jdt.ls.core.internal.handlers.JsonRpcHelpers.toLine(Lorg/eclipse/jface/text/IDocument;I)[I @ 6 c2
Event: 2136.868 Thread 0x00000211ea85c930 DEOPT PACKING pc=0x00000211d6f8b33c sp=0x0000005d3e9fe8d0
Event: 2136.868 Thread 0x00000211ea85c930 DEOPT UNPACKING pc=0x00000211d6683aa2 sp=0x0000005d3e9fe898 mode 2
Event: 2136.868 Thread 0x00000211ea85c930 Uncommon trap: trap_request=0xffffffde fr.pc=0x00000211d6f8b33c relative=0x000000000000097c
Event: 2136.868 Thread 0x00000211ea85c930 Uncommon trap: reason=class_check action=maybe_recompile pc=0x00000211d6f8b33c method=org.eclipse.jdt.ls.core.internal.handlers.JsonRpcHelpers.toLine(Lorg/eclipse/jface/text/IDocument;I)[I @ 6 c2
Event: 2136.868 Thread 0x00000211ea85c930 DEOPT PACKING pc=0x00000211d6f8b33c sp=0x0000005d3e9fe8d0
Event: 2136.868 Thread 0x00000211ea85c930 DEOPT UNPACKING pc=0x00000211d6683aa2 sp=0x0000005d3e9fe898 mode 2

Classes loaded (20 events):
Event: 1672.735 Loading class java/util/stream/Nodes$ToArrayTask$OfRef
Event: 1672.735 Loading class java/util/stream/Nodes$ToArrayTask
Event: 1672.735 Loading class java/util/stream/Nodes$ToArrayTask done
Event: 1672.735 Loading class java/util/stream/Nodes$ToArrayTask$OfRef done
Event: 1672.738 Loading class java/io/ObjectOutputStream$BlockDataOutputStream
Event: 1672.738 Loading class java/io/ObjectOutputStream$BlockDataOutputStream done
Event: 1672.738 Loading class java/io/ObjectOutputStream$HandleTable
Event: 1672.739 Loading class java/io/ObjectOutputStream$HandleTable done
Event: 1672.739 Loading class java/io/ObjectOutputStream$ReplaceTable
Event: 1672.739 Loading class java/io/ObjectOutputStream$ReplaceTable done
Event: 2027.937 Loading class java/util/function/IntPredicate
Event: 2027.937 Loading class java/util/function/IntPredicate done
Event: 2027.946 Loading class java/util/regex/Pattern$Bound
Event: 2027.946 Loading class java/util/regex/Pattern$Bound done
Event: 2035.777 Loading class java/lang/StringLatin1$CharsSpliterator
Event: 2035.778 Loading class java/lang/StringLatin1$CharsSpliterator done
Event: 2082.712 Loading class java/util/ArrayDeque$DeqSpliterator
Event: 2082.712 Loading class java/util/ArrayDeque$DeqSpliterator done
Event: 2112.903 Loading class java/nio/channels/CompletionHandler
Event: 2112.903 Loading class java/nio/channels/CompletionHandler done

Classes unloaded (20 events):
Event: 2112.060 Thread 0x00000211cbe72700 Unloading class 0x0000021181183400 'java/lang/invoke/LambdaForm$MH+0x0000021181183400'
Event: 2112.060 Thread 0x00000211cbe72700 Unloading class 0x0000021181182800 'java/lang/invoke/LambdaForm$MH+0x0000021181182800'
Event: 2112.060 Thread 0x00000211cbe72700 Unloading class 0x0000021181182000 'java/lang/invoke/LambdaForm$MH+0x0000021181182000'
Event: 2112.060 Thread 0x00000211cbe72700 Unloading class 0x0000021181170c00 'java/lang/invoke/LambdaForm$MH+0x0000021181170c00'
Event: 2112.060 Thread 0x00000211cbe72700 Unloading class 0x0000021181170800 'java/lang/invoke/LambdaForm$MH+0x0000021181170800'
Event: 2112.060 Thread 0x00000211cbe72700 Unloading class 0x0000021181170000 'java/lang/invoke/LambdaForm$MH+0x0000021181170000'
Event: 2112.060 Thread 0x00000211cbe72700 Unloading class 0x0000021181108400 'java/lang/invoke/LambdaForm$MH+0x0000021181108400'
Event: 2112.060 Thread 0x00000211cbe72700 Unloading class 0x0000021181082400 'java/lang/invoke/LambdaForm$MH+0x0000021181082400'
Event: 2112.060 Thread 0x00000211cbe72700 Unloading class 0x0000021181081c00 'java/lang/invoke/LambdaForm$MH+0x0000021181081c00'
Event: 2112.060 Thread 0x00000211cbe72700 Unloading class 0x0000021181081800 'java/lang/invoke/LambdaForm$MH+0x0000021181081800'
Event: 2112.060 Thread 0x00000211cbe72700 Unloading class 0x0000021181081400 'java/lang/invoke/LambdaForm$MH+0x0000021181081400'
Event: 2112.060 Thread 0x00000211cbe72700 Unloading class 0x0000021181081000 'java/lang/invoke/LambdaForm$MH+0x0000021181081000'
Event: 2112.060 Thread 0x00000211cbe72700 Unloading class 0x0000021181080800 'java/lang/invoke/LambdaForm$MH+0x0000021181080800'
Event: 2112.060 Thread 0x00000211cbe72700 Unloading class 0x0000021181080400 'java/lang/invoke/LambdaForm$MH+0x0000021181080400'
Event: 2112.060 Thread 0x00000211cbe72700 Unloading class 0x0000021181080000 'java/lang/invoke/LambdaForm$MH+0x0000021181080000'
Event: 2112.060 Thread 0x00000211cbe72700 Unloading class 0x000002118101ec00 'java/lang/invoke/LambdaForm$MH+0x000002118101ec00'
Event: 2112.060 Thread 0x00000211cbe72700 Unloading class 0x0000021181018800 'java/lang/invoke/LambdaForm$MH+0x0000021181018800'
Event: 2112.060 Thread 0x00000211cbe72700 Unloading class 0x0000021181002400 'java/lang/invoke/LambdaForm$MH+0x0000021181002400'
Event: 2112.060 Thread 0x00000211cbe72700 Unloading class 0x0000021181002000 'java/lang/invoke/LambdaForm$MH+0x0000021181002000'
Event: 2112.060 Thread 0x00000211cbe72700 Unloading class 0x0000021181001800 'java/lang/invoke/LambdaForm$MH+0x0000021181001800'

Classes redefined (0 events):
No events

Internal exceptions (20 events):
Event: 2118.791 Thread 0x00000211ea85bc10 Implicit null exception at 0x00000211d769dfcd to 0x00000211d769ee10
Event: 2121.892 Thread 0x00000211e9a3ac60 Exception <a 'sun/nio/fs/WindowsException'{0x00000000d572bad0}> (0x00000000d572bad0) 
thrown [s\src\hotspot\share\prims\jni.cpp, line 520]
Event: 2122.938 Thread 0x00000211ea85b580 Exception <a 'java/lang/ArrayIndexOutOfBoundsException'{0x00000000d5a658e0}> (0x00000000d5a658e0) 
thrown [s\src\hotspot\share\runtime\sharedRuntime.cpp, line 625]
Event: 2122.951 Thread 0x00000211ea85b580 Exception <a 'java/lang/ArrayIndexOutOfBoundsException'{0x00000000d5af1390}> (0x00000000d5af1390) 
thrown [s\src\hotspot\share\runtime\sharedRuntime.cpp, line 625]
Event: 2124.496 Thread 0x00000211ea85c930 Exception <a 'java/lang/ArrayIndexOutOfBoundsException'{0x00000000d583d620}> (0x00000000d583d620) 
thrown [s\src\hotspot\share\runtime\sharedRuntime.cpp, line 625]
Event: 2124.500 Thread 0x00000211ea85c930 Exception <a 'java/lang/ArrayIndexOutOfBoundsException'{0x00000000d5958f70}> (0x00000000d5958f70) 
thrown [s\src\hotspot\share\runtime\sharedRuntime.cpp, line 625]
Event: 2126.567 Thread 0x00000211e9a3ac60 Exception <a 'sun/nio/fs/WindowsException'{0x00000000d579dbd0}> (0x00000000d579dbd0) 
thrown [s\src\hotspot\share\prims\jni.cpp, line 520]
Event: 2131.739 Thread 0x00000211e9a3ac60 Exception <a 'sun/nio/fs/WindowsException'{0x00000000d57f77f0}> (0x00000000d57f77f0) 
thrown [s\src\hotspot\share\prims\jni.cpp, line 520]
Event: 2133.773 Thread 0x00000211ea85c930 Exception <a 'java/lang/ArrayIndexOutOfBoundsException'{0x00000000d5750c68}> (0x00000000d5750c68) 
thrown [s\src\hotspot\share\runtime\sharedRuntime.cpp, line 625]
Event: 2133.778 Thread 0x00000211ea85c930 Exception <a 'java/lang/ArrayIndexOutOfBoundsException'{0x00000000d586b980}> (0x00000000d586b980) 
thrown [s\src\hotspot\share\runtime\sharedRuntime.cpp, line 625]
Event: 2133.801 Thread 0x00000211ec798ad0 Exception <a 'java/lang/ArrayIndexOutOfBoundsException'{0x00000000d5a50c78}> (0x00000000d5a50c78) 
thrown [s\src\hotspot\share\runtime\sharedRuntime.cpp, line 625]
Event: 2136.867 Thread 0x00000211edf91ed0 Exception <a 'java/lang/ArrayIndexOutOfBoundsException'{0x00000000d563c848}> (0x00000000d563c848) 
thrown [s\src\hotspot\share\runtime\sharedRuntime.cpp, line 625]
Event: 2136.875 Thread 0x00000211edf91ed0 Exception <a 'java/lang/ArrayIndexOutOfBoundsException'{0x00000000d58914b8}> (0x00000000d58914b8) 
thrown [s\src\hotspot\share\runtime\sharedRuntime.cpp, line 625]
Event: 2137.914 Thread 0x00000211e9a3ac60 Exception <a 'sun/nio/fs/WindowsException'{0x00000000d573efc8}> (0x00000000d573efc8) 
thrown [s\src\hotspot\share\prims\jni.cpp, line 520]
Event: 2137.993 Thread 0x00000211e9a3ac60 Exception <a 'sun/nio/fs/WindowsException'{0x00000000d58425b8}> (0x00000000d58425b8) 
thrown [s\src\hotspot\share\prims\jni.cpp, line 520]
Event: 2139.032 Thread 0x00000211ea85c2a0 Exception <a 'java/lang/ArrayIndexOutOfBoundsException'{0x00000000d595ff18}> (0x00000000d595ff18) 
thrown [s\src\hotspot\share\runtime\sharedRuntime.cpp, line 625]
Event: 2139.042 Thread 0x00000211ea85c2a0 Exception <a 'java/lang/ArrayIndexOutOfBoundsException'{0x00000000d55a1168}> (0x00000000d55a1168) 
thrown [s\src\hotspot\share\runtime\sharedRuntime.cpp, line 625]
Event: 2139.070 Thread 0x00000211edf90b20 Exception <a 'java/lang/ArrayIndexOutOfBoundsException'{0x00000000d59ade30}> (0x00000000d59ade30) 
thrown [s\src\hotspot\share\runtime\sharedRuntime.cpp, line 625]
Event: 2139.079 Thread 0x00000211edf90b20 Exception <a 'java/lang/ArrayIndexOutOfBoundsException'{0x00000000d55f22a8}> (0x00000000d55f22a8) 
thrown [s\src\hotspot\share\runtime\sharedRuntime.cpp, line 625]
Event: 2139.099 Thread 0x00000211e9a3ac60 Exception <a 'sun/nio/fs/WindowsException'{0x00000000d5585b48}> (0x00000000d5585b48) 
thrown [s\src\hotspot\share\prims\jni.cpp, line 520]

ZGC Phase Switch (0 events):
No events

VM Operations (20 events):
Event: 2136.865 Executing safepoint VM operation: ParallelGCFailedAllocation (Allocation Failure) done
Event: 2137.363 Executing safepoint VM operation: ParallelGCFailedAllocation (Allocation Failure)
Event: 2137.366 Executing safepoint VM operation: ParallelGCFailedAllocation (Allocation Failure) done
Event: 2137.929 Executing safepoint VM operation: ParallelGCFailedAllocation (Allocation Failure)
Event: 2137.933 Executing safepoint VM operation: ParallelGCFailedAllocation (Allocation Failure) done
Event: 2137.961 Executing safepoint VM operation: ParallelGCFailedAllocation (Allocation Failure)
Event: 2137.963 Executing safepoint VM operation: ParallelGCFailedAllocation (Allocation Failure) done
Event: 2138.012 Executing safepoint VM operation: ParallelGCFailedAllocation (Allocation Failure)
Event: 2139.017 Executing safepoint VM operation: ParallelGCFailedAllocation (Allocation Failure) done
Event: 2139.037 Executing safepoint VM operation: ParallelGCFailedAllocation (Allocation Failure)
Event: 2139.041 Executing safepoint VM operation: ParallelGCFailedAllocation (Allocation Failure) done
Event: 2139.074 Executing safepoint VM operation: ParallelGCFailedAllocation (Allocation Failure)
Event: 2139.076 Executing safepoint VM operation: ParallelGCFailedAllocation (Allocation Failure) done
Event: 2139.112 Executing safepoint VM operation: ParallelGCFailedAllocation (Allocation Failure)
Event: 2140.119 Executing safepoint VM operation: ParallelGCFailedAllocation (Allocation Failure) done
Event: 2140.148 Executing safepoint VM operation: ParallelGCFailedAllocation (Allocation Failure)
Event: 2140.153 Executing safepoint VM operation: ParallelGCFailedAllocation (Allocation Failure) done
Event: 2140.191 Executing safepoint VM operation: ParallelGCFailedAllocation (Allocation Failure)
Event: 2142.198 Executing safepoint VM operation: ParallelGCFailedAllocation (Allocation Failure) done
Event: 2142.679 Executing safepoint VM operation: ParallelGCFailedAllocation (Allocation Failure)

Memory protections (0 events):
No events

Nmethod flushes (20 events):
Event: 2112.090 Thread 0x00000211cbe72700 flushing  nmethod 0x00000211d1111e90
Event: 2112.090 Thread 0x00000211cbe72700 flushing  nmethod 0x00000211d1113a10
Event: 2112.090 Thread 0x00000211cbe72700 flushing  nmethod 0x00000211d1117390
Event: 2112.090 Thread 0x00000211cbe72700 flushing  nmethod 0x00000211d1117b10
Event: 2112.090 Thread 0x00000211cbe72700 flushing  nmethod 0x00000211d1119010
Event: 2112.090 Thread 0x00000211cbe72700 flushing  nmethod 0x00000211d111a490
Event: 2112.090 Thread 0x00000211cbe72700 flushing  nmethod 0x00000211d111cf10
Event: 2112.090 Thread 0x00000211cbe72700 flushing  nmethod 0x00000211d111f390
Event: 2112.090 Thread 0x00000211cbe72700 flushing  nmethod 0x00000211d1121a10
Event: 2112.090 Thread 0x00000211cbe72700 flushing  nmethod 0x00000211d1121d90
Event: 2112.090 Thread 0x00000211cbe72700 flushing  nmethod 0x00000211d1122490
Event: 2112.090 Thread 0x00000211cbe72700 flushing  nmethod 0x00000211d1127a90
Event: 2112.090 Thread 0x00000211cbe72700 flushing  nmethod 0x00000211d112aa10
Event: 2112.090 Thread 0x00000211cbe72700 flushing  nmethod 0x00000211d112ec90
Event: 2112.090 Thread 0x00000211cbe72700 flushing  nmethod 0x00000211d1165490
Event: 2112.090 Thread 0x00000211cbe72700 flushing  nmethod 0x00000211d11ad090
Event: 2112.090 Thread 0x00000211cbe72700 flushing  nmethod 0x00000211d11b5c90
Event: 2112.090 Thread 0x00000211cbe72700 flushing  nmethod 0x00000211d12a7390
Event: 2112.090 Thread 0x00000211cbe72700 flushing  nmethod 0x00000211d12fed10
Event: 2112.090 Thread 0x00000211cbe72700 flushing  nmethod 0x00000211d130e090

Events (20 events):
Event: 2038.495 Thread 0x00000211ec3b6ac0 Thread exited: 0x00000211ec3b6ac0
Event: 2051.226 Thread 0x00000211e4188120 Thread added: 0x00000211ec3b7860
Event: 2051.349 Thread 0x00000211ec3b7860 Thread exited: 0x00000211ec3b7860
Event: 2063.289 Thread 0x00000211ea85b580 Thread added: 0x00000211ec798ad0
Event: 2082.710 Thread 0x00000211e9a37e70 Thread added: 0x00000211ec796370
Event: 2087.425 Thread 0x00000211cbe7f850 Thread added: 0x00000211ec3b93a0
Event: 2087.735 Thread 0x00000211ec3b93a0 Thread exited: 0x00000211ec3b93a0
Event: 2088.129 Thread 0x00000211e9a398b0 Thread exited: 0x00000211e9a398b0
Event: 2112.138 Thread 0x00000211e9a37e70 Thread added: 0x00000211ec799160
Event: 2112.138 Thread 0x00000211ec799160 Thread exited: 0x00000211ec799160
Event: 2112.140 Thread 0x00000211e9a37e70 Thread added: 0x00000211ec796a00
Event: 2112.140 Thread 0x00000211ec796a00 Thread added: 0x00000211ec799160
Event: 2112.141 Thread 0x00000211ec796a00 Thread added: 0x00000211ec79a510
Event: 2112.141 Thread 0x00000211ec79a510 Thread exited: 0x00000211ec79a510
Event: 2112.141 Thread 0x00000211ec796a00 Thread exited: 0x00000211ec796a00
Event: 2112.141 Thread 0x00000211ec799160 Thread exited: 0x00000211ec799160
Event: 2122.982 Thread 0x00000211e4188120 Thread added: 0x00000211ec3b5d20
Event: 2123.237 Thread 0x00000211ec3b5d20 Thread exited: 0x00000211ec3b5d20
Event: 2131.759 Thread 0x00000211e4188120 Thread added: 0x00000211ec3bca20
Event: 2135.974 Thread 0x00000211ec3bca20 Thread exited: 0x00000211ec3bca20


Dynamic libraries:
0x00007ff7053b0000 - 0x00007ff7053be000 	c:\Users\User\.vscode\extensions\redhat.java-1.53.0-win32-x64\jre\21.0.10-win32-x86_64\bin\java.exe
0x00007ffcacfa0000 - 0x00007ffcad207000 	C:\Windows\SYSTEM32\ntdll.dll
0x00007ffcac6f0000 - 0x00007ffcac7b9000 	C:\Windows\System32\KERNEL32.DLL
0x00007ffcaa430000 - 0x00007ffcaa824000 	C:\Windows\System32\KERNELBASE.dll
0x00007ffca9870000 - 0x00007ffca99bb000 	C:\Windows\System32\ucrtbase.dll
0x00007ffc85550000 - 0x00007ffc85568000 	c:\Users\User\.vscode\extensions\redhat.java-1.53.0-win32-x64\jre\21.0.10-win32-x86_64\bin\jli.dll
0x00007ffc79700000 - 0x00007ffc7971e000 	c:\Users\User\.vscode\extensions\redhat.java-1.53.0-win32-x64\jre\21.0.10-win32-x86_64\bin\VCRUNTIME140.dll
0x00007ffcacbe0000 - 0x00007ffcacda5000 	C:\Windows\System32\USER32.dll
0x00007ffc84230000 - 0x00007ffc844c3000 	C:\Windows\WinSxS\amd64_microsoft.windows.common-controls_6595b64144ccf1df_6.0.26100.8115_none_3e075c82e3354f9c\COMCTL32.dll
0x00007ffcaab80000 - 0x00007ffcaaba7000 	C:\Windows\System32\win32u.dll
0x00007ffcac9f0000 - 0x00007ffcaca1b000 	C:\Windows\System32\GDI32.dll
0x00007ffcac410000 - 0x00007ffcac4b9000 	C:\Windows\System32\msvcrt.dll
0x00007ffcaaa50000 - 0x00007ffcaab7a000 	C:\Windows\System32\gdi32full.dll
0x00007ffca9b10000 - 0x00007ffca9bb3000 	C:\Windows\System32\msvcp_win.dll
0x00007ffcabb60000 - 0x00007ffcabb92000 	C:\Windows\System32\IMM32.DLL
0x00007ffca2180000 - 0x00007ffca218c000 	c:\Users\User\.vscode\extensions\redhat.java-1.53.0-win32-x64\jre\21.0.10-win32-x86_64\bin\vcruntime140_1.dll
0x00007ffc580e0000 - 0x00007ffc5816d000 	c:\Users\User\.vscode\extensions\redhat.java-1.53.0-win32-x64\jre\21.0.10-win32-x86_64\bin\msvcp140.dll
0x00007ffc0d9c0000 - 0x00007ffc0e761000 	c:\Users\User\.vscode\extensions\redhat.java-1.53.0-win32-x64\jre\21.0.10-win32-x86_64\bin\server\jvm.dll
0x00007ffcaae30000 - 0x00007ffcaaee6000 	C:\Windows\System32\ADVAPI32.dll
0x00007ffcab710000 - 0x00007ffcab7b7000 	C:\Windows\System32\sechost.dll
0x00007ffcaca20000 - 0x00007ffcacb38000 	C:\Windows\System32\RPCRT4.dll
0x00007ffcac8a0000 - 0x00007ffcac920000 	C:\Windows\System32\WS2_32.dll
0x00007ffca96f0000 - 0x00007ffca974e000 	C:\Windows\SYSTEM32\POWRPROF.dll
0x00007ffc9f460000 - 0x00007ffc9f496000 	C:\Windows\SYSTEM32\WINMM.dll
0x00007ffc97680000 - 0x00007ffc9768b000 	C:\Windows\SYSTEM32\VERSION.dll
0x00007ffca96d0000 - 0x00007ffca96e4000 	C:\Windows\SYSTEM32\UMPDC.dll
0x00007ffca8600000 - 0x00007ffca861b000 	C:\Windows\SYSTEM32\kernel.appcore.dll
0x00007ffc97840000 - 0x00007ffc9784a000 	c:\Users\User\.vscode\extensions\redhat.java-1.53.0-win32-x64\jre\21.0.10-win32-x86_64\bin\jimage.dll
0x00007ffca7710000 - 0x00007ffca7952000 	C:\Windows\SYSTEM32\DBGHELP.DLL
0x00007ffcab7c0000 - 0x00007ffcabb42000 	C:\Windows\System32\combase.dll
0x00007ffcac7c0000 - 0x00007ffcac897000 	C:\Windows\System32\OLEAUT32.dll
0x00007ffc81220000 - 0x00007ffc8125b000 	C:\Windows\SYSTEM32\dbgcore.DLL
0x00007ffcaa830000 - 0x00007ffcaa8d5000 	C:\Windows\System32\bcryptPrimitives.dll
0x00007ffc80f60000 - 0x00007ffc80f6f000 	c:\Users\User\.vscode\extensions\redhat.java-1.53.0-win32-x64\jre\21.0.10-win32-x86_64\bin\instrument.dll
0x00007ffc75e70000 - 0x00007ffc75e90000 	c:\Users\User\.vscode\extensions\redhat.java-1.53.0-win32-x64\jre\21.0.10-win32-x86_64\bin\java.dll
0x00007ffcabba0000 - 0x00007ffcac306000 	C:\Windows\System32\SHELL32.dll
0x00007ffcaa8e0000 - 0x00007ffcaaa4a000 	C:\Windows\System32\wintypes.dll
0x00007ffca9bc0000 - 0x00007ffcaa425000 	C:\Windows\System32\windows.storage.dll
0x00007ffcac310000 - 0x00007ffcac407000 	C:\Windows\System32\SHCORE.dll
0x00007ffcacdc0000 - 0x00007ffcace26000 	C:\Windows\System32\shlwapi.dll
0x00007ffca9790000 - 0x00007ffca97b9000 	C:\Windows\SYSTEM32\profapi.dll
0x00007ffc75e20000 - 0x00007ffc75e38000 	c:\Users\User\.vscode\extensions\redhat.java-1.53.0-win32-x64\jre\21.0.10-win32-x86_64\bin\zip.dll
0x00007ffc80770000 - 0x00007ffc80780000 	C:\Users\User\.vscode\extensions\redhat.java-1.53.0-win32-x64\jre\21.0.10-win32-x86_64\bin\net.dll
0x00007ffc98710000 - 0x00007ffc9883d000 	C:\Windows\SYSTEM32\WINHTTP.dll
0x00007ffca8b70000 - 0x00007ffca8bdc000 	C:\Windows\system32\mswsock.dll
0x00007ffc75e00000 - 0x00007ffc75e16000 	C:\Users\User\.vscode\extensions\redhat.java-1.53.0-win32-x64\jre\21.0.10-win32-x86_64\bin\nio.dll
0x00007ffc7d790000 - 0x00007ffc7d7a0000 	c:\Users\User\.vscode\extensions\redhat.java-1.53.0-win32-x64\jre\21.0.10-win32-x86_64\bin\verify.dll
0x00007ffc280e0000 - 0x00007ffc28125000 	C:\Users\User\AppData\Roaming\Code\User\globalStorage\redhat.java\1.53.0\config_win\org.eclipse.equinox.launcher\org.eclipse.equinox.launcher.win32.win32.x86_64_1.3.0.v20260203-2149\eclipse_11919.dll
0x00007ffcab570000 - 0x00007ffcab707000 	C:\Windows\System32\ole32.dll
0x00007ffca8e60000 - 0x00007ffca8e7b000 	C:\Windows\SYSTEM32\CRYPTSP.dll
0x00007ffca8560000 - 0x00007ffca8599000 	C:\Windows\system32\rsaenh.dll
0x00007ffca8c20000 - 0x00007ffca8c53000 	C:\Windows\SYSTEM32\USERENV.dll
0x00007ffca9760000 - 0x00007ffca978a000 	C:\Windows\SYSTEM32\bcrypt.dll
0x00007ffca8e50000 - 0x00007ffca8e5c000 	C:\Windows\SYSTEM32\CRYPTBASE.dll
0x00007ffca7fc0000 - 0x00007ffca7ff2000 	C:\Windows\SYSTEM32\IPHLPAPI.DLL
0x00007ffcacdb0000 - 0x00007ffcacdba000 	C:\Windows\System32\NSI.dll
0x00007ffc22800000 - 0x00007ffc22849000 	C:\Users\User\AppData\Local\Temp\jna-2645995\jna17847786542127229938.dll
0x00007ffcacef0000 - 0x00007ffcacef8000 	C:\Windows\System32\PSAPI.DLL
0x00007ffc9f3e0000 - 0x00007ffc9f3fd000 	C:\Windows\SYSTEM32\dhcpcsvc6.DLL
0x00007ffc9f3b0000 - 0x00007ffc9f3d5000 	C:\Windows\SYSTEM32\dhcpcsvc.DLL

JVMTI agents:
c:\Users\User\.vscode\extensions\redhat.java-1.53.0-win32-x64\lombok\lombok-1.18.39-4050.jar path:c:\Users\User\.vscode\extensions\redhat.java-1.53.0-win32-x64\jre\21.0.10-win32-x86_64\bin\instrument.dll, loaded, initialized, instrumentlib options:none

dbghelp: loaded successfully - version: 4.0.5 - missing functions: none
symbol engine: initialized successfully - sym options: 0x614 - pdb path: .;c:\Users\User\.vscode\extensions\redhat.java-1.53.0-win32-x64\jre\21.0.10-win32-x86_64\bin;C:\Windows\SYSTEM32;C:\Windows\WinSxS\amd64_microsoft.windows.common-controls_6595b64144ccf1df_6.0.26100.8115_none_3e075c82e3354f9c;c:\Users\User\.vscode\extensions\redhat.java-1.53.0-win32-x64\jre\21.0.10-win32-x86_64\bin\server;C:\Users\User\AppData\Roaming\Code\User\globalStorage\redhat.java\1.53.0\config_win\org.eclipse.equinox.launcher\org.eclipse.equinox.launcher.win32.win32.x86_64_1.3.0.v20260203-2149;C:\Users\User\AppData\Local\Temp\jna-2645995

VM Arguments:
jvm_args: --add-modules=ALL-SYSTEM --add-opens=java.base/java.util=ALL-UNNAMED --add-opens=java.base/java.lang=ALL-UNNAMED --add-opens=java.base/sun.nio.fs=ALL-UNNAMED -Declipse.application=org.eclipse.jdt.ls.core.id1 -Dosgi.bundles.defaultStartLevel=4 -Declipse.product=org.eclipse.jdt.ls.core.product -Djava.import.generatesMetadataFilesAtProjectRoot=false -DDetectVMInstallationsJob.disabled=true -Dfile.encoding=utf8 -XX:+UseParallelGC -XX:GCTimeRatio=4 -XX:AdaptiveSizePolicyWeight=90 -Dsun.zip.disableMemoryMapping=true -Xmx2G -Xms100m -Xlog:disable -javaagent:c:\Users\User\.vscode\extensions\redhat.java-1.53.0-win32-x64\lombok\lombok-1.18.39-4050.jar -XX:+HeapDumpOnOutOfMemoryError -XX:HeapDumpPath=c:\Users\User\AppData\Roaming\Code\User\workspaceStorage\4e14a4f493637fc3defc8d62c21426ba\redhat.java -Daether.dependencyCollector.impl=bf 
java_command: c:\Users\User\.vscode\extensions\redhat.java-1.53.0-win32-x64\server\plugins\org.eclipse.equinox.launcher_1.7.100.v20251111-0406.jar -configuration c:\Users\User\AppData\Roaming\Code\User\globalStorage\redhat.java\1.53.0\config_win -data c:\Users\User\AppData\Roaming\Code\User\workspaceStorage\4e14a4f493637fc3defc8d62c21426ba\redhat.java\jdt_ws --pipe=\\.\pipe\lsp-92faf2e7e96649fc75ade53bd9f8a1a0-sock
java_class_path (initial): c:\Users\User\.vscode\extensions\redhat.java-1.53.0-win32-x64\server\plugins\org.eclipse.equinox.launcher_1.7.100.v20251111-0406.jar
Launcher Type: SUN_STANDARD

[Global flags]
    uintx AdaptiveSizePolicyWeight                 = 90                                        {product} {command line}
     intx CICompilerCount                          = 4                                         {product} {ergonomic}
    uintx GCTimeRatio                              = 4                                         {product} {command line}
     bool HeapDumpOnOutOfMemoryError               = true                                   {manageable} {command line}
    ccstr HeapDumpPath                             = c:\Users\User\AppData\Roaming\Code\User\workspaceStorage\4e14a4f493637fc3defc8d62c21426ba\redhat.java         {manageable} {command line}
   size_t InitialHeapSize                          = 104857600                                 {product} {command line}
   size_t MaxHeapSize                              = 2147483648                                {product} {command line}
   size_t MaxNewSize                               = 715653120                                 {product} {ergonomic}
   size_t MinHeapDeltaBytes                        = 524288                                    {product} {ergonomic}
   size_t MinHeapSize                              = 104857600                                 {product} {command line}
   size_t NewSize                                  = 34603008                                  {product} {ergonomic}
    uintx NonNMethodCodeHeapSize                   = 5839372                                {pd product} {ergonomic}
    uintx NonProfiledCodeHeapSize                  = 122909434                              {pd product} {ergonomic}
   size_t OldSize                                  = 70254592                                  {product} {ergonomic}
    uintx ProfiledCodeHeapSize                     = 122909434                              {pd product} {ergonomic}
    uintx ReservedCodeCacheSize                    = 251658240                              {pd product} {ergonomic}
     bool SegmentedCodeCache                       = true                                      {product} {ergonomic}
   size_t SoftMaxHeapSize                          = 2147483648                             {manageable} {ergonomic}
     bool UseCompressedOops                        = true                           {product lp64_product} {ergonomic}
     bool UseLargePagesIndividualAllocation        = false                                  {pd product} {ergonomic}
     bool UseParallelGC                            = true                                      {product} {command line}

Logging:
Log output configuration:
 #0: stdout all=off uptime,level,tags foldmultilines=false
 #1: stderr all=off uptime,level,tags foldmultilines=false

Release file:
JAVA_VERSION="21.0.10" 
MODULES="java.base java.compiler java.datatransfer java.xml java.prefs java.desktop java.instrument java.logging java.management java.security.sasl java.naming java.rmi java.management.rmi java.net.http java.scripting java.security.jgss java.transaction.xa java.sql java.sql.rowset java.xml.crypto java.se java.smartcardio jdk.accessibility jdk.internal.jvmstat jdk.attach jdk.charsets jdk.internal.opt jdk.zipfs jdk.compiler jdk.crypto.ec jdk.crypto.cryptoki jdk.crypto.mscapi jdk.dynalink jdk.internal.ed jdk.editpad jdk.hotspot.agent jdk.httpserver jdk.internal.le jdk.internal.vm.ci jdk.internal.vm.compiler jdk.internal.vm.compiler.management jdk.jartool jdk.javadoc jdk.jcmd jdk.management jdk.management.agent jdk.jconsole jdk.jdeps jdk.jdwp.agent jdk.jdi jdk.jfr jdk.jshell jdk.jsobject jdk.jstatd jdk.localedata jdk.management.jfr jdk.naming.dns jdk.naming.rmi jdk.net jdk.nio.mapmode jdk.random jdk.sctp jdk.security.auth jdk.security.jgss jdk.unsupported jdk.unsupported.desktop jdk.xml.dom" 

Environment Variables:
JAVA_HOME=C:\Program Files\Eclipse Adoptium\jdk-17.0.18.8-hotspot\
PATH=C:\Users\User\AppData\Local\Programs\Microsoft VS Code;C:\Program Files\Eclipse Adoptium\jdk-17.0.18.8-hotspot\bin;C:\Program Files (x86)\Common Files\Oracle\Java\javapath;C:\Windows\system32;C:\Windows;C:\Windows\System32\Wbem;C:\Windows\System32\WindowsPowerShell\v1.0\;C:\Windows\System32\OpenSSH\;C:\Program Files\Git\cmd;C:\ProgramData\chocolatey\bin;C:\Program Files\dotnet\;C:\Users\User\AppData\Local\Microsoft\WindowsApps;C:\Users\User\AppData\Local\Programs\Microsoft VS Code\bin;C:\Users\User\AppData\Local\GitHubDesktop\bin;C:\Program Files\JetBrains\IntelliJ IDEA 2025.3.2\bin;C:\Users\User\AppData\Local\Python\bin
USERNAME=User
OS=Windows_NT
PROCESSOR_IDENTIFIER=Intel64 Family 6 Model 154 Stepping 4, GenuineIntel
TMP=C:\Users\User\AppData\Local\Temp
TEMP=C:\Users\User\AppData\Local\Temp




Periodic native trim disabled

---------------  S Y S T E M  ---------------

OS:
 Windows 11 , 64 bit Build 26100 (10.0.26100.8115)
OS uptime: 0 days 3:40 hours
Hyper-V role detected

CPU: total 8 (initial active 8) (4 cores per cpu, 2 threads per core) family 6 model 154 stepping 4 microcode 0x437, cx8, cmov, fxsr, ht, mmx, 3dnowpref, sse, sse2, sse3, ssse3, sse4.1, sse4.2, popcnt, lzcnt, tsc, tscinvbit, avx, avx2, aes, erms, clmul, bmi1, bmi2, adx, sha, fma, vzeroupper, clflush, clflushopt, clwb, hv, serialize, rdtscp, rdpid, fsrm, f16c, cet_ibt, cet_ss
Processor Information for processor 0
  Max Mhz: 1200, Current Mhz: 1200, Mhz Limit: 1200
Processor Information for processor 1
  Max Mhz: 1200, Current Mhz: 1200, Mhz Limit: 1200
Processor Information for processor 2
  Max Mhz: 1200, Current Mhz: 1200, Mhz Limit: 1200
Processor Information for processor 3
  Max Mhz: 1200, Current Mhz: 1200, Mhz Limit: 1200
Processor Information for processor 4
  Max Mhz: 1200, Current Mhz: 900, Mhz Limit: 900
Processor Information for processor 5
  Max Mhz: 1200, Current Mhz: 900, Mhz Limit: 900
Processor Information for processor 6
  Max Mhz: 1200, Current Mhz: 900, Mhz Limit: 900
Processor Information for processor 7
  Max Mhz: 1200, Current Mhz: 900, Mhz Limit: 900

Memory: 4k page, system-wide physical 16057M (7609M free)
TotalPageFile size 35191M (AvailPageFile size 5M)
current process WorkingSet (physical memory assigned to process): 359M, peak: 441M
current process commit charge ("private bytes"): 432M, peak: 1705M

vm_info: OpenJDK 64-Bit Server VM (21.0.10+7-LTS) for windows-amd64 JRE (21.0.10+7-LTS), built on 2026-01-20T00:00:00Z by "admin" with MS VC++ 17.12 (VS2022)

END.
