#
# There is insufficient memory for the Java Runtime Environment to continue.
# Native memory allocation (malloc) failed to allocate 1072336 bytes. Error detail: Chunk::new
# Possible reasons:
#   The system is out of physical RAM or swap space
#   This process is running with CompressedOops enabled, and the Java Heap may be blocking the growth of the native heap
# Possible solutions:
#   Reduce memory load on the system
#   Increase physical memory or swap space
#   Check if swap backing store is full
#   Decrease Java heap size (-Xmx/-Xms)
#   Decrease number of Java threads
#   Decrease Java thread stack sizes (-Xss)
#   Set larger code cache with -XX:ReservedCodeCacheSize=
#   JVM is running with Unscaled Compressed Oops mode in which the Java heap is
#     placed in the first 4GB address space. The Java Heap base address is the
#     maximum limit for the native heap growth. Please use -XX:HeapBaseMinAddress
#     to set the Java Heap base and to place the Java Heap above 4GB virtual address.
# This output file may be truncated or incomplete.
#
#  Out of Memory Error (arena.cpp:168), pid=17008, tid=21328
#
# JRE version: OpenJDK Runtime Environment Temurin-21.0.10+7 (21.0.10+7) (build 21.0.10+7-LTS)
# Java VM: OpenJDK 64-Bit Server VM Temurin-21.0.10+7 (21.0.10+7-LTS, mixed mode, sharing, tiered, compressed oops, compressed class ptrs, parallel gc, windows-amd64)
# No core dump will be written. Minidumps are not enabled by default on client versions of Windows
#

---------------  S U M M A R Y ------------

Command Line: --add-modules=ALL-SYSTEM --add-opens=java.base/java.util=ALL-UNNAMED --add-opens=java.base/java.lang=ALL-UNNAMED --add-opens=java.base/sun.nio.fs=ALL-UNNAMED -Declipse.application=org.eclipse.jdt.ls.core.id1 -Dosgi.bundles.defaultStartLevel=4 -Declipse.product=org.eclipse.jdt.ls.core.product -Djava.import.generatesMetadataFilesAtProjectRoot=false -DDetectVMInstallationsJob.disabled=true -Dfile.encoding=utf8 -XX:+UseParallelGC -XX:GCTimeRatio=4 -XX:AdaptiveSizePolicyWeight=90 -Dsun.zip.disableMemoryMapping=true -Xmx2G -Xms100m -Xlog:disable -javaagent:c:\Users\User\.vscode\extensions\redhat.java-1.53.0-win32-x64\lombok\lombok-1.18.39-4050.jar -XX:+HeapDumpOnOutOfMemoryError -XX:HeapDumpPath=c:\Users\User\AppData\Roaming\Code\User\workspaceStorage\4e14a4f493637fc3defc8d62c21426ba\redhat.java -Daether.dependencyCollector.impl=bf c:\Users\User\.vscode\extensions\redhat.java-1.53.0-win32-x64\server\plugins\org.eclipse.equinox.launcher_1.7.100.v20251111-0406.jar -configuration c:\Users\User\AppData\Roaming\Code\User\globalStorage\redhat.java\1.53.0\config_win -data c:\Users\User\AppData\Roaming\Code\User\workspaceStorage\4e14a4f493637fc3defc8d62c21426ba\redhat.java\jdt_ws --pipe=\\.\pipe\lsp-2d2f942f887c74cdc208f251ee58930c-sock

Host: 12th Gen Intel(R) Core(TM) i3-1215U, 8 cores, 15G,  Windows 11 , 64 bit Build 26100 (10.0.26100.8115)
Time: Wed Apr  8 21:25:49 2026 E. Africa Standard Time elapsed time: 12.594395 seconds (0d 0h 0m 12s)

---------------  T H R E A D  ---------------

Current thread (0x000002637dc3cf10):  JavaThread "C2 CompilerThread0" daemon [_thread_in_native, id=21328, stack(0x000000743b300000,0x000000743b400000) (1024K)]


Current CompileTask:
C2:12594 4183       4       org.eclipse.osgi.internal.serviceregistry.ServiceRegistry::notifyHooksPrivileged (57 bytes)

Stack: [0x000000743b300000,0x000000743b400000]
Native frames: (J=compiled Java code, j=interpreted, Vv=VM code, C=native code)
V  [jvm.dll+0x6d7a39]
V  [jvm.dll+0x8b4b26]
V  [jvm.dll+0x8b70de]
V  [jvm.dll+0x8b77c3]
V  [jvm.dll+0x284346]
V  [jvm.dll+0xc66ed]
V  [jvm.dll+0xc6c31]
V  [jvm.dll+0x3bec01]
V  [jvm.dll+0x38b162]
V  [jvm.dll+0x38a5aa]
V  [jvm.dll+0x24c560]
V  [jvm.dll+0x24bb40]
V  [jvm.dll+0x1cb34e]
V  [jvm.dll+0x25b85d]
V  [jvm.dll+0x259dea]
V  [jvm.dll+0x3f857e]
V  [jvm.dll+0x85f59d]
V  [jvm.dll+0x6d626d]
C  [ucrtbase.dll+0x37b0]
C  [KERNEL32.DLL+0x2e8d7]
C  [ntdll.dll+0x8c3fc]


---------------  P R O C E S S  ---------------

Threads class SMR info:
_java_thread_list=0x00000263465f8800, length=27, elements={
0x00000263671bc1e0, 0x000002637dc30480, 0x000002637dc33910, 0x000002637dc34900,
0x000002637dc35560, 0x000002637dc37fd0, 0x000002637dc39f90, 0x000002637dc3cf10,
0x000002637dc6c460, 0x000002637f746f40, 0x000002637f82e520, 0x0000026345485e70,
0x0000026345958ab0, 0x0000026345963de0, 0x00000263459ce690, 0x000002637f6a41d0,
0x0000026345132fc0, 0x0000026345a960b0, 0x0000026345fcf3c0, 0x0000026345fce010,
0x0000026345fce6a0, 0x0000026345fced30, 0x000002634651ac20, 0x00000263460d8810,
0x0000026345fcfa50, 0x0000026345fd0e00, 0x0000026345fd1490
}

Java Threads: ( => current thread )
  0x00000263671bc1e0 JavaThread "main"                              [_thread_blocked, id=14392, stack(0x000000743a900000,0x000000743aa00000) (1024K)]
  0x000002637dc30480 JavaThread "Reference Handler"          daemon [_thread_blocked, id=21404, stack(0x000000743ad00000,0x000000743ae00000) (1024K)]
  0x000002637dc33910 JavaThread "Finalizer"                  daemon [_thread_blocked, id=18120, stack(0x000000743ae00000,0x000000743af00000) (1024K)]
  0x000002637dc34900 JavaThread "Signal Dispatcher"          daemon [_thread_blocked, id=18300, stack(0x000000743af00000,0x000000743b000000) (1024K)]
  0x000002637dc35560 JavaThread "Attach Listener"            daemon [_thread_blocked, id=21620, stack(0x000000743b000000,0x000000743b100000) (1024K)]
  0x000002637dc37fd0 JavaThread "Service Thread"             daemon [_thread_blocked, id=3672, stack(0x000000743b100000,0x000000743b200000) (1024K)]
  0x000002637dc39f90 JavaThread "Monitor Deflation Thread"   daemon [_thread_blocked, id=5016, stack(0x000000743b200000,0x000000743b300000) (1024K)]
=>0x000002637dc3cf10 JavaThread "C2 CompilerThread0"         daemon [_thread_in_native, id=21328, stack(0x000000743b300000,0x000000743b400000) (1024K)]
  0x000002637dc6c460 JavaThread "C1 CompilerThread0"         daemon [_thread_in_native, id=14912, stack(0x000000743b400000,0x000000743b500000) (1024K)]
  0x000002637f746f40 JavaThread "Common-Cleaner"             daemon [_thread_blocked, id=7560, stack(0x000000743b500000,0x000000743b600000) (1024K)]
  0x000002637f82e520 JavaThread "Notification Thread"        daemon [_thread_blocked, id=19768, stack(0x000000743b700000,0x000000743b800000) (1024K)]
  0x0000026345485e70 JavaThread "Active Thread: Equinox Container: ba6a801d-f6b6-4418-a117-9c9f8ff913be"        [_thread_blocked, id=20728, stack(0x000000743b800000,0x000000743b900000) (1024K)]
  0x0000026345958ab0 JavaThread "Refresh Thread: Equinox Container: ba6a801d-f6b6-4418-a117-9c9f8ff913be" daemon [_thread_blocked, id=21608, stack(0x000000743c000000,0x000000743c100000) (1024K)]
  0x0000026345963de0 JavaThread "Framework Event Dispatcher: Equinox Container: ba6a801d-f6b6-4418-a117-9c9f8ff913be" daemon [_thread_blocked, id=12852, stack(0x000000743c100000,0x000000743c200000) (1024K)]
  0x00000263459ce690 JavaThread "Start Level: Equinox Container: ba6a801d-f6b6-4418-a117-9c9f8ff913be" daemon [_thread_in_vm, id=16864, stack(0x000000743c200000,0x000000743c300000) (1024K)]
  0x000002637f6a41d0 JavaThread "Bundle File Closer"         daemon [_thread_blocked, id=16768, stack(0x000000743c400000,0x000000743c500000) (1024K)]
  0x0000026345132fc0 JavaThread "SCR Component Actor"        daemon [_thread_blocked, id=23004, stack(0x000000743c300000,0x000000743c400000) (1024K)]
  0x0000026345a960b0 JavaThread "Worker-JM"                         [_thread_blocked, id=20916, stack(0x000000743c600000,0x000000743c700000) (1024K)]
  0x0000026345fcf3c0 JavaThread "JNA Cleaner"                daemon [_thread_blocked, id=5204, stack(0x000000743b600000,0x000000743b700000) (1024K)]
  0x0000026345fce010 JavaThread "Worker-0: Updating Maven Dependencies"        [_thread_blocked, id=5708, stack(0x000000743c500000,0x000000743c600000) (1024K)]
  0x0000026345fce6a0 JavaThread "Worker-1: Processing Java changes since last activation"        [_thread_blocked, id=18948, stack(0x000000743c700000,0x000000743c800000) (1024K)]
  0x0000026345fced30 JavaThread "Worker-2: Building"                [_thread_in_native, id=20704, stack(0x000000743c800000,0x000000743c900000) (1024K)]
  0x000002634651ac20 JavaThread "C2 CompilerThread1"         daemon [_thread_in_native, id=10748, stack(0x000000743c900000,0x000000743ca00000) (1024K)]
  0x00000263460d8810 JavaThread "C2 CompilerThread2"         daemon [_thread_in_native, id=12904, stack(0x000000743ca00000,0x000000743cb00000) (1024K)]
  0x0000026345fcfa50 JavaThread "Java indexing"              daemon [_thread_blocked, id=21040, stack(0x000000743cb00000,0x000000743cc00000) (1024K)]
  0x0000026345fd0e00 JavaThread "Worker-3: Repository registry initialization"        [_thread_in_vm, id=1560, stack(0x000000743cc00000,0x000000743cd00000) (1024K)]
  0x0000026345fd1490 JavaThread "Worker-4"                          [_thread_blocked, id=25552, stack(0x000000743cd00000,0x000000743ce00000) (1024K)]
Total: 27

Other Threads:
  0x000002636727e7c0 VMThread "VM Thread"                           [id=3908, stack(0x000000743ac00000,0x000000743ad00000) (1024K)]
  0x000002637db4ca00 WatcherThread "VM Periodic Task Thread"        [id=24636, stack(0x000000743ab00000,0x000000743ac00000) (1024K)]
  0x00000263671d9850 WorkerThread "GC Thread#0"                     [id=17764, stack(0x000000743aa00000,0x000000743ab00000) (1024K)]
  0x0000026345487dd0 WorkerThread "GC Thread#1"                     [id=18884, stack(0x000000743b900000,0x000000743ba00000) (1024K)]
  0x0000026345488180 WorkerThread "GC Thread#2"                     [id=15124, stack(0x000000743ba00000,0x000000743bb00000) (1024K)]
  0x0000026345315f60 WorkerThread "GC Thread#3"                     [id=13620, stack(0x000000743bb00000,0x000000743bc00000) (1024K)]
  0x0000026345316310 WorkerThread "GC Thread#4"                     [id=13012, stack(0x000000743bc00000,0x000000743bd00000) (1024K)]
  0x00000263453166c0 WorkerThread "GC Thread#5"                     [id=3704, stack(0x000000743bd00000,0x000000743be00000) (1024K)]
  0x000002634531b030 WorkerThread "GC Thread#6"                     [id=22044, stack(0x000000743be00000,0x000000743bf00000) (1024K)]
  0x0000026345955190 WorkerThread "GC Thread#7"                     [id=13824, stack(0x000000743bf00000,0x000000743c000000) (1024K)]
Total: 10

Threads with active compile tasks:
C2 CompilerThread0  12622 4183       4       org.eclipse.osgi.internal.serviceregistry.ServiceRegistry::notifyHooksPrivileged (57 bytes)
C1 CompilerThread0  12622 4335       3       org.eclipse.jface.text.templates.TemplateVariableResolver::setType (26 bytes)
C2 CompilerThread1  12622 4057       4       org.lombokweb.asm.ClassReader::readMethod (1070 bytes)
C2 CompilerThread2  12622 4234       4       java.util.HashSet::add (20 bytes)
Total: 4

VM state: not at safepoint (normal execution)

VM Mutex/Monitor currently owned by a thread: None

Heap address: 0x0000000080000000, size: 2048 MB, Compressed Oops mode: 32-bit

CDS archive(s) mapped at: [0x0000026300000000-0x0000026300ba0000-0x0000026300ba0000), size 12189696, SharedBaseAddress: 0x0000026300000000, ArchiveRelocationMode: 1.
Compressed class space mapped at: 0x0000026301000000-0x0000026341000000, reserved size: 1073741824
Narrow klass base: 0x0000026300000000, Narrow klass shift: 0, Narrow klass range: 0x100000000

GC Precious Log:
 CardTable entry size: 512
 CPUs: 8 total, 8 available
 Memory: 16057M
 Large Page Support: Disabled
 NUMA Support: Disabled
 Compressed Oops: Enabled (32-bit)
 Alignments: Space 512K, Generation 512K, Heap 2M
 Heap Min Capacity: 100M
 Heap Initial Capacity: 100M
 Heap Max Capacity: 2G
 Pre-touch: Disabled
 Parallel Workers: 8

Heap:
 PSYoungGen      total 25088K, used 12232K [0x00000000d5580000, 0x00000000d7300000, 0x0000000100000000)
  eden space 23040K, 44% used [0x00000000d5580000,0x00000000d5f77130,0x00000000d6c00000)
  from space 2048K, 99% used [0x00000000d7100000,0x00000000d72faf38,0x00000000d7300000)
  to   space 2560K, 0% used [0x00000000d6e00000,0x00000000d6e00000,0x00000000d7080000)
 ParOldGen       total 68608K, used 14408K [0x0000000080000000, 0x0000000084300000, 0x00000000d5580000)
  object space 68608K, 21% used [0x0000000080000000,0x0000000080e12360,0x0000000084300000)
 Metaspace       used 29769K, committed 30656K, reserved 1114112K
  class space    used 2932K, committed 3264K, reserved 1048576K

Card table byte_map: [0x0000026366b80000,0x0000026366f90000] _byte_map_base: 0x0000026366780000

Marking Bits: (ParMarkBitMap*) 0x00007ffc23c83450
 Begin Bits: [0x0000026379670000, 0x000002637b670000)
 End Bits:   [0x000002637b670000, 0x000002637d670000)

Polling page: 0x00000263653c0000

Metaspace:

Usage:
  Non-class:     26.21 MB used.
      Class:      2.86 MB used.
       Both:     29.07 MB used.

Virtual space:
  Non-class space:       64.00 MB reserved,      26.75 MB ( 42%) committed,  1 nodes.
      Class space:        1.00 GB reserved,       3.19 MB ( <1%) committed,  1 nodes.
             Both:        1.06 GB reserved,      29.94 MB (  3%) committed. 

Chunk freelists:
   Non-Class:  4.75 MB
       Class:  12.75 MB
        Both:  17.50 MB

MaxMetaspaceSize: unlimited
CompressedClassSpaceSize: 1.00 GB
Initial GC threshold: 21.00 MB
Current GC threshold: 35.00 MB
CDS: on
 - commit_granule_bytes: 65536.
 - commit_granule_words: 8192.
 - virtual_space_node_default_size: 8388608.
 - enlarge_chunks_in_place: 1.
 - use_allocation_guard: 0.


Internal statistics:

num_allocs_failed_limit: 3.
num_arena_births: 736.
num_arena_deaths: 14.
num_vsnodes_births: 2.
num_vsnodes_deaths: 0.
num_space_committed: 479.
num_space_uncommitted: 0.
num_chunks_returned_to_freelist: 17.
num_chunks_taken_from_freelist: 1969.
num_chunk_merges: 8.
num_chunk_splits: 1245.
num_chunks_enlarged: 765.
num_inconsistent_stats: 0.

CodeHeap 'non-profiled nmethods': size=120000Kb used=2034Kb max_used=2034Kb free=117965Kb
 bounds [0x0000026371e90000, 0x0000026372100000, 0x00000263793c0000]
CodeHeap 'profiled nmethods': size=120000Kb used=9130Kb max_used=9130Kb free=110869Kb
 bounds [0x000002636a3c0000, 0x000002636acb0000, 0x00000263718f0000]
CodeHeap 'non-nmethods': size=5760Kb used=1344Kb max_used=1366Kb free=4415Kb
 bounds [0x00000263718f0000, 0x0000026371b60000, 0x0000026371e90000]
CodeCache: size=245760Kb, used=12508Kb, max_used=12530Kb, free=233249Kb
 total_blobs=4957, nmethods=4321, adapters=542, full_count=0
Compilation: enabled, stopped_count=0, restarted_count=0

Compilation events (20 events):
Event: 11.461 Thread 0x000002637dc6c460 nmethod 4300 0x000002636ac91e90 code [0x000002636ac92040, 0x000002636ac92210]
Event: 11.461 Thread 0x00000263460d8810 nmethod 4290 0x000002637208a110 code [0x000002637208a2a0, 0x000002637208a330]
Event: 11.461 Thread 0x00000263460d8810 4234       4       java.util.HashSet::add (20 bytes)
Event: 11.462 Thread 0x000002637dc6c460 4301       2       java.lang.Character::isHighSurrogate (18 bytes)
Event: 11.462 Thread 0x000002637dc6c460 nmethod 4301 0x000002636ac92310 code [0x000002636ac924a0, 0x000002636ac925b0]
Event: 11.462 Thread 0x000002637dc6c460 4302       3       org.codehaus.plexus.util.xml.pull.MXParser::more (106 bytes)
Event: 11.463 Thread 0x000002637dc6c460 nmethod 4302 0x000002636ac92610 code [0x000002636ac92860, 0x000002636ac92fc0]
Event: 11.463 Thread 0x000002637dc6c460 4303       3       org.codehaus.plexus.util.xml.pull.MXParser::isValidCodePoint (65 bytes)
Event: 11.463 Thread 0x000002637dc6c460 nmethod 4303 0x000002636ac93310 code [0x000002636ac934c0, 0x000002636ac93788]
Event: 11.790 Thread 0x000002637dc6c460 4304       3       java.lang.invoke.VarHandleGuards::guard_LII_Z (86 bytes)
Event: 11.792 Thread 0x000002637dc6c460 nmethod 4304 0x000002636ac93810 code [0x000002636ac93b40, 0x000002636ac95458]
Event: 11.792 Thread 0x000002637dc6c460 4305       3       java.lang.invoke.VarHandleInts$FieldInstanceReadWrite::compareAndSet (32 bytes)
Event: 11.792 Thread 0x000002637dc6c460 nmethod 4305 0x000002636ac95c90 code [0x000002636ac95e80, 0x000002636ac96410]
Event: 11.803 Thread 0x000002637dc6c460 4307       3       java.util.concurrent.ScheduledThreadPoolExecutor$ScheduledFutureTask::compareTo (9 bytes)
Event: 11.803 Thread 0x000002637dc6c460 nmethod 4307 0x000002636ac96610 code [0x000002636ac967c0, 0x000002636ac96a10]
Event: 11.803 Thread 0x000002637dc6c460 4308       3       java.util.concurrent.ScheduledThreadPoolExecutor$ScheduledFutureTask::compareTo (101 bytes)
Event: 11.803 Thread 0x000002637dc6c460 nmethod 4308 0x000002636ac96b10 code [0x000002636ac96d40, 0x000002636ac97458]
Event: 11.803 Thread 0x000002637dc6c460 4309       3       java.util.concurrent.ThreadPoolExecutor::runStateAtLeast (11 bytes)
Event: 11.803 Thread 0x000002637dc6c460 nmethod 4309 0x000002636ac97610 code [0x000002636ac977a0, 0x000002636ac978e0]
Event: 11.813 Thread 0x000002637dc6c460 4310       3       java.lang.invoke.VarHandleGuards::guard_LI_V (123 bytes)

GC Heap History (20 events):
Event: 5.406 GC heap before
{Heap before GC invocations=2 (full 0):
 PSYoungGen      total 29696K, used 28912K [0x00000000d5580000, 0x00000000d7680000, 0x0000000100000000)
  eden space 25600K, 100% used [0x00000000d5580000,0x00000000d6e80000,0x00000000d6e80000)
  from space 4096K, 80% used [0x00000000d6e80000,0x00000000d71bc148,0x00000000d7280000)
  to   space 4096K, 0% used [0x00000000d7280000,0x00000000d7280000,0x00000000d7680000)
 ParOldGen       total 68608K, used 16K [0x0000000080000000, 0x0000000084300000, 0x00000000d5580000)
  object space 68608K, 0% used [0x0000000080000000,0x0000000080004000,0x0000000084300000)
 Metaspace       used 7977K, committed 8256K, reserved 1114112K
  class space    used 830K, committed 960K, reserved 1048576K
}
Event: 5.414 GC heap after
{Heap after GC invocations=2 (full 0):
 PSYoungGen      total 29696K, used 4086K [0x00000000d5580000, 0x00000000d7680000, 0x0000000100000000)
  eden space 25600K, 0% used [0x00000000d5580000,0x00000000d5580000,0x00000000d6e80000)
  from space 4096K, 99% used [0x00000000d7280000,0x00000000d767d810,0x00000000d7680000)
  to   space 4096K, 0% used [0x00000000d6e80000,0x00000000d6e80000,0x00000000d7280000)
 ParOldGen       total 68608K, used 2051K [0x0000000080000000, 0x0000000084300000, 0x00000000d5580000)
  object space 68608K, 2% used [0x0000000080000000,0x0000000080200e58,0x0000000084300000)
 Metaspace       used 7977K, committed 8256K, reserved 1114112K
  class space    used 830K, committed 960K, reserved 1048576K
}
Event: 5.984 GC heap before
{Heap before GC invocations=3 (full 0):
 PSYoungGen      total 29696K, used 29686K [0x00000000d5580000, 0x00000000d7680000, 0x0000000100000000)
  eden space 25600K, 100% used [0x00000000d5580000,0x00000000d6e80000,0x00000000d6e80000)
  from space 4096K, 99% used [0x00000000d7280000,0x00000000d767d810,0x00000000d7680000)
  to   space 4096K, 0% used [0x00000000d6e80000,0x00000000d6e80000,0x00000000d7280000)
 ParOldGen       total 68608K, used 2051K [0x0000000080000000, 0x0000000084300000, 0x00000000d5580000)
  object space 68608K, 2% used [0x0000000080000000,0x0000000080200e58,0x0000000084300000)
 Metaspace       used 9445K, committed 9792K, reserved 1114112K
  class space    used 1010K, committed 1152K, reserved 1048576K
}
Event: 5.992 GC heap after
{Heap after GC invocations=3 (full 0):
 PSYoungGen      total 29696K, used 4092K [0x00000000d5580000, 0x00000000d7680000, 0x0000000100000000)
  eden space 25600K, 0% used [0x00000000d5580000,0x00000000d5580000,0x00000000d6e80000)
  from space 4096K, 99% used [0x00000000d6e80000,0x00000000d727f358,0x00000000d7280000)
  to   space 4096K, 0% used [0x00000000d7280000,0x00000000d7280000,0x00000000d7680000)
 ParOldGen       total 68608K, used 5157K [0x0000000080000000, 0x0000000084300000, 0x00000000d5580000)
  object space 68608K, 7% used [0x0000000080000000,0x0000000080509400,0x0000000084300000)
 Metaspace       used 9445K, committed 9792K, reserved 1114112K
  class space    used 1010K, committed 1152K, reserved 1048576K
}
Event: 6.627 GC heap before
{Heap before GC invocations=4 (full 0):
 PSYoungGen      total 29696K, used 29692K [0x00000000d5580000, 0x00000000d7680000, 0x0000000100000000)
  eden space 25600K, 100% used [0x00000000d5580000,0x00000000d6e80000,0x00000000d6e80000)
  from space 4096K, 99% used [0x00000000d6e80000,0x00000000d727f358,0x00000000d7280000)
  to   space 4096K, 0% used [0x00000000d7280000,0x00000000d7280000,0x00000000d7680000)
 ParOldGen       total 68608K, used 5157K [0x0000000080000000, 0x0000000084300000, 0x00000000d5580000)
  object space 68608K, 7% used [0x0000000080000000,0x0000000080509400,0x0000000084300000)
 Metaspace       used 11723K, committed 12096K, reserved 1114112K
  class space    used 1244K, committed 1408K, reserved 1048576K
}
Event: 6.633 GC heap after
{Heap after GC invocations=4 (full 0):
 PSYoungGen      total 29696K, used 4094K [0x00000000d5580000, 0x00000000d7680000, 0x0000000100000000)
  eden space 25600K, 0% used [0x00000000d5580000,0x00000000d5580000,0x00000000d6e80000)
  from space 4096K, 99% used [0x00000000d7280000,0x00000000d767f808,0x00000000d7680000)
  to   space 4096K, 0% used [0x00000000d6e80000,0x00000000d6e80000,0x00000000d7280000)
 ParOldGen       total 68608K, used 6783K [0x0000000080000000, 0x0000000084300000, 0x00000000d5580000)
  object space 68608K, 9% used [0x0000000080000000,0x000000008069fda0,0x0000000084300000)
 Metaspace       used 11723K, committed 12096K, reserved 1114112K
  class space    used 1244K, committed 1408K, reserved 1048576K
}
Event: 7.252 GC heap before
{Heap before GC invocations=5 (full 0):
 PSYoungGen      total 29696K, used 29694K [0x00000000d5580000, 0x00000000d7680000, 0x0000000100000000)
  eden space 25600K, 100% used [0x00000000d5580000,0x00000000d6e80000,0x00000000d6e80000)
  from space 4096K, 99% used [0x00000000d7280000,0x00000000d767f808,0x00000000d7680000)
  to   space 4096K, 0% used [0x00000000d6e80000,0x00000000d6e80000,0x00000000d7280000)
 ParOldGen       total 68608K, used 6783K [0x0000000080000000, 0x0000000084300000, 0x00000000d5580000)
  object space 68608K, 9% used [0x0000000080000000,0x000000008069fda0,0x0000000084300000)
 Metaspace       used 15569K, committed 16192K, reserved 1114112K
  class space    used 1621K, committed 1920K, reserved 1048576K
}
Event: 7.257 GC heap after
{Heap after GC invocations=5 (full 0):
 PSYoungGen      total 29184K, used 4071K [0x00000000d5580000, 0x00000000d7900000, 0x0000000100000000)
  eden space 25088K, 0% used [0x00000000d5580000,0x00000000d5580000,0x00000000d6e00000)
  from space 4096K, 99% used [0x00000000d6e80000,0x00000000d7279f30,0x00000000d7280000)
  to   space 5632K, 0% used [0x00000000d7380000,0x00000000d7380000,0x00000000d7900000)
 ParOldGen       total 68608K, used 8118K [0x0000000080000000, 0x0000000084300000, 0x00000000d5580000)
  object space 68608K, 11% used [0x0000000080000000,0x00000000807ed988,0x0000000084300000)
 Metaspace       used 15569K, committed 16192K, reserved 1114112K
  class space    used 1621K, committed 1920K, reserved 1048576K
}
Event: 10.004 GC heap before
{Heap before GC invocations=6 (full 0):
 PSYoungGen      total 29184K, used 29159K [0x00000000d5580000, 0x00000000d7900000, 0x0000000100000000)
  eden space 25088K, 100% used [0x00000000d5580000,0x00000000d6e00000,0x00000000d6e00000)
  from space 4096K, 99% used [0x00000000d6e80000,0x00000000d7279f30,0x00000000d7280000)
  to   space 5632K, 0% used [0x00000000d7380000,0x00000000d7380000,0x00000000d7900000)
 ParOldGen       total 68608K, used 8118K [0x0000000080000000, 0x0000000084300000, 0x00000000d5580000)
  object space 68608K, 11% used [0x0000000080000000,0x00000000807ed988,0x0000000084300000)
 Metaspace       used 18702K, committed 19456K, reserved 1114112K
  class space    used 1968K, committed 2240K, reserved 1048576K
}
Event: 10.010 GC heap after
{Heap after GC invocations=6 (full 0):
 PSYoungGen      total 30208K, used 5138K [0x00000000d5580000, 0x00000000d7900000, 0x0000000100000000)
  eden space 24576K, 0% used [0x00000000d5580000,0x00000000d5580000,0x00000000d6d80000)
  from space 5632K, 91% used [0x00000000d7380000,0x00000000d7884918,0x00000000d7900000)
  to   space 5632K, 0% used [0x00000000d6e00000,0x00000000d6e00000,0x00000000d7380000)
 ParOldGen       total 68608K, used 8126K [0x0000000080000000, 0x0000000084300000, 0x00000000d5580000)
  object space 68608K, 11% used [0x0000000080000000,0x00000000807ef988,0x0000000084300000)
 Metaspace       used 18702K, committed 19456K, reserved 1114112K
  class space    used 1968K, committed 2240K, reserved 1048576K
}
Event: 10.359 GC heap before
{Heap before GC invocations=7 (full 0):
 PSYoungGen      total 30208K, used 25393K [0x00000000d5580000, 0x00000000d7900000, 0x0000000100000000)
  eden space 24576K, 82% used [0x00000000d5580000,0x00000000d6947ec0,0x00000000d6d80000)
  from space 5632K, 91% used [0x00000000d7380000,0x00000000d7884918,0x00000000d7900000)
  to   space 5632K, 0% used [0x00000000d6e00000,0x00000000d6e00000,0x00000000d7380000)
 ParOldGen       total 68608K, used 8126K [0x0000000080000000, 0x0000000084300000, 0x00000000d5580000)
  object space 68608K, 11% used [0x0000000080000000,0x00000000807ef988,0x0000000084300000)
 Metaspace       used 20727K, committed 21504K, reserved 1114112K
  class space    used 2203K, committed 2496K, reserved 1048576K
}
Event: 10.365 GC heap after
{Heap after GC invocations=7 (full 0):
 PSYoungGen      total 29184K, used 4172K [0x00000000d5580000, 0x00000000d7680000, 0x0000000100000000)
  eden space 24576K, 0% used [0x00000000d5580000,0x00000000d5580000,0x00000000d6d80000)
  from space 4608K, 90% used [0x00000000d6e00000,0x00000000d7213300,0x00000000d7280000)
  to   space 4096K, 0% used [0x00000000d7280000,0x00000000d7280000,0x00000000d7680000)
 ParOldGen       total 68608K, used 9778K [0x0000000080000000, 0x0000000084300000, 0x00000000d5580000)
  object space 68608K, 14% used [0x0000000080000000,0x000000008098ca38,0x0000000084300000)
 Metaspace       used 20727K, committed 21504K, reserved 1114112K
  class space    used 2203K, committed 2496K, reserved 1048576K
}
Event: 10.365 GC heap before
{Heap before GC invocations=8 (full 1):
 PSYoungGen      total 29184K, used 4172K [0x00000000d5580000, 0x00000000d7680000, 0x0000000100000000)
  eden space 24576K, 0% used [0x00000000d5580000,0x00000000d5580000,0x00000000d6d80000)
  from space 4608K, 90% used [0x00000000d6e00000,0x00000000d7213300,0x00000000d7280000)
  to   space 4096K, 0% used [0x00000000d7280000,0x00000000d7280000,0x00000000d7680000)
 ParOldGen       total 68608K, used 9778K [0x0000000080000000, 0x0000000084300000, 0x00000000d5580000)
  object space 68608K, 14% used [0x0000000080000000,0x000000008098ca38,0x0000000084300000)
 Metaspace       used 20727K, committed 21504K, reserved 1114112K
  class space    used 2203K, committed 2496K, reserved 1048576K
}
Event: 10.400 GC heap after
{Heap after GC invocations=8 (full 1):
 PSYoungGen      total 29184K, used 0K [0x00000000d5580000, 0x00000000d7680000, 0x0000000100000000)
  eden space 24576K, 0% used [0x00000000d5580000,0x00000000d5580000,0x00000000d6d80000)
  from space 4608K, 0% used [0x00000000d6e00000,0x00000000d6e00000,0x00000000d7280000)
  to   space 4096K, 0% used [0x00000000d7280000,0x00000000d7280000,0x00000000d7680000)
 ParOldGen       total 68608K, used 13318K [0x0000000080000000, 0x0000000084300000, 0x00000000d5580000)
  object space 68608K, 19% used [0x0000000080000000,0x0000000080d01a30,0x0000000084300000)
 Metaspace       used 20715K, committed 21504K, reserved 1114112K
  class space    used 2199K, committed 2496K, reserved 1048576K
}
Event: 10.646 GC heap before
{Heap before GC invocations=9 (full 1):
 PSYoungGen      total 29184K, used 24576K [0x00000000d5580000, 0x00000000d7680000, 0x0000000100000000)
  eden space 24576K, 100% used [0x00000000d5580000,0x00000000d6d80000,0x00000000d6d80000)
  from space 4608K, 0% used [0x00000000d6e00000,0x00000000d6e00000,0x00000000d7280000)
  to   space 4096K, 0% used [0x00000000d7280000,0x00000000d7280000,0x00000000d7680000)
 ParOldGen       total 68608K, used 13318K [0x0000000080000000, 0x0000000084300000, 0x00000000d5580000)
  object space 68608K, 19% used [0x0000000080000000,0x0000000080d01a30,0x0000000084300000)
 Metaspace       used 23100K, committed 23936K, reserved 1114112K
  class space    used 2367K, committed 2688K, reserved 1048576K
}
Event: 10.648 GC heap after
{Heap after GC invocations=9 (full 1):
 PSYoungGen      total 24576K, used 510K [0x00000000d5580000, 0x00000000d7300000, 0x0000000100000000)
  eden space 24064K, 0% used [0x00000000d5580000,0x00000000d5580000,0x00000000d6d00000)
  from space 512K, 99% used [0x00000000d7280000,0x00000000d72ff918,0x00000000d7300000)
  to   space 2048K, 0% used [0x00000000d6f00000,0x00000000d6f00000,0x00000000d7100000)
 ParOldGen       total 68608K, used 13326K [0x0000000080000000, 0x0000000084300000, 0x00000000d5580000)
  object space 68608K, 19% used [0x0000000080000000,0x0000000080d03a30,0x0000000084300000)
 Metaspace       used 23100K, committed 23936K, reserved 1114112K
  class space    used 2367K, committed 2688K, reserved 1048576K
}
Event: 10.945 GC heap before
{Heap before GC invocations=10 (full 1):
 PSYoungGen      total 24576K, used 24455K [0x00000000d5580000, 0x00000000d7300000, 0x0000000100000000)
  eden space 24064K, 99% used [0x00000000d5580000,0x00000000d6ce2348,0x00000000d6d00000)
  from space 512K, 99% used [0x00000000d7280000,0x00000000d72ff918,0x00000000d7300000)
  to   space 2048K, 0% used [0x00000000d6f00000,0x00000000d6f00000,0x00000000d7100000)
 ParOldGen       total 68608K, used 13326K [0x0000000080000000, 0x0000000084300000, 0x00000000d5580000)
  object space 68608K, 19% used [0x0000000080000000,0x0000000080d03a30,0x0000000084300000)
 Metaspace       used 26412K, committed 27200K, reserved 1114112K
  class space    used 2626K, committed 2944K, reserved 1048576K
}
Event: 10.948 GC heap after
{Heap after GC invocations=10 (full 1):
 PSYoungGen      total 25600K, used 1904K [0x00000000d5580000, 0x00000000d7300000, 0x0000000100000000)
  eden space 23552K, 0% used [0x00000000d5580000,0x00000000d5580000,0x00000000d6c80000)
  from space 2048K, 93% used [0x00000000d6f00000,0x00000000d70dc3e8,0x00000000d7100000)
  to   space 2048K, 0% used [0x00000000d7100000,0x00000000d7100000,0x00000000d7300000)
 ParOldGen       total 68608K, used 14107K [0x0000000080000000, 0x0000000084300000, 0x00000000d5580000)
  object space 68608K, 20% used [0x0000000080000000,0x0000000080dc6f40,0x0000000084300000)
 Metaspace       used 26412K, committed 27200K, reserved 1114112K
  class space    used 2626K, committed 2944K, reserved 1048576K
}
Event: 11.325 GC heap before
{Heap before GC invocations=11 (full 1):
 PSYoungGen      total 25600K, used 25456K [0x00000000d5580000, 0x00000000d7300000, 0x0000000100000000)
  eden space 23552K, 100% used [0x00000000d5580000,0x00000000d6c80000,0x00000000d6c80000)
  from space 2048K, 93% used [0x00000000d6f00000,0x00000000d70dc3e8,0x00000000d7100000)
  to   space 2048K, 0% used [0x00000000d7100000,0x00000000d7100000,0x00000000d7300000)
 ParOldGen       total 68608K, used 14107K [0x0000000080000000, 0x0000000084300000, 0x00000000d5580000)
  object space 68608K, 20% used [0x0000000080000000,0x0000000080dc6f40,0x0000000084300000)
 Metaspace       used 28173K, committed 29056K, reserved 1114112K
  class space    used 2781K, committed 3136K, reserved 1048576K
}
Event: 11.326 GC heap after
{Heap after GC invocations=11 (full 1):
 PSYoungGen      total 25088K, used 2027K [0x00000000d5580000, 0x00000000d7300000, 0x0000000100000000)
  eden space 23040K, 0% used [0x00000000d5580000,0x00000000d5580000,0x00000000d6c00000)
  from space 2048K, 99% used [0x00000000d7100000,0x00000000d72faf38,0x00000000d7300000)
  to   space 2560K, 0% used [0x00000000d6e00000,0x00000000d6e00000,0x00000000d7080000)
 ParOldGen       total 68608K, used 14408K [0x0000000080000000, 0x0000000084300000, 0x00000000d5580000)
  object space 68608K, 21% used [0x0000000080000000,0x0000000080e12360,0x0000000084300000)
 Metaspace       used 28173K, committed 29056K, reserved 1114112K
  class space    used 2781K, committed 3136K, reserved 1048576K
}

Dll operation events (10 events):
Event: 0.033 Loaded shared library c:\Users\User\.vscode\extensions\redhat.java-1.53.0-win32-x64\jre\21.0.10-win32-x86_64\bin\java.dll
Event: 0.175 Loaded shared library c:\Users\User\.vscode\extensions\redhat.java-1.53.0-win32-x64\jre\21.0.10-win32-x86_64\bin\zip.dll
Event: 0.258 Loaded shared library C:\Users\User\.vscode\extensions\redhat.java-1.53.0-win32-x64\jre\21.0.10-win32-x86_64\bin\instrument.dll
Event: 0.289 Loaded shared library C:\Users\User\.vscode\extensions\redhat.java-1.53.0-win32-x64\jre\21.0.10-win32-x86_64\bin\net.dll
Event: 0.293 Loaded shared library C:\Users\User\.vscode\extensions\redhat.java-1.53.0-win32-x64\jre\21.0.10-win32-x86_64\bin\nio.dll
Event: 0.298 Loaded shared library C:\Users\User\.vscode\extensions\redhat.java-1.53.0-win32-x64\jre\21.0.10-win32-x86_64\bin\zip.dll
Event: 0.357 Loaded shared library C:\Users\User\.vscode\extensions\redhat.java-1.53.0-win32-x64\jre\21.0.10-win32-x86_64\bin\jimage.dll
Event: 0.537 Loaded shared library c:\Users\User\.vscode\extensions\redhat.java-1.53.0-win32-x64\jre\21.0.10-win32-x86_64\bin\verify.dll
Event: 5.435 Loaded shared library C:\Users\User\AppData\Roaming\Code\User\globalStorage\redhat.java\1.53.0\config_win\org.eclipse.equinox.launcher\org.eclipse.equinox.launcher.win32.win32.x86_64_1.3.0.v20260203-2149\eclipse_11919.dll
Event: 7.511 Loaded shared library C:\Users\User\AppData\Local\Temp\jna-2645995\jna17984299871776187837.dll

Deoptimization events (20 events):
Event: 11.449 Thread 0x0000026345fd0e00 Uncommon trap: trap_request=0xffffffde fr.pc=0x0000026372055338 relative=0x00000000000000f8
Event: 11.450 Thread 0x0000026345fd0e00 Uncommon trap: reason=class_check action=maybe_recompile pc=0x0000026372055338 method=java.lang.Character.codePointAt(Ljava/lang/CharSequence;I)I @ 2 c2
Event: 11.450 Thread 0x0000026345fd0e00 DEOPT PACKING pc=0x0000026372055338 sp=0x000000743ccfebf0
Event: 11.450 Thread 0x0000026345fd0e00 DEOPT UNPACKING pc=0x0000026371943aa2 sp=0x000000743ccfeb78 mode 2
Event: 11.450 Thread 0x0000026345fd0e00 Uncommon trap: trap_request=0xffffffde fr.pc=0x0000026372055338 relative=0x00000000000000f8
Event: 11.450 Thread 0x0000026345fd0e00 Uncommon trap: reason=class_check action=maybe_recompile pc=0x0000026372055338 method=java.lang.Character.codePointAt(Ljava/lang/CharSequence;I)I @ 2 c2
Event: 11.450 Thread 0x0000026345fd0e00 DEOPT PACKING pc=0x0000026372055338 sp=0x000000743ccfebf0
Event: 11.450 Thread 0x0000026345fd0e00 DEOPT UNPACKING pc=0x0000026371943aa2 sp=0x000000743ccfeb78 mode 2
Event: 11.450 Thread 0x0000026345fd0e00 Uncommon trap: trap_request=0xffffffde fr.pc=0x0000026372055338 relative=0x00000000000000f8
Event: 11.450 Thread 0x0000026345fd0e00 Uncommon trap: reason=class_check action=maybe_recompile pc=0x0000026372055338 method=java.lang.Character.codePointAt(Ljava/lang/CharSequence;I)I @ 2 c2
Event: 11.450 Thread 0x0000026345fd0e00 DEOPT PACKING pc=0x0000026372055338 sp=0x000000743ccfebf0
Event: 11.450 Thread 0x0000026345fd0e00 DEOPT UNPACKING pc=0x0000026371943aa2 sp=0x000000743ccfeb78 mode 2
Event: 11.450 Thread 0x0000026345fd0e00 Uncommon trap: trap_request=0xffffffde fr.pc=0x0000026372055338 relative=0x00000000000000f8
Event: 11.450 Thread 0x0000026345fd0e00 Uncommon trap: reason=class_check action=maybe_recompile pc=0x0000026372055338 method=java.lang.Character.codePointAt(Ljava/lang/CharSequence;I)I @ 2 c2
Event: 11.450 Thread 0x0000026345fd0e00 DEOPT PACKING pc=0x0000026372055338 sp=0x000000743ccfebf0
Event: 11.450 Thread 0x0000026345fd0e00 DEOPT UNPACKING pc=0x0000026371943aa2 sp=0x000000743ccfeb78 mode 2
Event: 11.450 Thread 0x0000026345fd0e00 Uncommon trap: trap_request=0xffffff76 fr.pc=0x0000026371fdaa84 relative=0x0000000000000384
Event: 11.450 Thread 0x0000026345fd0e00 Uncommon trap: reason=predicate action=maybe_recompile pc=0x0000026371fdaa84 method=java.util.regex.Pattern$BmpCharPropertyGreedy.match(Ljava/util/regex/Matcher;ILjava/lang/CharSequence;)Z @ 12 c2
Event: 11.450 Thread 0x0000026345fd0e00 DEOPT PACKING pc=0x0000026371fdaa84 sp=0x000000743ccfeb70
Event: 11.450 Thread 0x0000026345fd0e00 DEOPT UNPACKING pc=0x0000026371943aa2 sp=0x000000743ccfeaf8 mode 2

Classes loaded (20 events):
Event: 11.393 Loading class java/lang/runtime/ObjectMethods$1
Event: 11.393 Loading class java/lang/runtime/ObjectMethods$1 done
Event: 11.400 Loading class java/lang/Character$UnicodeBlock
Event: 11.402 Loading class java/lang/Character$Subset
Event: 11.402 Loading class java/lang/Character$Subset done
Event: 11.402 Loading class java/lang/Character$UnicodeBlock done
Event: 11.413 Loading class java/io/UncheckedIOException
Event: 11.414 Loading class java/io/UncheckedIOException done
Event: 11.423 Loading class java/lang/invoke/MethodHandleImpl$CountingWrapper
Event: 11.424 Loading class java/lang/invoke/MethodHandleImpl$CountingWrapper done
Event: 11.431 Loading class java/lang/StringIndexOutOfBoundsException
Event: 11.431 Loading class java/lang/StringIndexOutOfBoundsException done
Event: 11.435 Loading class sun/nio/fs/WindowsPath$1
Event: 11.435 Loading class sun/nio/fs/WindowsPath$1 done
Event: 11.444 Loading class sun/nio/fs/WindowsException
Event: 11.444 Loading class sun/nio/fs/WindowsException done
Event: 11.449 Loading class java/io/FileReader
Event: 11.449 Loading class java/io/FileReader done
Event: 11.462 Loading class sun/net/www/protocol/https/Handler
Event: 11.462 Loading class sun/net/www/protocol/http/Handler

Classes unloaded (7 events):
Event: 10.371 Thread 0x000002636727e7c0 Unloading class 0x00000263011a3000 'java/lang/invoke/LambdaForm$MH+0x00000263011a3000'
Event: 10.371 Thread 0x000002636727e7c0 Unloading class 0x00000263011a2c00 'java/lang/invoke/LambdaForm$MH+0x00000263011a2c00'
Event: 10.371 Thread 0x000002636727e7c0 Unloading class 0x00000263011a2800 'java/lang/invoke/LambdaForm$MH+0x00000263011a2800'
Event: 10.371 Thread 0x000002636727e7c0 Unloading class 0x00000263011a2400 'java/lang/invoke/LambdaForm$MH+0x00000263011a2400'
Event: 10.371 Thread 0x000002636727e7c0 Unloading class 0x00000263011a2000 'java/lang/invoke/LambdaForm$BMH+0x00000263011a2000'
Event: 10.371 Thread 0x000002636727e7c0 Unloading class 0x00000263011a1c00 'java/lang/invoke/LambdaForm$DMH+0x00000263011a1c00'
Event: 10.371 Thread 0x000002636727e7c0 Unloading class 0x00000263011a0800 'java/lang/invoke/LambdaForm$DMH+0x00000263011a0800'

Classes redefined (0 events):
No events

Internal exceptions (20 events):
Event: 11.383 Thread 0x0000026345fd0e00 Exception <a 'java/lang/NoSuchMethodError'{0x00000000d591c748}: 'java.lang.Object java.lang.invoke.DirectMethodHandle$Holder.invokeStaticInit(java.lang.Object, java.lang.Object, java.lang.Object, java.lang.Object, java.lang.Object, java.lang.Object, java.lang.Object)'> (0x00000000d591c748) 
thrown [s\src\hotspot\share\interpreter\linkResolver.cpp, line 773]
Event: 11.385 Thread 0x0000026345fd0e00 Exception <a 'java/lang/NoSuchMethodError'{0x00000000d595bee0}: 'java.lang.Object java.lang.invoke.Invokers$Holder.invoke_MT(java.lang.Object, java.lang.Object, java.lang.Object, java.lang.Object, java.lang.Object, java.lang.Object, java.lang.Object, java.lang.Object, java.lang.Object)'> (0x00000000d595bee0) 
thrown [s\src\hotspot\share\interpreter\linkResolver.cpp, line 773]
Event: 11.394 Thread 0x0000026345fce010 Exception <a 'java/lang/NoSuchMethodError'{0x00000000d5a21fb8}: 'int java.lang.invoke.DirectMethodHandle$Holder.invokeVirtual(java.lang.Object, java.lang.Object, java.lang.Object)'> (0x00000000d5a21fb8) 
thrown [s\src\hotspot\share\interpreter\linkResolver.cpp, line 773]
Event: 11.395 Thread 0x0000026345fce010 Exception <a 'java/lang/NoSuchMethodError'{0x00000000d5a263e0}: 'int java.lang.invoke.DirectMethodHandle$Holder.invokeStaticInit(java.lang.Object, int, int)'> (0x00000000d5a263e0) 
thrown [s\src\hotspot\share\interpreter\linkResolver.cpp, line 773]
Event: 11.396 Thread 0x0000026345fce010 Exception <a 'java/lang/NoSuchMethodError'{0x00000000d5a3ee20}: 'int java.lang.invoke.DirectMethodHandle$Holder.invokeStaticInit(java.lang.Object, long, long)'> (0x00000000d5a3ee20) 
thrown [s\src\hotspot\share\interpreter\linkResolver.cpp, line 773]
Event: 11.397 Thread 0x0000026345fce010 Exception <a 'java/lang/NoSuchMethodError'{0x00000000d5a4b880}: 'int java.lang.invoke.DirectMethodHandle$Holder.invokeStaticInit(java.lang.Object, float, float)'> (0x00000000d5a4b880) 
thrown [s\src\hotspot\share\interpreter\linkResolver.cpp, line 773]
Event: 11.398 Thread 0x0000026345fce010 Exception <a 'java/lang/NoSuchMethodError'{0x00000000d5a5dc98}: 'int java.lang.invoke.DirectMethodHandle$Holder.invokeStaticInit(java.lang.Object, double, double)'> (0x00000000d5a5dc98) 
thrown [s\src\hotspot\share\interpreter\linkResolver.cpp, line 773]
Event: 11.399 Thread 0x0000026345fce010 Exception <a 'java/lang/NoSuchMethodError'{0x00000000d5a67ef8}: 'int java.lang.invoke.DirectMethodHandle$Holder.invokeStatic(java.lang.Object, long)'> (0x00000000d5a67ef8) 
thrown [s\src\hotspot\share\interpreter\linkResolver.cpp, line 773]
Event: 11.404 Thread 0x0000026345fd0e00 Exception <a 'java/lang/NoSuchMethodError'{0x00000000d5af6de0}: 'int java.lang.invoke.Invokers$Holder.linkToTargetMethod(java.lang.Object, java.lang.Object)'> (0x00000000d5af6de0) 
thrown [s\src\hotspot\share\interpreter\linkResolver.cpp, line 773]
Event: 11.417 Thread 0x0000026345fce010 Exception <a 'java/lang/NoSuchMethodError'{0x00000000d5b79098}: 'int java.lang.invoke.DirectMethodHandle$Holder.invokeSpecial(java.lang.Object, java.lang.Object, java.lang.Object, java.lang.Object)'> (0x00000000d5b79098) 
thrown [s\src\hotspot\share\interpreter\linkResolver.cpp, line 773]
Event: 11.422 Thread 0x0000026345fce010 Exception <a 'java/lang/NoSuchMethodError'{0x00000000d5b98418}: 'java.lang.Object java.lang.invoke.DirectMethodHandle$Holder.invokeStatic(java.lang.Object, int, java.lang.Object, java.lang.Object)'> (0x00000000d5b98418) 
thrown [s\src\hotspot\share\interpreter\linkResolver.cpp, line 773]
Event: 11.423 Thread 0x0000026345fce010 Exception <a 'java/lang/NoSuchMethodError'{0x00000000d5b9be70}: 'java.lang.Object java.lang.invoke.DelegatingMethodHandle$Holder.delegate(java.lang.Object, int, java.lang.Object, java.lang.Object)'> (0x00000000d5b9be70) 
thrown [s\src\hotspot\share\interpreter\linkResolver.cpp, line 773]
Event: 11.425 Thread 0x0000026345fce010 Implicit null exception at 0x0000026372075176 to 0x0000026372075498
Event: 11.429 Thread 0x0000026345fce010 Exception <a 'java/lang/NoSuchMethodError'{0x00000000d5bd4728}: 'int java.lang.invoke.Invokers$Holder.linkToTargetMethod(java.lang.Object, java.lang.Object, java.lang.Object)'> (0x00000000d5bd4728) 
thrown [s\src\hotspot\share\interpreter\linkResolver.cpp, line 773]
Event: 11.444 Thread 0x0000026345fced30 Exception <a 'sun/nio/fs/WindowsException'{0x00000000d5cf1a80}> (0x00000000d5cf1a80) 
thrown [s\src\hotspot\share\prims\jni.cpp, line 520]
Event: 11.445 Thread 0x0000026345fced30 Exception <a 'sun/nio/fs/WindowsException'{0x00000000d5cf2598}> (0x00000000d5cf2598) 
thrown [s\src\hotspot\share\prims\jni.cpp, line 520]
Event: 11.445 Thread 0x0000026345fced30 Exception <a 'sun/nio/fs/WindowsException'{0x00000000d5d022e0}> (0x00000000d5d022e0) 
thrown [s\src\hotspot\share\prims\jni.cpp, line 520]
Event: 11.445 Thread 0x0000026345fced30 Exception <a 'sun/nio/fs/WindowsException'{0x00000000d5d02de0}> (0x00000000d5d02de0) 
thrown [s\src\hotspot\share\prims\jni.cpp, line 520]
Event: 11.450 Thread 0x0000026345fced30 Exception <a 'sun/nio/fs/WindowsException'{0x00000000d5d2e4b0}> (0x00000000d5d2e4b0) 
thrown [s\src\hotspot\share\prims\jni.cpp, line 520]
Event: 11.451 Thread 0x0000026345fced30 Exception <a 'sun/nio/fs/WindowsException'{0x00000000d5d2efb0}> (0x00000000d5d2efb0) 
thrown [s\src\hotspot\share\prims\jni.cpp, line 520]

ZGC Phase Switch (0 events):
No events

VM Operations (20 events):
Event: 9.803 Executing non-safepoint VM operation: HandshakeAllThreads (Deoptimize) done
Event: 9.811 Executing non-safepoint VM operation: HandshakeAllThreads (Deoptimize)
Event: 9.811 Executing non-safepoint VM operation: HandshakeAllThreads (Deoptimize) done
Event: 10.004 Executing safepoint VM operation: ParallelGCFailedAllocation (Allocation Failure)
Event: 10.010 Executing safepoint VM operation: ParallelGCFailedAllocation (Allocation Failure) done
Event: 10.359 Executing safepoint VM operation: CollectForMetadataAllocation (Metadata GC Threshold)
Event: 10.400 Executing safepoint VM operation: CollectForMetadataAllocation (Metadata GC Threshold) done
Event: 10.417 Executing non-safepoint VM operation: HandshakeAllThreads (Deoptimize)
Event: 10.417 Executing non-safepoint VM operation: HandshakeAllThreads (Deoptimize) done
Event: 10.646 Executing safepoint VM operation: ParallelGCFailedAllocation (Allocation Failure)
Event: 10.648 Executing safepoint VM operation: ParallelGCFailedAllocation (Allocation Failure) done
Event: 10.945 Executing safepoint VM operation: ParallelGCFailedAllocation (Allocation Failure)
Event: 10.948 Executing safepoint VM operation: ParallelGCFailedAllocation (Allocation Failure) done
Event: 11.321 Executing non-safepoint VM operation: HandshakeAllThreads (Deoptimize)
Event: 11.321 Executing non-safepoint VM operation: HandshakeAllThreads (Deoptimize) done
Event: 11.324 Executing safepoint VM operation: ParallelGCFailedAllocation (Allocation Failure)
Event: 11.327 Executing safepoint VM operation: ParallelGCFailedAllocation (Allocation Failure) done
Event: 11.412 Executing non-safepoint VM operation: HandshakeAllThreads (Deoptimize)
Event: 11.425 Executing non-safepoint VM operation: HandshakeAllThreads (Deoptimize) done
Event: 12.437 Executing safepoint VM operation: Cleanup

Memory protections (0 events):
No events

Nmethod flushes (0 events):
No events

Events (20 events):
Event: 5.492 Thread 0x00000263671bc1e0 Thread added: 0x00000263459ce690
Event: 5.689 Thread 0x000002637dc6c460 Thread added: 0x0000026345921c10
Event: 6.063 Thread 0x00000263459ce690 Thread added: 0x000002637f6a41d0
Event: 6.283 Thread 0x0000026345921c10 Thread exited: 0x0000026345921c10
Event: 6.567 Thread 0x00000263459ce690 Thread added: 0x0000026345132fc0
Event: 6.682 Thread 0x000002637dc6c460 Thread added: 0x0000026345e5c3c0
Event: 6.997 Thread 0x00000263459ce690 Thread added: 0x0000026345a960b0
Event: 7.029 Thread 0x0000026345e5c3c0 Thread exited: 0x0000026345e5c3c0
Event: 7.516 Thread 0x0000026345386640 Thread exited: 0x0000026345386640
Event: 7.538 Thread 0x00000263459ce690 Thread added: 0x0000026345fcf3c0
Event: 7.592 Thread 0x00000263459ce690 Thread added: 0x0000026345fce010
Event: 9.664 Thread 0x00000263459ce690 Thread added: 0x0000026345fce6a0
Event: 9.865 Thread 0x0000026345fce6a0 Thread added: 0x0000026345fced30
Event: 10.465 Thread 0x000002637dc6c460 Thread added: 0x000002634651ac20
Event: 10.584 Thread 0x000002637dc6c460 Thread added: 0x000002634628d770
Event: 10.714 Thread 0x000002634628d770 Thread exited: 0x000002634628d770
Event: 11.055 Thread 0x000002637dc6c460 Thread added: 0x00000263460d8810
Event: 11.264 Thread 0x00000263459ce690 Thread added: 0x0000026345fcfa50
Event: 11.340 Thread 0x0000026345fce010 Thread added: 0x0000026345fd0e00
Event: 11.349 Thread 0x0000026345fd0e00 Thread added: 0x0000026345fd1490


Dynamic libraries:
0x00007ff7053b0000 - 0x00007ff7053be000 	c:\Users\User\.vscode\extensions\redhat.java-1.53.0-win32-x64\jre\21.0.10-win32-x86_64\bin\java.exe
0x00007ffcacfa0000 - 0x00007ffcad207000 	C:\Windows\SYSTEM32\ntdll.dll
0x00007ffcac6f0000 - 0x00007ffcac7b9000 	C:\Windows\System32\KERNEL32.DLL
0x00007ffcaa430000 - 0x00007ffcaa824000 	C:\Windows\System32\KERNELBASE.dll
0x00007ffca9870000 - 0x00007ffca99bb000 	C:\Windows\System32\ucrtbase.dll
0x00007ffc855e0000 - 0x00007ffc855f8000 	c:\Users\User\.vscode\extensions\redhat.java-1.53.0-win32-x64\jre\21.0.10-win32-x86_64\bin\jli.dll
0x00007ffcacbe0000 - 0x00007ffcacda5000 	C:\Windows\System32\USER32.dll
0x00007ffcaab80000 - 0x00007ffcaaba7000 	C:\Windows\System32\win32u.dll
0x00007ffcac9f0000 - 0x00007ffcaca1b000 	C:\Windows\System32\GDI32.dll
0x00007ffcaaa50000 - 0x00007ffcaab7a000 	C:\Windows\System32\gdi32full.dll
0x00007ffca9b10000 - 0x00007ffca9bb3000 	C:\Windows\System32\msvcp_win.dll
0x00007ffc85860000 - 0x00007ffc8587e000 	c:\Users\User\.vscode\extensions\redhat.java-1.53.0-win32-x64\jre\21.0.10-win32-x86_64\bin\VCRUNTIME140.dll
0x00007ffc84230000 - 0x00007ffc844c3000 	C:\Windows\WinSxS\amd64_microsoft.windows.common-controls_6595b64144ccf1df_6.0.26100.8115_none_3e075c82e3354f9c\COMCTL32.dll
0x00007ffcac410000 - 0x00007ffcac4b9000 	C:\Windows\System32\msvcrt.dll
0x00007ffcabb60000 - 0x00007ffcabb92000 	C:\Windows\System32\IMM32.DLL
0x00007ffca2280000 - 0x00007ffca228c000 	c:\Users\User\.vscode\extensions\redhat.java-1.53.0-win32-x64\jre\21.0.10-win32-x86_64\bin\vcruntime140_1.dll
0x00007ffc85550000 - 0x00007ffc855dd000 	c:\Users\User\.vscode\extensions\redhat.java-1.53.0-win32-x64\jre\21.0.10-win32-x86_64\bin\msvcp140.dll
0x00007ffc22fc0000 - 0x00007ffc23d61000 	c:\Users\User\.vscode\extensions\redhat.java-1.53.0-win32-x64\jre\21.0.10-win32-x86_64\bin\server\jvm.dll
0x00007ffcaae30000 - 0x00007ffcaaee6000 	C:\Windows\System32\ADVAPI32.dll
0x00007ffcab710000 - 0x00007ffcab7b7000 	C:\Windows\System32\sechost.dll
0x00007ffcaca20000 - 0x00007ffcacb38000 	C:\Windows\System32\RPCRT4.dll
0x00007ffcac8a0000 - 0x00007ffcac920000 	C:\Windows\System32\WS2_32.dll
0x00007ffca96f0000 - 0x00007ffca974e000 	C:\Windows\SYSTEM32\POWRPROF.dll
0x00007ffc9f460000 - 0x00007ffc9f496000 	C:\Windows\SYSTEM32\WINMM.dll
0x00007ffc97680000 - 0x00007ffc9768b000 	C:\Windows\SYSTEM32\VERSION.dll
0x00007ffca96d0000 - 0x00007ffca96e4000 	C:\Windows\SYSTEM32\UMPDC.dll
0x00007ffca8600000 - 0x00007ffca861b000 	C:\Windows\SYSTEM32\kernel.appcore.dll
0x00007ffca2180000 - 0x00007ffca218a000 	c:\Users\User\.vscode\extensions\redhat.java-1.53.0-win32-x64\jre\21.0.10-win32-x86_64\bin\jimage.dll
0x00007ffca7710000 - 0x00007ffca7952000 	C:\Windows\SYSTEM32\DBGHELP.DLL
0x00007ffcab7c0000 - 0x00007ffcabb42000 	C:\Windows\System32\combase.dll
0x00007ffcac7c0000 - 0x00007ffcac897000 	C:\Windows\System32\OLEAUT32.dll
0x00007ffc81220000 - 0x00007ffc8125b000 	C:\Windows\SYSTEM32\dbgcore.DLL
0x00007ffcaa830000 - 0x00007ffcaa8d5000 	C:\Windows\System32\bcryptPrimitives.dll
0x00007ffc97840000 - 0x00007ffc9784f000 	c:\Users\User\.vscode\extensions\redhat.java-1.53.0-win32-x64\jre\21.0.10-win32-x86_64\bin\instrument.dll
0x00007ffc853f0000 - 0x00007ffc85410000 	c:\Users\User\.vscode\extensions\redhat.java-1.53.0-win32-x64\jre\21.0.10-win32-x86_64\bin\java.dll
0x00007ffcabba0000 - 0x00007ffcac306000 	C:\Windows\System32\SHELL32.dll
0x00007ffcaa8e0000 - 0x00007ffcaaa4a000 	C:\Windows\System32\wintypes.dll
0x00007ffca9bc0000 - 0x00007ffcaa425000 	C:\Windows\System32\windows.storage.dll
0x00007ffcac310000 - 0x00007ffcac407000 	C:\Windows\System32\SHCORE.dll
0x00007ffcacdc0000 - 0x00007ffcace26000 	C:\Windows\System32\shlwapi.dll
0x00007ffca9790000 - 0x00007ffca97b9000 	C:\Windows\SYSTEM32\profapi.dll
0x00007ffc853d0000 - 0x00007ffc853e8000 	c:\Users\User\.vscode\extensions\redhat.java-1.53.0-win32-x64\jre\21.0.10-win32-x86_64\bin\zip.dll
0x00007ffc85980000 - 0x00007ffc85990000 	C:\Users\User\.vscode\extensions\redhat.java-1.53.0-win32-x64\jre\21.0.10-win32-x86_64\bin\net.dll
0x00007ffc98710000 - 0x00007ffc9883d000 	C:\Windows\SYSTEM32\WINHTTP.dll
0x00007ffca8b70000 - 0x00007ffca8bdc000 	C:\Windows\system32\mswsock.dll
0x00007ffc858f0000 - 0x00007ffc85906000 	C:\Users\User\.vscode\extensions\redhat.java-1.53.0-win32-x64\jre\21.0.10-win32-x86_64\bin\nio.dll
0x00007ffc858e0000 - 0x00007ffc858f0000 	c:\Users\User\.vscode\extensions\redhat.java-1.53.0-win32-x64\jre\21.0.10-win32-x86_64\bin\verify.dll
0x00007ffc85420000 - 0x00007ffc85465000 	C:\Users\User\AppData\Roaming\Code\User\globalStorage\redhat.java\1.53.0\config_win\org.eclipse.equinox.launcher\org.eclipse.equinox.launcher.win32.win32.x86_64_1.3.0.v20260203-2149\eclipse_11919.dll
0x00007ffcab570000 - 0x00007ffcab707000 	C:\Windows\System32\ole32.dll
0x00007ffca8e60000 - 0x00007ffca8e7b000 	C:\Windows\SYSTEM32\CRYPTSP.dll
0x00007ffca8560000 - 0x00007ffca8599000 	C:\Windows\system32\rsaenh.dll
0x00007ffca8c20000 - 0x00007ffca8c53000 	C:\Windows\SYSTEM32\USERENV.dll
0x00007ffca9760000 - 0x00007ffca978a000 	C:\Windows\SYSTEM32\bcrypt.dll
0x00007ffca8e50000 - 0x00007ffca8e5c000 	C:\Windows\SYSTEM32\CRYPTBASE.dll
0x00007ffca7fc0000 - 0x00007ffca7ff2000 	C:\Windows\SYSTEM32\IPHLPAPI.DLL
0x00007ffcacdb0000 - 0x00007ffcacdba000 	C:\Windows\System32\NSI.dll
0x00007ffc799c0000 - 0x00007ffc79a09000 	C:\Users\User\AppData\Local\Temp\jna-2645995\jna17984299871776187837.dll
0x00007ffcacef0000 - 0x00007ffcacef8000 	C:\Windows\System32\PSAPI.DLL

JVMTI agents:
c:\Users\User\.vscode\extensions\redhat.java-1.53.0-win32-x64\lombok\lombok-1.18.39-4050.jar path:c:\Users\User\.vscode\extensions\redhat.java-1.53.0-win32-x64\jre\21.0.10-win32-x86_64\bin\instrument.dll, loaded, initialized, instrumentlib options:none

dbghelp: loaded successfully - version: 4.0.5 - missing functions: none
symbol engine: initialized successfully - sym options: 0x614 - pdb path: .;c:\Users\User\.vscode\extensions\redhat.java-1.53.0-win32-x64\jre\21.0.10-win32-x86_64\bin;C:\Windows\SYSTEM32;C:\Windows\WinSxS\amd64_microsoft.windows.common-controls_6595b64144ccf1df_6.0.26100.8115_none_3e075c82e3354f9c;c:\Users\User\.vscode\extensions\redhat.java-1.53.0-win32-x64\jre\21.0.10-win32-x86_64\bin\server;C:\Users\User\AppData\Roaming\Code\User\globalStorage\redhat.java\1.53.0\config_win\org.eclipse.equinox.launcher\org.eclipse.equinox.launcher.win32.win32.x86_64_1.3.0.v20260203-2149;C:\Users\User\AppData\Local\Temp\jna-2645995

VM Arguments:
jvm_args: --add-modules=ALL-SYSTEM --add-opens=java.base/java.util=ALL-UNNAMED --add-opens=java.base/java.lang=ALL-UNNAMED --add-opens=java.base/sun.nio.fs=ALL-UNNAMED -Declipse.application=org.eclipse.jdt.ls.core.id1 -Dosgi.bundles.defaultStartLevel=4 -Declipse.product=org.eclipse.jdt.ls.core.product -Djava.import.generatesMetadataFilesAtProjectRoot=false -DDetectVMInstallationsJob.disabled=true -Dfile.encoding=utf8 -XX:+UseParallelGC -XX:GCTimeRatio=4 -XX:AdaptiveSizePolicyWeight=90 -Dsun.zip.disableMemoryMapping=true -Xmx2G -Xms100m -Xlog:disable -javaagent:c:\Users\User\.vscode\extensions\redhat.java-1.53.0-win32-x64\lombok\lombok-1.18.39-4050.jar -XX:+HeapDumpOnOutOfMemoryError -XX:HeapDumpPath=c:\Users\User\AppData\Roaming\Code\User\workspaceStorage\4e14a4f493637fc3defc8d62c21426ba\redhat.java -Daether.dependencyCollector.impl=bf 
java_command: c:\Users\User\.vscode\extensions\redhat.java-1.53.0-win32-x64\server\plugins\org.eclipse.equinox.launcher_1.7.100.v20251111-0406.jar -configuration c:\Users\User\AppData\Roaming\Code\User\globalStorage\redhat.java\1.53.0\config_win -data c:\Users\User\AppData\Roaming\Code\User\workspaceStorage\4e14a4f493637fc3defc8d62c21426ba\redhat.java\jdt_ws --pipe=\\.\pipe\lsp-2d2f942f887c74cdc208f251ee58930c-sock
java_class_path (initial): c:\Users\User\.vscode\extensions\redhat.java-1.53.0-win32-x64\server\plugins\org.eclipse.equinox.launcher_1.7.100.v20251111-0406.jar
Launcher Type: SUN_STANDARD

[Global flags]
    uintx AdaptiveSizePolicyWeight                 = 90                                        {product} {command line}
     intx CICompilerCount                          = 4                                         {product} {ergonomic}
    uintx GCTimeRatio                              = 4                                         {product} {command line}
     bool HeapDumpOnOutOfMemoryError               = true                                   {manageable} {command line}
    ccstr HeapDumpPath                             = c:\Users\User\AppData\Roaming\Code\User\workspaceStorage\4e14a4f493637fc3defc8d62c21426ba\redhat.java         {manageable} {command line}
   size_t InitialHeapSize                          = 104857600                                 {product} {command line}
   size_t MaxHeapSize                              = 2147483648                                {product} {command line}
   size_t MaxNewSize                               = 715653120                                 {product} {ergonomic}
   size_t MinHeapDeltaBytes                        = 524288                                    {product} {ergonomic}
   size_t MinHeapSize                              = 104857600                                 {product} {command line}
   size_t NewSize                                  = 34603008                                  {product} {ergonomic}
    uintx NonNMethodCodeHeapSize                   = 5839372                                {pd product} {ergonomic}
    uintx NonProfiledCodeHeapSize                  = 122909434                              {pd product} {ergonomic}
   size_t OldSize                                  = 70254592                                  {product} {ergonomic}
    uintx ProfiledCodeHeapSize                     = 122909434                              {pd product} {ergonomic}
    uintx ReservedCodeCacheSize                    = 251658240                              {pd product} {ergonomic}
     bool SegmentedCodeCache                       = true                                      {product} {ergonomic}
   size_t SoftMaxHeapSize                          = 2147483648                             {manageable} {ergonomic}
     bool UseCompressedOops                        = true                           {product lp64_product} {ergonomic}
     bool UseLargePagesIndividualAllocation        = false                                  {pd product} {ergonomic}
     bool UseParallelGC                            = true                                      {product} {command line}

Logging:
Log output configuration:
 #0: stdout all=off uptime,level,tags foldmultilines=false
 #1: stderr all=off uptime,level,tags foldmultilines=false

Release file:
JAVA_VERSION="21.0.10" 
MODULES="java.base java.compiler java.datatransfer java.xml java.prefs java.desktop java.instrument java.logging java.management java.security.sasl java.naming java.rmi java.management.rmi java.net.http java.scripting java.security.jgss java.transaction.xa java.sql java.sql.rowset java.xml.crypto java.se java.smartcardio jdk.accessibility jdk.internal.jvmstat jdk.attach jdk.charsets jdk.internal.opt jdk.zipfs jdk.compiler jdk.crypto.ec jdk.crypto.cryptoki jdk.crypto.mscapi jdk.dynalink jdk.internal.ed jdk.editpad jdk.hotspot.agent jdk.httpserver jdk.internal.le jdk.internal.vm.ci jdk.internal.vm.compiler jdk.internal.vm.compiler.management jdk.jartool jdk.javadoc jdk.jcmd jdk.management jdk.management.agent jdk.jconsole jdk.jdeps jdk.jdwp.agent jdk.jdi jdk.jfr jdk.jshell jdk.jsobject jdk.jstatd jdk.localedata jdk.management.jfr jdk.naming.dns jdk.naming.rmi jdk.net jdk.nio.mapmode jdk.random jdk.sctp jdk.security.auth jdk.security.jgss jdk.unsupported jdk.unsupported.desktop jdk.xml.dom" 

Environment Variables:
JAVA_HOME=C:\Program Files\Eclipse Adoptium\jdk-17.0.18.8-hotspot\
PATH=C:\Users\User\AppData\Local\Programs\Microsoft VS Code;C:\Program Files\Eclipse Adoptium\jdk-17.0.18.8-hotspot\bin;C:\Program Files (x86)\Common Files\Oracle\Java\javapath;C:\Windows\system32;C:\Windows;C:\Windows\System32\Wbem;C:\Windows\System32\WindowsPowerShell\v1.0\;C:\Windows\System32\OpenSSH\;C:\Program Files\Git\cmd;C:\ProgramData\chocolatey\bin;C:\Program Files\dotnet\;C:\Users\User\AppData\Local\Microsoft\WindowsApps;C:\Users\User\AppData\Local\Programs\Microsoft VS Code\bin;C:\Users\User\AppData\Local\GitHubDesktop\bin;C:\Program Files\JetBrains\IntelliJ IDEA 2025.3.2\bin;C:\Users\User\AppData\Local\Python\bin
USERNAME=User
OS=Windows_NT
PROCESSOR_IDENTIFIER=Intel64 Family 6 Model 154 Stepping 4, GenuineIntel
TMP=C:\Users\User\AppData\Local\Temp
TEMP=C:\Users\User\AppData\Local\Temp




Periodic native trim disabled

---------------  S Y S T E M  ---------------

OS:
 Windows 11 , 64 bit Build 26100 (10.0.26100.8115)
OS uptime: 0 days 3:42 hours
Hyper-V role detected

CPU: total 8 (initial active 8) (4 cores per cpu, 2 threads per core) family 6 model 154 stepping 4 microcode 0x437, cx8, cmov, fxsr, ht, mmx, 3dnowpref, sse, sse2, sse3, ssse3, sse4.1, sse4.2, popcnt, lzcnt, tsc, tscinvbit, avx, avx2, aes, erms, clmul, bmi1, bmi2, adx, sha, fma, vzeroupper, clflush, clflushopt, clwb, hv, serialize, rdtscp, rdpid, fsrm, f16c, cet_ibt, cet_ss
Processor Information for processor 0
  Max Mhz: 1200, Current Mhz: 1200, Mhz Limit: 1200
Processor Information for processor 1
  Max Mhz: 1200, Current Mhz: 1200, Mhz Limit: 1200
Processor Information for processor 2
  Max Mhz: 1200, Current Mhz: 1200, Mhz Limit: 1200
Processor Information for processor 3
  Max Mhz: 1200, Current Mhz: 1200, Mhz Limit: 1200
Processor Information for processor 4
  Max Mhz: 1200, Current Mhz: 900, Mhz Limit: 900
Processor Information for processor 5
  Max Mhz: 1200, Current Mhz: 900, Mhz Limit: 900
Processor Information for processor 6
  Max Mhz: 1200, Current Mhz: 900, Mhz Limit: 900
Processor Information for processor 7
  Max Mhz: 1200, Current Mhz: 900, Mhz Limit: 900

Memory: 4k page, system-wide physical 16057M (8618M free)
TotalPageFile size 35191M (AvailPageFile size 277M)
current process WorkingSet (physical memory assigned to process): 186M, peak: 186M
current process commit charge ("private bytes"): 313M, peak: 314M

vm_info: OpenJDK 64-Bit Server VM (21.0.10+7-LTS) for windows-amd64 JRE (21.0.10+7-LTS), built on 2026-01-20T00:00:00Z by "admin" with MS VC++ 17.12 (VS2022)

END.
