#
# There is insufficient memory for the Java Runtime Environment to continue.
# Native memory allocation (malloc) failed to allocate 2073296 bytes. Error detail: Chunk::new
# Possible reasons:
#   The system is out of physical RAM or swap space
#   This process is running with CompressedOops enabled, and the Java Heap may be blocking the growth of the native heap
# Possible solutions:
#   Reduce memory load on the system
#   Increase physical memory or swap space
#   Check if swap backing store is full
#   Decrease Java heap size (-Xmx/-Xms)
#   Decrease number of Java threads
#   Decrease Java thread stack sizes (-Xss)
#   Set larger code cache with -XX:ReservedCodeCacheSize=
#   JVM is running with Unscaled Compressed Oops mode in which the Java heap is
#     placed in the first 4GB address space. The Java Heap base address is the
#     maximum limit for the native heap growth. Please use -XX:HeapBaseMinAddress
#     to set the Java Heap base and to place the Java Heap above 4GB virtual address.
# This output file may be truncated or incomplete.
#
#  Out of Memory Error (arena.cpp:168), pid=15420, tid=4612
#
# JRE version: OpenJDK Runtime Environment Temurin-21.0.10+7 (21.0.10+7) (build 21.0.10+7-LTS)
# Java VM: OpenJDK 64-Bit Server VM Temurin-21.0.10+7 (21.0.10+7-LTS, mixed mode, sharing, tiered, compressed oops, compressed class ptrs, parallel gc, windows-amd64)
# No core dump will be written. Minidumps are not enabled by default on client versions of Windows
#

---------------  S U M M A R Y ------------

Command Line: --add-modules=ALL-SYSTEM --add-opens=java.base/java.util=ALL-UNNAMED --add-opens=java.base/java.lang=ALL-UNNAMED --add-opens=java.base/sun.nio.fs=ALL-UNNAMED -Declipse.application=org.eclipse.jdt.ls.core.id1 -Dosgi.bundles.defaultStartLevel=4 -Declipse.product=org.eclipse.jdt.ls.core.product -Djava.import.generatesMetadataFilesAtProjectRoot=false -DDetectVMInstallationsJob.disabled=true -Dfile.encoding=utf8 -XX:+UseParallelGC -XX:GCTimeRatio=4 -XX:AdaptiveSizePolicyWeight=90 -Dsun.zip.disableMemoryMapping=true -Xmx2G -Xms100m -Xlog:disable -javaagent:c:\Users\User\.vscode\extensions\redhat.java-1.53.0-win32-x64\lombok\lombok-1.18.39-4050.jar c:\Users\User\.vscode\extensions\redhat.java-1.53.0-win32-x64\server\plugins\org.eclipse.equinox.launcher_1.7.100.v20251111-0406.jar -configuration c:\Users\User\AppData\Roaming\Code\User\globalStorage\redhat.java\1.53.0\config_ss_win -data c:\Users\User\AppData\Roaming\Code\User\workspaceStorage\4e14a4f493637fc3defc8d62c21426ba\redhat.java\ss_ws --pipe=\\.\pipe\lsp-463b68933bd14f9ac505ef9bbccb36a9-sock

Host: 12th Gen Intel(R) Core(TM) i3-1215U, 8 cores, 15G,  Windows 11 , 64 bit Build 26100 (10.0.26100.8115)
Time: Wed Apr  8 21:25:38 2026 E. Africa Standard Time elapsed time: 13.854137 seconds (0d 0h 0m 13s)

---------------  T H R E A D  ---------------

Current thread (0x00000156bbf19c60):  JavaThread "C2 CompilerThread0" daemon [_thread_in_native, id=4612, stack(0x0000003539e00000,0x0000003539f00000) (1024K)]


Current CompileTask:
C2:13854 5979       4       org.eclipse.jdt.internal.compiler.lookup.BinaryTypeBinding::createMethod (1666 bytes)

Stack: [0x0000003539e00000,0x0000003539f00000]
Native frames: (J=compiled Java code, j=interpreted, Vv=VM code, C=native code)
V  [jvm.dll+0x6d7a39]
V  [jvm.dll+0x8b4b26]
V  [jvm.dll+0x8b70de]
V  [jvm.dll+0x8b77c3]
V  [jvm.dll+0x284346]
V  [jvm.dll+0xc66ed]
V  [jvm.dll+0xc6c31]
V  [jvm.dll+0x3bec01]
V  [jvm.dll+0x38b162]
V  [jvm.dll+0x38a5aa]
V  [jvm.dll+0x24c560]
V  [jvm.dll+0x24bb40]
V  [jvm.dll+0x1cb34e]
V  [jvm.dll+0x25b85d]
V  [jvm.dll+0x259dea]
V  [jvm.dll+0x3f857e]
V  [jvm.dll+0x85f59d]
V  [jvm.dll+0x6d626d]
C  [ucrtbase.dll+0x37b0]
C  [KERNEL32.DLL+0x2e8d7]
C  [ntdll.dll+0x8c3fc]


---------------  P R O C E S S  ---------------

Threads class SMR info:
_java_thread_list=0x000001568ee00260, length=45, elements={
0x00000156a548a7e0, 0x00000156a554d660, 0x00000156bbf04b20, 0x00000156bbf093c0,
0x00000156bbf0c230, 0x00000156bbf0eca0, 0x00000156bbf10bc0, 0x00000156bbf19c60,
0x00000156bbf3e320, 0x00000156fea6da40, 0x00000156febb6760, 0x00000156ff2b97b0,
0x0000015684104790, 0x00000156ff29e810, 0x00000156feaab220, 0x00000156841ba380,
0x00000156841b9cf0, 0x00000156841bbdc0, 0x00000156841bc450, 0x00000156841bcae0,
0x00000156841bb0a0, 0x00000156841bd170, 0x00000156841baa10, 0x00000156841bb730,
0x00000156ff03e690, 0x00000156ff03e000, 0x00000156ff03cc50, 0x00000156ff03d2e0,
0x00000156ff03c5c0, 0x00000156ff03bf30, 0x00000156ff03ed20, 0x00000156ff03b8a0,
0x00000156ff0400d0, 0x00000156ff041b10, 0x00000156ff042830, 0x00000156ff040df0,
0x00000156ff0421a0, 0x00000156ff03f3b0, 0x00000156ff040760, 0x00000156ff042ec0,
0x00000156ff041480, 0x000001568596d940, 0x00000156853ca660, 0x000001568596cc20,
0x00000156858cbd50
}

Java Threads: ( => current thread )
  0x00000156a548a7e0 JavaThread "main"                              [_thread_blocked, id=8672, stack(0x0000003539400000,0x0000003539500000) (1024K)]
  0x00000156a554d660 JavaThread "Reference Handler"          daemon [_thread_blocked, id=7348, stack(0x0000003539800000,0x0000003539900000) (1024K)]
  0x00000156bbf04b20 JavaThread "Finalizer"                  daemon [_thread_blocked, id=14440, stack(0x0000003539900000,0x0000003539a00000) (1024K)]
  0x00000156bbf093c0 JavaThread "Signal Dispatcher"          daemon [_thread_blocked, id=2460, stack(0x0000003539a00000,0x0000003539b00000) (1024K)]
  0x00000156bbf0c230 JavaThread "Attach Listener"            daemon [_thread_blocked, id=19596, stack(0x0000003539b00000,0x0000003539c00000) (1024K)]
  0x00000156bbf0eca0 JavaThread "Service Thread"             daemon [_thread_blocked, id=18932, stack(0x0000003539c00000,0x0000003539d00000) (1024K)]
  0x00000156bbf10bc0 JavaThread "Monitor Deflation Thread"   daemon [_thread_blocked, id=18840, stack(0x0000003539d00000,0x0000003539e00000) (1024K)]
=>0x00000156bbf19c60 JavaThread "C2 CompilerThread0"         daemon [_thread_in_native, id=4612, stack(0x0000003539e00000,0x0000003539f00000) (1024K)]
  0x00000156bbf3e320 JavaThread "C1 CompilerThread0"         daemon [_thread_blocked, id=2716, stack(0x0000003539f00000,0x000000353a000000) (1024K)]
  0x00000156fea6da40 JavaThread "Common-Cleaner"             daemon [_thread_blocked, id=7488, stack(0x000000353a000000,0x000000353a100000) (1024K)]
  0x00000156febb6760 JavaThread "Notification Thread"        daemon [_thread_blocked, id=2156, stack(0x000000353a200000,0x000000353a300000) (1024K)]
  0x00000156ff2b97b0 JavaThread "Active Thread: Equinox Container: dc4e999e-4281-406a-9f43-819dc231e76c"        [_thread_blocked, id=17180, stack(0x000000353aa00000,0x000000353ab00000) (1024K)]
  0x0000015684104790 JavaThread "Framework Event Dispatcher: Equinox Container: dc4e999e-4281-406a-9f43-819dc231e76c" daemon [_thread_blocked, id=12892, stack(0x000000353ab00000,0x000000353ac00000) (1024K)]
  0x00000156ff29e810 JavaThread "Start Level: Equinox Container: dc4e999e-4281-406a-9f43-819dc231e76c" daemon [_thread_blocked, id=15824, stack(0x000000353ac00000,0x000000353ad00000) (1024K)]
  0x00000156feaab220 JavaThread "SCR Component Actor"        daemon [_thread_blocked, id=19452, stack(0x000000353a100000,0x000000353a200000) (1024K)]
  0x00000156841ba380 JavaThread "Worker-JM"                         [_thread_blocked, id=20032, stack(0x000000353ae00000,0x000000353af00000) (1024K)]
  0x00000156841b9cf0 JavaThread "JNA Cleaner"                daemon [_thread_blocked, id=2648, stack(0x000000353a900000,0x000000353aa00000) (1024K)]
  0x00000156841bbdc0 JavaThread "Worker-0"                          [_thread_blocked, id=23480, stack(0x000000353af00000,0x000000353b000000) (1024K)]
  0x00000156841bc450 JavaThread "Worker-1"                          [_thread_blocked, id=21460, stack(0x000000353b000000,0x000000353b100000) (1024K)]
  0x00000156841bcae0 JavaThread "Worker-2"                          [_thread_blocked, id=12164, stack(0x000000353b300000,0x000000353b400000) (1024K)]
  0x00000156841bb0a0 JavaThread "Thread-1"                   daemon [_thread_in_native, id=9748, stack(0x000000353b600000,0x000000353b700000) (1024K)]
  0x00000156841bd170 JavaThread "Thread-2"                   daemon [_thread_in_native, id=24720, stack(0x000000353b700000,0x000000353b800000) (1024K)]
  0x00000156841baa10 JavaThread "Thread-3"                   daemon [_thread_in_native, id=7756, stack(0x000000353b800000,0x000000353b900000) (1024K)]
  0x00000156841bb730 JavaThread "Thread-4"                   daemon [_thread_in_native, id=23780, stack(0x000000353b900000,0x000000353ba00000) (1024K)]
  0x00000156ff03e690 JavaThread "Thread-5"                   daemon [_thread_in_native, id=20292, stack(0x000000353ba00000,0x000000353bb00000) (1024K)]
  0x00000156ff03e000 JavaThread "Thread-6"                   daemon [_thread_in_native, id=14988, stack(0x000000353bb00000,0x000000353bc00000) (1024K)]
  0x00000156ff03cc50 JavaThread "Thread-7"                   daemon [_thread_in_native, id=19632, stack(0x000000353bc00000,0x000000353bd00000) (1024K)]
  0x00000156ff03d2e0 JavaThread "Thread-8"                   daemon [_thread_in_native, id=15132, stack(0x000000353bd00000,0x000000353be00000) (1024K)]
  0x00000156ff03c5c0 JavaThread "Thread-9"                   daemon [_thread_in_native, id=18540, stack(0x000000353be00000,0x000000353bf00000) (1024K)]
  0x00000156ff03bf30 JavaThread "pool-2-thread-1"                   [_thread_blocked, id=19944, stack(0x000000353bf00000,0x000000353c000000) (1024K)]
  0x00000156ff03ed20 JavaThread "WorkspaceEventsHandler"            [_thread_blocked, id=19332, stack(0x000000353c000000,0x000000353c100000) (1024K)]
  0x00000156ff03b8a0 JavaThread "pool-1-thread-1"                   [_thread_blocked, id=2508, stack(0x000000353c100000,0x000000353c200000) (1024K)]
  0x00000156ff0400d0 JavaThread "ForkJoinPool.commonPool-worker-1" daemon [_thread_blocked, id=25032, stack(0x000000353b100000,0x000000353b200000) (1024K)]
  0x00000156ff041b10 JavaThread "ForkJoinPool.commonPool-worker-2" daemon [_thread_in_Java, id=22108, stack(0x000000353b400000,0x000000353b500000) (1024K)]
  0x00000156ff042830 JavaThread "ForkJoinPool.commonPool-worker-3" daemon [_thread_blocked, id=21036, stack(0x000000353c200000,0x000000353c300000) (1024K)]
  0x00000156ff040df0 JavaThread "ForkJoinPool.commonPool-worker-4" daemon [_thread_blocked, id=21012, stack(0x000000353c300000,0x000000353c400000) (1024K)]
  0x00000156ff0421a0 JavaThread "ForkJoinPool.commonPool-worker-5" daemon [_thread_blocked, id=23332, stack(0x000000353c400000,0x000000353c500000) (1024K)]
  0x00000156ff03f3b0 JavaThread "ForkJoinPool.commonPool-worker-6" daemon [_thread_blocked, id=23336, stack(0x000000353c500000,0x000000353c600000) (1024K)]
  0x00000156ff040760 JavaThread "ForkJoinPool.commonPool-worker-7" daemon [_thread_blocked, id=20652, stack(0x000000353c600000,0x000000353c700000) (1024K)]
  0x00000156ff042ec0 JavaThread "Compiler Source File Reader" daemon [_thread_blocked, id=16836, stack(0x000000353c800000,0x000000353c900000) (1024K)]
  0x00000156ff041480 JavaThread "Compiler Processing Task"   daemon [_thread_blocked, id=14920, stack(0x000000353ca00000,0x000000353cb00000) (1024K)]
  0x000001568596d940 JavaThread "Compiler Source File Reader" daemon [_thread_blocked, id=17732, stack(0x000000353cb00000,0x000000353cc00000) (1024K)]
  0x00000156853ca660 JavaThread "C2 CompilerThread1"         daemon [_thread_in_native, id=19684, stack(0x000000353c700000,0x000000353c800000) (1024K)]
  0x000001568596cc20 JavaThread "Compiler Source File Reader" daemon [_thread_blocked, id=19344, stack(0x000000353cc00000,0x000000353cd00000) (1024K)]
  0x00000156858cbd50 JavaThread "C2 CompilerThread2"         daemon [_thread_in_native, id=15276, stack(0x000000353c900000,0x000000353ca00000) (1024K)]
Total: 45

Other Threads:
  0x00000156bbf02610 VMThread "VM Thread"                           [id=3104, stack(0x0000003539700000,0x0000003539800000) (1024K)]
  0x00000156bbe1ca00 WatcherThread "VM Periodic Task Thread"        [id=20784, stack(0x0000003539600000,0x0000003539700000) (1024K)]
  0x00000156a54aa580 WorkerThread "GC Thread#0"                     [id=22248, stack(0x0000003539500000,0x0000003539600000) (1024K)]
  0x00000156ff1025e0 WorkerThread "GC Thread#1"                     [id=12436, stack(0x000000353a300000,0x000000353a400000) (1024K)]
  0x00000156feef3ae0 WorkerThread "GC Thread#2"                     [id=19688, stack(0x000000353a400000,0x000000353a500000) (1024K)]
  0x00000156feef3e90 WorkerThread "GC Thread#3"                     [id=21436, stack(0x000000353a500000,0x000000353a600000) (1024K)]
  0x00000156ff16c040 WorkerThread "GC Thread#4"                     [id=20748, stack(0x000000353a600000,0x000000353a700000) (1024K)]
  0x00000156ff16c3f0 WorkerThread "GC Thread#5"                     [id=22160, stack(0x000000353a700000,0x000000353a800000) (1024K)]
  0x00000156ff16c7a0 WorkerThread "GC Thread#6"                     [id=25124, stack(0x000000353a800000,0x000000353a900000) (1024K)]
  0x00000156ff469c10 WorkerThread "GC Thread#7"                     [id=1704, stack(0x000000353ad00000,0x000000353ae00000) (1024K)]
Total: 10

Threads with active compile tasks:
C2 CompilerThread0  14889 5979       4       org.eclipse.jdt.internal.compiler.lookup.BinaryTypeBinding::createMethod (1666 bytes)
C2 CompilerThread1  14889 5775       4       java.lang.invoke.MethodType::makeImpl (109 bytes)
C2 CompilerThread2  14889 5993 % !   4       org.eclipse.jdt.internal.compiler.classfmt.ClassFileReader::<init> @ 81 (1968 bytes)
Total: 3

VM state: not at safepoint (normal execution)

VM Mutex/Monitor currently owned by a thread: None

Heap address: 0x0000000080000000, size: 2048 MB, Compressed Oops mode: 32-bit

CDS archive(s) mapped at: [0x00000156bc000000-0x00000156bcba0000-0x00000156bcba0000), size 12189696, SharedBaseAddress: 0x00000156bc000000, ArchiveRelocationMode: 1.
Compressed class space mapped at: 0x00000156bd000000-0x00000156fd000000, reserved size: 1073741824
Narrow klass base: 0x00000156bc000000, Narrow klass shift: 0, Narrow klass range: 0x100000000

GC Precious Log:
 CardTable entry size: 512
 CPUs: 8 total, 8 available
 Memory: 16057M
 Large Page Support: Disabled
 NUMA Support: Disabled
 Compressed Oops: Enabled (32-bit)
 Alignments: Space 512K, Generation 512K, Heap 2M
 Heap Min Capacity: 100M
 Heap Initial Capacity: 100M
 Heap Max Capacity: 2G
 Pre-touch: Disabled
 Parallel Workers: 8

Heap:
 PSYoungGen      total 20480K, used 16996K [0x00000000d5580000, 0x00000000d6b80000, 0x0000000100000000)
  eden space 18944K, 83% used [0x00000000d5580000,0x00000000d64eb670,0x00000000d6800000)
  from space 1536K, 78% used [0x00000000d6980000,0x00000000d6aadc58,0x00000000d6b00000)
  to   space 512K, 0% used [0x00000000d6b00000,0x00000000d6b00000,0x00000000d6b80000)
 ParOldGen       total 68608K, used 31831K [0x0000000080000000, 0x0000000084300000, 0x00000000d5580000)
  object space 68608K, 46% used [0x0000000080000000,0x0000000081f15d78,0x0000000084300000)
 Metaspace       used 43856K, committed 44992K, reserved 1114112K
  class space    used 4468K, committed 4928K, reserved 1048576K

Card table byte_map: [0x00000156a4e50000,0x00000156a5260000] _byte_map_base: 0x00000156a4a50000

Marking Bits: (ParMarkBitMap*) 0x00007ffc23c83450
 Begin Bits: [0x00000156b7940000, 0x00000156b9940000)
 End Bits:   [0x00000156b9940000, 0x00000156bb940000)

Polling page: 0x00000156a3580000

Metaspace:

Usage:
  Non-class:     38.47 MB used.
      Class:      4.36 MB used.
       Both:     42.83 MB used.

Virtual space:
  Non-class space:       64.00 MB reserved,      39.12 MB ( 61%) committed,  1 nodes.
      Class space:        1.00 GB reserved,       4.81 MB ( <1%) committed,  1 nodes.
             Both:        1.06 GB reserved,      43.94 MB (  4%) committed. 

Chunk freelists:
   Non-Class:  8.62 MB
       Class:  11.03 MB
        Both:  19.65 MB

MaxMetaspaceSize: unlimited
CompressedClassSpaceSize: 1.00 GB
Initial GC threshold: 21.00 MB
Current GC threshold: 58.38 MB
CDS: on
 - commit_granule_bytes: 65536.
 - commit_granule_words: 8192.
 - virtual_space_node_default_size: 8388608.
 - enlarge_chunks_in_place: 1.
 - use_allocation_guard: 0.


Internal statistics:

num_allocs_failed_limit: 6.
num_arena_births: 1160.
num_arena_deaths: 308.
num_vsnodes_births: 2.
num_vsnodes_deaths: 0.
num_space_committed: 703.
num_space_uncommitted: 0.
num_chunks_returned_to_freelist: 446.
num_chunks_taken_from_freelist: 3412.
num_chunk_merges: 186.
num_chunk_splits: 1932.
num_chunks_enlarged: 974.
num_inconsistent_stats: 0.

CodeHeap 'non-profiled nmethods': size=120000Kb used=3270Kb max_used=3270Kb free=116729Kb
 bounds [0x00000156b0160000, 0x00000156b04a0000, 0x00000156b7690000]
CodeHeap 'profiled nmethods': size=120000Kb used=12070Kb max_used=12070Kb free=107929Kb
 bounds [0x00000156a8690000, 0x00000156a9260000, 0x00000156afbc0000]
CodeHeap 'non-nmethods': size=5760Kb used=1406Kb max_used=1462Kb free=4353Kb
 bounds [0x00000156afbc0000, 0x00000156afe30000, 0x00000156b0160000]
CodeCache: size=245760Kb, used=16746Kb, max_used=16802Kb, free=229011Kb
 total_blobs=6432, nmethods=5715, adapters=623, full_count=0
Compilation: enabled, stopped_count=0, restarted_count=0

Compilation events (20 events):
Event: 13.750 Thread 0x00000156bbf3e320 nmethod 6083 0x00000156b048a790 code [0x00000156b048a920, 0x00000156b048a9e8]
Event: 13.750 Thread 0x00000156bbf3e320 6084       1       org.eclipse.jdt.internal.compiler.classfmt.ClassFileReader::getMissingTypeNames (5 bytes)
Event: 13.750 Thread 0x00000156bbf3e320 nmethod 6084 0x00000156b048aa90 code [0x00000156b048ac20, 0x00000156b048acf0]
Event: 13.750 Thread 0x00000156bbf3e320 6085       1       org.eclipse.jdt.internal.compiler.classfmt.ClassFileReader::getSuperclassName (5 bytes)
Event: 13.750 Thread 0x00000156bbf3e320 nmethod 6085 0x00000156b048ad90 code [0x00000156b048af20, 0x00000156b048aff0]
Event: 13.750 Thread 0x00000156bbf3e320 6086       3       java.lang.invoke.StringConcatFactory::parseRecipe (213 bytes)
Event: 13.752 Thread 0x00000156bbf3e320 nmethod 6086 0x00000156a9243f10 code [0x00000156a92442c0, 0x00000156a9245c28]
Event: 13.757 Thread 0x00000156bbf3e320 6087       3       java.nio.ByteBuffer::hasArray (20 bytes)
Event: 13.757 Thread 0x00000156bbf3e320 nmethod 6087 0x00000156a9246810 code [0x00000156a92469c0, 0x00000156a9246b58]
Event: 13.761 Thread 0x00000156bbf3e320 6088       1       sun.util.calendar.CalendarDate::setDayOfWeek (6 bytes)
Event: 13.761 Thread 0x00000156bbf3e320 nmethod 6088 0x00000156b048b090 code [0x00000156b048b220, 0x00000156b048b2e8]
Event: 13.764 Thread 0x00000156858cbd50 nmethod 6016 0x00000156b048b390 code [0x00000156b048b7e0, 0x00000156b048eb20]
Event: 13.765 Thread 0x00000156858cbd50 6063       4       java.util.TimSort::binarySort (223 bytes)
Event: 13.771 Thread 0x00000156bbf3e320 6089       3       com.google.gson.internal.Excluder::create (48 bytes)
Event: 13.771 Thread 0x00000156bbf3e320 nmethod 6089 0x00000156a9246c10 code [0x00000156a9246e00, 0x00000156a9247148]
Event: 13.772 Thread 0x00000156bbf3e320 6090       3       org.eclipse.lsp4j.jsonrpc.json.adapters.MessageTypeAdapter$Factory::create (27 bytes)
Event: 13.772 Thread 0x00000156bbf3e320 nmethod 6090 0x00000156a9247310 code [0x00000156a92474e0, 0x00000156a9247868]
Event: 13.773 Thread 0x00000156bbf3e320 6091   !   3       org.eclipse.lsp4j.jsonrpc.json.adapters.EnumTypeAdapter$Factory::create (55 bytes)
Event: 13.774 Thread 0x00000156bbf3e320 nmethod 6091 0x00000156a9247a10 code [0x00000156a9247c40, 0x00000156a9248190]
Event: 13.774 Thread 0x00000156bbf3e320 6092       3       sun.reflect.annotation.AnnotationParser::parseAnnotations2 (134 bytes)

GC Heap History (20 events):
Event: 7.754 GC heap before
{Heap before GC invocations=16 (full 1):
 PSYoungGen      total 23552K, used 23492K [0x00000000d5580000, 0x00000000d7080000, 0x0000000100000000)
  eden space 20992K, 100% used [0x00000000d5580000,0x00000000d6a00000,0x00000000d6a00000)
  from space 2560K, 97% used [0x00000000d6e00000,0x00000000d7071000,0x00000000d7080000)
  to   space 3072K, 0% used [0x00000000d6a80000,0x00000000d6a80000,0x00000000d6d80000)
 ParOldGen       total 68608K, used 23428K [0x0000000080000000, 0x0000000084300000, 0x00000000d5580000)
  object space 68608K, 34% used [0x0000000080000000,0x00000000816e1070,0x0000000084300000)
 Metaspace       used 34135K, committed 35264K, reserved 1114112K
  class space    used 3536K, committed 4032K, reserved 1048576K
}
Event: 7.762 GC heap after
{Heap after GC invocations=16 (full 1):
 PSYoungGen      total 23552K, used 2528K [0x00000000d5580000, 0x00000000d6f00000, 0x0000000100000000)
  eden space 20992K, 0% used [0x00000000d5580000,0x00000000d5580000,0x00000000d6a00000)
  from space 2560K, 98% used [0x00000000d6a80000,0x00000000d6cf8010,0x00000000d6d00000)
  to   space 2048K, 0% used [0x00000000d6d00000,0x00000000d6d00000,0x00000000d6f00000)
 ParOldGen       total 68608K, used 25764K [0x0000000080000000, 0x0000000084300000, 0x00000000d5580000)
  object space 68608K, 37% used [0x0000000080000000,0x0000000081929170,0x0000000084300000)
 Metaspace       used 34135K, committed 35264K, reserved 1114112K
  class space    used 3536K, committed 4032K, reserved 1048576K
}
Event: 7.854 GC heap before
{Heap before GC invocations=17 (full 1):
 PSYoungGen      total 23552K, used 23520K [0x00000000d5580000, 0x00000000d6f00000, 0x0000000100000000)
  eden space 20992K, 100% used [0x00000000d5580000,0x00000000d6a00000,0x00000000d6a00000)
  from space 2560K, 98% used [0x00000000d6a80000,0x00000000d6cf8010,0x00000000d6d00000)
  to   space 2048K, 0% used [0x00000000d6d00000,0x00000000d6d00000,0x00000000d6f00000)
 ParOldGen       total 68608K, used 25764K [0x0000000080000000, 0x0000000084300000, 0x00000000d5580000)
  object space 68608K, 37% used [0x0000000080000000,0x0000000081929170,0x0000000084300000)
 Metaspace       used 34195K, committed 35328K, reserved 1114112K
  class space    used 3536K, committed 4032K, reserved 1048576K
}
Event: 7.859 GC heap after
{Heap after GC invocations=17 (full 1):
 PSYoungGen      total 20992K, used 2040K [0x00000000d5580000, 0x00000000d7400000, 0x0000000100000000)
  eden space 18944K, 0% used [0x00000000d5580000,0x00000000d5580000,0x00000000d6800000)
  from space 2048K, 99% used [0x00000000d6d00000,0x00000000d6efe200,0x00000000d6f00000)
  to   space 5120K, 0% used [0x00000000d6800000,0x00000000d6800000,0x00000000d6d00000)
 ParOldGen       total 68608K, used 28332K [0x0000000080000000, 0x0000000084300000, 0x00000000d5580000)
  object space 68608K, 41% used [0x0000000080000000,0x0000000081bab180,0x0000000084300000)
 Metaspace       used 34195K, committed 35328K, reserved 1114112K
  class space    used 3536K, committed 4032K, reserved 1048576K
}
Event: 9.069 GC heap before
{Heap before GC invocations=18 (full 1):
 PSYoungGen      total 20992K, used 12719K [0x00000000d5580000, 0x00000000d7400000, 0x0000000100000000)
  eden space 18944K, 56% used [0x00000000d5580000,0x00000000d5fedc68,0x00000000d6800000)
  from space 2048K, 99% used [0x00000000d6d00000,0x00000000d6efe200,0x00000000d6f00000)
  to   space 5120K, 0% used [0x00000000d6800000,0x00000000d6800000,0x00000000d6d00000)
 ParOldGen       total 68608K, used 28332K [0x0000000080000000, 0x0000000084300000, 0x00000000d5580000)
  object space 68608K, 41% used [0x0000000080000000,0x0000000081bab180,0x0000000084300000)
 Metaspace       used 34749K, committed 35840K, reserved 1114112K
  class space    used 3601K, committed 4096K, reserved 1048576K
}
Event: 9.074 GC heap after
{Heap after GC invocations=18 (full 1):
 PSYoungGen      total 19968K, used 889K [0x00000000d5580000, 0x00000000d6f00000, 0x0000000100000000)
  eden space 18944K, 0% used [0x00000000d5580000,0x00000000d5580000,0x00000000d6800000)
  from space 1024K, 86% used [0x00000000d6800000,0x00000000d68de470,0x00000000d6900000)
  to   space 2560K, 0% used [0x00000000d6c80000,0x00000000d6c80000,0x00000000d6f00000)
 ParOldGen       total 68608K, used 30396K [0x0000000080000000, 0x0000000084300000, 0x00000000d5580000)
  object space 68608K, 44% used [0x0000000080000000,0x0000000081daf380,0x0000000084300000)
 Metaspace       used 34749K, committed 35840K, reserved 1114112K
  class space    used 3601K, committed 4096K, reserved 1048576K
}
Event: 9.074 GC heap before
{Heap before GC invocations=19 (full 2):
 PSYoungGen      total 19968K, used 889K [0x00000000d5580000, 0x00000000d6f00000, 0x0000000100000000)
  eden space 18944K, 0% used [0x00000000d5580000,0x00000000d5580000,0x00000000d6800000)
  from space 1024K, 86% used [0x00000000d6800000,0x00000000d68de470,0x00000000d6900000)
  to   space 2560K, 0% used [0x00000000d6c80000,0x00000000d6c80000,0x00000000d6f00000)
 ParOldGen       total 68608K, used 30396K [0x0000000080000000, 0x0000000084300000, 0x00000000d5580000)
  object space 68608K, 44% used [0x0000000080000000,0x0000000081daf380,0x0000000084300000)
 Metaspace       used 34749K, committed 35840K, reserved 1114112K
  class space    used 3601K, committed 4096K, reserved 1048576K
}
Event: 9.139 GC heap after
{Heap after GC invocations=19 (full 2):
 PSYoungGen      total 19968K, used 0K [0x00000000d5580000, 0x00000000d6f00000, 0x0000000100000000)
  eden space 18944K, 0% used [0x00000000d5580000,0x00000000d5580000,0x00000000d6800000)
  from space 1024K, 0% used [0x00000000d6800000,0x00000000d6800000,0x00000000d6900000)
  to   space 2560K, 0% used [0x00000000d6c80000,0x00000000d6c80000,0x00000000d6f00000)
 ParOldGen       total 68608K, used 28889K [0x0000000080000000, 0x0000000084300000, 0x00000000d5580000)
  object space 68608K, 42% used [0x0000000080000000,0x0000000081c36608,0x0000000084300000)
 Metaspace       used 34488K, committed 35840K, reserved 1114112K
  class space    used 3527K, committed 4096K, reserved 1048576K
}
Event: 9.982 GC heap before
{Heap before GC invocations=20 (full 2):
 PSYoungGen      total 19968K, used 18944K [0x00000000d5580000, 0x00000000d6f00000, 0x0000000100000000)
  eden space 18944K, 100% used [0x00000000d5580000,0x00000000d6800000,0x00000000d6800000)
  from space 1024K, 0% used [0x00000000d6800000,0x00000000d6800000,0x00000000d6900000)
  to   space 2560K, 0% used [0x00000000d6c80000,0x00000000d6c80000,0x00000000d6f00000)
 ParOldGen       total 68608K, used 28889K [0x0000000080000000, 0x0000000084300000, 0x00000000d5580000)
  object space 68608K, 42% used [0x0000000080000000,0x0000000081c36608,0x0000000084300000)
 Metaspace       used 36233K, committed 37184K, reserved 1114112K
  class space    used 3718K, committed 4096K, reserved 1048576K
}
Event: 9.984 GC heap after
{Heap after GC invocations=20 (full 2):
 PSYoungGen      total 19968K, used 813K [0x00000000d5580000, 0x00000000d6d80000, 0x0000000100000000)
  eden space 18944K, 0% used [0x00000000d5580000,0x00000000d5580000,0x00000000d6800000)
  from space 1024K, 79% used [0x00000000d6c80000,0x00000000d6d4b710,0x00000000d6d80000)
  to   space 1536K, 0% used [0x00000000d6a80000,0x00000000d6a80000,0x00000000d6c00000)
 ParOldGen       total 68608K, used 28897K [0x0000000080000000, 0x0000000084300000, 0x00000000d5580000)
  object space 68608K, 42% used [0x0000000080000000,0x0000000081c38608,0x0000000084300000)
 Metaspace       used 36233K, committed 37184K, reserved 1114112K
  class space    used 3718K, committed 4096K, reserved 1048576K
}
Event: 10.697 GC heap before
{Heap before GC invocations=21 (full 2):
 PSYoungGen      total 19968K, used 19757K [0x00000000d5580000, 0x00000000d6d80000, 0x0000000100000000)
  eden space 18944K, 100% used [0x00000000d5580000,0x00000000d6800000,0x00000000d6800000)
  from space 1024K, 79% used [0x00000000d6c80000,0x00000000d6d4b710,0x00000000d6d80000)
  to   space 1536K, 0% used [0x00000000d6a80000,0x00000000d6a80000,0x00000000d6c00000)
 ParOldGen       total 68608K, used 28897K [0x0000000080000000, 0x0000000084300000, 0x00000000d5580000)
  object space 68608K, 42% used [0x0000000080000000,0x0000000081c38608,0x0000000084300000)
 Metaspace       used 37745K, committed 38720K, reserved 1114112K
  class space    used 3848K, committed 4224K, reserved 1048576K
}
Event: 10.699 GC heap after
{Heap after GC invocations=21 (full 2):
 PSYoungGen      total 20480K, used 672K [0x00000000d5580000, 0x00000000d6d00000, 0x0000000100000000)
  eden space 18944K, 0% used [0x00000000d5580000,0x00000000d5580000,0x00000000d6800000)
  from space 1536K, 43% used [0x00000000d6a80000,0x00000000d6b28040,0x00000000d6c00000)
  to   space 1024K, 0% used [0x00000000d6c00000,0x00000000d6c00000,0x00000000d6d00000)
 ParOldGen       total 68608K, used 29457K [0x0000000080000000, 0x0000000084300000, 0x00000000d5580000)
  object space 68608K, 42% used [0x0000000080000000,0x0000000081cc4638,0x0000000084300000)
 Metaspace       used 37745K, committed 38720K, reserved 1114112K
  class space    used 3848K, committed 4224K, reserved 1048576K
}
Event: 10.794 GC heap before
{Heap before GC invocations=22 (full 2):
 PSYoungGen      total 20480K, used 19616K [0x00000000d5580000, 0x00000000d6d00000, 0x0000000100000000)
  eden space 18944K, 100% used [0x00000000d5580000,0x00000000d6800000,0x00000000d6800000)
  from space 1536K, 43% used [0x00000000d6a80000,0x00000000d6b28040,0x00000000d6c00000)
  to   space 1024K, 0% used [0x00000000d6c00000,0x00000000d6c00000,0x00000000d6d00000)
 ParOldGen       total 68608K, used 29457K [0x0000000080000000, 0x0000000084300000, 0x00000000d5580000)
  object space 68608K, 42% used [0x0000000080000000,0x0000000081cc4638,0x0000000084300000)
 Metaspace       used 38384K, committed 39360K, reserved 1114112K
  class space    used 3919K, committed 4352K, reserved 1048576K
}
Event: 10.797 GC heap after
{Heap after GC invocations=22 (full 2):
 PSYoungGen      total 19968K, used 1020K [0x00000000d5580000, 0x00000000d6d00000, 0x0000000100000000)
  eden space 18944K, 0% used [0x00000000d5580000,0x00000000d5580000,0x00000000d6800000)
  from space 1024K, 99% used [0x00000000d6c00000,0x00000000d6cff308,0x00000000d6d00000)
  to   space 2560K, 0% used [0x00000000d6800000,0x00000000d6800000,0x00000000d6a80000)
 ParOldGen       total 68608K, used 30526K [0x0000000080000000, 0x0000000084300000, 0x00000000d5580000)
  object space 68608K, 44% used [0x0000000080000000,0x0000000081dcf888,0x0000000084300000)
 Metaspace       used 38384K, committed 39360K, reserved 1114112K
  class space    used 3919K, committed 4352K, reserved 1048576K
}
Event: 11.805 GC heap before
{Heap before GC invocations=23 (full 2):
 PSYoungGen      total 19968K, used 19964K [0x00000000d5580000, 0x00000000d6d00000, 0x0000000100000000)
  eden space 18944K, 100% used [0x00000000d5580000,0x00000000d6800000,0x00000000d6800000)
  from space 1024K, 99% used [0x00000000d6c00000,0x00000000d6cff308,0x00000000d6d00000)
  to   space 2560K, 0% used [0x00000000d6800000,0x00000000d6800000,0x00000000d6a80000)
 ParOldGen       total 68608K, used 30526K [0x0000000080000000, 0x0000000084300000, 0x00000000d5580000)
  object space 68608K, 44% used [0x0000000080000000,0x0000000081dcf888,0x0000000084300000)
 Metaspace       used 38395K, committed 39360K, reserved 1114112K
  class space    used 3919K, committed 4352K, reserved 1048576K
}
Event: 11.807 GC heap after
{Heap after GC invocations=23 (full 2):
 PSYoungGen      total 21504K, used 1088K [0x00000000d5580000, 0x00000000d6c80000, 0x0000000100000000)
  eden space 18944K, 0% used [0x00000000d5580000,0x00000000d5580000,0x00000000d6800000)
  from space 2560K, 42% used [0x00000000d6800000,0x00000000d69100a0,0x00000000d6a80000)
  to   space 1536K, 0% used [0x00000000d6b00000,0x00000000d6b00000,0x00000000d6c80000)
 ParOldGen       total 68608K, used 31132K [0x0000000080000000, 0x0000000084300000, 0x00000000d5580000)
  object space 68608K, 45% used [0x0000000080000000,0x0000000081e673c0,0x0000000084300000)
 Metaspace       used 38395K, committed 39360K, reserved 1114112K
  class space    used 3919K, committed 4352K, reserved 1048576K
}
Event: 12.134 GC heap before
{Heap before GC invocations=24 (full 2):
 PSYoungGen      total 21504K, used 20032K [0x00000000d5580000, 0x00000000d6c80000, 0x0000000100000000)
  eden space 18944K, 99% used [0x00000000d5580000,0x00000000d67fffd0,0x00000000d6800000)
  from space 2560K, 42% used [0x00000000d6800000,0x00000000d69100a0,0x00000000d6a80000)
  to   space 1536K, 0% used [0x00000000d6b00000,0x00000000d6b00000,0x00000000d6c80000)
 ParOldGen       total 68608K, used 31132K [0x0000000080000000, 0x0000000084300000, 0x00000000d5580000)
  object space 68608K, 45% used [0x0000000080000000,0x0000000081e673c0,0x0000000084300000)
 Metaspace       used 40650K, committed 41600K, reserved 1114112K
  class space    used 4173K, committed 4608K, reserved 1048576K
}
Event: 12.136 GC heap after
{Heap after GC invocations=24 (full 2):
 PSYoungGen      total 20480K, used 1088K [0x00000000d5580000, 0x00000000d6c80000, 0x0000000100000000)
  eden space 18944K, 0% used [0x00000000d5580000,0x00000000d5580000,0x00000000d6800000)
  from space 1536K, 70% used [0x00000000d6b00000,0x00000000d6c10158,0x00000000d6c80000)
  to   space 1536K, 0% used [0x00000000d6980000,0x00000000d6980000,0x00000000d6b00000)
 ParOldGen       total 68608K, used 31156K [0x0000000080000000, 0x0000000084300000, 0x00000000d5580000)
  object space 68608K, 45% used [0x0000000080000000,0x0000000081e6d3c0,0x0000000084300000)
 Metaspace       used 40650K, committed 41600K, reserved 1114112K
  class space    used 4173K, committed 4608K, reserved 1048576K
}
Event: 13.083 GC heap before
{Heap before GC invocations=25 (full 2):
 PSYoungGen      total 20480K, used 20032K [0x00000000d5580000, 0x00000000d6c80000, 0x0000000100000000)
  eden space 18944K, 100% used [0x00000000d5580000,0x00000000d6800000,0x00000000d6800000)
  from space 1536K, 70% used [0x00000000d6b00000,0x00000000d6c10158,0x00000000d6c80000)
  to   space 1536K, 0% used [0x00000000d6980000,0x00000000d6980000,0x00000000d6b00000)
 ParOldGen       total 68608K, used 31156K [0x0000000080000000, 0x0000000084300000, 0x00000000d5580000)
  object space 68608K, 45% used [0x0000000080000000,0x0000000081e6d3c0,0x0000000084300000)
 Metaspace       used 42399K, committed 43456K, reserved 1114112K
  class space    used 4334K, committed 4736K, reserved 1048576K
}
Event: 13.086 GC heap after
{Heap after GC invocations=25 (full 2):
 PSYoungGen      total 20480K, used 1207K [0x00000000d5580000, 0x00000000d6b80000, 0x0000000100000000)
  eden space 18944K, 0% used [0x00000000d5580000,0x00000000d5580000,0x00000000d6800000)
  from space 1536K, 78% used [0x00000000d6980000,0x00000000d6aadc58,0x00000000d6b00000)
  to   space 512K, 0% used [0x00000000d6b00000,0x00000000d6b00000,0x00000000d6b80000)
 ParOldGen       total 68608K, used 31831K [0x0000000080000000, 0x0000000084300000, 0x00000000d5580000)
  object space 68608K, 46% used [0x0000000080000000,0x0000000081f15d78,0x0000000084300000)
 Metaspace       used 42399K, committed 43456K, reserved 1114112K
  class space    used 4334K, committed 4736K, reserved 1048576K
}

Dll operation events (10 events):
Event: 0.020 Loaded shared library c:\Users\User\.vscode\extensions\redhat.java-1.53.0-win32-x64\jre\21.0.10-win32-x86_64\bin\java.dll
Event: 0.163 Loaded shared library c:\Users\User\.vscode\extensions\redhat.java-1.53.0-win32-x64\jre\21.0.10-win32-x86_64\bin\zip.dll
Event: 0.198 Loaded shared library C:\Users\User\.vscode\extensions\redhat.java-1.53.0-win32-x64\jre\21.0.10-win32-x86_64\bin\instrument.dll
Event: 0.207 Loaded shared library C:\Users\User\.vscode\extensions\redhat.java-1.53.0-win32-x64\jre\21.0.10-win32-x86_64\bin\net.dll
Event: 0.212 Loaded shared library C:\Users\User\.vscode\extensions\redhat.java-1.53.0-win32-x64\jre\21.0.10-win32-x86_64\bin\nio.dll
Event: 0.221 Loaded shared library C:\Users\User\.vscode\extensions\redhat.java-1.53.0-win32-x64\jre\21.0.10-win32-x86_64\bin\zip.dll
Event: 0.269 Loaded shared library C:\Users\User\.vscode\extensions\redhat.java-1.53.0-win32-x64\jre\21.0.10-win32-x86_64\bin\jimage.dll
Event: 0.408 Loaded shared library c:\Users\User\.vscode\extensions\redhat.java-1.53.0-win32-x64\jre\21.0.10-win32-x86_64\bin\verify.dll
Event: 2.777 Loaded shared library C:\Users\User\AppData\Roaming\Code\User\globalStorage\redhat.java\1.53.0\config_ss_win\org.eclipse.equinox.launcher\org.eclipse.equinox.launcher.win32.win32.x86_64_1.3.0.v20260203-2149\eclipse_11919.dll
Event: 4.310 Loaded shared library C:\Users\User\AppData\Local\Temp\jna-2645995\jna9460950421113273751.dll

Deoptimization events (20 events):
Event: 13.475 Thread 0x00000156ff041480 Uncommon trap: trap_request=0xffffffbe fr.pc=0x00000156b046c380 relative=0x00000000000007e0
Event: 13.475 Thread 0x00000156ff041480 Uncommon trap: reason=profile_predicate action=maybe_recompile pc=0x00000156b046c380 method=java.util.TimSort.binarySort([Ljava/lang/Object;IIILjava/util/Comparator;)V @ 73 c2
Event: 13.475 Thread 0x00000156ff041480 DEOPT PACKING pc=0x00000156b046c380 sp=0x000000353cafe180
Event: 13.475 Thread 0x00000156ff041480 DEOPT UNPACKING pc=0x00000156afc13aa2 sp=0x000000353cafe140 mode 2
Event: 13.477 Thread 0x00000156ff041480 Uncommon trap: trap_request=0xffffffbe fr.pc=0x00000156b046c380 relative=0x00000000000007e0
Event: 13.477 Thread 0x00000156ff041480 Uncommon trap: reason=profile_predicate action=maybe_recompile pc=0x00000156b046c380 method=java.util.TimSort.binarySort([Ljava/lang/Object;IIILjava/util/Comparator;)V @ 73 c2
Event: 13.477 Thread 0x00000156ff041480 DEOPT PACKING pc=0x00000156b046c380 sp=0x000000353cafe190
Event: 13.478 Thread 0x00000156ff041480 DEOPT UNPACKING pc=0x00000156afc13aa2 sp=0x000000353cafe150 mode 2
Event: 13.479 Thread 0x00000156ff041480 Uncommon trap: trap_request=0xffffffbe fr.pc=0x00000156b046c380 relative=0x00000000000007e0
Event: 13.479 Thread 0x00000156ff041480 Uncommon trap: reason=profile_predicate action=maybe_recompile pc=0x00000156b046c380 method=java.util.TimSort.binarySort([Ljava/lang/Object;IIILjava/util/Comparator;)V @ 73 c2
Event: 13.479 Thread 0x00000156ff041480 DEOPT PACKING pc=0x00000156b046c380 sp=0x000000353cafe2f0
Event: 13.479 Thread 0x00000156ff041480 DEOPT UNPACKING pc=0x00000156afc13aa2 sp=0x000000353cafe2b0 mode 2
Event: 13.678 Thread 0x00000156841bbdc0 Uncommon trap: trap_request=0xffffffde fr.pc=0x00000156b0472e04 relative=0x0000000000002aa4
Event: 13.678 Thread 0x00000156841bbdc0 Uncommon trap: reason=class_check action=maybe_recompile pc=0x00000156b0472e04 method=org.eclipse.jdt.internal.core.JavaModelCache.getInfo(Lorg/eclipse/jdt/core/IJavaElement;)Lorg/eclipse/jdt/internal/compiler/env/IElementInfo; @ 138 c2
Event: 13.678 Thread 0x00000156841bbdc0 DEOPT PACKING pc=0x00000156b0472e04 sp=0x000000353affdc20
Event: 13.678 Thread 0x00000156841bbdc0 DEOPT UNPACKING pc=0x00000156afc13aa2 sp=0x000000353affdba0 mode 2
Event: 13.678 Thread 0x00000156841bbdc0 Uncommon trap: trap_request=0xffffffde fr.pc=0x00000156b0472e04 relative=0x0000000000002aa4
Event: 13.678 Thread 0x00000156841bbdc0 Uncommon trap: reason=class_check action=maybe_recompile pc=0x00000156b0472e04 method=org.eclipse.jdt.internal.core.JavaModelCache.getInfo(Lorg/eclipse/jdt/core/IJavaElement;)Lorg/eclipse/jdt/internal/compiler/env/IElementInfo; @ 138 c2
Event: 13.678 Thread 0x00000156841bbdc0 DEOPT PACKING pc=0x00000156b0472e04 sp=0x000000353affdef0
Event: 13.678 Thread 0x00000156841bbdc0 DEOPT UNPACKING pc=0x00000156afc13aa2 sp=0x000000353affde70 mode 2

Classes loaded (20 events):
Event: 12.334 Loading class java/time/ZonedDateTime$1
Event: 12.334 Loading class java/time/ZonedDateTime$1 done
Event: 12.416 Loading class java/util/Collections$SynchronizedRandomAccessList
Event: 12.416 Loading class java/util/Collections$SynchronizedList
Event: 12.416 Loading class java/util/Collections$SynchronizedList done
Event: 12.416 Loading class java/util/Collections$SynchronizedRandomAccessList done
Event: 12.456 Loading class java/util/concurrent/CompletionException
Event: 12.456 Loading class java/util/concurrent/CompletionException done
Event: 12.532 Loading class java/util/concurrent/CompletableFuture$Signaller
Event: 12.533 Loading class java/util/concurrent/CompletableFuture$Signaller done
Event: 13.102 Loading class java/lang/UnsupportedClassVersionError
Event: 13.102 Loading class java/lang/UnsupportedClassVersionError done
Event: 13.103 Loading class java/io/FileReader
Event: 13.104 Loading class java/io/FileReader done
Event: 13.209 Loading class java/util/stream/DistinctOps
Event: 13.209 Loading class java/util/stream/DistinctOps done
Event: 13.209 Loading class java/util/stream/DistinctOps$1
Event: 13.210 Loading class java/util/stream/DistinctOps$1 done
Event: 13.211 Loading class java/util/stream/DistinctOps$1$2
Event: 13.212 Loading class java/util/stream/DistinctOps$1$2 done

Classes unloaded (20 events):
Event: 9.085 Thread 0x00000156bbf02610 Unloading class 0x00000156bd39e000 'java/lang/invoke/LambdaForm$MH+0x00000156bd39e000'
Event: 9.085 Thread 0x00000156bbf02610 Unloading class 0x00000156bd39dc00 'java/lang/invoke/LambdaForm$MH+0x00000156bd39dc00'
Event: 9.085 Thread 0x00000156bbf02610 Unloading class 0x00000156bd39d800 'java/lang/invoke/LambdaForm$MH+0x00000156bd39d800'
Event: 9.085 Thread 0x00000156bbf02610 Unloading class 0x00000156bd39d400 'java/lang/invoke/LambdaForm$MH+0x00000156bd39d400'
Event: 9.085 Thread 0x00000156bbf02610 Unloading class 0x00000156bd39d000 'java/lang/invoke/LambdaForm$MH+0x00000156bd39d000'
Event: 9.085 Thread 0x00000156bbf02610 Unloading class 0x00000156bd39cc00 'java/lang/invoke/LambdaForm$MH+0x00000156bd39cc00'
Event: 9.085 Thread 0x00000156bbf02610 Unloading class 0x00000156bd39c400 'java/lang/invoke/LambdaForm$MH+0x00000156bd39c400'
Event: 9.085 Thread 0x00000156bbf02610 Unloading class 0x00000156bd39c000 'java/lang/invoke/LambdaForm$MH+0x00000156bd39c000'
Event: 9.085 Thread 0x00000156bbf02610 Unloading class 0x00000156bd39bc00 'java/lang/invoke/LambdaForm$MH+0x00000156bd39bc00'
Event: 9.085 Thread 0x00000156bbf02610 Unloading class 0x00000156bd39b800 'java/lang/invoke/LambdaForm$MH+0x00000156bd39b800'
Event: 9.085 Thread 0x00000156bbf02610 Unloading class 0x00000156bd39b400 'java/lang/invoke/LambdaForm$MH+0x00000156bd39b400'
Event: 9.085 Thread 0x00000156bbf02610 Unloading class 0x00000156bd39a400 'java/lang/invoke/LambdaForm$MH+0x00000156bd39a400'
Event: 9.085 Thread 0x00000156bbf02610 Unloading class 0x00000156bd39a800 'java/lang/invoke/LambdaForm$MH+0x00000156bd39a800'
Event: 9.085 Thread 0x00000156bbf02610 Unloading class 0x00000156bd39b000 'java/lang/invoke/LambdaForm$MH+0x00000156bd39b000'
Event: 9.085 Thread 0x00000156bbf02610 Unloading class 0x00000156bd39a000 'java/lang/invoke/LambdaForm$DMH+0x00000156bd39a000'
Event: 9.085 Thread 0x00000156bbf02610 Unloading class 0x00000156bd399c00 'java/lang/invoke/LambdaForm$DMH+0x00000156bd399c00'
Event: 9.085 Thread 0x00000156bbf02610 Unloading class 0x00000156bd399400 'java/lang/invoke/LambdaForm$DMH+0x00000156bd399400'
Event: 9.085 Thread 0x00000156bbf02610 Unloading class 0x00000156bd399800 'java/lang/invoke/LambdaForm$DMH+0x00000156bd399800'
Event: 9.085 Thread 0x00000156bbf02610 Unloading class 0x00000156bd399000 'java/lang/invoke/LambdaForm$DMH+0x00000156bd399000'
Event: 9.085 Thread 0x00000156bbf02610 Unloading class 0x00000156bd398800 'java/lang/invoke/LambdaForm$DMH+0x00000156bd398800'

Classes redefined (0 events):
No events

Internal exceptions (20 events):
Event: 12.033 Thread 0x00000156ff040760 Exception <a 'java/lang/LinkageError'{0x00000000d61913f0}: loader lombok.launch.ShadowClassLoader @66b8323f attempted duplicate class definition for lombok.launch.PatchFixesHider$FieldInitializer. (lombok.launch.PatchFixesHider$FieldInitializer is in unnamed module of loader lombok.launch.ShadowClassLoader @66b8323f, parent loader org.eclipse.osgi.internal.loader.EquinoxClassLoader @11df3108)> (0x00000000d61913f0) 
thrown [s\src\hotspot\share\classfile\systemDictionary.cpp, line 1672]
Event: 12.034 Thread 0x00000156ff042830 Exception <a 'java/lang/LinkageError'{0x00000000d6197e28}: loader lombok.launch.ShadowClassLoader @66b8323f attempted duplicate class definition for lombok.launch.PatchFixesHider$FieldInitializer. (lombok.launch.PatchFixesHider$FieldInitializer is in unnamed module of loader lombok.launch.ShadowClassLoader @66b8323f, parent loader org.eclipse.osgi.internal.loader.EquinoxClassLoader @11df3108)> (0x00000000d6197e28) 
thrown [s\src\hotspot\share\classfile\systemDictionary.cpp, line 1672]
Event: 12.034 Thread 0x00000156ff041b10 Exception <a 'java/lang/LinkageError'{0x00000000d5f1e838}: loader lombok.launch.ShadowClassLoader @66b8323f attempted duplicate class definition for lombok.launch.PatchFixesHider$FieldInitializer. (lombok.launch.PatchFixesHider$FieldInitializer is in unnamed module of loader lombok.launch.ShadowClassLoader @66b8323f, parent loader org.eclipse.osgi.internal.loader.EquinoxClassLoader @11df3108)> (0x00000000d5f1e838) 
thrown [s\src\hotspot\share\classfile\systemDictionary.cpp, line 1672]
Event: 12.034 Thread 0x00000156ff0421a0 Exception <a 'java/lang/LinkageError'{0x00000000d61aec48}: loader lombok.launch.ShadowClassLoader @66b8323f attempted duplicate class definition for lombok.launch.PatchFixesHider$FieldInitializer. (lombok.launch.PatchFixesHider$FieldInitializer is in unnamed module of loader lombok.launch.ShadowClassLoader @66b8323f, parent loader org.eclipse.osgi.internal.loader.EquinoxClassLoader @11df3108)> (0x00000000d61aec48) 
thrown [s\src\hotspot\share\classfile\systemDictionary.cpp, line 1672]
Event: 12.035 Thread 0x00000156ff040df0 Exception <a 'java/lang/LinkageError'{0x00000000d61c40d0}: loader lombok.launch.ShadowClassLoader @66b8323f attempted duplicate class definition for lombok.launch.PatchFixesHider$FieldInitializer. (lombok.launch.PatchFixesHider$FieldInitializer is in unnamed module of loader lombok.launch.ShadowClassLoader @66b8323f, parent loader org.eclipse.osgi.internal.loader.EquinoxClassLoader @11df3108)> (0x00000000d61c40d0) 
thrown [s\src\hotspot\share\classfile\systemDictionary.cpp, line 1672]
Event: 12.036 Thread 0x00000156ff03b8a0 Exception <a 'java/lang/LinkageError'{0x00000000d61c8318}: loader lombok.launch.ShadowClassLoader @66b8323f attempted duplicate class definition for lombok.launch.PatchFixesHider$FieldInitializer. (lombok.launch.PatchFixesHider$FieldInitializer is in unnamed module of loader lombok.launch.ShadowClassLoader @66b8323f, parent loader org.eclipse.osgi.internal.loader.EquinoxClassLoader @11df3108)> (0x00000000d61c8318) 
thrown [s\src\hotspot\share\classfile\systemDictionary.cpp, line 1672]
Event: 12.075 Thread 0x00000156ff03f3b0 Exception <a 'java/lang/NoSuchMethodError'{0x00000000d63511a0}: 'java.lang.Object java.lang.invoke.DirectMethodHandle$Holder.invokeSpecial(java.lang.Object, java.lang.Object, java.lang.Object, java.lang.Object, int, java.lang.Object, java.lang.Object)'> (0x00000000d63511a0) 
thrown [s\src\hotspot\share\interpreter\linkResolver.cpp, line 773]
Event: 12.075 Thread 0x00000156ff041b10 Exception <a 'java/lang/NoSuchMethodError'{0x00000000d62baf38}: 'java.lang.Object java.lang.invoke.DirectMethodHandle$Holder.invokeSpecial(java.lang.Object, java.lang.Object, java.lang.Object, java.lang.Object, int, java.lang.Object, java.lang.Object)'> (0x00000000d62baf38) 
thrown [s\src\hotspot\share\interpreter\linkResolver.cpp, line 773]
Event: 12.075 Thread 0x00000156ff0400d0 Exception <a 'java/lang/NoSuchMethodError'{0x00000000d6357670}: 'java.lang.Object java.lang.invoke.DirectMethodHandle$Holder.invokeSpecial(java.lang.Object, java.lang.Object, java.lang.Object, java.lang.Object, int, java.lang.Object, java.lang.Object)'> (0x00000000d6357670) 
thrown [s\src\hotspot\share\interpreter\linkResolver.cpp, line 773]
Event: 12.075 Thread 0x00000156ff0421a0 Exception <a 'java/lang/NoSuchMethodError'{0x00000000d635f7c8}: 'java.lang.Object java.lang.invoke.DirectMethodHandle$Holder.invokeSpecial(java.lang.Object, java.lang.Object, java.lang.Object, java.lang.Object, int, java.lang.Object, java.lang.Object)'> (0x00000000d635f7c8) 
thrown [s\src\hotspot\share\interpreter\linkResolver.cpp, line 773]
Event: 12.076 Thread 0x00000156ff040760 Exception <a 'java/lang/NoSuchMethodError'{0x00000000d6355ff8}: 'java.lang.Object java.lang.invoke.DirectMethodHandle$Holder.invokeSpecial(java.lang.Object, java.lang.Object, java.lang.Object, java.lang.Object, int, java.lang.Object, java.lang.Object)'> (0x00000000d6355ff8) 
thrown [s\src\hotspot\share\interpreter\linkResolver.cpp, line 773]
Event: 12.332 Thread 0x00000156ff03b8a0 Exception <a 'java/lang/ClassNotFoundException'{0x00000000d5e48318}: sun/util/logging/resources/spi/loggingProvider> (0x00000000d5e48318) 
thrown [s\src\hotspot\share\classfile\systemDictionary.cpp, line 312]
Event: 12.346 Thread 0x00000156ff03b8a0 Exception <a 'java/lang/IncompatibleClassChangeError'{0x00000000d5ed98e8}: Found class java.lang.Object, but interface was expected> (0x00000000d5ed98e8) 
thrown [s\src\hotspot\share\interpreter\linkResolver.cpp, line 840]
Event: 12.351 Thread 0x00000156ff03b8a0 Exception <a 'java/lang/IncompatibleClassChangeError'{0x00000000d5efbd78}: Found class java.lang.Object, but interface was expected> (0x00000000d5efbd78) 
thrown [s\src\hotspot\share\interpreter\linkResolver.cpp, line 840]
Event: 12.529 Thread 0x00000156ff03b8a0 Exception <a 'java/lang/IncompatibleClassChangeError'{0x00000000d63d51f0}: Found class java.lang.Object, but interface was expected> (0x00000000d63d51f0) 
thrown [s\src\hotspot\share\interpreter\linkResolver.cpp, line 840]
Event: 13.057 Thread 0x00000156841bbdc0 Exception <a 'java/lang/NoSuchMethodError'{0x00000000d6702210}: 'java.lang.Object java.lang.invoke.DirectMethodHandle$Holder.invokeSpecial(java.lang.Object, java.lang.Object, int, long)'> (0x00000000d6702210) 
thrown [s\src\hotspot\share\interpreter\linkResolver.cpp, line 773]
Event: 13.063 Thread 0x00000156ff0400d0 Exception <a 'java/lang/ArrayIndexOutOfBoundsException'{0x00000000d6715bc0}> (0x00000000d6715bc0) 
thrown [s\src\hotspot\share\runtime\sharedRuntime.cpp, line 625]
Event: 13.117 Thread 0x00000156ff041b10 Exception <a 'java/lang/NoSuchMethodError'{0x00000000d5689718}: 'int java.lang.invoke.Invokers$Holder.invokeExact_MT(java.lang.Object, java.lang.Object)'> (0x00000000d5689718) 
thrown [s\src\hotspot\share\interpreter\linkResolver.cpp, line 773]
Event: 13.203 Thread 0x00000156ff041b10 Exception <a 'java/lang/NoSuchMethodError'{0x00000000d581cc48}: 'int java.lang.invoke.DirectMethodHandle$Holder.invokeInterface(java.lang.Object, java.lang.Object)'> (0x00000000d581cc48) 
thrown [s\src\hotspot\share\interpreter\linkResolver.cpp, line 773]
Event: 13.204 Thread 0x00000156ff041b10 Exception <a 'java/lang/IncompatibleClassChangeError'{0x00000000d581ff18}: Found class java.lang.Object, but interface was expected> (0x00000000d581ff18) 
thrown [s\src\hotspot\share\interpreter\linkResolver.cpp, line 840]

ZGC Phase Switch (0 events):
No events

VM Operations (20 events):
Event: 11.801 Executing safepoint VM operation: Cleanup
Event: 11.801 Executing safepoint VM operation: Cleanup done
Event: 11.805 Executing safepoint VM operation: ParallelGCFailedAllocation (Allocation Failure)
Event: 11.807 Executing safepoint VM operation: ParallelGCFailedAllocation (Allocation Failure) done
Event: 11.981 Executing non-safepoint VM operation: HandshakeAllThreads (Deoptimize)
Event: 11.981 Executing non-safepoint VM operation: HandshakeAllThreads (Deoptimize) done
Event: 12.133 Executing safepoint VM operation: ParallelGCFailedAllocation (Allocation Failure)
Event: 12.136 Executing safepoint VM operation: ParallelGCFailedAllocation (Allocation Failure) done
Event: 12.406 Executing non-safepoint VM operation: HandshakeAllThreads (Deoptimize)
Event: 12.406 Executing non-safepoint VM operation: HandshakeAllThreads (Deoptimize) done
Event: 12.408 Executing non-safepoint VM operation: HandshakeAllThreads (Deoptimize)
Event: 12.408 Executing non-safepoint VM operation: HandshakeAllThreads (Deoptimize) done
Event: 13.083 Executing safepoint VM operation: ParallelGCFailedAllocation (Allocation Failure)
Event: 13.087 Executing safepoint VM operation: ParallelGCFailedAllocation (Allocation Failure) done
Event: 13.113 Executing non-safepoint VM operation: HandshakeAllThreads (Deoptimize)
Event: 13.113 Executing non-safepoint VM operation: HandshakeAllThreads (Deoptimize) done
Event: 13.211 Executing non-safepoint VM operation: HandshakeAllThreads (Deoptimize)
Event: 13.211 Executing non-safepoint VM operation: HandshakeAllThreads (Deoptimize) done
Event: 13.230 Executing non-safepoint VM operation: HandshakeAllThreads (Deoptimize)
Event: 13.230 Executing non-safepoint VM operation: HandshakeAllThreads (Deoptimize) done

Memory protections (0 events):
No events

Nmethod flushes (20 events):
Event: 9.099 Thread 0x00000156bbf02610 flushing  nmethod 0x00000156a89ce690
Event: 9.099 Thread 0x00000156bbf02610 flushing  nmethod 0x00000156a89cee90
Event: 9.099 Thread 0x00000156bbf02610 flushing  nmethod 0x00000156a89d4910
Event: 9.099 Thread 0x00000156bbf02610 flushing  nmethod 0x00000156a8a04f10
Event: 9.099 Thread 0x00000156bbf02610 flushing  nmethod 0x00000156a8a05b90
Event: 9.099 Thread 0x00000156bbf02610 flushing  nmethod 0x00000156a8a1ab10
Event: 9.099 Thread 0x00000156bbf02610 flushing  nmethod 0x00000156a8ac7d10
Event: 9.099 Thread 0x00000156bbf02610 flushing  nmethod 0x00000156a8acb690
Event: 9.099 Thread 0x00000156bbf02610 flushing  nmethod 0x00000156a8aed290
Event: 9.099 Thread 0x00000156bbf02610 flushing  nmethod 0x00000156a8aedc90
Event: 9.099 Thread 0x00000156bbf02610 flushing  nmethod 0x00000156a8af3690
Event: 9.099 Thread 0x00000156bbf02610 flushing  nmethod 0x00000156a8af5510
Event: 9.099 Thread 0x00000156bbf02610 flushing  nmethod 0x00000156a8b20290
Event: 9.099 Thread 0x00000156bbf02610 flushing  nmethod 0x00000156a8b23e10
Event: 9.099 Thread 0x00000156bbf02610 flushing  nmethod 0x00000156a8b24190
Event: 9.099 Thread 0x00000156bbf02610 flushing  nmethod 0x00000156a8b5d710
Event: 9.099 Thread 0x00000156bbf02610 flushing  nmethod 0x00000156a8b5db10
Event: 9.099 Thread 0x00000156bbf02610 flushing  nmethod 0x00000156a8b5df10
Event: 9.099 Thread 0x00000156bbf02610 flushing  nmethod 0x00000156a8b5e890
Event: 9.099 Thread 0x00000156bbf02610 flushing  nmethod 0x00000156a8b73110

Events (20 events):
Event: 6.922 Thread 0x00000156ff0421a0 Thread added: 0x00000156ff03f3b0
Event: 6.938 Thread 0x00000156ff03f3b0 Thread added: 0x00000156ff040760
Event: 6.967 Thread 0x00000156bbf3e320 Thread added: 0x00000156846b2140
Event: 7.180 Thread 0x00000156846b2140 Thread added: 0x000001568438cfa0
Event: 9.166 Thread 0x000001568438cfa0 Thread exited: 0x000001568438cfa0
Event: 9.166 Thread 0x00000156846b2140 Thread exited: 0x00000156846b2140
Event: 9.174 Thread 0x00000156bbf3e320 Thread added: 0x00000156ff17e770
Event: 9.399 Thread 0x00000156841bc450 Thread added: 0x00000156ff042ec0
Event: 9.973 Thread 0x00000156ff17e770 Thread exited: 0x00000156ff17e770
Event: 10.711 Thread 0x00000156bbf3e320 Thread added: 0x00000156852cf0d0
Event: 10.760 Thread 0x00000156bbf3e320 Thread added: 0x00000156853cd690
Event: 11.898 Thread 0x00000156841bc450 Thread added: 0x00000156ff041480
Event: 12.349 Thread 0x00000156841bc450 Thread added: 0x000001568596d940
Event: 13.044 Thread 0x00000156853cd690 Thread exited: 0x00000156853cd690
Event: 13.044 Thread 0x00000156852cf0d0 Thread exited: 0x00000156852cf0d0
Event: 13.063 Thread 0x00000156bbf3e320 Thread added: 0x00000156853ca660
Event: 13.307 Thread 0x00000156bbf3e320 Thread added: 0x00000156852cf0d0
Event: 13.458 Thread 0x00000156841bcae0 Thread added: 0x000001568596cc20
Event: 13.661 Thread 0x00000156852cf0d0 Thread exited: 0x00000156852cf0d0
Event: 13.686 Thread 0x00000156bbf3e320 Thread added: 0x00000156858cbd50


Dynamic libraries:
0x00007ff7053b0000 - 0x00007ff7053be000 	c:\Users\User\.vscode\extensions\redhat.java-1.53.0-win32-x64\jre\21.0.10-win32-x86_64\bin\java.exe
0x00007ffcacfa0000 - 0x00007ffcad207000 	C:\Windows\SYSTEM32\ntdll.dll
0x00007ffcac6f0000 - 0x00007ffcac7b9000 	C:\Windows\System32\KERNEL32.DLL
0x00007ffcaa430000 - 0x00007ffcaa824000 	C:\Windows\System32\KERNELBASE.dll
0x00007ffca9870000 - 0x00007ffca99bb000 	C:\Windows\System32\ucrtbase.dll
0x00007ffc85860000 - 0x00007ffc8587e000 	c:\Users\User\.vscode\extensions\redhat.java-1.53.0-win32-x64\jre\21.0.10-win32-x86_64\bin\VCRUNTIME140.dll
0x00007ffc855e0000 - 0x00007ffc855f8000 	c:\Users\User\.vscode\extensions\redhat.java-1.53.0-win32-x64\jre\21.0.10-win32-x86_64\bin\jli.dll
0x00007ffcacbe0000 - 0x00007ffcacda5000 	C:\Windows\System32\USER32.dll
0x00007ffcaab80000 - 0x00007ffcaaba7000 	C:\Windows\System32\win32u.dll
0x00007ffc84230000 - 0x00007ffc844c3000 	C:\Windows\WinSxS\amd64_microsoft.windows.common-controls_6595b64144ccf1df_6.0.26100.8115_none_3e075c82e3354f9c\COMCTL32.dll
0x00007ffcac9f0000 - 0x00007ffcaca1b000 	C:\Windows\System32\GDI32.dll
0x00007ffcac410000 - 0x00007ffcac4b9000 	C:\Windows\System32\msvcrt.dll
0x00007ffcaaa50000 - 0x00007ffcaab7a000 	C:\Windows\System32\gdi32full.dll
0x00007ffca9b10000 - 0x00007ffca9bb3000 	C:\Windows\System32\msvcp_win.dll
0x00007ffcabb60000 - 0x00007ffcabb92000 	C:\Windows\System32\IMM32.DLL
0x00007ffca2280000 - 0x00007ffca228c000 	c:\Users\User\.vscode\extensions\redhat.java-1.53.0-win32-x64\jre\21.0.10-win32-x86_64\bin\vcruntime140_1.dll
0x00007ffc85550000 - 0x00007ffc855dd000 	c:\Users\User\.vscode\extensions\redhat.java-1.53.0-win32-x64\jre\21.0.10-win32-x86_64\bin\msvcp140.dll
0x00007ffc22fc0000 - 0x00007ffc23d61000 	c:\Users\User\.vscode\extensions\redhat.java-1.53.0-win32-x64\jre\21.0.10-win32-x86_64\bin\server\jvm.dll
0x00007ffcaae30000 - 0x00007ffcaaee6000 	C:\Windows\System32\ADVAPI32.dll
0x00007ffcab710000 - 0x00007ffcab7b7000 	C:\Windows\System32\sechost.dll
0x00007ffcaca20000 - 0x00007ffcacb38000 	C:\Windows\System32\RPCRT4.dll
0x00007ffcac8a0000 - 0x00007ffcac920000 	C:\Windows\System32\WS2_32.dll
0x00007ffca96f0000 - 0x00007ffca974e000 	C:\Windows\SYSTEM32\POWRPROF.dll
0x00007ffc9f460000 - 0x00007ffc9f496000 	C:\Windows\SYSTEM32\WINMM.dll
0x00007ffc97680000 - 0x00007ffc9768b000 	C:\Windows\SYSTEM32\VERSION.dll
0x00007ffca96d0000 - 0x00007ffca96e4000 	C:\Windows\SYSTEM32\UMPDC.dll
0x00007ffca8600000 - 0x00007ffca861b000 	C:\Windows\SYSTEM32\kernel.appcore.dll
0x00007ffca2180000 - 0x00007ffca218a000 	c:\Users\User\.vscode\extensions\redhat.java-1.53.0-win32-x64\jre\21.0.10-win32-x86_64\bin\jimage.dll
0x00007ffca7710000 - 0x00007ffca7952000 	C:\Windows\SYSTEM32\DBGHELP.DLL
0x00007ffcab7c0000 - 0x00007ffcabb42000 	C:\Windows\System32\combase.dll
0x00007ffcac7c0000 - 0x00007ffcac897000 	C:\Windows\System32\OLEAUT32.dll
0x00007ffc81220000 - 0x00007ffc8125b000 	C:\Windows\SYSTEM32\dbgcore.DLL
0x00007ffcaa830000 - 0x00007ffcaa8d5000 	C:\Windows\System32\bcryptPrimitives.dll
0x00007ffc97840000 - 0x00007ffc9784f000 	c:\Users\User\.vscode\extensions\redhat.java-1.53.0-win32-x64\jre\21.0.10-win32-x86_64\bin\instrument.dll
0x00007ffc853f0000 - 0x00007ffc85410000 	c:\Users\User\.vscode\extensions\redhat.java-1.53.0-win32-x64\jre\21.0.10-win32-x86_64\bin\java.dll
0x00007ffcabba0000 - 0x00007ffcac306000 	C:\Windows\System32\SHELL32.dll
0x00007ffcaa8e0000 - 0x00007ffcaaa4a000 	C:\Windows\System32\wintypes.dll
0x00007ffca9bc0000 - 0x00007ffcaa425000 	C:\Windows\System32\windows.storage.dll
0x00007ffcac310000 - 0x00007ffcac407000 	C:\Windows\System32\SHCORE.dll
0x00007ffcacdc0000 - 0x00007ffcace26000 	C:\Windows\System32\shlwapi.dll
0x00007ffca9790000 - 0x00007ffca97b9000 	C:\Windows\SYSTEM32\profapi.dll
0x00007ffc853d0000 - 0x00007ffc853e8000 	c:\Users\User\.vscode\extensions\redhat.java-1.53.0-win32-x64\jre\21.0.10-win32-x86_64\bin\zip.dll
0x00007ffc85980000 - 0x00007ffc85990000 	C:\Users\User\.vscode\extensions\redhat.java-1.53.0-win32-x64\jre\21.0.10-win32-x86_64\bin\net.dll
0x00007ffc98710000 - 0x00007ffc9883d000 	C:\Windows\SYSTEM32\WINHTTP.dll
0x00007ffca8b70000 - 0x00007ffca8bdc000 	C:\Windows\system32\mswsock.dll
0x00007ffc858f0000 - 0x00007ffc85906000 	C:\Users\User\.vscode\extensions\redhat.java-1.53.0-win32-x64\jre\21.0.10-win32-x86_64\bin\nio.dll
0x00007ffc858e0000 - 0x00007ffc858f0000 	c:\Users\User\.vscode\extensions\redhat.java-1.53.0-win32-x64\jre\21.0.10-win32-x86_64\bin\verify.dll
0x00007ffc76420000 - 0x00007ffc76465000 	C:\Users\User\AppData\Roaming\Code\User\globalStorage\redhat.java\1.53.0\config_ss_win\org.eclipse.equinox.launcher\org.eclipse.equinox.launcher.win32.win32.x86_64_1.3.0.v20260203-2149\eclipse_11919.dll
0x00007ffcab570000 - 0x00007ffcab707000 	C:\Windows\System32\ole32.dll
0x00007ffca8e60000 - 0x00007ffca8e7b000 	C:\Windows\SYSTEM32\CRYPTSP.dll
0x00007ffca8560000 - 0x00007ffca8599000 	C:\Windows\system32\rsaenh.dll
0x00007ffca8c20000 - 0x00007ffca8c53000 	C:\Windows\SYSTEM32\USERENV.dll
0x00007ffca9760000 - 0x00007ffca978a000 	C:\Windows\SYSTEM32\bcrypt.dll
0x00007ffca8e50000 - 0x00007ffca8e5c000 	C:\Windows\SYSTEM32\CRYPTBASE.dll
0x00007ffca7fc0000 - 0x00007ffca7ff2000 	C:\Windows\SYSTEM32\IPHLPAPI.DLL
0x00007ffcacdb0000 - 0x00007ffcacdba000 	C:\Windows\System32\NSI.dll
0x00007ffc763d0000 - 0x00007ffc76419000 	C:\Users\User\AppData\Local\Temp\jna-2645995\jna9460950421113273751.dll
0x00007ffcacef0000 - 0x00007ffcacef8000 	C:\Windows\System32\PSAPI.DLL
0x00007ffc9f3e0000 - 0x00007ffc9f3fd000 	C:\Windows\SYSTEM32\dhcpcsvc6.DLL
0x00007ffc9f3b0000 - 0x00007ffc9f3d5000 	C:\Windows\SYSTEM32\dhcpcsvc.DLL

JVMTI agents:
c:\Users\User\.vscode\extensions\redhat.java-1.53.0-win32-x64\lombok\lombok-1.18.39-4050.jar path:c:\Users\User\.vscode\extensions\redhat.java-1.53.0-win32-x64\jre\21.0.10-win32-x86_64\bin\instrument.dll, loaded, initialized, instrumentlib options:none

dbghelp: loaded successfully - version: 4.0.5 - missing functions: none
symbol engine: initialized successfully - sym options: 0x614 - pdb path: .;c:\Users\User\.vscode\extensions\redhat.java-1.53.0-win32-x64\jre\21.0.10-win32-x86_64\bin;C:\Windows\SYSTEM32;C:\Windows\WinSxS\amd64_microsoft.windows.common-controls_6595b64144ccf1df_6.0.26100.8115_none_3e075c82e3354f9c;c:\Users\User\.vscode\extensions\redhat.java-1.53.0-win32-x64\jre\21.0.10-win32-x86_64\bin\server;C:\Users\User\AppData\Roaming\Code\User\globalStorage\redhat.java\1.53.0\config_ss_win\org.eclipse.equinox.launcher\org.eclipse.equinox.launcher.win32.win32.x86_64_1.3.0.v20260203-2149;C:\Users\User\AppData\Local\Temp\jna-2645995

VM Arguments:
jvm_args: --add-modules=ALL-SYSTEM --add-opens=java.base/java.util=ALL-UNNAMED --add-opens=java.base/java.lang=ALL-UNNAMED --add-opens=java.base/sun.nio.fs=ALL-UNNAMED -Declipse.application=org.eclipse.jdt.ls.core.id1 -Dosgi.bundles.defaultStartLevel=4 -Declipse.product=org.eclipse.jdt.ls.core.product -Djava.import.generatesMetadataFilesAtProjectRoot=false -DDetectVMInstallationsJob.disabled=true -Dfile.encoding=utf8 -XX:+UseParallelGC -XX:GCTimeRatio=4 -XX:AdaptiveSizePolicyWeight=90 -Dsun.zip.disableMemoryMapping=true -Xmx2G -Xms100m -Xlog:disable -javaagent:c:\Users\User\.vscode\extensions\redhat.java-1.53.0-win32-x64\lombok\lombok-1.18.39-4050.jar 
java_command: c:\Users\User\.vscode\extensions\redhat.java-1.53.0-win32-x64\server\plugins\org.eclipse.equinox.launcher_1.7.100.v20251111-0406.jar -configuration c:\Users\User\AppData\Roaming\Code\User\globalStorage\redhat.java\1.53.0\config_ss_win -data c:\Users\User\AppData\Roaming\Code\User\workspaceStorage\4e14a4f493637fc3defc8d62c21426ba\redhat.java\ss_ws --pipe=\\.\pipe\lsp-463b68933bd14f9ac505ef9bbccb36a9-sock
java_class_path (initial): c:\Users\User\.vscode\extensions\redhat.java-1.53.0-win32-x64\server\plugins\org.eclipse.equinox.launcher_1.7.100.v20251111-0406.jar
Launcher Type: SUN_STANDARD

[Global flags]
    uintx AdaptiveSizePolicyWeight                 = 90                                        {product} {command line}
     intx CICompilerCount                          = 4                                         {product} {ergonomic}
    uintx GCTimeRatio                              = 4                                         {product} {command line}
   size_t InitialHeapSize                          = 104857600                                 {product} {command line}
   size_t MaxHeapSize                              = 2147483648                                {product} {command line}
   size_t MaxNewSize                               = 715653120                                 {product} {ergonomic}
   size_t MinHeapDeltaBytes                        = 524288                                    {product} {ergonomic}
   size_t MinHeapSize                              = 104857600                                 {product} {command line}
   size_t NewSize                                  = 34603008                                  {product} {ergonomic}
    uintx NonNMethodCodeHeapSize                   = 5839372                                {pd product} {ergonomic}
    uintx NonProfiledCodeHeapSize                  = 122909434                              {pd product} {ergonomic}
   size_t OldSize                                  = 70254592                                  {product} {ergonomic}
    uintx ProfiledCodeHeapSize                     = 122909434                              {pd product} {ergonomic}
    uintx ReservedCodeCacheSize                    = 251658240                              {pd product} {ergonomic}
     bool SegmentedCodeCache                       = true                                      {product} {ergonomic}
   size_t SoftMaxHeapSize                          = 2147483648                             {manageable} {ergonomic}
     bool UseCompressedOops                        = true                           {product lp64_product} {ergonomic}
     bool UseLargePagesIndividualAllocation        = false                                  {pd product} {ergonomic}
     bool UseParallelGC                            = true                                      {product} {command line}

Logging:
Log output configuration:
 #0: stdout all=off uptime,level,tags foldmultilines=false
 #1: stderr all=off uptime,level,tags foldmultilines=false

Release file:
JAVA_VERSION="21.0.10" 
MODULES="java.base java.compiler java.datatransfer java.xml java.prefs java.desktop java.instrument java.logging java.management java.security.sasl java.naming java.rmi java.management.rmi java.net.http java.scripting java.security.jgss java.transaction.xa java.sql java.sql.rowset java.xml.crypto java.se java.smartcardio jdk.accessibility jdk.internal.jvmstat jdk.attach jdk.charsets jdk.internal.opt jdk.zipfs jdk.compiler jdk.crypto.ec jdk.crypto.cryptoki jdk.crypto.mscapi jdk.dynalink jdk.internal.ed jdk.editpad jdk.hotspot.agent jdk.httpserver jdk.internal.le jdk.internal.vm.ci jdk.internal.vm.compiler jdk.internal.vm.compiler.management jdk.jartool jdk.javadoc jdk.jcmd jdk.management jdk.management.agent jdk.jconsole jdk.jdeps jdk.jdwp.agent jdk.jdi jdk.jfr jdk.jshell jdk.jsobject jdk.jstatd jdk.localedata jdk.management.jfr jdk.naming.dns jdk.naming.rmi jdk.net jdk.nio.mapmode jdk.random jdk.sctp jdk.security.auth jdk.security.jgss jdk.unsupported jdk.unsupported.desktop jdk.xml.dom" 

Environment Variables:
JAVA_HOME=C:\Program Files\Eclipse Adoptium\jdk-17.0.18.8-hotspot\
PATH=C:\Users\User\AppData\Local\Programs\Microsoft VS Code;C:\Program Files\Eclipse Adoptium\jdk-17.0.18.8-hotspot\bin;C:\Program Files (x86)\Common Files\Oracle\Java\javapath;C:\Windows\system32;C:\Windows;C:\Windows\System32\Wbem;C:\Windows\System32\WindowsPowerShell\v1.0\;C:\Windows\System32\OpenSSH\;C:\Program Files\Git\cmd;C:\ProgramData\chocolatey\bin;C:\Program Files\dotnet\;C:\Users\User\AppData\Local\Microsoft\WindowsApps;C:\Users\User\AppData\Local\Programs\Microsoft VS Code\bin;C:\Users\User\AppData\Local\GitHubDesktop\bin;C:\Program Files\JetBrains\IntelliJ IDEA 2025.3.2\bin;C:\Users\User\AppData\Local\Python\bin
USERNAME=User
OS=Windows_NT
PROCESSOR_IDENTIFIER=Intel64 Family 6 Model 154 Stepping 4, GenuineIntel
TMP=C:\Users\User\AppData\Local\Temp
TEMP=C:\Users\User\AppData\Local\Temp




Periodic native trim disabled

---------------  S Y S T E M  ---------------

OS:
 Windows 11 , 64 bit Build 26100 (10.0.26100.8115)
OS uptime: 0 days 3:41 hours
Hyper-V role detected

CPU: total 8 (initial active 8) (4 cores per cpu, 2 threads per core) family 6 model 154 stepping 4 microcode 0x437, cx8, cmov, fxsr, ht, mmx, 3dnowpref, sse, sse2, sse3, ssse3, sse4.1, sse4.2, popcnt, lzcnt, tsc, tscinvbit, avx, avx2, aes, erms, clmul, bmi1, bmi2, adx, sha, fma, vzeroupper, clflush, clflushopt, clwb, hv, serialize, rdtscp, rdpid, fsrm, f16c, cet_ibt, cet_ss
Processor Information for processor 0
  Max Mhz: 1200, Current Mhz: 1200, Mhz Limit: 1200
Processor Information for processor 1
  Max Mhz: 1200, Current Mhz: 1200, Mhz Limit: 1200
Processor Information for processor 2
  Max Mhz: 1200, Current Mhz: 1200, Mhz Limit: 1200
Processor Information for processor 3
  Max Mhz: 1200, Current Mhz: 1200, Mhz Limit: 1200
Processor Information for processor 4
  Max Mhz: 1200, Current Mhz: 900, Mhz Limit: 900
Processor Information for processor 5
  Max Mhz: 1200, Current Mhz: 900, Mhz Limit: 900
Processor Information for processor 6
  Max Mhz: 1200, Current Mhz: 900, Mhz Limit: 900
Processor Information for processor 7
  Max Mhz: 1200, Current Mhz: 900, Mhz Limit: 900

Memory: 4k page, system-wide physical 16057M (8444M free)
TotalPageFile size 35191M (AvailPageFile size 10M)
current process WorkingSet (physical memory assigned to process): 232M, peak: 234M
current process commit charge ("private bytes"): 339M, peak: 342M

vm_info: OpenJDK 64-Bit Server VM (21.0.10+7-LTS) for windows-amd64 JRE (21.0.10+7-LTS), built on 2026-01-20T00:00:00Z by "admin" with MS VC++ 17.12 (VS2022)

END.
