#
# There is insufficient memory for the Java Runtime Environment to continue.
# Native memory allocation (malloc) failed to allocate 1889552 bytes. Error detail: Chunk::new
# Possible reasons:
#   The system is out of physical RAM or swap space
#   This process is running with CompressedOops enabled, and the Java Heap may be blocking the growth of the native heap
# Possible solutions:
#   Reduce memory load on the system
#   Increase physical memory or swap space
#   Check if swap backing store is full
#   Decrease Java heap size (-Xmx/-Xms)
#   Decrease number of Java threads
#   Decrease Java thread stack sizes (-Xss)
#   Set larger code cache with -XX:ReservedCodeCacheSize=
#   JVM is running with Unscaled Compressed Oops mode in which the Java heap is
#     placed in the first 4GB address space. The Java Heap base address is the
#     maximum limit for the native heap growth. Please use -XX:HeapBaseMinAddress
#     to set the Java Heap base and to place the Java Heap above 4GB virtual address.
# This output file may be truncated or incomplete.
#
#  Out of Memory Error (arena.cpp:168), pid=25260, tid=24656
#
# JRE version: OpenJDK Runtime Environment Temurin-21.0.10+7 (21.0.10+7) (build 21.0.10+7-LTS)
# Java VM: OpenJDK 64-Bit Server VM Temurin-21.0.10+7 (21.0.10+7-LTS, mixed mode, sharing, tiered, compressed oops, compressed class ptrs, parallel gc, windows-amd64)
# No core dump will be written. Minidumps are not enabled by default on client versions of Windows
#

---------------  S U M M A R Y ------------

Command Line: --add-modules=ALL-SYSTEM --add-opens=java.base/java.util=ALL-UNNAMED --add-opens=java.base/java.lang=ALL-UNNAMED --add-opens=java.base/sun.nio.fs=ALL-UNNAMED -Declipse.application=org.eclipse.jdt.ls.core.id1 -Dosgi.bundles.defaultStartLevel=4 -Declipse.product=org.eclipse.jdt.ls.core.product -Djava.import.generatesMetadataFilesAtProjectRoot=false -DDetectVMInstallationsJob.disabled=true -Dfile.encoding=utf8 -XX:+UseParallelGC -XX:GCTimeRatio=4 -XX:AdaptiveSizePolicyWeight=90 -Dsun.zip.disableMemoryMapping=true -Xmx2G -Xms100m -Xlog:disable -javaagent:c:\Users\User\.vscode\extensions\redhat.java-1.53.0-win32-x64\lombok\lombok-1.18.39-4050.jar c:\Users\User\.vscode\extensions\redhat.java-1.53.0-win32-x64\server\plugins\org.eclipse.equinox.launcher_1.7.100.v20251111-0406.jar -configuration c:\Users\User\AppData\Roaming\Code\User\globalStorage\redhat.java\1.53.0\config_ss_win -data c:\Users\User\AppData\Roaming\Code\User\workspaceStorage\4e14a4f493637fc3defc8d62c21426ba\redhat.java\ss_ws --pipe=\\.\pipe\lsp-e9cb593f933b0ebfbdfd6d870d40c8c6-sock

Host: 12th Gen Intel(R) Core(TM) i3-1215U, 8 cores, 15G,  Windows 11 , 64 bit Build 26100 (10.0.26100.8115)
Time: Wed Apr  8 21:25:49 2026 E. Africa Standard Time elapsed time: 7.174531 seconds (0d 0h 0m 7s)

---------------  T H R E A D  ---------------

Current thread (0x000001ce407b8af0):  JavaThread "C2 CompilerThread0" daemon [_thread_in_native, id=24656, stack(0x0000003439c00000,0x0000003439d00000) (1024K)]


Current CompileTask:
C2:7174 2717       4       org.lombokweb.asm.ClassReader::readMethod (1070 bytes)

Stack: [0x0000003439c00000,0x0000003439d00000]
Native frames: (J=compiled Java code, j=interpreted, Vv=VM code, C=native code)
V  [jvm.dll+0x6d7a39]
V  [jvm.dll+0x8b4b26]
V  [jvm.dll+0x8b70de]
V  [jvm.dll+0x8b77c3]
V  [jvm.dll+0x284346]
V  [jvm.dll+0xc66ed]
V  [jvm.dll+0xc6c31]
V  [jvm.dll+0x3bec3b]
V  [jvm.dll+0x1e3f69]
V  [jvm.dll+0x24c6b3]
V  [jvm.dll+0x24bb40]
V  [jvm.dll+0x1cb34e]
V  [jvm.dll+0x25b85d]
V  [jvm.dll+0x259dea]
V  [jvm.dll+0x3f857e]
V  [jvm.dll+0x85f59d]
V  [jvm.dll+0x6d626d]
C  [ucrtbase.dll+0x37b0]
C  [KERNEL32.DLL+0x2e8d7]
C  [ntdll.dll+0x8c3fc]


---------------  P R O C E S S  ---------------

Threads class SMR info:
_java_thread_list=0x000001ce883a0c40, length=21, elements={
0x000001ce29d2bbd0, 0x000001ce4079ddc0, 0x000001ce4079ece0, 0x000001ce407a4bb0,
0x000001ce407a89e0, 0x000001ce407abf00, 0x000001ce407b3030, 0x000001ce407b8af0,
0x000001ce407ba360, 0x000001ce832d6740, 0x000001ce834b58e0, 0x000001ce8802b8b0,
0x000001ce8812b4b0, 0x000001ce880cd7f0, 0x000001ce8807a3e0, 0x000001ce88262450,
0x000001ce834645e0, 0x000001ce8848bc90, 0x000001ce883ec200, 0x000001ce88582800,
0x000001ce88582e90
}

Java Threads: ( => current thread )
  0x000001ce29d2bbd0 JavaThread "main"                              [_thread_blocked, id=7800, stack(0x0000003439200000,0x0000003439300000) (1024K)]
  0x000001ce4079ddc0 JavaThread "Reference Handler"          daemon [_thread_blocked, id=18912, stack(0x0000003439600000,0x0000003439700000) (1024K)]
  0x000001ce4079ece0 JavaThread "Finalizer"                  daemon [_thread_blocked, id=15248, stack(0x0000003439700000,0x0000003439800000) (1024K)]
  0x000001ce407a4bb0 JavaThread "Signal Dispatcher"          daemon [_thread_blocked, id=5636, stack(0x0000003439800000,0x0000003439900000) (1024K)]
  0x000001ce407a89e0 JavaThread "Attach Listener"            daemon [_thread_blocked, id=17808, stack(0x0000003439900000,0x0000003439a00000) (1024K)]
  0x000001ce407abf00 JavaThread "Service Thread"             daemon [_thread_blocked, id=1324, stack(0x0000003439a00000,0x0000003439b00000) (1024K)]
  0x000001ce407b3030 JavaThread "Monitor Deflation Thread"   daemon [_thread_blocked, id=2148, stack(0x0000003439b00000,0x0000003439c00000) (1024K)]
=>0x000001ce407b8af0 JavaThread "C2 CompilerThread0"         daemon [_thread_in_native, id=24656, stack(0x0000003439c00000,0x0000003439d00000) (1024K)]
  0x000001ce407ba360 JavaThread "C1 CompilerThread0"         daemon [_thread_blocked, id=8616, stack(0x0000003439d00000,0x0000003439e00000) (1024K)]
  0x000001ce832d6740 JavaThread "Common-Cleaner"             daemon [_thread_blocked, id=17836, stack(0x0000003439e00000,0x0000003439f00000) (1024K)]
  0x000001ce834b58e0 JavaThread "Notification Thread"        daemon [_thread_blocked, id=23172, stack(0x000000343a000000,0x000000343a100000) (1024K)]
  0x000001ce8802b8b0 JavaThread "Active Thread: Equinox Container: 58e86fb9-0666-4f30-a781-7e499196da35"        [_thread_blocked, id=2844, stack(0x000000343a800000,0x000000343a900000) (1024K)]
  0x000001ce8812b4b0 JavaThread "Framework Event Dispatcher: Equinox Container: 58e86fb9-0666-4f30-a781-7e499196da35" daemon [_thread_blocked, id=19472, stack(0x000000343a900000,0x000000343aa00000) (1024K)]
  0x000001ce880cd7f0 JavaThread "Start Level: Equinox Container: 58e86fb9-0666-4f30-a781-7e499196da35" daemon [_thread_in_vm, id=9152, stack(0x000000343aa00000,0x000000343ab00000) (1024K)]
  0x000001ce8807a3e0 JavaThread "SCR Component Actor"        daemon [_thread_blocked, id=18956, stack(0x000000343a100000,0x000000343a200000) (1024K)]
  0x000001ce88262450 JavaThread "Worker-JM"                         [_thread_blocked, id=7040, stack(0x000000343ac00000,0x000000343ad00000) (1024K)]
  0x000001ce834645e0 JavaThread "JNA Cleaner"                daemon [_thread_blocked, id=3160, stack(0x0000003439f00000,0x000000343a000000) (1024K)]
  0x000001ce8848bc90 JavaThread "Worker-0"                          [_thread_blocked, id=10164, stack(0x000000343ad00000,0x000000343ae00000) (1024K)]
  0x000001ce883ec200 JavaThread "Worker-1"                          [_thread_blocked, id=11832, stack(0x000000343ae00000,0x000000343af00000) (1024K)]
  0x000001ce88582800 JavaThread "Worker-2"                          [_thread_blocked, id=20412, stack(0x000000343b000000,0x000000343b100000) (1024K)]
  0x000001ce88582e90 JavaThread "Java indexing"              daemon [_thread_blocked, id=21736, stack(0x000000343b100000,0x000000343b200000) (1024K)]
Total: 21

Other Threads:
  0x000001ce29dee8c0 VMThread "VM Thread"                           [id=17216, stack(0x0000003439500000,0x0000003439600000) (1024K)]
  0x000001ce406bca00 WatcherThread "VM Periodic Task Thread"        [id=2344, stack(0x0000003439400000,0x0000003439500000) (1024K)]
  0x000001ce29d4a660 WorkerThread "GC Thread#0"                     [id=24908, stack(0x0000003439300000,0x0000003439400000) (1024K)]
  0x000001ce8822fb80 WorkerThread "GC Thread#1"                     [id=15116, stack(0x000000343a200000,0x000000343a300000) (1024K)]
  0x000001ce83ae3560 WorkerThread "GC Thread#2"                     [id=22788, stack(0x000000343a300000,0x000000343a400000) (1024K)]
  0x000001ce83ae3d20 WorkerThread "GC Thread#3"                     [id=15996, stack(0x000000343a400000,0x000000343a500000) (1024K)]
  0x000001ce83afb0b0 WorkerThread "GC Thread#4"                     [id=24000, stack(0x000000343a500000,0x000000343a600000) (1024K)]
  0x000001ce83afb460 WorkerThread "GC Thread#5"                     [id=2164, stack(0x000000343a600000,0x000000343a700000) (1024K)]
  0x000001ce83afc020 WorkerThread "GC Thread#6"                     [id=18100, stack(0x000000343a700000,0x000000343a800000) (1024K)]
  0x000001ce8805dfd0 WorkerThread "GC Thread#7"                     [id=21484, stack(0x000000343ab00000,0x000000343ac00000) (1024K)]
Total: 10

Threads with active compile tasks:
C2 CompilerThread0  7193 2717       4       org.lombokweb.asm.ClassReader::readMethod (1070 bytes)
Total: 1

VM state: not at safepoint (normal execution)

VM Mutex/Monitor currently owned by a thread: None

Heap address: 0x0000000080000000, size: 2048 MB, Compressed Oops mode: 32-bit

CDS archive(s) mapped at: [0x000001ce41000000-0x000001ce41ba0000-0x000001ce41ba0000), size 12189696, SharedBaseAddress: 0x000001ce41000000, ArchiveRelocationMode: 1.
Compressed class space mapped at: 0x000001ce42000000-0x000001ce82000000, reserved size: 1073741824
Narrow klass base: 0x000001ce41000000, Narrow klass shift: 0, Narrow klass range: 0x100000000

GC Precious Log:
 CardTable entry size: 512
 CPUs: 8 total, 8 available
 Memory: 16057M
 Large Page Support: Disabled
 NUMA Support: Disabled
 Compressed Oops: Enabled (32-bit)
 Alignments: Space 512K, Generation 512K, Heap 2M
 Heap Min Capacity: 100M
 Heap Initial Capacity: 100M
 Heap Max Capacity: 2G
 Pre-touch: Disabled
 Parallel Workers: 8

Heap:
 PSYoungGen      total 27136K, used 6346K [0x00000000d5580000, 0x00000000d7480000, 0x0000000100000000)
  eden space 24576K, 15% used [0x00000000d5580000,0x00000000d594e3e8,0x00000000d6d80000)
  from space 2560K, 95% used [0x00000000d6e80000,0x00000000d70e4458,0x00000000d7100000)
  to   space 3584K, 0% used [0x00000000d7100000,0x00000000d7100000,0x00000000d7480000)
 ParOldGen       total 68608K, used 8837K [0x0000000080000000, 0x0000000084300000, 0x00000000d5580000)
  object space 68608K, 12% used [0x0000000080000000,0x00000000808a1530,0x0000000084300000)
 Metaspace       used 23401K, committed 24128K, reserved 1114112K
  class space    used 2266K, committed 2560K, reserved 1048576K

Card table byte_map: [0x000001ce296f0000,0x000001ce29b00000] _byte_map_base: 0x000001ce292f0000

Marking Bits: (ParMarkBitMap*) 0x00007ffc23c83450
 Begin Bits: [0x000001ce3c1e0000, 0x000001ce3e1e0000)
 End Bits:   [0x000001ce3e1e0000, 0x000001ce401e0000)

Polling page: 0x000001ce27c20000

Metaspace:

Usage:
  Non-class:     20.64 MB used.
      Class:      2.21 MB used.
       Both:     22.85 MB used.

Virtual space:
  Non-class space:       64.00 MB reserved,      21.06 MB ( 33%) committed,  1 nodes.
      Class space:        1.00 GB reserved,       2.50 MB ( <1%) committed,  1 nodes.
             Both:        1.06 GB reserved,      23.56 MB (  2%) committed. 

Chunk freelists:
   Non-Class:  10.23 MB
       Class:  13.51 MB
        Both:  23.75 MB

MaxMetaspaceSize: unlimited
CompressedClassSpaceSize: 1.00 GB
Initial GC threshold: 21.00 MB
Current GC threshold: 35.00 MB
CDS: on
 - commit_granule_bytes: 65536.
 - commit_granule_words: 8192.
 - virtual_space_node_default_size: 8388608.
 - enlarge_chunks_in_place: 1.
 - use_allocation_guard: 0.


Internal statistics:

num_allocs_failed_limit: 3.
num_arena_births: 522.
num_arena_deaths: 14.
num_vsnodes_births: 2.
num_vsnodes_deaths: 0.
num_space_committed: 377.
num_space_uncommitted: 0.
num_chunks_returned_to_freelist: 17.
num_chunks_taken_from_freelist: 1389.
num_chunk_merges: 9.
num_chunk_splits: 914.
num_chunks_enlarged: 599.
num_inconsistent_stats: 0.

CodeHeap 'non-profiled nmethods': size=120000Kb used=1355Kb max_used=1355Kb free=118644Kb
 bounds [0x000001ce34a00000, 0x000001ce34c70000, 0x000001ce3bf30000]
CodeHeap 'profiled nmethods': size=120000Kb used=5846Kb max_used=5846Kb free=114153Kb
 bounds [0x000001ce2cf30000, 0x000001ce2d4f0000, 0x000001ce34460000]
CodeHeap 'non-nmethods': size=5760Kb used=1319Kb max_used=1336Kb free=4440Kb
 bounds [0x000001ce34460000, 0x000001ce346d0000, 0x000001ce34a00000]
CodeCache: size=245760Kb, used=8520Kb, max_used=8537Kb, free=237237Kb
 total_blobs=3565, nmethods=2960, adapters=511, full_count=0
Compilation: enabled, stopped_count=0, restarted_count=0

Compilation events (20 events):
Event: 6.132 Thread 0x000001ce407ba360 2947       3       sun.util.locale.provider.LocaleProviderAdapter$$Lambda/0x800000068::apply (8 bytes)
Event: 6.132 Thread 0x000001ce407ba360 nmethod 2947 0x000001ce2d4da290 code [0x000001ce2d4da440, 0x000001ce2d4da670]
Event: 6.133 Thread 0x000001ce407ba360 2948       3       sun.util.locale.provider.LocaleProviderAdapter::lambda$toLocaleArray$0 (135 bytes)
Event: 6.133 Thread 0x000001ce407ba360 nmethod 2948 0x000001ce2d4da710 code [0x000001ce2d4da940, 0x000001ce2d4db000]
Event: 6.134 Thread 0x000001ce407ba360 2949       3       sun.util.locale.LocaleUtils::toTitleString (139 bytes)
Event: 6.135 Thread 0x000001ce407ba360 nmethod 2949 0x000001ce2d4db210 code [0x000001ce2d4db580, 0x000001ce2d4dce08]
Event: 6.136 Thread 0x000001ce407ba360 2950       3       java.util.stream.Nodes$FixedNodeBuilder::accept (61 bytes)
Event: 6.137 Thread 0x000001ce407ba360 nmethod 2950 0x000001ce2d4dd710 code [0x000001ce2d4dd9c0, 0x000001ce2d4de860]
Event: 6.139 Thread 0x000001ce407ba360 2951       3       sun.util.locale.BaseLocale$Cache::createObject (9 bytes)
Event: 6.139 Thread 0x000001ce407ba360 nmethod 2951 0x000001ce2d4ded90 code [0x000001ce2d4def80, 0x000001ce2d4df490]
Event: 6.139 Thread 0x000001ce407ba360 2952       1       java.util.concurrent.atomic.AtomicReference::set (6 bytes)
Event: 6.139 Thread 0x000001ce407ba360 nmethod 2952 0x000001ce34b52810 code [0x000001ce34b529a0, 0x000001ce34b52a88]
Event: 6.140 Thread 0x000001ce407ba360 2953       3       sun.util.locale.BaseLocale$Cache::createObject (8 bytes)
Event: 6.140 Thread 0x000001ce407ba360 nmethod 2953 0x000001ce2d4df610 code [0x000001ce2d4df7e0, 0x000001ce2d4dfba0]
Event: 6.141 Thread 0x000001ce407ba360 2954       3       java.util.Locale$Cache::createObject (6 bytes)
Event: 6.141 Thread 0x000001ce407ba360 nmethod 2954 0x000001ce2d4dfd10 code [0x000001ce2d4dfec0, 0x000001ce2d4e0000]
Event: 6.142 Thread 0x000001ce407ba360 2955       3       java.util.Locale$Cache::createObject (41 bytes)
Event: 6.142 Thread 0x000001ce407ba360 nmethod 2955 0x000001ce2d4e0090 code [0x000001ce2d4e0280, 0x000001ce2d4e09e0]
Event: 6.148 Thread 0x000001ce407ba360 2956       3       java.util.Locale::equals (75 bytes)
Event: 6.149 Thread 0x000001ce407ba360 nmethod 2956 0x000001ce2d4e0c10 code [0x000001ce2d4e0e20, 0x000001ce2d4e1560]

GC Heap History (16 events):
Event: 0.983 GC heap before
{Heap before GC invocations=1 (full 0):
 PSYoungGen      total 29696K, used 25600K [0x00000000d5580000, 0x00000000d7680000, 0x0000000100000000)
  eden space 25600K, 100% used [0x00000000d5580000,0x00000000d6e80000,0x00000000d6e80000)
  from space 4096K, 0% used [0x00000000d7280000,0x00000000d7280000,0x00000000d7680000)
  to   space 4096K, 0% used [0x00000000d6e80000,0x00000000d6e80000,0x00000000d7280000)
 ParOldGen       total 68608K, used 0K [0x0000000080000000, 0x0000000084300000, 0x00000000d5580000)
  object space 68608K, 0% used [0x0000000080000000,0x0000000080000000,0x0000000084300000)
 Metaspace       used 4357K, committed 4608K, reserved 1114112K
  class space    used 474K, committed 576K, reserved 1048576K
}
Event: 0.990 GC heap after
{Heap after GC invocations=1 (full 0):
 PSYoungGen      total 29696K, used 3296K [0x00000000d5580000, 0x00000000d7680000, 0x0000000100000000)
  eden space 25600K, 0% used [0x00000000d5580000,0x00000000d5580000,0x00000000d6e80000)
  from space 4096K, 80% used [0x00000000d6e80000,0x00000000d71b8158,0x00000000d7280000)
  to   space 4096K, 0% used [0x00000000d7280000,0x00000000d7280000,0x00000000d7680000)
 ParOldGen       total 68608K, used 16K [0x0000000080000000, 0x0000000084300000, 0x00000000d5580000)
  object space 68608K, 0% used [0x0000000080000000,0x0000000080004000,0x0000000084300000)
 Metaspace       used 4357K, committed 4608K, reserved 1114112K
  class space    used 474K, committed 576K, reserved 1048576K
}
Event: 1.718 GC heap before
{Heap before GC invocations=2 (full 0):
 PSYoungGen      total 29696K, used 28896K [0x00000000d5580000, 0x00000000d7680000, 0x0000000100000000)
  eden space 25600K, 100% used [0x00000000d5580000,0x00000000d6e80000,0x00000000d6e80000)
  from space 4096K, 80% used [0x00000000d6e80000,0x00000000d71b8158,0x00000000d7280000)
  to   space 4096K, 0% used [0x00000000d7280000,0x00000000d7280000,0x00000000d7680000)
 ParOldGen       total 68608K, used 16K [0x0000000080000000, 0x0000000084300000, 0x00000000d5580000)
  object space 68608K, 0% used [0x0000000080000000,0x0000000080004000,0x0000000084300000)
 Metaspace       used 8168K, committed 8448K, reserved 1114112K
  class space    used 870K, committed 1024K, reserved 1048576K
}
Event: 1.724 GC heap after
{Heap after GC invocations=2 (full 0):
 PSYoungGen      total 29696K, used 4092K [0x00000000d5580000, 0x00000000d7680000, 0x0000000100000000)
  eden space 25600K, 0% used [0x00000000d5580000,0x00000000d5580000,0x00000000d6e80000)
  from space 4096K, 99% used [0x00000000d7280000,0x00000000d767f008,0x00000000d7680000)
  to   space 4096K, 0% used [0x00000000d6e80000,0x00000000d6e80000,0x00000000d7280000)
 ParOldGen       total 68608K, used 1139K [0x0000000080000000, 0x0000000084300000, 0x00000000d5580000)
  object space 68608K, 1% used [0x0000000080000000,0x000000008011ceb8,0x0000000084300000)
 Metaspace       used 8168K, committed 8448K, reserved 1114112K
  class space    used 870K, committed 1024K, reserved 1048576K
}
Event: 3.386 GC heap before
{Heap before GC invocations=3 (full 0):
 PSYoungGen      total 29696K, used 29692K [0x00000000d5580000, 0x00000000d7680000, 0x0000000100000000)
  eden space 25600K, 100% used [0x00000000d5580000,0x00000000d6e80000,0x00000000d6e80000)
  from space 4096K, 99% used [0x00000000d7280000,0x00000000d767f008,0x00000000d7680000)
  to   space 4096K, 0% used [0x00000000d6e80000,0x00000000d6e80000,0x00000000d7280000)
 ParOldGen       total 68608K, used 1139K [0x0000000080000000, 0x0000000084300000, 0x00000000d5580000)
  object space 68608K, 1% used [0x0000000080000000,0x000000008011ceb8,0x0000000084300000)
 Metaspace       used 12990K, committed 13568K, reserved 1114112K
  class space    used 1381K, committed 1664K, reserved 1048576K
}
Event: 3.391 GC heap after
{Heap after GC invocations=3 (full 0):
 PSYoungGen      total 29696K, used 4082K [0x00000000d5580000, 0x00000000d7680000, 0x0000000100000000)
  eden space 25600K, 0% used [0x00000000d5580000,0x00000000d5580000,0x00000000d6e80000)
  from space 4096K, 99% used [0x00000000d6e80000,0x00000000d727ca48,0x00000000d7280000)
  to   space 4096K, 0% used [0x00000000d7280000,0x00000000d7280000,0x00000000d7680000)
 ParOldGen       total 68608K, used 2911K [0x0000000080000000, 0x0000000084300000, 0x00000000d5580000)
  object space 68608K, 4% used [0x0000000080000000,0x00000000802d7f08,0x0000000084300000)
 Metaspace       used 12990K, committed 13568K, reserved 1114112K
  class space    used 1381K, committed 1664K, reserved 1048576K
}
Event: 5.189 GC heap before
{Heap before GC invocations=4 (full 0):
 PSYoungGen      total 29696K, used 29682K [0x00000000d5580000, 0x00000000d7680000, 0x0000000100000000)
  eden space 25600K, 100% used [0x00000000d5580000,0x00000000d6e80000,0x00000000d6e80000)
  from space 4096K, 99% used [0x00000000d6e80000,0x00000000d727ca48,0x00000000d7280000)
  to   space 4096K, 0% used [0x00000000d7280000,0x00000000d7280000,0x00000000d7680000)
 ParOldGen       total 68608K, used 2911K [0x0000000080000000, 0x0000000084300000, 0x00000000d5580000)
  object space 68608K, 4% used [0x0000000080000000,0x00000000802d7f08,0x0000000084300000)
 Metaspace       used 17163K, committed 17856K, reserved 1114112K
  class space    used 1804K, committed 2112K, reserved 1048576K
}
Event: 5.196 GC heap after
{Heap after GC invocations=4 (full 0):
 PSYoungGen      total 29696K, used 4085K [0x00000000d5580000, 0x00000000d7680000, 0x0000000100000000)
  eden space 25600K, 0% used [0x00000000d5580000,0x00000000d5580000,0x00000000d6e80000)
  from space 4096K, 99% used [0x00000000d7280000,0x00000000d767d630,0x00000000d7680000)
  to   space 4096K, 0% used [0x00000000d6e80000,0x00000000d6e80000,0x00000000d7280000)
 ParOldGen       total 68608K, used 4522K [0x0000000080000000, 0x0000000084300000, 0x00000000d5580000)
  object space 68608K, 6% used [0x0000000080000000,0x000000008046a828,0x0000000084300000)
 Metaspace       used 17163K, committed 17856K, reserved 1114112K
  class space    used 1804K, committed 2112K, reserved 1048576K
}
Event: 5.499 GC heap before
{Heap before GC invocations=5 (full 0):
 PSYoungGen      total 29696K, used 29685K [0x00000000d5580000, 0x00000000d7680000, 0x0000000100000000)
  eden space 25600K, 100% used [0x00000000d5580000,0x00000000d6e80000,0x00000000d6e80000)
  from space 4096K, 99% used [0x00000000d7280000,0x00000000d767d630,0x00000000d7680000)
  to   space 4096K, 0% used [0x00000000d6e80000,0x00000000d6e80000,0x00000000d7280000)
 ParOldGen       total 68608K, used 4522K [0x0000000080000000, 0x0000000084300000, 0x00000000d5580000)
  object space 68608K, 6% used [0x0000000080000000,0x000000008046a828,0x0000000084300000)
 Metaspace       used 20428K, committed 21056K, reserved 1114112K
  class space    used 2031K, committed 2304K, reserved 1048576K
}
Event: 5.502 GC heap after
{Heap after GC invocations=5 (full 0):
 PSYoungGen      total 29184K, used 4095K [0x00000000d5580000, 0x00000000d7800000, 0x0000000100000000)
  eden space 25088K, 0% used [0x00000000d5580000,0x00000000d5580000,0x00000000d6e00000)
  from space 4096K, 99% used [0x00000000d6e80000,0x00000000d727fe48,0x00000000d7280000)
  to   space 5120K, 0% used [0x00000000d7300000,0x00000000d7300000,0x00000000d7800000)
 ParOldGen       total 68608K, used 4702K [0x0000000080000000, 0x0000000084300000, 0x00000000d5580000)
  object space 68608K, 6% used [0x0000000080000000,0x0000000080497910,0x0000000084300000)
 Metaspace       used 20428K, committed 21056K, reserved 1114112K
  class space    used 2031K, committed 2304K, reserved 1048576K
}
Event: 5.543 GC heap before
{Heap before GC invocations=6 (full 0):
 PSYoungGen      total 29184K, used 9192K [0x00000000d5580000, 0x00000000d7800000, 0x0000000100000000)
  eden space 25088K, 20% used [0x00000000d5580000,0x00000000d5a7a4a8,0x00000000d6e00000)
  from space 4096K, 99% used [0x00000000d6e80000,0x00000000d727fe48,0x00000000d7280000)
  to   space 5120K, 0% used [0x00000000d7300000,0x00000000d7300000,0x00000000d7800000)
 ParOldGen       total 68608K, used 4702K [0x0000000080000000, 0x0000000084300000, 0x00000000d5580000)
  object space 68608K, 6% used [0x0000000080000000,0x0000000080497910,0x0000000084300000)
 Metaspace       used 20863K, committed 21504K, reserved 1114112K
  class space    used 2054K, committed 2368K, reserved 1048576K
}
Event: 5.548 GC heap after
{Heap after GC invocations=6 (full 0):
 PSYoungGen      total 29696K, used 4528K [0x00000000d5580000, 0x00000000d7780000, 0x0000000100000000)
  eden space 25088K, 0% used [0x00000000d5580000,0x00000000d5580000,0x00000000d6e00000)
  from space 4608K, 98% used [0x00000000d7300000,0x00000000d776c1d0,0x00000000d7780000)
  to   space 4608K, 0% used [0x00000000d6e80000,0x00000000d6e80000,0x00000000d7300000)
 ParOldGen       total 68608K, used 4710K [0x0000000080000000, 0x0000000084300000, 0x00000000d5580000)
  object space 68608K, 6% used [0x0000000080000000,0x0000000080499910,0x0000000084300000)
 Metaspace       used 20863K, committed 21504K, reserved 1114112K
  class space    used 2054K, committed 2368K, reserved 1048576K
}
Event: 5.548 GC heap before
{Heap before GC invocations=7 (full 1):
 PSYoungGen      total 29696K, used 4528K [0x00000000d5580000, 0x00000000d7780000, 0x0000000100000000)
  eden space 25088K, 0% used [0x00000000d5580000,0x00000000d5580000,0x00000000d6e00000)
  from space 4608K, 98% used [0x00000000d7300000,0x00000000d776c1d0,0x00000000d7780000)
  to   space 4608K, 0% used [0x00000000d6e80000,0x00000000d6e80000,0x00000000d7300000)
 ParOldGen       total 68608K, used 4710K [0x0000000080000000, 0x0000000084300000, 0x00000000d5580000)
  object space 68608K, 6% used [0x0000000080000000,0x0000000080499910,0x0000000084300000)
 Metaspace       used 20863K, committed 21504K, reserved 1114112K
  class space    used 2054K, committed 2368K, reserved 1048576K
}
Event: 5.583 GC heap after
{Heap after GC invocations=7 (full 1):
 PSYoungGen      total 29696K, used 0K [0x00000000d5580000, 0x00000000d7780000, 0x0000000100000000)
  eden space 25088K, 0% used [0x00000000d5580000,0x00000000d5580000,0x00000000d6e00000)
  from space 4608K, 0% used [0x00000000d7300000,0x00000000d7300000,0x00000000d7780000)
  to   space 4608K, 0% used [0x00000000d6e80000,0x00000000d6e80000,0x00000000d7300000)
 ParOldGen       total 68608K, used 8829K [0x0000000080000000, 0x0000000084300000, 0x00000000d5580000)
  object space 68608K, 12% used [0x0000000080000000,0x000000008089f530,0x0000000084300000)
 Metaspace       used 20851K, committed 21504K, reserved 1114112K
  class space    used 2050K, committed 2368K, reserved 1048576K
}
Event: 6.007 GC heap before
{Heap before GC invocations=8 (full 1):
 PSYoungGen      total 29696K, used 25088K [0x00000000d5580000, 0x00000000d7780000, 0x0000000100000000)
  eden space 25088K, 100% used [0x00000000d5580000,0x00000000d6e00000,0x00000000d6e00000)
  from space 4608K, 0% used [0x00000000d7300000,0x00000000d7300000,0x00000000d7780000)
  to   space 4608K, 0% used [0x00000000d6e80000,0x00000000d6e80000,0x00000000d7300000)
 ParOldGen       total 68608K, used 8829K [0x0000000080000000, 0x0000000084300000, 0x00000000d5580000)
  object space 68608K, 12% used [0x0000000080000000,0x000000008089f530,0x0000000084300000)
 Metaspace       used 22941K, committed 23680K, reserved 1114112K
  class space    used 2229K, committed 2560K, reserved 1048576K
}
Event: 6.011 GC heap after
{Heap after GC invocations=8 (full 1):
 PSYoungGen      total 27136K, used 2449K [0x00000000d5580000, 0x00000000d7480000, 0x0000000100000000)
  eden space 24576K, 0% used [0x00000000d5580000,0x00000000d5580000,0x00000000d6d80000)
  from space 2560K, 95% used [0x00000000d6e80000,0x00000000d70e4458,0x00000000d7100000)
  to   space 3584K, 0% used [0x00000000d7100000,0x00000000d7100000,0x00000000d7480000)
 ParOldGen       total 68608K, used 8837K [0x0000000080000000, 0x0000000084300000, 0x00000000d5580000)
  object space 68608K, 12% used [0x0000000080000000,0x00000000808a1530,0x0000000084300000)
 Metaspace       used 22941K, committed 23680K, reserved 1114112K
  class space    used 2229K, committed 2560K, reserved 1048576K
}

Dll operation events (10 events):
Event: 0.022 Loaded shared library c:\Users\User\.vscode\extensions\redhat.java-1.53.0-win32-x64\jre\21.0.10-win32-x86_64\bin\java.dll
Event: 0.134 Loaded shared library c:\Users\User\.vscode\extensions\redhat.java-1.53.0-win32-x64\jre\21.0.10-win32-x86_64\bin\zip.dll
Event: 0.160 Loaded shared library C:\Users\User\.vscode\extensions\redhat.java-1.53.0-win32-x64\jre\21.0.10-win32-x86_64\bin\instrument.dll
Event: 0.167 Loaded shared library C:\Users\User\.vscode\extensions\redhat.java-1.53.0-win32-x64\jre\21.0.10-win32-x86_64\bin\net.dll
Event: 0.172 Loaded shared library C:\Users\User\.vscode\extensions\redhat.java-1.53.0-win32-x64\jre\21.0.10-win32-x86_64\bin\nio.dll
Event: 0.177 Loaded shared library C:\Users\User\.vscode\extensions\redhat.java-1.53.0-win32-x64\jre\21.0.10-win32-x86_64\bin\zip.dll
Event: 0.207 Loaded shared library C:\Users\User\.vscode\extensions\redhat.java-1.53.0-win32-x64\jre\21.0.10-win32-x86_64\bin\jimage.dll
Event: 0.305 Loaded shared library c:\Users\User\.vscode\extensions\redhat.java-1.53.0-win32-x64\jre\21.0.10-win32-x86_64\bin\verify.dll
Event: 1.693 Loaded shared library C:\Users\User\AppData\Roaming\Code\User\globalStorage\redhat.java\1.53.0\config_ss_win\org.eclipse.equinox.launcher\org.eclipse.equinox.launcher.win32.win32.x86_64_1.3.0.v20260203-2149\eclipse_11919.dll
Event: 4.889 Loaded shared library C:\Users\User\AppData\Local\Temp\jna-2645995\jna6541354025818975580.dll

Deoptimization events (20 events):
Event: 5.455 Thread 0x000001ce880cd7f0 DEOPT PACKING pc=0x000001ce34b2f2fc sp=0x000000343aaf2770
Event: 5.455 Thread 0x000001ce880cd7f0 DEOPT UNPACKING pc=0x000001ce344b3aa2 sp=0x000000343aaf26e0 mode 2
Event: 5.488 Thread 0x000001ce880cd7f0 Uncommon trap: trap_request=0xffffff45 fr.pc=0x000001ce34b327ec relative=0x000000000000014c
Event: 5.488 Thread 0x000001ce880cd7f0 Uncommon trap: reason=unstable_if action=reinterpret pc=0x000001ce34b327ec method=org.lombokweb.asm.ByteVector.putByteArray([BII)Lorg/lombokweb/asm/ByteVector; @ 20 c2
Event: 5.488 Thread 0x000001ce880cd7f0 DEOPT PACKING pc=0x000001ce34b327ec sp=0x000000343aaf2760
Event: 5.488 Thread 0x000001ce880cd7f0 DEOPT UNPACKING pc=0x000001ce344b3aa2 sp=0x000000343aaf2730 mode 2
Event: 5.488 Thread 0x000001ce880cd7f0 Uncommon trap: trap_request=0xffffff45 fr.pc=0x000001ce34b31124 relative=0x0000000000000364
Event: 5.488 Thread 0x000001ce880cd7f0 Uncommon trap: reason=unstable_if action=reinterpret pc=0x000001ce34b31124 method=org.lombokweb.asm.Label.resolve([BLorg/lombokweb/asm/ByteVector;I)Z @ 81 c2
Event: 5.488 Thread 0x000001ce880cd7f0 DEOPT PACKING pc=0x000001ce34b31124 sp=0x000000343aaf27f0
Event: 5.488 Thread 0x000001ce880cd7f0 DEOPT UNPACKING pc=0x000001ce344b3aa2 sp=0x000000343aaf26f8 mode 2
Event: 5.720 Thread 0x000001ce880cd7f0 DEOPT PACKING pc=0x000001ce2d327239 sp=0x000000343aaf7d60
Event: 5.720 Thread 0x000001ce880cd7f0 DEOPT UNPACKING pc=0x000001ce344b4242 sp=0x000000343aaf7260 mode 0
Event: 5.882 Thread 0x000001ce880cd7f0 DEOPT PACKING pc=0x000001ce2d0e0ca6 sp=0x000000343aaf7dd0
Event: 5.882 Thread 0x000001ce880cd7f0 DEOPT UNPACKING pc=0x000001ce344b4242 sp=0x000000343aaf72c8 mode 0
Event: 5.883 Thread 0x000001ce880cd7f0 DEOPT PACKING pc=0x000001ce2d0e0ca6 sp=0x000000343aaf7dd0
Event: 5.884 Thread 0x000001ce880cd7f0 DEOPT UNPACKING pc=0x000001ce344b4242 sp=0x000000343aaf72c8 mode 0
Event: 5.884 Thread 0x000001ce880cd7f0 DEOPT PACKING pc=0x000001ce2d0e0ca6 sp=0x000000343aaf7dd0
Event: 5.884 Thread 0x000001ce880cd7f0 DEOPT UNPACKING pc=0x000001ce344b4242 sp=0x000000343aaf72c8 mode 0
Event: 5.886 Thread 0x000001ce880cd7f0 DEOPT PACKING pc=0x000001ce2d0e0ca6 sp=0x000000343aaf7dd0
Event: 5.886 Thread 0x000001ce880cd7f0 DEOPT UNPACKING pc=0x000001ce344b4242 sp=0x000000343aaf72c8 mode 0

Classes loaded (20 events):
Event: 5.954 Loading class com/sun/org/apache/xerces/internal/impl/msg/XMLMessages
Event: 5.954 Loading class com/sun/org/apache/xerces/internal/impl/msg/XMLMessages done
Event: 5.956 Loading class com/sun/org/apache/xerces/internal/impl/msg/XMLMessages_en
Event: 5.956 Loading class com/sun/org/apache/xerces/internal/impl/msg/XMLMessages_en done
Event: 5.956 Loading class com/sun/org/apache/xerces/internal/impl/msg/XMLMessages_en
Event: 5.956 Loading class com/sun/org/apache/xerces/internal/impl/msg/XMLMessages_en done
Event: 5.956 Loading class com/sun/org/apache/xerces/internal/impl/msg/XMLMessages_en_US
Event: 5.956 Loading class com/sun/org/apache/xerces/internal/impl/msg/XMLMessages_en_US done
Event: 5.956 Loading class com/sun/org/apache/xerces/internal/impl/msg/XMLMessages_en_US
Event: 5.956 Loading class com/sun/org/apache/xerces/internal/impl/msg/XMLMessages_en_US done
Event: 6.015 Loading class java/net/SocketAddress
Event: 6.015 Loading class java/net/SocketAddress done
Event: 6.015 Loading class java/net/InetSocketAddress
Event: 6.015 Loading class java/net/InetSocketAddress done
Event: 6.015 Loading class java/nio/channels/AsynchronousByteChannel
Event: 6.016 Loading class java/nio/channels/AsynchronousChannel
Event: 6.016 Loading class java/nio/channels/AsynchronousChannel done
Event: 6.016 Loading class java/nio/channels/AsynchronousByteChannel done
Event: 6.016 Loading class java/net/Authenticator
Event: 6.016 Loading class java/net/Authenticator done

Classes unloaded (7 events):
Event: 5.554 Thread 0x000001ce29dee8c0 Unloading class 0x000001ce42191400 'java/lang/invoke/LambdaForm$MH+0x000001ce42191400'
Event: 5.554 Thread 0x000001ce29dee8c0 Unloading class 0x000001ce42191000 'java/lang/invoke/LambdaForm$MH+0x000001ce42191000'
Event: 5.554 Thread 0x000001ce29dee8c0 Unloading class 0x000001ce42190c00 'java/lang/invoke/LambdaForm$MH+0x000001ce42190c00'
Event: 5.554 Thread 0x000001ce29dee8c0 Unloading class 0x000001ce42190800 'java/lang/invoke/LambdaForm$MH+0x000001ce42190800'
Event: 5.554 Thread 0x000001ce29dee8c0 Unloading class 0x000001ce42190400 'java/lang/invoke/LambdaForm$BMH+0x000001ce42190400'
Event: 5.554 Thread 0x000001ce29dee8c0 Unloading class 0x000001ce42190000 'java/lang/invoke/LambdaForm$DMH+0x000001ce42190000'
Event: 5.554 Thread 0x000001ce29dee8c0 Unloading class 0x000001ce4218ec00 'java/lang/invoke/LambdaForm$DMH+0x000001ce4218ec00'

Classes redefined (0 events):
No events

Internal exceptions (20 events):
Event: 4.965 Thread 0x000001ce880cd7f0 Exception <a 'java/lang/NoSuchMethodError'{0x00000000d659cc88}: 'java.lang.Object java.lang.invoke.DirectMethodHandle$Holder.newInvokeSpecial(java.lang.Object, java.lang.Object, java.lang.Object, long)'> (0x00000000d659cc88) 
thrown [s\src\hotspot\share\interpreter\linkResolver.cpp, line 773]
Event: 4.965 Thread 0x000001ce880cd7f0 Exception <a 'java/lang/NoSuchMethodError'{0x00000000d65a1038}: 'java.lang.Object java.lang.invoke.DirectMethodHandle$Holder.invokeSpecial(java.lang.Object, java.lang.Object, java.lang.Object, java.lang.Object, long)'> (0x00000000d65a1038) 
thrown [s\src\hotspot\share\interpreter\linkResolver.cpp, line 773]
Event: 4.966 Thread 0x000001ce880cd7f0 Exception <a 'java/lang/NoSuchMethodError'{0x00000000d65a4c58}: 'java.lang.Object java.lang.invoke.Invokers$Holder.linkToTargetMethod(java.lang.Object, java.lang.Object, long, java.lang.Object)'> (0x00000000d65a4c58) 
thrown [s\src\hotspot\share\interpreter\linkResolver.cpp, line 773]
Event: 4.975 Thread 0x000001ce880cd7f0 Exception <a 'java/lang/NoSuchMethodError'{0x00000000d6616a48}: 'int java.lang.invoke.DirectMethodHandle$Holder.invokeStaticInit(java.lang.Object, java.lang.Object, java.lang.Object)'> (0x00000000d6616a48) 
thrown [s\src\hotspot\share\interpreter\linkResolver.cpp, line 773]
Event: 4.984 Thread 0x000001ce880cd7f0 Exception <a 'java/lang/IncompatibleClassChangeError'{0x00000000d66a6070}: Found class java.lang.Object, but interface was expected> (0x00000000d66a6070) 
thrown [s\src\hotspot\share\interpreter\linkResolver.cpp, line 840]
Event: 4.988 Thread 0x000001ce880cd7f0 Exception <a 'java/lang/NoSuchMethodError'{0x00000000d66b8b88}: 'java.lang.Object java.lang.invoke.DirectMethodHandle$Holder.invokeSpecial(java.lang.Object, java.lang.Object, java.lang.Object, int, java.lang.Object, java.lang.Object)'> (0x00000000d66b8b88) 
thrown [s\src\hotspot\share\interpreter\linkResolver.cpp, line 773]
Event: 4.989 Thread 0x000001ce880cd7f0 Exception <a 'java/lang/NoSuchMethodError'{0x00000000d66c0660}: 'java.lang.Object java.lang.invoke.DirectMethodHandle$Holder.newInvokeSpecial(java.lang.Object, java.lang.Object, java.lang.Object, int, java.lang.Object)'> (0x00000000d66c0660) 
thrown [s\src\hotspot\share\interpreter\linkResolver.cpp, line 773]
Event: 4.990 Thread 0x000001ce880cd7f0 Exception <a 'java/lang/NoSuchMethodError'{0x00000000d66c45e0}: 'java.lang.Object java.lang.invoke.DirectMethodHandle$Holder.invokeSpecial(java.lang.Object, java.lang.Object, java.lang.Object, java.lang.Object, int, java.lang.Object)'> (0x00000000d66c45e0) 
thrown [s\src\hotspot\share\interpreter\linkResolver.cpp, line 773]
Event: 4.990 Thread 0x000001ce880cd7f0 Exception <a 'java/lang/NoSuchMethodError'{0x00000000d66c8120}: 'java.lang.Object java.lang.invoke.Invokers$Holder.linkToTargetMethod(java.lang.Object, java.lang.Object, int, java.lang.Object, java.lang.Object)'> (0x00000000d66c8120) 
thrown [s\src\hotspot\share\interpreter\linkResolver.cpp, line 773]
Event: 4.991 Thread 0x000001ce8848bc90 Exception <a 'java/lang/NoSuchMethodError'{0x00000000d65cab38}: 'java.lang.Object java.lang.invoke.DirectMethodHandle$Holder.invokeSpecial(java.lang.Object, java.lang.Object, int, java.lang.Object, java.lang.Object)'> (0x00000000d65cab38) 
thrown [s\src\hotspot\share\interpreter\linkResolver.cpp, line 773]
Event: 4.991 Thread 0x000001ce8848bc90 Exception <a 'java/lang/NoSuchMethodError'{0x00000000d65d1870}: 'java.lang.Object java.lang.invoke.DirectMethodHandle$Holder.newInvokeSpecial(java.lang.Object, java.lang.Object, int, java.lang.Object)'> (0x00000000d65d1870) 
thrown [s\src\hotspot\share\interpreter\linkResolver.cpp, line 773]
Event: 4.992 Thread 0x000001ce8848bc90 Exception <a 'java/lang/NoSuchMethodError'{0x00000000d65d5150}: 'java.lang.Object java.lang.invoke.DirectMethodHandle$Holder.invokeSpecial(java.lang.Object, java.lang.Object, java.lang.Object, int, java.lang.Object)'> (0x00000000d65d5150) 
thrown [s\src\hotspot\share\interpreter\linkResolver.cpp, line 773]
Event: 5.007 Thread 0x000001ce880cd7f0 Exception <a 'java/lang/NoSuchMethodError'{0x00000000d67e63f0}: 'void java.lang.invoke.DirectMethodHandle$Holder.invokeSpecial(java.lang.Object, java.lang.Object, java.lang.Object, java.lang.Object, java.lang.Object)'> (0x00000000d67e63f0) 
thrown [s\src\hotspot\share\interpreter\linkResolver.cpp, line 773]
Event: 5.068 Thread 0x000001ce880cd7f0 Exception <a 'java/lang/NoSuchMethodError'{0x00000000d6a17750}: 'double java.lang.invoke.DirectMethodHandle$Holder.invokeStatic(java.lang.Object, java.lang.Object)'> (0x00000000d6a17750) 
thrown [s\src\hotspot\share\interpreter\linkResolver.cpp, line 773]
Event: 5.068 Thread 0x000001ce880cd7f0 Exception <a 'java/lang/NoSuchMethodError'{0x00000000d6a1ae10}: 'double java.lang.invoke.DirectMethodHandle$Holder.invokeStaticInit(java.lang.Object, java.lang.Object)'> (0x00000000d6a1ae10) 
thrown [s\src\hotspot\share\interpreter\linkResolver.cpp, line 773]
Event: 5.488 Thread 0x000001ce880cd7f0 Implicit null exception at 0x000001ce34b326f5 to 0x000001ce34b327d0
Event: 5.950 Thread 0x000001ce880cd7f0 Exception <a 'java/lang/ClassNotFoundException'{0x00000000d6c2f188}: com/sun/org/apache/xerces/internal/impl/msg/spi/DOMMessagesProvider> (0x00000000d6c2f188) 
thrown [s\src\hotspot\share\classfile\systemDictionary.cpp, line 312]
Event: 5.953 Thread 0x000001ce880cd7f0 Exception <a 'java/lang/ClassNotFoundException'{0x00000000d6c4a420}: com/sun/org/apache/xerces/internal/impl/msg/spi/XMLSerializerMessagesProvider> (0x00000000d6c4a420) 
thrown [s\src\hotspot\share\classfile\systemDictionary.cpp, line 312]
Event: 5.954 Thread 0x000001ce880cd7f0 Exception <a 'java/lang/ClassNotFoundException'{0x00000000d6c57740}: com/sun/org/apache/xerces/internal/impl/msg/spi/XMLMessagesProvider> (0x00000000d6c57740) 
thrown [s\src\hotspot\share\classfile\systemDictionary.cpp, line 312]
Event: 6.040 Thread 0x000001ce880cd7f0 Exception <a 'java/lang/NoSuchMethodError'{0x00000000d55f4048}: 'java.lang.Object java.lang.invoke.DirectMethodHandle$Holder.newInvokeSpecial(java.lang.Object, int, java.lang.Object, java.lang.Object)'> (0x00000000d55f4048) 
thrown [s\src\hotspot\share\interpreter\linkResolver.cpp, line 773]

ZGC Phase Switch (0 events):
No events

VM Operations (20 events):
Event: 3.391 Executing safepoint VM operation: ParallelGCFailedAllocation (Allocation Failure) done
Event: 3.452 Executing non-safepoint VM operation: HandshakeAllThreads (Deoptimize)
Event: 3.452 Executing non-safepoint VM operation: HandshakeAllThreads (Deoptimize) done
Event: 3.457 Executing non-safepoint VM operation: HandshakeAllThreads (Deoptimize)
Event: 3.457 Executing non-safepoint VM operation: HandshakeAllThreads (Deoptimize) done
Event: 3.476 Executing non-safepoint VM operation: HandshakeAllThreads (Deoptimize)
Event: 3.476 Executing non-safepoint VM operation: HandshakeAllThreads (Deoptimize) done
Event: 4.486 Executing safepoint VM operation: Cleanup
Event: 4.486 Executing safepoint VM operation: Cleanup done
Event: 4.897 Executing non-safepoint VM operation: HandshakeAllThreads (Deoptimize)
Event: 4.897 Executing non-safepoint VM operation: HandshakeAllThreads (Deoptimize) done
Event: 5.189 Executing safepoint VM operation: ParallelGCFailedAllocation (Allocation Failure)
Event: 5.196 Executing safepoint VM operation: ParallelGCFailedAllocation (Allocation Failure) done
Event: 5.499 Executing safepoint VM operation: ParallelGCFailedAllocation (Allocation Failure)
Event: 5.503 Executing safepoint VM operation: ParallelGCFailedAllocation (Allocation Failure) done
Event: 5.543 Executing safepoint VM operation: CollectForMetadataAllocation (Metadata GC Threshold)
Event: 5.583 Executing safepoint VM operation: CollectForMetadataAllocation (Metadata GC Threshold) done
Event: 6.007 Executing safepoint VM operation: ParallelGCFailedAllocation (Allocation Failure)
Event: 6.011 Executing safepoint VM operation: ParallelGCFailedAllocation (Allocation Failure) done
Event: 7.011 Executing safepoint VM operation: Cleanup

Memory protections (0 events):
No events

Nmethod flushes (0 events):
No events

Events (20 events):
Event: 0.078 Thread 0x000001ce29d2bbd0 Thread added: 0x000001ce407ba360
Event: 0.163 Thread 0x000001ce29d2bbd0 Thread added: 0x000001ce832d6740
Event: 0.302 Thread 0x000001ce407ba360 Thread added: 0x000001ce8342b3d0
Event: 0.422 Thread 0x000001ce29d2bbd0 Thread added: 0x000001ce834b58e0
Event: 0.559 Thread 0x000001ce8342b3d0 Thread added: 0x000001ce835122f0
Event: 1.064 Thread 0x000001ce835122f0 Thread exited: 0x000001ce835122f0
Event: 1.178 Thread 0x000001ce407ba360 Thread added: 0x000001ce8381b8d0
Event: 1.425 Thread 0x000001ce29d2bbd0 Thread added: 0x000001ce8802b8b0
Event: 1.680 Thread 0x000001ce29d2bbd0 Thread added: 0x000001ce8812b4b0
Event: 1.688 Thread 0x000001ce29d2bbd0 Thread added: 0x000001ce880cd7f0
Event: 1.805 Thread 0x000001ce8381b8d0 Thread exited: 0x000001ce8381b8d0
Event: 1.831 Thread 0x000001ce880cd7f0 Thread added: 0x000001ce8807a3e0
Event: 2.123 Thread 0x000001ce880cd7f0 Thread added: 0x000001ce88262450
Event: 4.894 Thread 0x000001ce8342b3d0 Thread exited: 0x000001ce8342b3d0
Event: 4.923 Thread 0x000001ce880cd7f0 Thread added: 0x000001ce834645e0
Event: 4.970 Thread 0x000001ce880cd7f0 Thread added: 0x000001ce8848bc90
Event: 4.991 Thread 0x000001ce880cd7f0 Thread added: 0x000001ce883ec200
Event: 5.104 Thread 0x000001ce407ba360 Thread added: 0x000001ce881433c0
Event: 5.129 Thread 0x000001ce8848bc90 Thread added: 0x000001ce88582800
Event: 5.991 Thread 0x000001ce880cd7f0 Thread added: 0x000001ce88582e90


Dynamic libraries:
0x00007ff7053b0000 - 0x00007ff7053be000 	c:\Users\User\.vscode\extensions\redhat.java-1.53.0-win32-x64\jre\21.0.10-win32-x86_64\bin\java.exe
0x00007ffcacfa0000 - 0x00007ffcad207000 	C:\Windows\SYSTEM32\ntdll.dll
0x00007ffcac6f0000 - 0x00007ffcac7b9000 	C:\Windows\System32\KERNEL32.DLL
0x00007ffcaa430000 - 0x00007ffcaa824000 	C:\Windows\System32\KERNELBASE.dll
0x00007ffca9870000 - 0x00007ffca99bb000 	C:\Windows\System32\ucrtbase.dll
0x00007ffc855e0000 - 0x00007ffc855f8000 	c:\Users\User\.vscode\extensions\redhat.java-1.53.0-win32-x64\jre\21.0.10-win32-x86_64\bin\jli.dll
0x00007ffc85860000 - 0x00007ffc8587e000 	c:\Users\User\.vscode\extensions\redhat.java-1.53.0-win32-x64\jre\21.0.10-win32-x86_64\bin\VCRUNTIME140.dll
0x00007ffcacbe0000 - 0x00007ffcacda5000 	C:\Windows\System32\USER32.dll
0x00007ffcaab80000 - 0x00007ffcaaba7000 	C:\Windows\System32\win32u.dll
0x00007ffc84230000 - 0x00007ffc844c3000 	C:\Windows\WinSxS\amd64_microsoft.windows.common-controls_6595b64144ccf1df_6.0.26100.8115_none_3e075c82e3354f9c\COMCTL32.dll
0x00007ffcac9f0000 - 0x00007ffcaca1b000 	C:\Windows\System32\GDI32.dll
0x00007ffcac410000 - 0x00007ffcac4b9000 	C:\Windows\System32\msvcrt.dll
0x00007ffcaaa50000 - 0x00007ffcaab7a000 	C:\Windows\System32\gdi32full.dll
0x00007ffca9b10000 - 0x00007ffca9bb3000 	C:\Windows\System32\msvcp_win.dll
0x00007ffcabb60000 - 0x00007ffcabb92000 	C:\Windows\System32\IMM32.DLL
0x00007ffca2280000 - 0x00007ffca228c000 	c:\Users\User\.vscode\extensions\redhat.java-1.53.0-win32-x64\jre\21.0.10-win32-x86_64\bin\vcruntime140_1.dll
0x00007ffc85550000 - 0x00007ffc855dd000 	c:\Users\User\.vscode\extensions\redhat.java-1.53.0-win32-x64\jre\21.0.10-win32-x86_64\bin\msvcp140.dll
0x00007ffc22fc0000 - 0x00007ffc23d61000 	c:\Users\User\.vscode\extensions\redhat.java-1.53.0-win32-x64\jre\21.0.10-win32-x86_64\bin\server\jvm.dll
0x00007ffcaae30000 - 0x00007ffcaaee6000 	C:\Windows\System32\ADVAPI32.dll
0x00007ffcab710000 - 0x00007ffcab7b7000 	C:\Windows\System32\sechost.dll
0x00007ffcaca20000 - 0x00007ffcacb38000 	C:\Windows\System32\RPCRT4.dll
0x00007ffcac8a0000 - 0x00007ffcac920000 	C:\Windows\System32\WS2_32.dll
0x00007ffca96f0000 - 0x00007ffca974e000 	C:\Windows\SYSTEM32\POWRPROF.dll
0x00007ffc9f460000 - 0x00007ffc9f496000 	C:\Windows\SYSTEM32\WINMM.dll
0x00007ffc97680000 - 0x00007ffc9768b000 	C:\Windows\SYSTEM32\VERSION.dll
0x00007ffca96d0000 - 0x00007ffca96e4000 	C:\Windows\SYSTEM32\UMPDC.dll
0x00007ffca8600000 - 0x00007ffca861b000 	C:\Windows\SYSTEM32\kernel.appcore.dll
0x00007ffca2180000 - 0x00007ffca218a000 	c:\Users\User\.vscode\extensions\redhat.java-1.53.0-win32-x64\jre\21.0.10-win32-x86_64\bin\jimage.dll
0x00007ffca7710000 - 0x00007ffca7952000 	C:\Windows\SYSTEM32\DBGHELP.DLL
0x00007ffcab7c0000 - 0x00007ffcabb42000 	C:\Windows\System32\combase.dll
0x00007ffcac7c0000 - 0x00007ffcac897000 	C:\Windows\System32\OLEAUT32.dll
0x00007ffc81220000 - 0x00007ffc8125b000 	C:\Windows\SYSTEM32\dbgcore.DLL
0x00007ffcaa830000 - 0x00007ffcaa8d5000 	C:\Windows\System32\bcryptPrimitives.dll
0x00007ffc97840000 - 0x00007ffc9784f000 	c:\Users\User\.vscode\extensions\redhat.java-1.53.0-win32-x64\jre\21.0.10-win32-x86_64\bin\instrument.dll
0x00007ffc853f0000 - 0x00007ffc85410000 	c:\Users\User\.vscode\extensions\redhat.java-1.53.0-win32-x64\jre\21.0.10-win32-x86_64\bin\java.dll
0x00007ffcabba0000 - 0x00007ffcac306000 	C:\Windows\System32\SHELL32.dll
0x00007ffcaa8e0000 - 0x00007ffcaaa4a000 	C:\Windows\System32\wintypes.dll
0x00007ffca9bc0000 - 0x00007ffcaa425000 	C:\Windows\System32\windows.storage.dll
0x00007ffcac310000 - 0x00007ffcac407000 	C:\Windows\System32\SHCORE.dll
0x00007ffcacdc0000 - 0x00007ffcace26000 	C:\Windows\System32\shlwapi.dll
0x00007ffca9790000 - 0x00007ffca97b9000 	C:\Windows\SYSTEM32\profapi.dll
0x00007ffc853d0000 - 0x00007ffc853e8000 	c:\Users\User\.vscode\extensions\redhat.java-1.53.0-win32-x64\jre\21.0.10-win32-x86_64\bin\zip.dll
0x00007ffc85980000 - 0x00007ffc85990000 	C:\Users\User\.vscode\extensions\redhat.java-1.53.0-win32-x64\jre\21.0.10-win32-x86_64\bin\net.dll
0x00007ffc98710000 - 0x00007ffc9883d000 	C:\Windows\SYSTEM32\WINHTTP.dll
0x00007ffca8b70000 - 0x00007ffca8bdc000 	C:\Windows\system32\mswsock.dll
0x00007ffc858f0000 - 0x00007ffc85906000 	C:\Users\User\.vscode\extensions\redhat.java-1.53.0-win32-x64\jre\21.0.10-win32-x86_64\bin\nio.dll
0x00007ffc858e0000 - 0x00007ffc858f0000 	c:\Users\User\.vscode\extensions\redhat.java-1.53.0-win32-x64\jre\21.0.10-win32-x86_64\bin\verify.dll
0x00007ffc79a10000 - 0x00007ffc79a55000 	C:\Users\User\AppData\Roaming\Code\User\globalStorage\redhat.java\1.53.0\config_ss_win\org.eclipse.equinox.launcher\org.eclipse.equinox.launcher.win32.win32.x86_64_1.3.0.v20260203-2149\eclipse_11919.dll
0x00007ffcab570000 - 0x00007ffcab707000 	C:\Windows\System32\ole32.dll
0x00007ffca8e60000 - 0x00007ffca8e7b000 	C:\Windows\SYSTEM32\CRYPTSP.dll
0x00007ffca8560000 - 0x00007ffca8599000 	C:\Windows\system32\rsaenh.dll
0x00007ffca8c20000 - 0x00007ffca8c53000 	C:\Windows\SYSTEM32\USERENV.dll
0x00007ffca9760000 - 0x00007ffca978a000 	C:\Windows\SYSTEM32\bcrypt.dll
0x00007ffca8e50000 - 0x00007ffca8e5c000 	C:\Windows\SYSTEM32\CRYPTBASE.dll
0x00007ffca7fc0000 - 0x00007ffca7ff2000 	C:\Windows\SYSTEM32\IPHLPAPI.DLL
0x00007ffcacdb0000 - 0x00007ffcacdba000 	C:\Windows\System32\NSI.dll
0x00007ffc79970000 - 0x00007ffc799b9000 	C:\Users\User\AppData\Local\Temp\jna-2645995\jna6541354025818975580.dll
0x00007ffcacef0000 - 0x00007ffcacef8000 	C:\Windows\System32\PSAPI.DLL

JVMTI agents:
c:\Users\User\.vscode\extensions\redhat.java-1.53.0-win32-x64\lombok\lombok-1.18.39-4050.jar path:c:\Users\User\.vscode\extensions\redhat.java-1.53.0-win32-x64\jre\21.0.10-win32-x86_64\bin\instrument.dll, loaded, initialized, instrumentlib options:none

dbghelp: loaded successfully - version: 4.0.5 - missing functions: none
symbol engine: initialized successfully - sym options: 0x614 - pdb path: .;c:\Users\User\.vscode\extensions\redhat.java-1.53.0-win32-x64\jre\21.0.10-win32-x86_64\bin;C:\Windows\SYSTEM32;C:\Windows\WinSxS\amd64_microsoft.windows.common-controls_6595b64144ccf1df_6.0.26100.8115_none_3e075c82e3354f9c;c:\Users\User\.vscode\extensions\redhat.java-1.53.0-win32-x64\jre\21.0.10-win32-x86_64\bin\server;C:\Users\User\AppData\Roaming\Code\User\globalStorage\redhat.java\1.53.0\config_ss_win\org.eclipse.equinox.launcher\org.eclipse.equinox.launcher.win32.win32.x86_64_1.3.0.v20260203-2149;C:\Users\User\AppData\Local\Temp\jna-2645995

VM Arguments:
jvm_args: --add-modules=ALL-SYSTEM --add-opens=java.base/java.util=ALL-UNNAMED --add-opens=java.base/java.lang=ALL-UNNAMED --add-opens=java.base/sun.nio.fs=ALL-UNNAMED -Declipse.application=org.eclipse.jdt.ls.core.id1 -Dosgi.bundles.defaultStartLevel=4 -Declipse.product=org.eclipse.jdt.ls.core.product -Djava.import.generatesMetadataFilesAtProjectRoot=false -DDetectVMInstallationsJob.disabled=true -Dfile.encoding=utf8 -XX:+UseParallelGC -XX:GCTimeRatio=4 -XX:AdaptiveSizePolicyWeight=90 -Dsun.zip.disableMemoryMapping=true -Xmx2G -Xms100m -Xlog:disable -javaagent:c:\Users\User\.vscode\extensions\redhat.java-1.53.0-win32-x64\lombok\lombok-1.18.39-4050.jar 
java_command: c:\Users\User\.vscode\extensions\redhat.java-1.53.0-win32-x64\server\plugins\org.eclipse.equinox.launcher_1.7.100.v20251111-0406.jar -configuration c:\Users\User\AppData\Roaming\Code\User\globalStorage\redhat.java\1.53.0\config_ss_win -data c:\Users\User\AppData\Roaming\Code\User\workspaceStorage\4e14a4f493637fc3defc8d62c21426ba\redhat.java\ss_ws --pipe=\\.\pipe\lsp-e9cb593f933b0ebfbdfd6d870d40c8c6-sock
java_class_path (initial): c:\Users\User\.vscode\extensions\redhat.java-1.53.0-win32-x64\server\plugins\org.eclipse.equinox.launcher_1.7.100.v20251111-0406.jar
Launcher Type: SUN_STANDARD

[Global flags]
    uintx AdaptiveSizePolicyWeight                 = 90                                        {product} {command line}
     intx CICompilerCount                          = 4                                         {product} {ergonomic}
    uintx GCTimeRatio                              = 4                                         {product} {command line}
   size_t InitialHeapSize                          = 104857600                                 {product} {command line}
   size_t MaxHeapSize                              = 2147483648                                {product} {command line}
   size_t MaxNewSize                               = 715653120                                 {product} {ergonomic}
   size_t MinHeapDeltaBytes                        = 524288                                    {product} {ergonomic}
   size_t MinHeapSize                              = 104857600                                 {product} {command line}
   size_t NewSize                                  = 34603008                                  {product} {ergonomic}
    uintx NonNMethodCodeHeapSize                   = 5839372                                {pd product} {ergonomic}
    uintx NonProfiledCodeHeapSize                  = 122909434                              {pd product} {ergonomic}
   size_t OldSize                                  = 70254592                                  {product} {ergonomic}
    uintx ProfiledCodeHeapSize                     = 122909434                              {pd product} {ergonomic}
    uintx ReservedCodeCacheSize                    = 251658240                              {pd product} {ergonomic}
     bool SegmentedCodeCache                       = true                                      {product} {ergonomic}
   size_t SoftMaxHeapSize                          = 2147483648                             {manageable} {ergonomic}
     bool UseCompressedOops                        = true                           {product lp64_product} {ergonomic}
     bool UseLargePagesIndividualAllocation        = false                                  {pd product} {ergonomic}
     bool UseParallelGC                            = true                                      {product} {command line}

Logging:
Log output configuration:
 #0: stdout all=off uptime,level,tags foldmultilines=false
 #1: stderr all=off uptime,level,tags foldmultilines=false

Release file:
JAVA_VERSION="21.0.10" 
MODULES="java.base java.compiler java.datatransfer java.xml java.prefs java.desktop java.instrument java.logging java.management java.security.sasl java.naming java.rmi java.management.rmi java.net.http java.scripting java.security.jgss java.transaction.xa java.sql java.sql.rowset java.xml.crypto java.se java.smartcardio jdk.accessibility jdk.internal.jvmstat jdk.attach jdk.charsets jdk.internal.opt jdk.zipfs jdk.compiler jdk.crypto.ec jdk.crypto.cryptoki jdk.crypto.mscapi jdk.dynalink jdk.internal.ed jdk.editpad jdk.hotspot.agent jdk.httpserver jdk.internal.le jdk.internal.vm.ci jdk.internal.vm.compiler jdk.internal.vm.compiler.management jdk.jartool jdk.javadoc jdk.jcmd jdk.management jdk.management.agent jdk.jconsole jdk.jdeps jdk.jdwp.agent jdk.jdi jdk.jfr jdk.jshell jdk.jsobject jdk.jstatd jdk.localedata jdk.management.jfr jdk.naming.dns jdk.naming.rmi jdk.net jdk.nio.mapmode jdk.random jdk.sctp jdk.security.auth jdk.security.jgss jdk.unsupported jdk.unsupported.desktop jdk.xml.dom" 

Environment Variables:
JAVA_HOME=C:\Program Files\Eclipse Adoptium\jdk-17.0.18.8-hotspot\
PATH=C:\Users\User\AppData\Local\Programs\Microsoft VS Code;C:\Program Files\Eclipse Adoptium\jdk-17.0.18.8-hotspot\bin;C:\Program Files (x86)\Common Files\Oracle\Java\javapath;C:\Windows\system32;C:\Windows;C:\Windows\System32\Wbem;C:\Windows\System32\WindowsPowerShell\v1.0\;C:\Windows\System32\OpenSSH\;C:\Program Files\Git\cmd;C:\ProgramData\chocolatey\bin;C:\Program Files\dotnet\;C:\Users\User\AppData\Local\Microsoft\WindowsApps;C:\Users\User\AppData\Local\Programs\Microsoft VS Code\bin;C:\Users\User\AppData\Local\GitHubDesktop\bin;C:\Program Files\JetBrains\IntelliJ IDEA 2025.3.2\bin;C:\Users\User\AppData\Local\Python\bin
USERNAME=User
OS=Windows_NT
PROCESSOR_IDENTIFIER=Intel64 Family 6 Model 154 Stepping 4, GenuineIntel
TMP=C:\Users\User\AppData\Local\Temp
TEMP=C:\Users\User\AppData\Local\Temp




Periodic native trim disabled

---------------  S Y S T E M  ---------------

OS:
 Windows 11 , 64 bit Build 26100 (10.0.26100.8115)
OS uptime: 0 days 3:42 hours
Hyper-V role detected

CPU: total 8 (initial active 8) (4 cores per cpu, 2 threads per core) family 6 model 154 stepping 4 microcode 0x437, cx8, cmov, fxsr, ht, mmx, 3dnowpref, sse, sse2, sse3, ssse3, sse4.1, sse4.2, popcnt, lzcnt, tsc, tscinvbit, avx, avx2, aes, erms, clmul, bmi1, bmi2, adx, sha, fma, vzeroupper, clflush, clflushopt, clwb, hv, serialize, rdtscp, rdpid, fsrm, f16c, cet_ibt, cet_ss
Processor Information for processor 0
  Max Mhz: 1200, Current Mhz: 1200, Mhz Limit: 1200
Processor Information for processor 1
  Max Mhz: 1200, Current Mhz: 1200, Mhz Limit: 1200
Processor Information for processor 2
  Max Mhz: 1200, Current Mhz: 1200, Mhz Limit: 1200
Processor Information for processor 3
  Max Mhz: 1200, Current Mhz: 1200, Mhz Limit: 1200
Processor Information for processor 4
  Max Mhz: 1200, Current Mhz: 900, Mhz Limit: 900
Processor Information for processor 5
  Max Mhz: 1200, Current Mhz: 900, Mhz Limit: 900
Processor Information for processor 6
  Max Mhz: 1200, Current Mhz: 900, Mhz Limit: 900
Processor Information for processor 7
  Max Mhz: 1200, Current Mhz: 900, Mhz Limit: 900

Memory: 4k page, system-wide physical 16057M (8501M free)
TotalPageFile size 35191M (AvailPageFile size 4M)
current process WorkingSet (physical memory assigned to process): 145M, peak: 149M
current process commit charge ("private bytes"): 280M, peak: 283M

vm_info: OpenJDK 64-Bit Server VM (21.0.10+7-LTS) for windows-amd64 JRE (21.0.10+7-LTS), built on 2026-01-20T00:00:00Z by "admin" with MS VC++ 17.12 (VS2022)

END.
