#
# There is insufficient memory for the Java Runtime Environment to continue.
# Native memory allocation (malloc) failed to allocate 1048576 bytes. Error detail: AllocateHeap
# Possible reasons:
#   The system is out of physical RAM or swap space
#   This process is running with CompressedOops enabled, and the Java Heap may be blocking the growth of the native heap
# Possible solutions:
#   Reduce memory load on the system
#   Increase physical memory or swap space
#   Check if swap backing store is full
#   Decrease Java heap size (-Xmx/-Xms)
#   Decrease number of Java threads
#   Decrease Java thread stack sizes (-Xss)
#   Set larger code cache with -XX:ReservedCodeCacheSize=
#   JVM is running with Unscaled Compressed Oops mode in which the Java heap is
#     placed in the first 4GB address space. The Java Heap base address is the
#     maximum limit for the native heap growth. Please use -XX:HeapBaseMinAddress
#     to set the Java Heap base and to place the Java Heap above 4GB virtual address.
# This output file may be truncated or incomplete.
#
#  Out of Memory Error (allocation.cpp:44), pid=4652, tid=24904
#
# JRE version: OpenJDK Runtime Environment Temurin-21.0.10+7 (21.0.10+7) (build 21.0.10+7-LTS)
# Java VM: OpenJDK 64-Bit Server VM Temurin-21.0.10+7 (21.0.10+7-LTS, mixed mode, sharing, tiered, compressed oops, compressed class ptrs, parallel gc, windows-amd64)
# No core dump will be written. Minidumps are not enabled by default on client versions of Windows
#

---------------  S U M M A R Y ------------

Command Line: --add-modules=ALL-SYSTEM --add-opens=java.base/java.util=ALL-UNNAMED --add-opens=java.base/java.lang=ALL-UNNAMED --add-opens=java.base/sun.nio.fs=ALL-UNNAMED -Declipse.application=org.eclipse.jdt.ls.core.id1 -Dosgi.bundles.defaultStartLevel=4 -Declipse.product=org.eclipse.jdt.ls.core.product -Djava.import.generatesMetadataFilesAtProjectRoot=false -DDetectVMInstallationsJob.disabled=true -Dfile.encoding=utf8 -XX:+UseParallelGC -XX:GCTimeRatio=4 -XX:AdaptiveSizePolicyWeight=90 -Dsun.zip.disableMemoryMapping=true -Xmx2G -Xms100m -Xlog:disable -javaagent:c:\Users\User\.vscode\extensions\redhat.java-1.53.0-win32-x64\lombok\lombok-1.18.39-4050.jar -XX:+HeapDumpOnOutOfMemoryError -XX:HeapDumpPath=c:\Users\User\AppData\Roaming\Code\User\workspaceStorage\c5569fb98b53a5d29c62dc571740dfb3\redhat.java -Daether.dependencyCollector.impl=bf c:\Users\User\.vscode\extensions\redhat.java-1.53.0-win32-x64\server\plugins\org.eclipse.equinox.launcher_1.7.100.v20251111-0406.jar -configuration c:\Users\User\AppData\Roaming\Code\User\globalStorage\redhat.java\1.53.0\config_win -data c:\Users\User\AppData\Roaming\Code\User\workspaceStorage\c5569fb98b53a5d29c62dc571740dfb3\redhat.java\jdt_ws --pipe=\\.\pipe\lsp-3bc60fafcd4c6c2ea479dbbe33cd8006-sock

Host: 12th Gen Intel(R) Core(TM) i3-1215U, 8 cores, 15G,  Windows 11 , 64 bit Build 26100 (10.0.26100.7920)
Time: Fri Mar 27 14:40:43 2026 E. Africa Standard Time elapsed time: 1800.694321 seconds (0d 0h 30m 0s)

---------------  T H R E A D  ---------------

Current thread (0x000001f0d3a29b20):  JavaThread "Attach Listener" daemon [_thread_in_vm, id=24904, stack(0x000000a52d700000,0x000000a52d800000) (1024K)]

Stack: [0x000000a52d700000,0x000000a52d800000]
Native frames: (J=compiled Java code, j=interpreted, Vv=VM code, C=native code)
V  [jvm.dll+0x6d7a39]
V  [jvm.dll+0x8b4b26]
V  [jvm.dll+0x8b70de]
V  [jvm.dll+0x8b77c3]
V  [jvm.dll+0x284346]
V  [jvm.dll+0xc1277]
V  [jvm.dll+0x6d82e9]
V  [jvm.dll+0x1334a6]
V  [jvm.dll+0x3f857e]
V  [jvm.dll+0x85f59d]
V  [jvm.dll+0x6d626d]
C  [ucrtbase.dll+0x37b0]
C  [KERNEL32.DLL+0x2e8d7]
C  [ntdll.dll+0x8c48c]


---------------  P R O C E S S  ---------------

Threads class SMR info:
_java_thread_list=0x000001f11cd606b0, length=35, elements={
0x000001f0bcfad470, 0x000001f0bd06b240, 0x000001f0bd06e630, 0x000001f0d3a26d30,
0x000001f0d3a29b20, 0x000001f0d3a2f350, 0x000001f0d3a368a0, 0x000001f0d3a3db20,
0x000001f0d3a3f130, 0x000001f1164f07b0, 0x000001f1164ed330, 0x000001f1164ed9c0,
0x000001f1164ee050, 0x000001f1164ee6e0, 0x000001f1164eed70, 0x000001f1164efa90,
0x000001f1164f0120, 0x000001f1164ef400, 0x000001f11b629c30, 0x000001f11b62a2c0,
0x000001f11b62b670, 0x000001f11b62bd00, 0x000001f11b628f10, 0x000001f11b62ca20,
0x000001f11b6295a0, 0x000001f11b62fea0, 0x000001f11b62ddd0, 0x000001f11b630530,
0x000001f11b62eaf0, 0x000001f11b62f180, 0x000001f11b62f810, 0x000001f11b62d0b0,
0x000001f11d49bf80, 0x000001f11d499190, 0x000001f11e425970
}

Java Threads: ( => current thread )
  0x000001f0bcfad470 JavaThread "main"                              [_thread_blocked, id=9808, stack(0x000000a52d000000,0x000000a52d100000) (1024K)]
  0x000001f0bd06b240 JavaThread "Reference Handler"          daemon [_thread_blocked, id=8160, stack(0x000000a52d400000,0x000000a52d500000) (1024K)]
  0x000001f0bd06e630 JavaThread "Finalizer"                  daemon [_thread_blocked, id=18056, stack(0x000000a52d500000,0x000000a52d600000) (1024K)]
  0x000001f0d3a26d30 JavaThread "Signal Dispatcher"          daemon [_thread_blocked, id=21004, stack(0x000000a52d600000,0x000000a52d700000) (1024K)]
=>0x000001f0d3a29b20 JavaThread "Attach Listener"            daemon [_thread_in_vm, id=24904, stack(0x000000a52d700000,0x000000a52d800000) (1024K)]
  0x000001f0d3a2f350 JavaThread "Service Thread"             daemon [_thread_blocked, id=10224, stack(0x000000a52d800000,0x000000a52d900000) (1024K)]
  0x000001f0d3a368a0 JavaThread "Monitor Deflation Thread"   daemon [_thread_blocked, id=14208, stack(0x000000a52d900000,0x000000a52da00000) (1024K)]
  0x000001f0d3a3db20 JavaThread "C2 CompilerThread0"         daemon [_thread_blocked, id=22840, stack(0x000000a52da00000,0x000000a52db00000) (1024K)]
  0x000001f0d3a3f130 JavaThread "C1 CompilerThread0"         daemon [_thread_blocked, id=20392, stack(0x000000a52db00000,0x000000a52dc00000) (1024K)]
  0x000001f1164f07b0 JavaThread "Common-Cleaner"             daemon [_thread_blocked, id=13288, stack(0x000000a52dd00000,0x000000a52de00000) (1024K)]
  0x000001f1164ed330 JavaThread "Notification Thread"        daemon [_thread_blocked, id=17124, stack(0x000000a52de00000,0x000000a52df00000) (1024K)]
  0x000001f1164ed9c0 JavaThread "Active Thread: Equinox Container: 5ac9e340-558e-4b63-9e89-4232b7121f38"        [_thread_blocked, id=15812, stack(0x000000a52e600000,0x000000a52e700000) (1024K)]
  0x000001f1164ee050 JavaThread "Refresh Thread: Equinox Container: 5ac9e340-558e-4b63-9e89-4232b7121f38" daemon [_thread_blocked, id=3504, stack(0x000000a52df00000,0x000000a52e000000) (1024K)]
  0x000001f1164ee6e0 JavaThread "Framework Event Dispatcher: Equinox Container: 5ac9e340-558e-4b63-9e89-4232b7121f38" daemon [_thread_blocked, id=6196, stack(0x000000a52e700000,0x000000a52e800000) (1024K)]
  0x000001f1164eed70 JavaThread "Start Level: Equinox Container: 5ac9e340-558e-4b63-9e89-4232b7121f38" daemon [_thread_blocked, id=10416, stack(0x000000a52e800000,0x000000a52e900000) (1024K)]
  0x000001f1164efa90 JavaThread "Bundle File Closer"         daemon [_thread_blocked, id=21852, stack(0x000000a52ea00000,0x000000a52eb00000) (1024K)]
  0x000001f1164f0120 JavaThread "SCR Component Actor"        daemon [_thread_blocked, id=20848, stack(0x000000a52e900000,0x000000a52ea00000) (1024K)]
  0x000001f1164ef400 JavaThread "Worker-JM"                         [_thread_blocked, id=20636, stack(0x000000a52cd00000,0x000000a52ce00000) (1024K)]
  0x000001f11b629c30 JavaThread "JNA Cleaner"                daemon [_thread_blocked, id=22656, stack(0x000000a52ed00000,0x000000a52ee00000) (1024K)]
  0x000001f11b62a2c0 JavaThread "Worker-0"                          [_thread_blocked, id=12212, stack(0x000000a52ee00000,0x000000a52ef00000) (1024K)]
  0x000001f11b62b670 JavaThread "Java indexing"              daemon [_thread_blocked, id=12620, stack(0x000000a52f000000,0x000000a52f100000) (1024K)]
  0x000001f11b62bd00 JavaThread "Worker-2"                          [_thread_blocked, id=19312, stack(0x000000a52f300000,0x000000a52f400000) (1024K)]
  0x000001f11b628f10 JavaThread "Thread-1"                   daemon [_thread_in_native, id=25120, stack(0x000000a52f500000,0x000000a52f600000) (1024K)]
  0x000001f11b62ca20 JavaThread "Thread-2"                   daemon [_thread_in_native, id=10368, stack(0x000000a52f600000,0x000000a52f700000) (1024K)]
  0x000001f11b6295a0 JavaThread "Thread-3"                   daemon [_thread_in_native, id=10284, stack(0x000000a52f700000,0x000000a52f800000) (1024K)]
  0x000001f11b62fea0 JavaThread "Thread-4"                   daemon [_thread_in_native, id=22024, stack(0x000000a52f800000,0x000000a52f900000) (1024K)]
  0x000001f11b62ddd0 JavaThread "Thread-5"                   daemon [_thread_in_native, id=13180, stack(0x000000a52f900000,0x000000a52fa00000) (1024K)]
  0x000001f11b630530 JavaThread "Thread-6"                   daemon [_thread_in_native, id=9116, stack(0x000000a52fa00000,0x000000a52fb00000) (1024K)]
  0x000001f11b62eaf0 JavaThread "Thread-7"                   daemon [_thread_in_native, id=24720, stack(0x000000a52fb00000,0x000000a52fc00000) (1024K)]
  0x000001f11b62f180 JavaThread "Thread-8"                   daemon [_thread_in_native, id=780, stack(0x000000a52fc00000,0x000000a52fd00000) (1024K)]
  0x000001f11b62f810 JavaThread "Thread-9"                   daemon [_thread_in_native, id=15412, stack(0x000000a52fd00000,0x000000a52fe00000) (1024K)]
  0x000001f11b62d0b0 JavaThread "pool-2-thread-1"                   [_thread_blocked, id=9408, stack(0x000000a52ff00000,0x000000a530000000) (1024K)]
  0x000001f11d49bf80 JavaThread "WorkspaceEventsHandler"            [_thread_blocked, id=1964, stack(0x000000a530200000,0x000000a530300000) (1024K)]
  0x000001f11d499190 JavaThread "pool-1-thread-1"                   [_thread_blocked, id=25028, stack(0x000000a530300000,0x000000a530400000) (1024K)]
  0x000001f11e425970 JavaThread "Cleaner-0"                  daemon [_thread_blocked, id=9712, stack(0x000000a530c00000,0x000000a530d00000) (1024K)]
Total: 35

Other Threads:
  0x000001f0d3a20ac0 VMThread "VM Thread"                           [id=11524, stack(0x000000a52d300000,0x000000a52d400000) (1024K)]
  0x000001f0d393ca00 WatcherThread "VM Periodic Task Thread"        [id=2328, stack(0x000000a52d200000,0x000000a52d300000) (1024K)]
  0x000001f0bcfcb660 WorkerThread "GC Thread#0"                     [id=12780, stack(0x000000a52d100000,0x000000a52d200000) (1024K)]
  0x000001f116cf2750 WorkerThread "GC Thread#1"                     [id=6284, stack(0x000000a52e000000,0x000000a52e100000) (1024K)]
  0x000001f116cf2b00 WorkerThread "GC Thread#2"                     [id=20200, stack(0x000000a52e100000,0x000000a52e200000) (1024K)]
  0x000001f116cf2eb0 WorkerThread "GC Thread#3"                     [id=3536, stack(0x000000a52e200000,0x000000a52e300000) (1024K)]
  0x000001f116cf3260 WorkerThread "GC Thread#4"                     [id=1392, stack(0x000000a52e300000,0x000000a52e400000) (1024K)]
  0x000001f116cf3610 WorkerThread "GC Thread#5"                     [id=25180, stack(0x000000a52e400000,0x000000a52e500000) (1024K)]
  0x000001f116d6a580 WorkerThread "GC Thread#6"                     [id=6724, stack(0x000000a52e500000,0x000000a52e600000) (1024K)]
  0x000001f116ed1e60 WorkerThread "GC Thread#7"                     [id=10940, stack(0x000000a52dc00000,0x000000a52dd00000) (1024K)]
Total: 10

Threads with active compile tasks:
Total: 0

VM state: not at safepoint (normal execution)

VM Mutex/Monitor currently owned by a thread: None

Heap address: 0x0000000080000000, size: 2048 MB, Compressed Oops mode: 32-bit

CDS archive(s) mapped at: [0x000001f0d4000000-0x000001f0d4ba0000-0x000001f0d4ba0000), size 12189696, SharedBaseAddress: 0x000001f0d4000000, ArchiveRelocationMode: 1.
Compressed class space mapped at: 0x000001f0d5000000-0x000001f115000000, reserved size: 1073741824
Narrow klass base: 0x000001f0d4000000, Narrow klass shift: 0, Narrow klass range: 0x100000000

GC Precious Log:
 CardTable entry size: 512
 CPUs: 8 total, 8 available
 Memory: 16057M
 Large Page Support: Disabled
 NUMA Support: Disabled
 Compressed Oops: Enabled (32-bit)
 Alignments: Space 512K, Generation 512K, Heap 2M
 Heap Min Capacity: 100M
 Heap Initial Capacity: 100M
 Heap Max Capacity: 2G
 Pre-touch: Disabled
 Parallel Workers: 8

Heap:
 PSYoungGen      total 20480K, used 13676K [0x00000000d5580000, 0x00000000d6c00000, 0x0000000100000000)
  eden space 17920K, 64% used [0x00000000d5580000,0x00000000d60c9f60,0x00000000d6700000)
  from space 2560K, 82% used [0x00000000d6700000,0x00000000d6911378,0x00000000d6980000)
  to   space 2560K, 0% used [0x00000000d6980000,0x00000000d6980000,0x00000000d6c00000)
 ParOldGen       total 68608K, used 45372K [0x0000000080000000, 0x0000000084300000, 0x00000000d5580000)
  object space 68608K, 66% used [0x0000000080000000,0x0000000082c4f2d8,0x0000000084300000)
 Metaspace       used 66520K, committed 67968K, reserved 1114112K
  class space    used 7175K, committed 7808K, reserved 1048576K

Card table byte_map: [0x000001f0bc950000,0x000001f0bcd60000] _byte_map_base: 0x000001f0bc550000

Marking Bits: (ParMarkBitMap*) 0x00007ffb4f6c3450
 Begin Bits: [0x000001f0cf460000, 0x000001f0d1460000)
 End Bits:   [0x000001f0d1460000, 0x000001f0d3460000)

Polling page: 0x000001f0baf50000

Metaspace:

Usage:
  Non-class:     57.95 MB used.
      Class:      7.01 MB used.
       Both:     64.96 MB used.

Virtual space:
  Non-class space:       64.00 MB reserved,      58.75 MB ( 92%) committed,  1 nodes.
      Class space:        1.00 GB reserved,       7.62 MB ( <1%) committed,  1 nodes.
             Both:        1.06 GB reserved,      66.38 MB (  6%) committed. 

Chunk freelists:
   Non-Class:  5.20 MB
       Class:  8.19 MB
        Both:  13.39 MB

MaxMetaspaceSize: unlimited
CompressedClassSpaceSize: 1.00 GB
Initial GC threshold: 21.00 MB
Current GC threshold: 97.31 MB
CDS: on
 - commit_granule_bytes: 65536.
 - commit_granule_words: 8192.
 - virtual_space_node_default_size: 8388608.
 - enlarge_chunks_in_place: 1.
 - use_allocation_guard: 0.


Internal statistics:

num_allocs_failed_limit: 9.
num_arena_births: 1006.
num_arena_deaths: 14.
num_vsnodes_births: 2.
num_vsnodes_deaths: 0.
num_space_committed: 1062.
num_space_uncommitted: 0.
num_chunks_returned_to_freelist: 23.
num_chunks_taken_from_freelist: 3834.
num_chunk_merges: 11.
num_chunk_splits: 2404.
num_chunks_enlarged: 1432.
num_inconsistent_stats: 0.

CodeHeap 'non-profiled nmethods': size=120000Kb used=5362Kb max_used=5362Kb free=114637Kb
 bounds [0x000001f0c7c80000, 0x000001f0c81c0000, 0x000001f0cf1b0000]
CodeHeap 'profiled nmethods': size=120000Kb used=17085Kb max_used=17085Kb free=102914Kb
 bounds [0x000001f0c01b0000, 0x000001f0c1260000, 0x000001f0c76e0000]
CodeHeap 'non-nmethods': size=5760Kb used=1476Kb max_used=1568Kb free=4283Kb
 bounds [0x000001f0c76e0000, 0x000001f0c7950000, 0x000001f0c7c80000]
CodeCache: size=245760Kb, used=23923Kb, max_used=24015Kb, free=221834Kb
 total_blobs=8775, nmethods=7983, adapters=698, full_count=0
Compilation: enabled, stopped_count=0, restarted_count=0

Compilation events (20 events):
Event: 1142.126 Thread 0x000001f0d3a3f130 8736       3       java.util.concurrent.ScheduledThreadPoolExecutor$DelayedWorkQueue::add (6 bytes)
Event: 1142.126 Thread 0x000001f0d3a3f130 nmethod 8736 0x000001f0c125b490 code [0x000001f0c125b640, 0x000001f0c125b798]
Event: 1152.864 Thread 0x000001f0d3a3f130 8737       3       java.util.concurrent.ScheduledThreadPoolExecutor$DelayedWorkQueue::finishPoll (43 bytes)
Event: 1152.865 Thread 0x000001f0d3a3f130 nmethod 8737 0x000001f0c125b890 code [0x000001f0c125ba60, 0x000001f0c125bfe8]
Event: 1152.865 Thread 0x000001f0d3a3f130 8738       3       java.util.concurrent.ScheduledThreadPoolExecutor$ScheduledFutureTask::run (57 bytes)
Event: 1152.865 Thread 0x000001f0d3a3f130 nmethod 8738 0x000001f0c125c190 code [0x000001f0c125c3c0, 0x000001f0c125c930]
Event: 1177.456 Thread 0x000001f0d3a3f130 8739       3       java.util.concurrent.locks.AbstractQueuedSynchronizer$ConditionObject::unlinkCancelledWaiters (91 bytes)
Event: 1177.457 Thread 0x000001f0d3a3f130 nmethod 8739 0x000001f0c125cb10 code [0x000001f0c125ccc0, 0x000001f0c125d050]
Event: 1312.947 Thread 0x000001f0d3a3f130 8740       1       org.eclipse.jdt.ls.core.internal.LanguageServerApplication::getParentProcessId (5 bytes)
Event: 1312.947 Thread 0x000001f0d3a3f130 nmethod 8740 0x000001f0c81bc310 code [0x000001f0c81bc4a0, 0x000001f0c81bc568]
Event: 1352.478 Thread 0x000001f0d3a3f130 8741       3       jdk.internal.misc.VM::isSystemDomainLoader (17 bytes)
Event: 1352.479 Thread 0x000001f0d3a3f130 nmethod 8741 0x000001f0c125d190 code [0x000001f0c125d360, 0x000001f0c125d6c8]
Event: 1590.883 Thread 0x000001f0d3a3f130 8742       3       java.util.concurrent.atomic.AtomicLong::weakCompareAndSetVolatile (13 bytes)
Event: 1590.883 Thread 0x000001f0d3a3f130 nmethod 8742 0x000001f0c125d810 code [0x000001f0c125d9c0, 0x000001f0c125db20]
Event: 1712.568 Thread 0x000001f0d3a3f130 8743       1       com.sun.jna.internal.Cleaner::access$100 (5 bytes)
Event: 1712.569 Thread 0x000001f0d3a3f130 nmethod 8743 0x000001f0c81bc610 code [0x000001f0c81bc7a0, 0x000001f0c81bc850]
Event: 1723.198 Thread 0x000001f0d3a3f130 8744       3       java.util.concurrent.locks.AbstractQueuedSynchronizer$ConditionObject::awaitNanos (202 bytes)
Event: 1723.200 Thread 0x000001f0d3a3f130 nmethod 8744 0x000001f0c125dc10 code [0x000001f0c125df00, 0x000001f0c125ed90]
Event: 1742.231 Thread 0x000001f0d3a3f130 8745       3       java.util.concurrent.locks.AbstractQueuedSynchronizer$Node::setStatusRelaxed (12 bytes)
Event: 1742.231 Thread 0x000001f0d3a3f130 nmethod 8745 0x000001f0c125f390 code [0x000001f0c125f520, 0x000001f0c125f638]

GC Heap History (20 events):
Event: 35.312 GC heap before
{Heap before GC invocations=29 (full 2):
 PSYoungGen      total 20480K, used 20480K [0x00000000d5580000, 0x00000000d7800000, 0x0000000100000000)
  eden space 18944K, 100% used [0x00000000d5580000,0x00000000d6800000,0x00000000d6800000)
  from space 1536K, 100% used [0x00000000d6e80000,0x00000000d7000000,0x00000000d7000000)
  to   space 6656K, 0% used [0x00000000d6800000,0x00000000d6800000,0x00000000d6e80000)
 ParOldGen       total 68608K, used 40328K [0x0000000080000000, 0x0000000084300000, 0x00000000d5580000)
  object space 68608K, 58% used [0x0000000080000000,0x0000000082762228,0x0000000084300000)
 Metaspace       used 54700K, committed 55872K, reserved 1114112K
  class space    used 6027K, committed 6528K, reserved 1048576K
}
Event: 35.314 GC heap after
{Heap after GC invocations=29 (full 2):
 PSYoungGen      total 19968K, used 925K [0x00000000d5580000, 0x00000000d6f00000, 0x0000000100000000)
  eden space 18944K, 0% used [0x00000000d5580000,0x00000000d5580000,0x00000000d6800000)
  from space 1024K, 90% used [0x00000000d6800000,0x00000000d68e74e0,0x00000000d6900000)
  to   space 3072K, 0% used [0x00000000d6c00000,0x00000000d6c00000,0x00000000d6f00000)
 ParOldGen       total 68608K, used 41870K [0x0000000080000000, 0x0000000084300000, 0x00000000d5580000)
  object space 68608K, 61% used [0x0000000080000000,0x00000000828e3b28,0x0000000084300000)
 Metaspace       used 54700K, committed 55872K, reserved 1114112K
  class space    used 6027K, committed 6528K, reserved 1048576K
}
Event: 35.552 GC heap before
{Heap before GC invocations=30 (full 2):
 PSYoungGen      total 19968K, used 19862K [0x00000000d5580000, 0x00000000d6f00000, 0x0000000100000000)
  eden space 18944K, 99% used [0x00000000d5580000,0x00000000d67fe340,0x00000000d6800000)
  from space 1024K, 90% used [0x00000000d6800000,0x00000000d68e74e0,0x00000000d6900000)
  to   space 3072K, 0% used [0x00000000d6c00000,0x00000000d6c00000,0x00000000d6f00000)
 ParOldGen       total 68608K, used 41870K [0x0000000080000000, 0x0000000084300000, 0x00000000d5580000)
  object space 68608K, 61% used [0x0000000080000000,0x00000000828e3b28,0x0000000084300000)
 Metaspace       used 56160K, committed 57408K, reserved 1114112K
  class space    used 6156K, committed 6656K, reserved 1048576K
}
Event: 35.555 GC heap after
{Heap after GC invocations=30 (full 2):
 PSYoungGen      total 19968K, used 813K [0x00000000d5580000, 0x00000000d6d00000, 0x0000000100000000)
  eden space 18944K, 0% used [0x00000000d5580000,0x00000000d5580000,0x00000000d6800000)
  from space 1024K, 79% used [0x00000000d6c00000,0x00000000d6ccb650,0x00000000d6d00000)
  to   space 1536K, 0% used [0x00000000d6a00000,0x00000000d6a00000,0x00000000d6b80000)
 ParOldGen       total 68608K, used 42565K [0x0000000080000000, 0x0000000084300000, 0x00000000d5580000)
  object space 68608K, 62% used [0x0000000080000000,0x0000000082991660,0x0000000084300000)
 Metaspace       used 56160K, committed 57408K, reserved 1114112K
  class space    used 6156K, committed 6656K, reserved 1048576K
}
Event: 35.617 GC heap before
{Heap before GC invocations=31 (full 2):
 PSYoungGen      total 19968K, used 19757K [0x00000000d5580000, 0x00000000d6d00000, 0x0000000100000000)
  eden space 18944K, 100% used [0x00000000d5580000,0x00000000d6800000,0x00000000d6800000)
  from space 1024K, 79% used [0x00000000d6c00000,0x00000000d6ccb650,0x00000000d6d00000)
  to   space 1536K, 0% used [0x00000000d6a00000,0x00000000d6a00000,0x00000000d6b80000)
 ParOldGen       total 68608K, used 42565K [0x0000000080000000, 0x0000000084300000, 0x00000000d5580000)
  object space 68608K, 62% used [0x0000000080000000,0x0000000082991660,0x0000000084300000)
 Metaspace       used 56194K, committed 57408K, reserved 1114112K
  class space    used 6157K, committed 6656K, reserved 1048576K
}
Event: 35.618 GC heap after
{Heap after GC invocations=31 (full 2):
 PSYoungGen      total 20480K, used 717K [0x00000000d5580000, 0x00000000d6c80000, 0x0000000100000000)
  eden space 18944K, 0% used [0x00000000d5580000,0x00000000d5580000,0x00000000d6800000)
  from space 1536K, 46% used [0x00000000d6a00000,0x00000000d6ab34d0,0x00000000d6b80000)
  to   space 1024K, 0% used [0x00000000d6b80000,0x00000000d6b80000,0x00000000d6c80000)
 ParOldGen       total 68608K, used 43235K [0x0000000080000000, 0x0000000084300000, 0x00000000d5580000)
  object space 68608K, 63% used [0x0000000080000000,0x0000000082a38cb0,0x0000000084300000)
 Metaspace       used 56194K, committed 57408K, reserved 1114112K
  class space    used 6157K, committed 6656K, reserved 1048576K
}
Event: 35.670 GC heap before
{Heap before GC invocations=32 (full 2):
 PSYoungGen      total 20480K, used 19661K [0x00000000d5580000, 0x00000000d6c80000, 0x0000000100000000)
  eden space 18944K, 100% used [0x00000000d5580000,0x00000000d6800000,0x00000000d6800000)
  from space 1536K, 46% used [0x00000000d6a00000,0x00000000d6ab34d0,0x00000000d6b80000)
  to   space 1024K, 0% used [0x00000000d6b80000,0x00000000d6b80000,0x00000000d6c80000)
 ParOldGen       total 68608K, used 43235K [0x0000000080000000, 0x0000000084300000, 0x00000000d5580000)
  object space 68608K, 63% used [0x0000000080000000,0x0000000082a38cb0,0x0000000084300000)
 Metaspace       used 56740K, committed 57984K, reserved 1114112K
  class space    used 6205K, committed 6720K, reserved 1048576K
}
Event: 35.671 GC heap after
{Heap after GC invocations=32 (full 2):
 PSYoungGen      total 19456K, used 192K [0x00000000d5580000, 0x00000000d6c00000, 0x0000000100000000)
  eden space 18944K, 0% used [0x00000000d5580000,0x00000000d5580000,0x00000000d6800000)
  from space 512K, 37% used [0x00000000d6b80000,0x00000000d6bb0000,0x00000000d6c00000)
  to   space 512K, 0% used [0x00000000d6b00000,0x00000000d6b00000,0x00000000d6b80000)
 ParOldGen       total 68608K, used 43259K [0x0000000080000000, 0x0000000084300000, 0x00000000d5580000)
  object space 68608K, 63% used [0x0000000080000000,0x0000000082a3ecb0,0x0000000084300000)
 Metaspace       used 56740K, committed 57984K, reserved 1114112K
  class space    used 6205K, committed 6720K, reserved 1048576K
}
Event: 35.948 GC heap before
{Heap before GC invocations=33 (full 2):
 PSYoungGen      total 19456K, used 14738K [0x00000000d5580000, 0x00000000d6c00000, 0x0000000100000000)
  eden space 18944K, 76% used [0x00000000d5580000,0x00000000d63b4a10,0x00000000d6800000)
  from space 512K, 37% used [0x00000000d6b80000,0x00000000d6bb0000,0x00000000d6c00000)
  to   space 512K, 0% used [0x00000000d6b00000,0x00000000d6b00000,0x00000000d6b80000)
 ParOldGen       total 68608K, used 43259K [0x0000000080000000, 0x0000000084300000, 0x00000000d5580000)
  object space 68608K, 63% used [0x0000000080000000,0x0000000082a3ecb0,0x0000000084300000)
 Metaspace       used 58626K, committed 59776K, reserved 1114112K
  class space    used 6387K, committed 6912K, reserved 1048576K
}
Event: 35.949 GC heap after
{Heap after GC invocations=33 (full 2):
 PSYoungGen      total 19456K, used 485K [0x00000000d5580000, 0x00000000d6c00000, 0x0000000100000000)
  eden space 18944K, 0% used [0x00000000d5580000,0x00000000d5580000,0x00000000d6800000)
  from space 512K, 94% used [0x00000000d6b00000,0x00000000d6b795f0,0x00000000d6b80000)
  to   space 512K, 0% used [0x00000000d6b80000,0x00000000d6b80000,0x00000000d6c00000)
 ParOldGen       total 68608K, used 43508K [0x0000000080000000, 0x0000000084300000, 0x00000000d5580000)
  object space 68608K, 63% used [0x0000000080000000,0x0000000082a7d3a8,0x0000000084300000)
 Metaspace       used 58626K, committed 59776K, reserved 1114112K
  class space    used 6387K, committed 6912K, reserved 1048576K
}
Event: 35.949 GC heap before
{Heap before GC invocations=34 (full 3):
 PSYoungGen      total 19456K, used 485K [0x00000000d5580000, 0x00000000d6c00000, 0x0000000100000000)
  eden space 18944K, 0% used [0x00000000d5580000,0x00000000d5580000,0x00000000d6800000)
  from space 512K, 94% used [0x00000000d6b00000,0x00000000d6b795f0,0x00000000d6b80000)
  to   space 512K, 0% used [0x00000000d6b80000,0x00000000d6b80000,0x00000000d6c00000)
 ParOldGen       total 68608K, used 43508K [0x0000000080000000, 0x0000000084300000, 0x00000000d5580000)
  object space 68608K, 63% used [0x0000000080000000,0x0000000082a7d3a8,0x0000000084300000)
 Metaspace       used 58626K, committed 59776K, reserved 1114112K
  class space    used 6387K, committed 6912K, reserved 1048576K
}
Event: 36.013 GC heap after
{Heap after GC invocations=34 (full 3):
 PSYoungGen      total 19456K, used 0K [0x00000000d5580000, 0x00000000d6c00000, 0x0000000100000000)
  eden space 18944K, 0% used [0x00000000d5580000,0x00000000d5580000,0x00000000d6800000)
  from space 512K, 0% used [0x00000000d6b00000,0x00000000d6b00000,0x00000000d6b80000)
  to   space 512K, 0% used [0x00000000d6b80000,0x00000000d6b80000,0x00000000d6c00000)
 ParOldGen       total 68608K, used 41557K [0x0000000080000000, 0x0000000084300000, 0x00000000d5580000)
  object space 68608K, 60% used [0x0000000080000000,0x00000000828955b8,0x0000000084300000)
 Metaspace       used 58626K, committed 59776K, reserved 1114112K
  class space    used 6387K, committed 6912K, reserved 1048576K
}
Event: 36.387 GC heap before
{Heap before GC invocations=35 (full 3):
 PSYoungGen      total 19456K, used 18944K [0x00000000d5580000, 0x00000000d6c00000, 0x0000000100000000)
  eden space 18944K, 100% used [0x00000000d5580000,0x00000000d6800000,0x00000000d6800000)
  from space 512K, 0% used [0x00000000d6b00000,0x00000000d6b00000,0x00000000d6b80000)
  to   space 512K, 0% used [0x00000000d6b80000,0x00000000d6b80000,0x00000000d6c00000)
 ParOldGen       total 68608K, used 41557K [0x0000000080000000, 0x0000000084300000, 0x00000000d5580000)
  object space 68608K, 60% used [0x0000000080000000,0x00000000828955b8,0x0000000084300000)
 Metaspace       used 61320K, committed 62592K, reserved 1114112K
  class space    used 6678K, committed 7232K, reserved 1048576K
}
Event: 36.390 GC heap after
{Heap after GC invocations=35 (full 3):
 PSYoungGen      total 19456K, used 498K [0x00000000d5580000, 0x00000000d6c00000, 0x0000000100000000)
  eden space 18944K, 0% used [0x00000000d5580000,0x00000000d5580000,0x00000000d6800000)
  from space 512K, 97% used [0x00000000d6b80000,0x00000000d6bfcb08,0x00000000d6c00000)
  to   space 1536K, 0% used [0x00000000d6900000,0x00000000d6900000,0x00000000d6a80000)
 ParOldGen       total 68608K, used 42260K [0x0000000080000000, 0x0000000084300000, 0x00000000d5580000)
  object space 68608K, 61% used [0x0000000080000000,0x0000000082945150,0x0000000084300000)
 Metaspace       used 61320K, committed 62592K, reserved 1114112K
  class space    used 6678K, committed 7232K, reserved 1048576K
}
Event: 36.623 GC heap before
{Heap before GC invocations=36 (full 3):
 PSYoungGen      total 19456K, used 18677K [0x00000000d5580000, 0x00000000d6c00000, 0x0000000100000000)
  eden space 18944K, 95% used [0x00000000d5580000,0x00000000d6740c10,0x00000000d6800000)
  from space 512K, 97% used [0x00000000d6b80000,0x00000000d6bfcb08,0x00000000d6c00000)
  to   space 1536K, 0% used [0x00000000d6900000,0x00000000d6900000,0x00000000d6a80000)
 ParOldGen       total 68608K, used 42260K [0x0000000080000000, 0x0000000084300000, 0x00000000d5580000)
  object space 68608K, 61% used [0x0000000080000000,0x0000000082945150,0x0000000084300000)
 Metaspace       used 63265K, committed 64640K, reserved 1114112K
  class space    used 6870K, committed 7488K, reserved 1048576K
}
Event: 36.626 GC heap after
{Heap after GC invocations=36 (full 3):
 PSYoungGen      total 20480K, used 992K [0x00000000d5580000, 0x00000000d6c00000, 0x0000000100000000)
  eden space 18944K, 0% used [0x00000000d5580000,0x00000000d5580000,0x00000000d6800000)
  from space 1536K, 64% used [0x00000000d6900000,0x00000000d69f8040,0x00000000d6a80000)
  to   space 1536K, 0% used [0x00000000d6a80000,0x00000000d6a80000,0x00000000d6c00000)
 ParOldGen       total 68608K, used 42729K [0x0000000080000000, 0x0000000084300000, 0x00000000d5580000)
  object space 68608K, 62% used [0x0000000080000000,0x00000000829ba7b8,0x0000000084300000)
 Metaspace       used 63265K, committed 64640K, reserved 1114112K
  class space    used 6870K, committed 7488K, reserved 1048576K
}
Event: 36.921 GC heap before
{Heap before GC invocations=37 (full 3):
 PSYoungGen      total 20480K, used 19917K [0x00000000d5580000, 0x00000000d6c00000, 0x0000000100000000)
  eden space 18944K, 99% used [0x00000000d5580000,0x00000000d67fb4b0,0x00000000d6800000)
  from space 1536K, 64% used [0x00000000d6900000,0x00000000d69f8040,0x00000000d6a80000)
  to   space 1536K, 0% used [0x00000000d6a80000,0x00000000d6a80000,0x00000000d6c00000)
 ParOldGen       total 68608K, used 42729K [0x0000000080000000, 0x0000000084300000, 0x00000000d5580000)
  object space 68608K, 62% used [0x0000000080000000,0x00000000829ba7b8,0x0000000084300000)
 Metaspace       used 64618K, committed 66048K, reserved 1114112K
  class space    used 7010K, committed 7616K, reserved 1048576K
}
Event: 36.925 GC heap after
{Heap after GC invocations=37 (full 3):
 PSYoungGen      total 19456K, used 1523K [0x00000000d5580000, 0x00000000d6f00000, 0x0000000100000000)
  eden space 17920K, 0% used [0x00000000d5580000,0x00000000d5580000,0x00000000d6700000)
  from space 1536K, 99% used [0x00000000d6a80000,0x00000000d6bfcd80,0x00000000d6c00000)
  to   space 3584K, 0% used [0x00000000d6700000,0x00000000d6700000,0x00000000d6a80000)
 ParOldGen       total 68608K, used 43984K [0x0000000080000000, 0x0000000084300000, 0x00000000d5580000)
  object space 68608K, 64% used [0x0000000080000000,0x0000000082af4018,0x0000000084300000)
 Metaspace       used 64618K, committed 66048K, reserved 1114112K
  class space    used 7010K, committed 7616K, reserved 1048576K
}
Event: 37.272 GC heap before
{Heap before GC invocations=38 (full 3):
 PSYoungGen      total 19456K, used 19443K [0x00000000d5580000, 0x00000000d6f00000, 0x0000000100000000)
  eden space 17920K, 99% used [0x00000000d5580000,0x00000000d66fffd0,0x00000000d6700000)
  from space 1536K, 99% used [0x00000000d6a80000,0x00000000d6bfcd80,0x00000000d6c00000)
  to   space 3584K, 0% used [0x00000000d6700000,0x00000000d6700000,0x00000000d6a80000)
 ParOldGen       total 68608K, used 43984K [0x0000000080000000, 0x0000000084300000, 0x00000000d5580000)
  object space 68608K, 64% used [0x0000000080000000,0x0000000082af4018,0x0000000084300000)
 Metaspace       used 65914K, committed 67328K, reserved 1114112K
  class space    used 7114K, committed 7680K, reserved 1048576K
}
Event: 37.276 GC heap after
{Heap after GC invocations=38 (full 3):
 PSYoungGen      total 20480K, used 2116K [0x00000000d5580000, 0x00000000d6c00000, 0x0000000100000000)
  eden space 17920K, 0% used [0x00000000d5580000,0x00000000d5580000,0x00000000d6700000)
  from space 2560K, 82% used [0x00000000d6700000,0x00000000d6911378,0x00000000d6980000)
  to   space 2560K, 0% used [0x00000000d6980000,0x00000000d6980000,0x00000000d6c00000)
 ParOldGen       total 68608K, used 45372K [0x0000000080000000, 0x0000000084300000, 0x00000000d5580000)
  object space 68608K, 66% used [0x0000000080000000,0x0000000082c4f2d8,0x0000000084300000)
 Metaspace       used 65914K, committed 67328K, reserved 1114112K
  class space    used 7114K, committed 7680K, reserved 1048576K
}

Dll operation events (12 events):
Event: 0.016 Loaded shared library c:\Users\User\.vscode\extensions\redhat.java-1.53.0-win32-x64\jre\21.0.10-win32-x86_64\bin\java.dll
Event: 0.120 Loaded shared library c:\Users\User\.vscode\extensions\redhat.java-1.53.0-win32-x64\jre\21.0.10-win32-x86_64\bin\zip.dll
Event: 0.160 Loaded shared library C:\Users\User\.vscode\extensions\redhat.java-1.53.0-win32-x64\jre\21.0.10-win32-x86_64\bin\instrument.dll
Event: 0.245 Loaded shared library C:\Users\User\.vscode\extensions\redhat.java-1.53.0-win32-x64\jre\21.0.10-win32-x86_64\bin\net.dll
Event: 0.308 Loaded shared library C:\Users\User\.vscode\extensions\redhat.java-1.53.0-win32-x64\jre\21.0.10-win32-x86_64\bin\nio.dll
Event: 0.312 Loaded shared library C:\Users\User\.vscode\extensions\redhat.java-1.53.0-win32-x64\jre\21.0.10-win32-x86_64\bin\zip.dll
Event: 0.339 Loaded shared library C:\Users\User\.vscode\extensions\redhat.java-1.53.0-win32-x64\jre\21.0.10-win32-x86_64\bin\jimage.dll
Event: 0.485 Loaded shared library c:\Users\User\.vscode\extensions\redhat.java-1.53.0-win32-x64\jre\21.0.10-win32-x86_64\bin\verify.dll
Event: 15.335 Loaded shared library C:\Users\User\AppData\Roaming\Code\User\globalStorage\redhat.java\1.53.0\config_win\org.eclipse.equinox.launcher\org.eclipse.equinox.launcher.win32.win32.x86_64_1.3.0.v20260203-2149\eclipse_11919.dll
Event: 30.626 Loaded shared library C:\Users\User\AppData\Local\Temp\jna-2645995\jna12094512270297793062.dll
Event: 32.049 Loaded shared library C:\Users\User\.vscode\extensions\redhat.java-1.53.0-win32-x64\jre\21.0.10-win32-x86_64\bin\sunmscapi.dll
Event: 32.464 Loaded shared library C:\Users\User\.vscode\extensions\redhat.java-1.53.0-win32-x64\jre\21.0.10-win32-x86_64\bin\extnet.dll

Deoptimization events (20 events):
Event: 36.926 Thread 0x000001f11d499eb0 Uncommon trap: trap_request=0xffffff45 fr.pc=0x000001f0c801106c relative=0x000000000000016c
Event: 36.926 Thread 0x000001f11d499eb0 Uncommon trap: reason=unstable_if action=reinterpret pc=0x000001f0c801106c method=org.eclipse.jdt.internal.core.util.WeakHashSet.cleanupGarbageCollectedValues()V @ 140 c2
Event: 36.926 Thread 0x000001f11d499eb0 DEOPT PACKING pc=0x000001f0c801106c sp=0x000000a530afd5e0
Event: 36.926 Thread 0x000001f11d499eb0 DEOPT UNPACKING pc=0x000001f0c7733aa2 sp=0x000000a530afd560 mode 2
Event: 36.981 Thread 0x000001f11d498b00 Uncommon trap: trap_request=0xffffff45 fr.pc=0x000001f0c814b494 relative=0x0000000000003e94
Event: 36.981 Thread 0x000001f11d498b00 Uncommon trap: reason=unstable_if action=reinterpret pc=0x000001f0c814b494 method=org.eclipse.jdt.internal.compiler.parser.Parser.consumeRule(I)V @ 1 c2
Event: 36.981 Thread 0x000001f11d498b00 DEOPT PACKING pc=0x000001f0c814b494 sp=0x000000a5307fe050
Event: 36.981 Thread 0x000001f11d498b00 DEOPT UNPACKING pc=0x000001f0c7733aa2 sp=0x000000a5307fdff0 mode 2
Event: 37.374 Thread 0x000001f11e424c50 Uncommon trap: trap_request=0xffffffde fr.pc=0x000001f0c7e59c18 relative=0x0000000000000078
Event: 37.374 Thread 0x000001f11e424c50 Uncommon trap: reason=class_check action=maybe_recompile pc=0x000001f0c7e59c18 method=java.util.LinkedHashMap.afterNodeInsertion(Z)V @ 15 c2
Event: 37.374 Thread 0x000001f11e424c50 DEOPT PACKING pc=0x000001f0c7e59c18 sp=0x000000a530bfedf0
Event: 37.374 Thread 0x000001f11e424c50 DEOPT UNPACKING pc=0x000001f0c7733aa2 sp=0x000000a530bfed68 mode 2
Event: 38.587 Thread 0x000001f11d49b260 Uncommon trap: trap_request=0xffffffc6 fr.pc=0x000001f0c8119f94 relative=0x0000000000000534
Event: 38.587 Thread 0x000001f11d49b260 Uncommon trap: reason=bimorphic_or_optimized_type_check action=maybe_recompile pc=0x000001f0c8119f94 method=java.util.HashMap.removeNode(ILjava/lang/Object;Ljava/lang/Object;ZZ)Ljava/util/HashMap$Node; @ 283 c2
Event: 38.587 Thread 0x000001f11d49b260 DEOPT PACKING pc=0x000001f0c8119f94 sp=0x000000a5305ff0e0
Event: 38.587 Thread 0x000001f11d49b260 DEOPT UNPACKING pc=0x000001f0c7733aa2 sp=0x000000a5305fefe8 mode 2
Event: 330.807 Thread 0x000001f11b62bd00 Uncommon trap: trap_request=0xffffff45 fr.pc=0x000001f0c8067594 relative=0x00000000000000f4
Event: 330.807 Thread 0x000001f11b62bd00 Uncommon trap: reason=unstable_if action=reinterpret pc=0x000001f0c8067594 method=java.lang.ThreadLocal$ThreadLocalMap.getEntryAfterMiss(Ljava/lang/ThreadLocal;ILjava/lang/ThreadLocal$ThreadLocalMap$Entry;)Ljava/lang/ThreadLocal$ThreadLocalMap$Entry; @ 30
Event: 330.807 Thread 0x000001f11b62bd00 DEOPT PACKING pc=0x000001f0c8067594 sp=0x000000a52f3fe470
Event: 330.808 Thread 0x000001f11b62bd00 DEOPT UNPACKING pc=0x000001f0c7733aa2 sp=0x000000a52f3fe3f0 mode 2

Classes loaded (20 events):
Event: 36.557 Loading class java/util/Hashtable$KeySet
Event: 36.557 Loading class java/util/Hashtable$KeySet done
Event: 36.802 Loading class javax/xml/transform/TransformerConfigurationException
Event: 36.803 Loading class javax/xml/transform/TransformerConfigurationException done
Event: 36.823 Loading class java/util/LinkedList$LLSpliterator
Event: 36.823 Loading class java/util/LinkedList$LLSpliterator done
Event: 36.914 Loading class java/util/AbstractList$RandomAccessSubList
Event: 36.914 Loading class java/util/AbstractList$SubList
Event: 36.914 Loading class java/util/AbstractList$SubList done
Event: 36.914 Loading class java/util/AbstractList$RandomAccessSubList done
Event: 36.915 Loading class java/util/AbstractList$SubList$1
Event: 36.916 Loading class java/util/AbstractList$SubList$1 done
Event: 37.098 Loading class jdk/internal/ref/CleanerImpl$InnocuousThreadFactory
Event: 37.098 Loading class jdk/internal/ref/CleanerImpl$InnocuousThreadFactory done
Event: 38.587 Loading class sun/security/ssl/Alert
Event: 38.588 Loading class sun/security/ssl/Alert done
Event: 38.588 Loading class sun/security/ssl/Alert$AlertConsumer
Event: 38.589 Loading class sun/security/ssl/Alert$AlertConsumer done
Event: 38.589 Loading class sun/security/ssl/Alert$Level
Event: 38.589 Loading class sun/security/ssl/Alert$Level done

Classes unloaded (7 events):
Event: 31.151 Thread 0x000001f0d3a20ac0 Unloading class 0x000001f0d51a4800 'java/lang/invoke/LambdaForm$MH+0x000001f0d51a4800'
Event: 31.151 Thread 0x000001f0d3a20ac0 Unloading class 0x000001f0d51a4400 'java/lang/invoke/LambdaForm$MH+0x000001f0d51a4400'
Event: 31.151 Thread 0x000001f0d3a20ac0 Unloading class 0x000001f0d51a4000 'java/lang/invoke/LambdaForm$MH+0x000001f0d51a4000'
Event: 31.151 Thread 0x000001f0d3a20ac0 Unloading class 0x000001f0d51a3c00 'java/lang/invoke/LambdaForm$MH+0x000001f0d51a3c00'
Event: 31.151 Thread 0x000001f0d3a20ac0 Unloading class 0x000001f0d51a3800 'java/lang/invoke/LambdaForm$BMH+0x000001f0d51a3800'
Event: 31.151 Thread 0x000001f0d3a20ac0 Unloading class 0x000001f0d51a3400 'java/lang/invoke/LambdaForm$DMH+0x000001f0d51a3400'
Event: 31.151 Thread 0x000001f0d3a20ac0 Unloading class 0x000001f0d51a2000 'java/lang/invoke/LambdaForm$DMH+0x000001f0d51a2000'

Classes redefined (0 events):
No events

Internal exceptions (20 events):
Event: 36.594 Thread 0x000001f11b62a950 Exception <a 'sun/nio/fs/WindowsException'{0x00000000d65ed5a8}> (0x00000000d65ed5a8) 
thrown [s\src\hotspot\share\prims\jni.cpp, line 520]
Event: 36.594 Thread 0x000001f11b62a950 Exception <a 'sun/nio/fs/WindowsException'{0x00000000d65edcc0}> (0x00000000d65edcc0) 
thrown [s\src\hotspot\share\prims\jni.cpp, line 520]
Event: 36.594 Thread 0x000001f11b62a950 Exception <a 'sun/nio/fs/WindowsException'{0x00000000d65eeba8}> (0x00000000d65eeba8) 
thrown [s\src\hotspot\share\prims\jni.cpp, line 520]
Event: 36.594 Thread 0x000001f11b62a950 Exception <a 'sun/nio/fs/WindowsException'{0x00000000d65ef2c0}> (0x00000000d65ef2c0) 
thrown [s\src\hotspot\share\prims\jni.cpp, line 520]
Event: 36.747 Thread 0x000001f11b62a950 Exception <a 'java/lang/NoSuchMethodError'{0x00000000d59e1050}: 'java.lang.Object java.lang.invoke.DirectMethodHandle$Holder.invokeStatic(java.lang.Object, java.lang.Object, int, java.lang.Object)'> (0x00000000d59e1050) 
thrown [s\src\hotspot\share\interpreter\linkResolver.cpp, line 773]
Event: 36.748 Thread 0x000001f11b62a950 Exception <a 'java/lang/NoSuchMethodError'{0x00000000d59e7680}: 'java.lang.Object java.lang.invoke.DirectMethodHandle$Holder.newInvokeSpecial(java.lang.Object, java.lang.Object, int)'> (0x00000000d59e7680) 
thrown [s\src\hotspot\share\interpreter\linkResolver.cpp, line 773]
Event: 36.769 Thread 0x000001f11d49a540 Exception <a 'sun/nio/fs/WindowsException'{0x00000000d5a88a58}> (0x00000000d5a88a58) 
thrown [s\src\hotspot\share\prims\jni.cpp, line 520]
Event: 36.769 Thread 0x000001f11d49a540 Exception <a 'sun/nio/fs/WindowsException'{0x00000000d5a89420}> (0x00000000d5a89420) 
thrown [s\src\hotspot\share\prims\jni.cpp, line 520]
Event: 36.769 Thread 0x000001f11d49a540 Exception <a 'sun/nio/fs/WindowsException'{0x00000000d5a8a5e0}> (0x00000000d5a8a5e0) 
thrown [s\src\hotspot\share\prims\jni.cpp, line 520]
Event: 36.770 Thread 0x000001f11d49a540 Exception <a 'sun/nio/fs/WindowsException'{0x00000000d5a8afa8}> (0x00000000d5a8afa8) 
thrown [s\src\hotspot\share\prims\jni.cpp, line 520]
Event: 36.770 Thread 0x000001f11d49a540 Exception <a 'sun/nio/fs/WindowsException'{0x00000000d5a8c870}> (0x00000000d5a8c870) 
thrown [s\src\hotspot\share\prims\jni.cpp, line 520]
Event: 36.770 Thread 0x000001f11d49a540 Exception <a 'sun/nio/fs/WindowsException'{0x00000000d5a8d238}> (0x00000000d5a8d238) 
thrown [s\src\hotspot\share\prims\jni.cpp, line 520]
Event: 36.771 Thread 0x000001f11d49a540 Exception <a 'sun/nio/fs/WindowsException'{0x00000000d5a8e3d0}> (0x00000000d5a8e3d0) 
thrown [s\src\hotspot\share\prims\jni.cpp, line 520]
Event: 36.771 Thread 0x000001f11d49a540 Exception <a 'sun/nio/fs/WindowsException'{0x00000000d5a8eae8}> (0x00000000d5a8eae8) 
thrown [s\src\hotspot\share\prims\jni.cpp, line 520]
Event: 36.878 Thread 0x000001f11d498b00 Exception <a 'java/lang/NoSuchMethodError'{0x00000000d65d0078}: 'java.lang.Object java.lang.invoke.DirectMethodHandle$Holder.invokeStaticInit(java.lang.Object, java.lang.Object, java.lang.Object)'> (0x00000000d65d0078) 
thrown [s\src\hotspot\share\interpreter\linkResolver.cpp, line 773]
Event: 37.309 Thread 0x000001f11b62d740 Exception <a 'java/io/FileNotFoundException'{0x00000000d57358d8}> (0x00000000d57358d8) 
thrown [s\src\hotspot\share\prims\jni.cpp, line 520]
Event: 37.310 Thread 0x000001f11b62d740 Exception <a 'java/io/FileNotFoundException'{0x00000000d57368e0}> (0x00000000d57368e0) 
thrown [s\src\hotspot\share\prims\jni.cpp, line 520]
Event: 37.310 Thread 0x000001f11b62d740 Exception <a 'java/io/FileNotFoundException'{0x00000000d5755d90}> (0x00000000d5755d90) 
thrown [s\src\hotspot\share\prims\jni.cpp, line 520]
Event: 38.342 Thread 0x000001f11d499190 Exception <a 'java/lang/IncompatibleClassChangeError'{0x00000000d5e9bbc0}: Found class java.lang.Object, but interface was expected> (0x00000000d5e9bbc0) 
thrown [s\src\hotspot\share\interpreter\linkResolver.cpp, line 840]
Event: 38.347 Thread 0x000001f11e424c50 Exception <a 'java/lang/ArrayIndexOutOfBoundsException'{0x00000000d602c8b0}> (0x00000000d602c8b0) 
thrown [s\src\hotspot\share\runtime\sharedRuntime.cpp, line 625]

ZGC Phase Switch (0 events):
No events

VM Operations (20 events):
Event: 1142.092 Executing non-safepoint VM operation: HandshakeAllThreads (HandshakeForDeflation)
Event: 1142.093 Executing non-safepoint VM operation: HandshakeAllThreads (HandshakeForDeflation) done
Event: 1142.093 Executing non-safepoint VM operation: RendezvousGCThreads
Event: 1142.093 Executing non-safepoint VM operation: RendezvousGCThreads done
Event: 1382.799 Executing non-safepoint VM operation: HandshakeAllThreads (HandshakeForDeflation)
Event: 1382.799 Executing non-safepoint VM operation: HandshakeAllThreads (HandshakeForDeflation) done
Event: 1382.799 Executing non-safepoint VM operation: RendezvousGCThreads
Event: 1382.799 Executing non-safepoint VM operation: RendezvousGCThreads done
Event: 1563.288 Executing non-safepoint VM operation: HandshakeAllThreads (HandshakeForDeflation)
Event: 1563.288 Executing non-safepoint VM operation: HandshakeAllThreads (HandshakeForDeflation) done
Event: 1563.288 Executing non-safepoint VM operation: RendezvousGCThreads
Event: 1563.288 Executing non-safepoint VM operation: RendezvousGCThreads done
Event: 1623.508 Executing non-safepoint VM operation: HandshakeAllThreads (HandshakeForDeflation)
Event: 1623.508 Executing non-safepoint VM operation: HandshakeAllThreads (HandshakeForDeflation) done
Event: 1623.508 Executing non-safepoint VM operation: RendezvousGCThreads
Event: 1623.508 Executing non-safepoint VM operation: RendezvousGCThreads done
Event: 1743.794 Executing non-safepoint VM operation: HandshakeAllThreads (HandshakeForDeflation)
Event: 1743.794 Executing non-safepoint VM operation: HandshakeAllThreads (HandshakeForDeflation) done
Event: 1743.794 Executing non-safepoint VM operation: RendezvousGCThreads
Event: 1743.794 Executing non-safepoint VM operation: RendezvousGCThreads done

Memory protections (0 events):
No events

Nmethod flushes (20 events):
Event: 35.974 Thread 0x000001f0d3a20ac0 flushing  nmethod 0x000001f0c09f2990
Event: 35.974 Thread 0x000001f0d3a20ac0 flushing  nmethod 0x000001f0c09f2d10
Event: 35.974 Thread 0x000001f0d3a20ac0 flushing  nmethod 0x000001f0c09f4390
Event: 35.974 Thread 0x000001f0d3a20ac0 flushing  nmethod 0x000001f0c09f8b10
Event: 35.974 Thread 0x000001f0d3a20ac0 flushing  nmethod 0x000001f0c0a00c10
Event: 35.974 Thread 0x000001f0d3a20ac0 flushing  nmethod 0x000001f0c0a01090
Event: 35.974 Thread 0x000001f0d3a20ac0 flushing  nmethod 0x000001f0c0a02410
Event: 35.974 Thread 0x000001f0d3a20ac0 flushing  nmethod 0x000001f0c0a02a90
Event: 35.974 Thread 0x000001f0d3a20ac0 flushing  nmethod 0x000001f0c0a04110
Event: 35.974 Thread 0x000001f0d3a20ac0 flushing  nmethod 0x000001f0c0a06f90
Event: 35.974 Thread 0x000001f0d3a20ac0 flushing  nmethod 0x000001f0c0a09f10
Event: 35.974 Thread 0x000001f0d3a20ac0 flushing  nmethod 0x000001f0c0a0af90
Event: 35.974 Thread 0x000001f0d3a20ac0 flushing  nmethod 0x000001f0c0a11d10
Event: 35.974 Thread 0x000001f0d3a20ac0 flushing  nmethod 0x000001f0c0a17290
Event: 35.974 Thread 0x000001f0d3a20ac0 flushing  nmethod 0x000001f0c0a27590
Event: 35.974 Thread 0x000001f0d3a20ac0 flushing  nmethod 0x000001f0c0a35790
Event: 35.974 Thread 0x000001f0d3a20ac0 flushing  nmethod 0x000001f0c0a43810
Event: 35.974 Thread 0x000001f0d3a20ac0 flushing  nmethod 0x000001f0c0a7ff10
Event: 35.974 Thread 0x000001f0d3a20ac0 flushing  nmethod 0x000001f0c0a9c790
Event: 35.974 Thread 0x000001f0d3a20ac0 flushing  nmethod 0x000001f0c0abee90

Events (20 events):
Event: 34.221 Thread 0x000001f11b62a950 Thread added: 0x000001f11d49b8f0
Event: 34.222 Thread 0x000001f11d49b8f0 Thread added: 0x000001f11d498b00
Event: 34.222 Thread 0x000001f11d498b00 Thread added: 0x000001f11d49abd0
Event: 36.546 Thread 0x000001f11b62a2c0 Thread added: 0x000001f11d49a540
Event: 36.547 Thread 0x000001f11d49a540 Thread added: 0x000001f11d499eb0
Event: 36.621 Thread 0x000001f11d499190 Thread added: 0x000001f11e424c50
Event: 37.099 Thread 0x000001f11e424c50 Thread added: 0x000001f11e425970
Event: 37.637 Thread 0x000001f11683fac0 Thread exited: 0x000001f11683fac0
Event: 38.346 Thread 0x000001f11b2a0fa0 Thread exited: 0x000001f11b2a0fa0
Event: 43.602 Thread 0x000001f11d49b260 Thread exited: 0x000001f11d49b260
Event: 97.647 Thread 0x000001f11b62d740 Thread exited: 0x000001f11b62d740
Event: 97.647 Thread 0x000001f11b62c390 Thread exited: 0x000001f11b62c390
Event: 97.647 Thread 0x000001f11b62a950 Thread exited: 0x000001f11b62a950
Event: 97.704 Thread 0x000001f11b62e460 Thread exited: 0x000001f11b62e460
Event: 98.517 Thread 0x000001f11e424c50 Thread exited: 0x000001f11e424c50
Event: 158.528 Thread 0x000001f11d498b00 Thread exited: 0x000001f11d498b00
Event: 218.529 Thread 0x000001f11d499eb0 Thread exited: 0x000001f11d499eb0
Event: 278.544 Thread 0x000001f11d49abd0 Thread exited: 0x000001f11d49abd0
Event: 338.559 Thread 0x000001f11d49b8f0 Thread exited: 0x000001f11d49b8f0
Event: 398.567 Thread 0x000001f11d49a540 Thread exited: 0x000001f11d49a540


Dynamic libraries:
0x00007ff672fe0000 - 0x00007ff672fee000 	c:\Users\User\.vscode\extensions\redhat.java-1.53.0-win32-x64\jre\21.0.10-win32-x86_64\bin\java.exe
0x00007ffc14360000 - 0x00007ffc145c7000 	C:\Windows\SYSTEM32\ntdll.dll
0x00007ffc12a40000 - 0x00007ffc12b09000 	C:\Windows\System32\KERNEL32.DLL
0x00007ffc11c50000 - 0x00007ffc12041000 	C:\Windows\System32\KERNELBASE.dll
0x00007ffc11910000 - 0x00007ffc11a5b000 	C:\Windows\System32\ucrtbase.dll
0x00007ffbddcd0000 - 0x00007ffbddce8000 	c:\Users\User\.vscode\extensions\redhat.java-1.53.0-win32-x64\jre\21.0.10-win32-x86_64\bin\jli.dll
0x00007ffbe0800000 - 0x00007ffbe081e000 	c:\Users\User\.vscode\extensions\redhat.java-1.53.0-win32-x64\jre\21.0.10-win32-x86_64\bin\VCRUNTIME140.dll
0x00007ffbf2310000 - 0x00007ffbf25a3000 	C:\Windows\WinSxS\amd64_microsoft.windows.common-controls_6595b64144ccf1df_6.0.26100.8037_none_3e092faae333b53b\COMCTL32.dll
0x00007ffc126a0000 - 0x00007ffc12865000 	C:\Windows\System32\USER32.dll
0x00007ffc13f60000 - 0x00007ffc14009000 	C:\Windows\System32\msvcrt.dll
0x00007ffc11850000 - 0x00007ffc11877000 	C:\Windows\System32\win32u.dll
0x00007ffc134f0000 - 0x00007ffc1351b000 	C:\Windows\System32\GDI32.dll
0x00007ffc11b20000 - 0x00007ffc11c4b000 	C:\Windows\System32\gdi32full.dll
0x00007ffc114b0000 - 0x00007ffc11553000 	C:\Windows\System32\msvcp_win.dll
0x00007ffc14010000 - 0x00007ffc14041000 	C:\Windows\System32\IMM32.DLL
0x00007ffc00610000 - 0x00007ffc0061c000 	c:\Users\User\.vscode\extensions\redhat.java-1.53.0-win32-x64\jre\21.0.10-win32-x86_64\bin\vcruntime140_1.dll
0x00007ffb93080000 - 0x00007ffb9310d000 	c:\Users\User\.vscode\extensions\redhat.java-1.53.0-win32-x64\jre\21.0.10-win32-x86_64\bin\msvcp140.dll
0x00007ffb4ea00000 - 0x00007ffb4f7a1000 	c:\Users\User\.vscode\extensions\redhat.java-1.53.0-win32-x64\jre\21.0.10-win32-x86_64\bin\server\jvm.dll
0x00007ffc13520000 - 0x00007ffc135db000 	C:\Windows\System32\ADVAPI32.dll
0x00007ffc12390000 - 0x00007ffc12437000 	C:\Windows\System32\sechost.dll
0x00007ffc12100000 - 0x00007ffc12218000 	C:\Windows\System32\RPCRT4.dll
0x00007ffc12970000 - 0x00007ffc129e4000 	C:\Windows\System32\WS2_32.dll
0x00007ffbfe470000 - 0x00007ffbfe47b000 	C:\Windows\SYSTEM32\VERSION.dll
0x00007ffc10aa0000 - 0x00007ffc10afe000 	C:\Windows\SYSTEM32\POWRPROF.dll
0x00007ffc07280000 - 0x00007ffc072b5000 	C:\Windows\SYSTEM32\WINMM.dll
0x00007ffc10a80000 - 0x00007ffc10a94000 	C:\Windows\SYSTEM32\UMPDC.dll
0x00007ffc0f9d0000 - 0x00007ffc0f9eb000 	C:\Windows\SYSTEM32\kernel.appcore.dll
0x00007ffbffdc0000 - 0x00007ffbffdca000 	c:\Users\User\.vscode\extensions\redhat.java-1.53.0-win32-x64\jre\21.0.10-win32-x86_64\bin\jimage.dll
0x00007ffc0ecb0000 - 0x00007ffc0eef2000 	C:\Windows\SYSTEM32\DBGHELP.DLL
0x00007ffc13020000 - 0x00007ffc133a2000 	C:\Windows\System32\combase.dll
0x00007ffc133b0000 - 0x00007ffc13487000 	C:\Windows\System32\OLEAUT32.dll
0x00007ffbe6d60000 - 0x00007ffbe6d9b000 	C:\Windows\SYSTEM32\dbgcore.DLL
0x00007ffc12050000 - 0x00007ffc120f5000 	C:\Windows\System32\bcryptPrimitives.dll
0x00007ffbffd20000 - 0x00007ffbffd2f000 	c:\Users\User\.vscode\extensions\redhat.java-1.53.0-win32-x64\jre\21.0.10-win32-x86_64\bin\instrument.dll
0x00007ffbd63e0000 - 0x00007ffbd6400000 	c:\Users\User\.vscode\extensions\redhat.java-1.53.0-win32-x64\jre\21.0.10-win32-x86_64\bin\java.dll
0x00007ffc13670000 - 0x00007ffc13dcf000 	C:\Windows\System32\SHELL32.dll
0x00007ffc11560000 - 0x00007ffc116ca000 	C:\Windows\System32\wintypes.dll
0x00007ffc10c40000 - 0x00007ffc114a4000 	C:\Windows\System32\windows.storage.dll
0x00007ffc14220000 - 0x00007ffc14317000 	C:\Windows\System32\SHCORE.dll
0x00007ffc12320000 - 0x00007ffc12387000 	C:\Windows\System32\shlwapi.dll
0x00007ffc10b60000 - 0x00007ffc10b89000 	C:\Windows\SYSTEM32\profapi.dll
0x00007ffbd7be0000 - 0x00007ffbd7bf8000 	c:\Users\User\.vscode\extensions\redhat.java-1.53.0-win32-x64\jre\21.0.10-win32-x86_64\bin\zip.dll
0x00007ffbffc50000 - 0x00007ffbffc60000 	C:\Users\User\.vscode\extensions\redhat.java-1.53.0-win32-x64\jre\21.0.10-win32-x86_64\bin\net.dll
0x00007ffc01060000 - 0x00007ffc01187000 	C:\Windows\SYSTEM32\WINHTTP.dll
0x00007ffc0ff40000 - 0x00007ffc0ffab000 	C:\Windows\system32\mswsock.dll
0x00007ffbce110000 - 0x00007ffbce126000 	C:\Users\User\.vscode\extensions\redhat.java-1.53.0-win32-x64\jre\21.0.10-win32-x86_64\bin\nio.dll
0x00007ffbf9430000 - 0x00007ffbf9440000 	c:\Users\User\.vscode\extensions\redhat.java-1.53.0-win32-x64\jre\21.0.10-win32-x86_64\bin\verify.dll
0x00007ffbdddc0000 - 0x00007ffbdde05000 	C:\Users\User\AppData\Roaming\Code\User\globalStorage\redhat.java\1.53.0\config_win\org.eclipse.equinox.launcher\org.eclipse.equinox.launcher.win32.win32.x86_64_1.3.0.v20260203-2149\eclipse_11919.dll
0x00007ffc14050000 - 0x00007ffc141e5000 	C:\Windows\System32\ole32.dll
0x00007ffc10220000 - 0x00007ffc1023b000 	C:\Windows\SYSTEM32\CRYPTSP.dll
0x00007ffc0f930000 - 0x00007ffc0f969000 	C:\Windows\system32\rsaenh.dll
0x00007ffc0fff0000 - 0x00007ffc10022000 	C:\Windows\SYSTEM32\USERENV.dll
0x00007ffc10b30000 - 0x00007ffc10b5a000 	C:\Windows\SYSTEM32\bcrypt.dll
0x00007ffc10240000 - 0x00007ffc1024c000 	C:\Windows\SYSTEM32\CRYPTBASE.dll
0x00007ffc0f380000 - 0x00007ffc0f3b3000 	C:\Windows\SYSTEM32\IPHLPAPI.DLL
0x00007ffc12940000 - 0x00007ffc1294a000 	C:\Windows\System32\NSI.dll
0x00007ffb98460000 - 0x00007ffb984a9000 	C:\Users\User\AppData\Local\Temp\jna-2645995\jna12094512270297793062.dll
0x00007ffc12950000 - 0x00007ffc12958000 	C:\Windows\System32\PSAPI.DLL
0x00007ffc06fc0000 - 0x00007ffc06fdd000 	C:\Windows\SYSTEM32\dhcpcsvc6.DLL
0x00007ffc06f90000 - 0x00007ffc06fb3000 	C:\Windows\SYSTEM32\dhcpcsvc.DLL
0x00007ffc094c0000 - 0x00007ffc094ce000 	C:\Users\User\.vscode\extensions\redhat.java-1.53.0-win32-x64\jre\21.0.10-win32-x86_64\bin\sunmscapi.dll
0x00007ffc116d0000 - 0x00007ffc11847000 	C:\Windows\System32\CRYPT32.dll
0x00007ffc10440000 - 0x00007ffc10470000 	C:\Windows\SYSTEM32\ncrypt.dll
0x00007ffc103f0000 - 0x00007ffc1042f000 	C:\Windows\SYSTEM32\NTASN1.dll
0x00007ffc0f430000 - 0x00007ffc0f55a000 	C:\Windows\SYSTEM32\DNSAPI.dll
0x00007ffc06f80000 - 0x00007ffc06f8b000 	C:\Windows\System32\rasadhlp.dll
0x00007ffc07090000 - 0x00007ffc07116000 	C:\Windows\System32\fwpuclnt.dll
0x00007ffc00680000 - 0x00007ffc00689000 	C:\Users\User\.vscode\extensions\redhat.java-1.53.0-win32-x64\jre\21.0.10-win32-x86_64\bin\extnet.dll

JVMTI agents:
c:\Users\User\.vscode\extensions\redhat.java-1.53.0-win32-x64\lombok\lombok-1.18.39-4050.jar path:c:\Users\User\.vscode\extensions\redhat.java-1.53.0-win32-x64\jre\21.0.10-win32-x86_64\bin\instrument.dll, loaded, initialized, instrumentlib options:none

dbghelp: loaded successfully - version: 4.0.5 - missing functions: none
symbol engine: initialized successfully - sym options: 0x614 - pdb path: .;c:\Users\User\.vscode\extensions\redhat.java-1.53.0-win32-x64\jre\21.0.10-win32-x86_64\bin;C:\Windows\SYSTEM32;C:\Windows\WinSxS\amd64_microsoft.windows.common-controls_6595b64144ccf1df_6.0.26100.8037_none_3e092faae333b53b;c:\Users\User\.vscode\extensions\redhat.java-1.53.0-win32-x64\jre\21.0.10-win32-x86_64\bin\server;C:\Users\User\AppData\Roaming\Code\User\globalStorage\redhat.java\1.53.0\config_win\org.eclipse.equinox.launcher\org.eclipse.equinox.launcher.win32.win32.x86_64_1.3.0.v20260203-2149;C:\Users\User\AppData\Local\Temp\jna-2645995

VM Arguments:
jvm_args: --add-modules=ALL-SYSTEM --add-opens=java.base/java.util=ALL-UNNAMED --add-opens=java.base/java.lang=ALL-UNNAMED --add-opens=java.base/sun.nio.fs=ALL-UNNAMED -Declipse.application=org.eclipse.jdt.ls.core.id1 -Dosgi.bundles.defaultStartLevel=4 -Declipse.product=org.eclipse.jdt.ls.core.product -Djava.import.generatesMetadataFilesAtProjectRoot=false -DDetectVMInstallationsJob.disabled=true -Dfile.encoding=utf8 -XX:+UseParallelGC -XX:GCTimeRatio=4 -XX:AdaptiveSizePolicyWeight=90 -Dsun.zip.disableMemoryMapping=true -Xmx2G -Xms100m -Xlog:disable -javaagent:c:\Users\User\.vscode\extensions\redhat.java-1.53.0-win32-x64\lombok\lombok-1.18.39-4050.jar -XX:+HeapDumpOnOutOfMemoryError -XX:HeapDumpPath=c:\Users\User\AppData\Roaming\Code\User\workspaceStorage\c5569fb98b53a5d29c62dc571740dfb3\redhat.java -Daether.dependencyCollector.impl=bf 
java_command: c:\Users\User\.vscode\extensions\redhat.java-1.53.0-win32-x64\server\plugins\org.eclipse.equinox.launcher_1.7.100.v20251111-0406.jar -configuration c:\Users\User\AppData\Roaming\Code\User\globalStorage\redhat.java\1.53.0\config_win -data c:\Users\User\AppData\Roaming\Code\User\workspaceStorage\c5569fb98b53a5d29c62dc571740dfb3\redhat.java\jdt_ws --pipe=\\.\pipe\lsp-3bc60fafcd4c6c2ea479dbbe33cd8006-sock
java_class_path (initial): c:\Users\User\.vscode\extensions\redhat.java-1.53.0-win32-x64\server\plugins\org.eclipse.equinox.launcher_1.7.100.v20251111-0406.jar
Launcher Type: SUN_STANDARD

[Global flags]
    uintx AdaptiveSizePolicyWeight                 = 90                                        {product} {command line}
     intx CICompilerCount                          = 4                                         {product} {ergonomic}
    uintx GCTimeRatio                              = 4                                         {product} {command line}
     bool HeapDumpOnOutOfMemoryError               = true                                   {manageable} {command line}
    ccstr HeapDumpPath                             = c:\Users\User\AppData\Roaming\Code\User\workspaceStorage\c5569fb98b53a5d29c62dc571740dfb3\redhat.java         {manageable} {command line}
   size_t InitialHeapSize                          = 104857600                                 {product} {command line}
   size_t MaxHeapSize                              = 2147483648                                {product} {command line}
   size_t MaxNewSize                               = 715653120                                 {product} {ergonomic}
   size_t MinHeapDeltaBytes                        = 524288                                    {product} {ergonomic}
   size_t MinHeapSize                              = 104857600                                 {product} {command line}
   size_t NewSize                                  = 34603008                                  {product} {ergonomic}
    uintx NonNMethodCodeHeapSize                   = 5839372                                {pd product} {ergonomic}
    uintx NonProfiledCodeHeapSize                  = 122909434                              {pd product} {ergonomic}
   size_t OldSize                                  = 70254592                                  {product} {ergonomic}
    uintx ProfiledCodeHeapSize                     = 122909434                              {pd product} {ergonomic}
    uintx ReservedCodeCacheSize                    = 251658240                              {pd product} {ergonomic}
     bool SegmentedCodeCache                       = true                                      {product} {ergonomic}
   size_t SoftMaxHeapSize                          = 2147483648                             {manageable} {ergonomic}
     bool UseCompressedOops                        = true                           {product lp64_product} {ergonomic}
     bool UseLargePagesIndividualAllocation        = false                                  {pd product} {ergonomic}
     bool UseParallelGC                            = true                                      {product} {command line}

Logging:
Log output configuration:
 #0: stdout all=off uptime,level,tags foldmultilines=false
 #1: stderr all=off uptime,level,tags foldmultilines=false

Release file:
JAVA_VERSION="21.0.10" 
MODULES="java.base java.compiler java.datatransfer java.xml java.prefs java.desktop java.instrument java.logging java.management java.security.sasl java.naming java.rmi java.management.rmi java.net.http java.scripting java.security.jgss java.transaction.xa java.sql java.sql.rowset java.xml.crypto java.se java.smartcardio jdk.accessibility jdk.internal.jvmstat jdk.attach jdk.charsets jdk.internal.opt jdk.zipfs jdk.compiler jdk.crypto.ec jdk.crypto.cryptoki jdk.crypto.mscapi jdk.dynalink jdk.internal.ed jdk.editpad jdk.hotspot.agent jdk.httpserver jdk.internal.le jdk.internal.vm.ci jdk.internal.vm.compiler jdk.internal.vm.compiler.management jdk.jartool jdk.javadoc jdk.jcmd jdk.management jdk.management.agent jdk.jconsole jdk.jdeps jdk.jdwp.agent jdk.jdi jdk.jfr jdk.jshell jdk.jsobject jdk.jstatd jdk.localedata jdk.management.jfr jdk.naming.dns jdk.naming.rmi jdk.net jdk.nio.mapmode jdk.random jdk.sctp jdk.security.auth jdk.security.jgss jdk.unsupported jdk.unsupported.desktop jdk.xml.dom" 

Environment Variables:
JAVA_HOME=C:\Program Files\Eclipse Adoptium\jdk-17.0.18.8-hotspot\
PATH=C:\Users\User\AppData\Local\Programs\Microsoft VS Code;C:\Program Files\Eclipse Adoptium\jdk-17.0.18.8-hotspot\bin;C:\Program Files (x86)\Common Files\Oracle\Java\javapath;C:\Windows\system32;C:\Windows;C:\Windows\System32\Wbem;C:\Windows\System32\WindowsPowerShell\v1.0\;C:\Windows\System32\OpenSSH\;C:\Program Files\Git\cmd;C:\ProgramData\chocolatey\bin;C:\Program Files\dotnet\;C:\Users\User\AppData\Local\Microsoft\WindowsApps;C:\Users\User\AppData\Local\Programs\Microsoft VS Code\bin;C:\Users\User\AppData\Local\GitHubDesktop\bin;C:\Program Files\JetBrains\IntelliJ IDEA 2025.3.2\bin;C:\Users\User\AppData\Local\Python\bin
USERNAME=User
OS=Windows_NT
PROCESSOR_IDENTIFIER=Intel64 Family 6 Model 154 Stepping 4, GenuineIntel
TMP=C:\Users\User\AppData\Local\Temp
TEMP=C:\Users\User\AppData\Local\Temp




Periodic native trim disabled

---------------  S Y S T E M  ---------------

OS:
 Windows 11 , 64 bit Build 26100 (10.0.26100.7920)
OS uptime: 0 days 16:08 hours
Hyper-V role detected

CPU: total 8 (initial active 8) (4 cores per cpu, 2 threads per core) family 6 model 154 stepping 4 microcode 0x437, cx8, cmov, fxsr, ht, mmx, 3dnowpref, sse, sse2, sse3, ssse3, sse4.1, sse4.2, popcnt, lzcnt, tsc, tscinvbit, avx, avx2, aes, erms, clmul, bmi1, bmi2, adx, sha, fma, vzeroupper, clflush, clflushopt, clwb, hv, serialize, rdtscp, rdpid, fsrm, f16c, cet_ibt, cet_ss
Processor Information for processor 0
  Max Mhz: 1200, Current Mhz: 1200, Mhz Limit: 1200
Processor Information for processor 1
  Max Mhz: 1200, Current Mhz: 1200, Mhz Limit: 1200
Processor Information for processor 2
  Max Mhz: 1200, Current Mhz: 1200, Mhz Limit: 1200
Processor Information for processor 3
  Max Mhz: 1200, Current Mhz: 1200, Mhz Limit: 1200
Processor Information for processor 4
  Max Mhz: 1200, Current Mhz: 900, Mhz Limit: 900
Processor Information for processor 5
  Max Mhz: 1200, Current Mhz: 900, Mhz Limit: 900
Processor Information for processor 6
  Max Mhz: 1200, Current Mhz: 900, Mhz Limit: 900
Processor Information for processor 7
  Max Mhz: 1200, Current Mhz: 900, Mhz Limit: 900

Memory: 4k page, system-wide physical 16057M (3080M free)
TotalPageFile size 57785M (AvailPageFile size 0M)
current process WorkingSet (physical memory assigned to process): 242M, peak: 306M
current process commit charge ("private bytes"): 338M, peak: 396M

vm_info: OpenJDK 64-Bit Server VM (21.0.10+7-LTS) for windows-amd64 JRE (21.0.10+7-LTS), built on 2026-01-20T00:00:00Z by "admin" with MS VC++ 17.12 (VS2022)

END.
