#
# There is insufficient memory for the Java Runtime Environment to continue.
# Native memory allocation (malloc) failed to allocate 1134896 bytes. Error detail: Chunk::new
# Possible reasons:
#   The system is out of physical RAM or swap space
#   This process is running with CompressedOops enabled, and the Java Heap may be blocking the growth of the native heap
# Possible solutions:
#   Reduce memory load on the system
#   Increase physical memory or swap space
#   Check if swap backing store is full
#   Decrease Java heap size (-Xmx/-Xms)
#   Decrease number of Java threads
#   Decrease Java thread stack sizes (-Xss)
#   Set larger code cache with -XX:ReservedCodeCacheSize=
#   JVM is running with Unscaled Compressed Oops mode in which the Java heap is
#     placed in the first 4GB address space. The Java Heap base address is the
#     maximum limit for the native heap growth. Please use -XX:HeapBaseMinAddress
#     to set the Java Heap base and to place the Java Heap above 4GB virtual address.
# This output file may be truncated or incomplete.
#
#  Out of Memory Error (arena.cpp:168), pid=10820, tid=10688
#
# JRE version: OpenJDK Runtime Environment Temurin-21.0.10+7 (21.0.10+7) (build 21.0.10+7-LTS)
# Java VM: OpenJDK 64-Bit Server VM Temurin-21.0.10+7 (21.0.10+7-LTS, mixed mode, sharing, tiered, compressed oops, compressed class ptrs, parallel gc, windows-amd64)
# No core dump will be written. Minidumps are not enabled by default on client versions of Windows
#

---------------  S U M M A R Y ------------

Command Line: --add-modules=ALL-SYSTEM --add-opens=java.base/java.util=ALL-UNNAMED --add-opens=java.base/java.lang=ALL-UNNAMED --add-opens=java.base/sun.nio.fs=ALL-UNNAMED -Declipse.application=org.eclipse.jdt.ls.core.id1 -Dosgi.bundles.defaultStartLevel=4 -Declipse.product=org.eclipse.jdt.ls.core.product -Djava.import.generatesMetadataFilesAtProjectRoot=false -DDetectVMInstallationsJob.disabled=true -Dfile.encoding=utf8 -XX:+UseParallelGC -XX:GCTimeRatio=4 -XX:AdaptiveSizePolicyWeight=90 -Dsun.zip.disableMemoryMapping=true -Xmx2G -Xms100m -Xlog:disable -javaagent:c:\Users\User\.vscode\extensions\redhat.java-1.53.0-win32-x64\lombok\lombok-1.18.39-4050.jar -XX:+HeapDumpOnOutOfMemoryError -XX:HeapDumpPath=c:\Users\User\AppData\Roaming\Code\User\workspaceStorage\c5569fb98b53a5d29c62dc571740dfb3\redhat.java -Daether.dependencyCollector.impl=bf c:\Users\User\.vscode\extensions\redhat.java-1.53.0-win32-x64\server\plugins\org.eclipse.equinox.launcher_1.7.100.v20251111-0406.jar -configuration c:\Users\User\AppData\Roaming\Code\User\globalStorage\redhat.java\1.53.0\config_win -data c:\Users\User\AppData\Roaming\Code\User\workspaceStorage\c5569fb98b53a5d29c62dc571740dfb3\redhat.java\jdt_ws --pipe=\\.\pipe\lsp-86c318d8e4fbf036d28e5c48dcbeee13-sock

Host: 12th Gen Intel(R) Core(TM) i3-1215U, 8 cores, 15G,  Windows 11 , 64 bit Build 26100 (10.0.26100.7920)
Time: Fri Mar 27 14:40:58 2026 E. Africa Standard Time elapsed time: 14.298387 seconds (0d 0h 0m 14s)

---------------  T H R E A D  ---------------

Current thread (0x000001acfc90db80):  JavaThread "C2 CompilerThread0" daemon [_thread_in_native, id=10688, stack(0x00000073ef200000,0x00000073ef300000) (1024K)]


Current CompileTask:
C2:14298 3833       4       org.lombokweb.asm.ClassReader::readMethod (1070 bytes)

Stack: [0x00000073ef200000,0x00000073ef300000]
Native frames: (J=compiled Java code, j=interpreted, Vv=VM code, C=native code)
V  [jvm.dll+0x6d7a39]
V  [jvm.dll+0x8b4b26]
V  [jvm.dll+0x8b70de]
V  [jvm.dll+0x8b77c3]
V  [jvm.dll+0x284346]
V  [jvm.dll+0xc66ed]
V  [jvm.dll+0xc6c31]
V  [jvm.dll+0x3bec01]
V  [jvm.dll+0x38b162]
V  [jvm.dll+0x38a5aa]
V  [jvm.dll+0x24c560]
V  [jvm.dll+0x24bb40]
V  [jvm.dll+0x1cb34e]
V  [jvm.dll+0x25b85d]
V  [jvm.dll+0x259dea]
V  [jvm.dll+0x3f857e]
V  [jvm.dll+0x85f59d]
V  [jvm.dll+0x6d626d]
C  [ucrtbase.dll+0x37b0]
C  [KERNEL32.DLL+0x2e8d7]
C  [ntdll.dll+0x8c48c]


---------------  P R O C E S S  ---------------

Threads class SMR info:
_java_thread_list=0x000001acfee4d1c0, length=24, elements={
0x000001ace3c4a5c0, 0x000001ace5f3d070, 0x000001ace5f3df90, 0x000001acfc8f71d0,
0x000001acfc9004a0, 0x000001acfc901c20, 0x000001acfc9036c0, 0x000001acfc90db80,
0x000001acfc90e230, 0x000001acfe3e45e0, 0x000001acfe5ae6f0, 0x000001acfeae2cc0,
0x000001acfed25a70, 0x000001acfed250e0, 0x000001acfed20cf0, 0x000001acff0f22b0,
0x000001acfe4d15f0, 0x000001acff21e260, 0x000001acff693a70, 0x000001acff691310,
0x000001acff6919a0, 0x000001acfe3fab20, 0x000001acff692030, 0x000001acff6926c0
}

Java Threads: ( => current thread )
  0x000001ace3c4a5c0 JavaThread "main"                              [_thread_blocked, id=9860, stack(0x00000073ee800000,0x00000073ee900000) (1024K)]
  0x000001ace5f3d070 JavaThread "Reference Handler"          daemon [_thread_blocked, id=21632, stack(0x00000073eec00000,0x00000073eed00000) (1024K)]
  0x000001ace5f3df90 JavaThread "Finalizer"                  daemon [_thread_blocked, id=24188, stack(0x00000073eed00000,0x00000073eee00000) (1024K)]
  0x000001acfc8f71d0 JavaThread "Signal Dispatcher"          daemon [_thread_blocked, id=18608, stack(0x00000073eee00000,0x00000073eef00000) (1024K)]
  0x000001acfc9004a0 JavaThread "Attach Listener"            daemon [_thread_blocked, id=25104, stack(0x00000073eef00000,0x00000073ef000000) (1024K)]
  0x000001acfc901c20 JavaThread "Service Thread"             daemon [_thread_blocked, id=18424, stack(0x00000073ef000000,0x00000073ef100000) (1024K)]
  0x000001acfc9036c0 JavaThread "Monitor Deflation Thread"   daemon [_thread_blocked, id=2872, stack(0x00000073ef100000,0x00000073ef200000) (1024K)]
=>0x000001acfc90db80 JavaThread "C2 CompilerThread0"         daemon [_thread_in_native, id=10688, stack(0x00000073ef200000,0x00000073ef300000) (1024K)]
  0x000001acfc90e230 JavaThread "C1 CompilerThread0"         daemon [_thread_in_native, id=23996, stack(0x00000073ef300000,0x00000073ef400000) (1024K)]
  0x000001acfe3e45e0 JavaThread "Common-Cleaner"             daemon [_thread_blocked, id=6992, stack(0x00000073ef400000,0x00000073ef500000) (1024K)]
  0x000001acfe5ae6f0 JavaThread "Notification Thread"        daemon [_thread_blocked, id=5504, stack(0x00000073ef600000,0x00000073ef700000) (1024K)]
  0x000001acfeae2cc0 JavaThread "Active Thread: Equinox Container: ac46f181-1cb4-4680-bd28-4f0214b734d1"        [_thread_blocked, id=23664, stack(0x00000073efe00000,0x00000073eff00000) (1024K)]
  0x000001acfed25a70 JavaThread "Refresh Thread: Equinox Container: ac46f181-1cb4-4680-bd28-4f0214b734d1" daemon [_thread_blocked, id=24256, stack(0x00000073f0000000,0x00000073f0100000) (1024K)]
  0x000001acfed250e0 JavaThread "Framework Event Dispatcher: Equinox Container: ac46f181-1cb4-4680-bd28-4f0214b734d1" daemon [_thread_blocked, id=3668, stack(0x00000073f0100000,0x00000073f0200000) (1024K)]
  0x000001acfed20cf0 JavaThread "Start Level: Equinox Container: ac46f181-1cb4-4680-bd28-4f0214b734d1" daemon [_thread_in_Java, id=1228, stack(0x00000073f0200000,0x00000073f0300000) (1024K)]
  0x000001acff0f22b0 JavaThread "Bundle File Closer"         daemon [_thread_blocked, id=24192, stack(0x00000073f0300000,0x00000073f0400000) (1024K)]
  0x000001acfe4d15f0 JavaThread "SCR Component Actor"        daemon [_thread_blocked, id=24248, stack(0x00000073ef700000,0x00000073ef800000) (1024K)]
  0x000001acff21e260 JavaThread "Worker-JM"                         [_thread_blocked, id=3028, stack(0x00000073f0500000,0x00000073f0600000) (1024K)]
  0x000001acff693a70 JavaThread "JNA Cleaner"                daemon [_thread_blocked, id=24108, stack(0x00000073f0600000,0x00000073f0700000) (1024K)]
  0x000001acff691310 JavaThread "Worker-0: Updating Maven Dependencies"        [_thread_in_native, id=18336, stack(0x00000073f0700000,0x00000073f0800000) (1024K)]
  0x000001acff6919a0 JavaThread "Worker-1: Repository registry initialization"        [_thread_blocked, id=23588, stack(0x00000073ef500000,0x00000073ef600000) (1024K)]
  0x000001acfe3fab20 JavaThread "C2 CompilerThread1"         daemon [_thread_in_native, id=1156, stack(0x00000073f0400000,0x00000073f0500000) (1024K)]
  0x000001acff692030 JavaThread "Worker-2"                          [_thread_blocked, id=15276, stack(0x00000073f0800000,0x00000073f0900000) (1024K)]
  0x000001acff6926c0 JavaThread "Worker-3"                          [_thread_blocked, id=19868, stack(0x00000073f0900000,0x00000073f0a00000) (1024K)]
Total: 24

Other Threads:
  0x000001ace5f1f7f0 VMThread "VM Thread"                           [id=21760, stack(0x00000073eeb00000,0x00000073eec00000) (1024K)]
  0x000001acfc80ca00 WatcherThread "VM Periodic Task Thread"        [id=24072, stack(0x00000073eea00000,0x00000073eeb00000) (1024K)]
  0x000001ace5e9a580 WorkerThread "GC Thread#0"                     [id=24492, stack(0x00000073ee900000,0x00000073eea00000) (1024K)]
  0x000001acfec722c0 WorkerThread "GC Thread#1"                     [id=24620, stack(0x00000073ef800000,0x00000073ef900000) (1024K)]
  0x000001acfec71b60 WorkerThread "GC Thread#2"                     [id=20028, stack(0x00000073ef900000,0x00000073efa00000) (1024K)]
  0x000001acfec71f10 WorkerThread "GC Thread#3"                     [id=7264, stack(0x00000073efa00000,0x00000073efb00000) (1024K)]
  0x000001acfec72670 WorkerThread "GC Thread#4"                     [id=25552, stack(0x00000073efb00000,0x00000073efc00000) (1024K)]
  0x000001acfec72a20 WorkerThread "GC Thread#5"                     [id=4520, stack(0x00000073efc00000,0x00000073efd00000) (1024K)]
  0x000001acfec72dd0 WorkerThread "GC Thread#6"                     [id=10380, stack(0x00000073efd00000,0x00000073efe00000) (1024K)]
  0x000001acfef08f30 WorkerThread "GC Thread#7"                     [id=21924, stack(0x00000073eff00000,0x00000073f0000000) (1024K)]
Total: 10

Threads with active compile tasks:
C2 CompilerThread0  14336 3833       4       org.lombokweb.asm.ClassReader::readMethod (1070 bytes)
C1 CompilerThread0  14336 3953       3       java.util.ArrayList$SubList::toArray (79 bytes)
C2 CompilerThread1  14336 3934       4       org.eclipse.osgi.internal.loader.classpath.ClasspathEntry::findEntry (56 bytes)
Total: 3

VM state: not at safepoint (normal execution)

VM Mutex/Monitor currently owned by a thread: None

Heap address: 0x0000000080000000, size: 2048 MB, Compressed Oops mode: 32-bit

CDS archive(s) mapped at: [0x000001ac80000000-0x000001ac80ba0000-0x000001ac80ba0000), size 12189696, SharedBaseAddress: 0x000001ac80000000, ArchiveRelocationMode: 1.
Compressed class space mapped at: 0x000001ac81000000-0x000001acc1000000, reserved size: 1073741824
Narrow klass base: 0x000001ac80000000, Narrow klass shift: 0, Narrow klass range: 0x100000000

GC Precious Log:
 CardTable entry size: 512
 CPUs: 8 total, 8 available
 Memory: 16057M
 Large Page Support: Disabled
 NUMA Support: Disabled
 Compressed Oops: Enabled (32-bit)
 Alignments: Space 512K, Generation 512K, Heap 2M
 Heap Min Capacity: 100M
 Heap Initial Capacity: 100M
 Heap Max Capacity: 2G
 Pre-touch: Disabled
 Parallel Workers: 8

Heap:
 PSYoungGen      total 26112K, used 20181K [0x00000000d5580000, 0x00000000d7380000, 0x0000000100000000)
  eden space 23552K, 78% used [0x00000000d5580000,0x00000000d6791888,0x00000000d6c80000)
  from space 2560K, 67% used [0x00000000d6f00000,0x00000000d70b10f8,0x00000000d7180000)
  to   space 2048K, 0% used [0x00000000d7180000,0x00000000d7180000,0x00000000d7380000)
 ParOldGen       total 68608K, used 13258K [0x0000000080000000, 0x0000000084300000, 0x00000000d5580000)
  object space 68608K, 19% used [0x0000000080000000,0x0000000080cf2b78,0x0000000084300000)
 Metaspace       used 27532K, committed 28416K, reserved 1114112K
  class space    used 2743K, committed 3136K, reserved 1048576K

Card table byte_map: [0x000001ace5830000,0x000001ace5c40000] _byte_map_base: 0x000001ace5430000

Marking Bits: (ParMarkBitMap*) 0x00007ffb4f6c3450
 Begin Bits: [0x000001acf8330000, 0x000001acfa330000)
 End Bits:   [0x000001acfa330000, 0x000001acfc330000)

Polling page: 0x000001ace3e70000

Metaspace:

Usage:
  Non-class:     24.21 MB used.
      Class:      2.68 MB used.
       Both:     26.89 MB used.

Virtual space:
  Non-class space:       64.00 MB reserved,      24.69 MB ( 39%) committed,  1 nodes.
      Class space:        1.00 GB reserved,       3.06 MB ( <1%) committed,  1 nodes.
             Both:        1.06 GB reserved,      27.75 MB (  3%) committed. 

Chunk freelists:
   Non-Class:  7.28 MB
       Class:  12.87 MB
        Both:  20.15 MB

MaxMetaspaceSize: unlimited
CompressedClassSpaceSize: 1.00 GB
Initial GC threshold: 21.00 MB
Current GC threshold: 35.00 MB
CDS: on
 - commit_granule_bytes: 65536.
 - commit_granule_words: 8192.
 - virtual_space_node_default_size: 8388608.
 - enlarge_chunks_in_place: 1.
 - use_allocation_guard: 0.


Internal statistics:

num_allocs_failed_limit: 3.
num_arena_births: 716.
num_arena_deaths: 14.
num_vsnodes_births: 2.
num_vsnodes_deaths: 0.
num_space_committed: 444.
num_space_uncommitted: 0.
num_chunks_returned_to_freelist: 17.
num_chunks_taken_from_freelist: 1852.
num_chunk_merges: 8.
num_chunk_splits: 1177.
num_chunks_enlarged: 728.
num_inconsistent_stats: 0.

CodeHeap 'non-profiled nmethods': size=120000Kb used=1819Kb max_used=1819Kb free=118180Kb
 bounds [0x000001acf0b50000, 0x000001acf0dc0000, 0x000001acf8080000]
CodeHeap 'profiled nmethods': size=120000Kb used=8042Kb max_used=8042Kb free=111957Kb
 bounds [0x000001ace9080000, 0x000001ace9860000, 0x000001acf05b0000]
CodeHeap 'non-nmethods': size=5760Kb used=1335Kb max_used=1354Kb free=4424Kb
 bounds [0x000001acf05b0000, 0x000001acf0820000, 0x000001acf0b50000]
CodeCache: size=245760Kb, used=11196Kb, max_used=11215Kb, free=234561Kb
 total_blobs=4566, nmethods=3942, adapters=530, full_count=0
Compilation: enabled, stopped_count=0, restarted_count=0

Compilation events (20 events):
Event: 12.251 Thread 0x000001acfc90e230 nmethod 3929 0x000001ace9839c90 code [0x000001ace9839e80, 0x000001ace983a4d0]
Event: 12.251 Thread 0x000001acfc90e230 3923   !   3       org.eclipse.core.internal.preferences.EclipsePreferences::getChild (92 bytes)
Event: 12.251 Thread 0x000001acfe3fab20 nmethod 3868 0x000001acf0d15090 code [0x000001acf0d152c0, 0x000001acf0d159c8]
Event: 12.252 Thread 0x000001acfc90e230 nmethod 3923 0x000001ace983a710 code [0x000001ace983a940, 0x000001ace983b260]
Event: 12.252 Thread 0x000001acfc90e230 3925       3       org.eclipse.core.internal.preferences.PreferencesService::getRootNode (4 bytes)
Event: 12.252 Thread 0x000001acfc90e230 nmethod 3925 0x000001ace983b510 code [0x000001ace983b6a0, 0x000001ace983b7b8]
Event: 12.253 Thread 0x000001acfe3fab20 3903       4       java.lang.Character::isHighSurrogate (18 bytes)
Event: 12.253 Thread 0x000001acfc90e230 3926       3       org.eclipse.core.internal.preferences.RootPreferences::node (7 bytes)
Event: 12.253 Thread 0x000001acfc90e230 nmethod 3926 0x000001ace983b890 code [0x000001ace983ba40, 0x000001ace983bb88]
Event: 12.253 Thread 0x000001acfc90e230 3927       3       org.eclipse.core.internal.preferences.RootPreferences::getNode (135 bytes)
Event: 12.254 Thread 0x000001acfe3fab20 nmethod 3903 0x000001acf0d16110 code [0x000001acf0d162a0, 0x000001acf0d16328]
Event: 12.255 Thread 0x000001acfc90e230 nmethod 3927 0x000001ace983bc10 code [0x000001ace983bf60, 0x000001ace983d300]
Event: 12.255 Thread 0x000001acfc90e230 3928   !   3       org.eclipse.core.internal.preferences.EclipsePreferences::getOrCreate (108 bytes)
Event: 12.256 Thread 0x000001acfc90e230 nmethod 3928 0x000001ace983da10 code [0x000001ace983dc60, 0x000001ace983e720]
Event: 12.256 Thread 0x000001acfc90e230 3930       3       java.net.URI::isAbsolute (13 bytes)
Event: 12.257 Thread 0x000001acfc90e230 nmethod 3930 0x000001ace983eb10 code [0x000001ace983eca0, 0x000001ace983ee00]
Event: 12.257 Thread 0x000001acfc90e230 3931       3       java.lang.NamedPackage::<init> (59 bytes)
Event: 12.257 Thread 0x000001acfc90e230 nmethod 3931 0x000001ace983ee90 code [0x000001ace983f120, 0x000001ace983fa98]
Event: 12.259 Thread 0x000001acfc90e230 3932       3       java.net.URLStreamHandler::parseURL (1124 bytes)
Event: 12.260 Thread 0x000001acfe3fab20 3934       4       org.eclipse.osgi.internal.loader.classpath.ClasspathEntry::findEntry (56 bytes)

GC Heap History (20 events):
Event: 0.507 GC heap before
{Heap before GC invocations=1 (full 0):
 PSYoungGen      total 29696K, used 25600K [0x00000000d5580000, 0x00000000d7680000, 0x0000000100000000)
  eden space 25600K, 100% used [0x00000000d5580000,0x00000000d6e80000,0x00000000d6e80000)
  from space 4096K, 0% used [0x00000000d7280000,0x00000000d7280000,0x00000000d7680000)
  to   space 4096K, 0% used [0x00000000d6e80000,0x00000000d6e80000,0x00000000d7280000)
 ParOldGen       total 68608K, used 0K [0x0000000080000000, 0x0000000084300000, 0x00000000d5580000)
  object space 68608K, 0% used [0x0000000080000000,0x0000000080000000,0x0000000084300000)
 Metaspace       used 4333K, committed 4608K, reserved 1114112K
  class space    used 474K, committed 576K, reserved 1048576K
}
Event: 0.512 GC heap after
{Heap after GC invocations=1 (full 0):
 PSYoungGen      total 29696K, used 3271K [0x00000000d5580000, 0x00000000d7680000, 0x0000000100000000)
  eden space 25600K, 0% used [0x00000000d5580000,0x00000000d5580000,0x00000000d6e80000)
  from space 4096K, 79% used [0x00000000d6e80000,0x00000000d71b1e98,0x00000000d7280000)
  to   space 4096K, 0% used [0x00000000d7280000,0x00000000d7280000,0x00000000d7680000)
 ParOldGen       total 68608K, used 16K [0x0000000080000000, 0x0000000084300000, 0x00000000d5580000)
  object space 68608K, 0% used [0x0000000080000000,0x0000000080004000,0x0000000084300000)
 Metaspace       used 4333K, committed 4608K, reserved 1114112K
  class space    used 474K, committed 576K, reserved 1048576K
}
Event: 1.060 GC heap before
{Heap before GC invocations=2 (full 0):
 PSYoungGen      total 29696K, used 28871K [0x00000000d5580000, 0x00000000d7680000, 0x0000000100000000)
  eden space 25600K, 100% used [0x00000000d5580000,0x00000000d6e80000,0x00000000d6e80000)
  from space 4096K, 79% used [0x00000000d6e80000,0x00000000d71b1e98,0x00000000d7280000)
  to   space 4096K, 0% used [0x00000000d7280000,0x00000000d7280000,0x00000000d7680000)
 ParOldGen       total 68608K, used 16K [0x0000000080000000, 0x0000000084300000, 0x00000000d5580000)
  object space 68608K, 0% used [0x0000000080000000,0x0000000080004000,0x0000000084300000)
 Metaspace       used 7931K, committed 8192K, reserved 1114112K
  class space    used 829K, committed 960K, reserved 1048576K
}
Event: 1.065 GC heap after
{Heap after GC invocations=2 (full 0):
 PSYoungGen      total 29696K, used 4070K [0x00000000d5580000, 0x00000000d7680000, 0x0000000100000000)
  eden space 25600K, 0% used [0x00000000d5580000,0x00000000d5580000,0x00000000d6e80000)
  from space 4096K, 99% used [0x00000000d7280000,0x00000000d7679800,0x00000000d7680000)
  to   space 4096K, 0% used [0x00000000d6e80000,0x00000000d6e80000,0x00000000d7280000)
 ParOldGen       total 68608K, used 2053K [0x0000000080000000, 0x0000000084300000, 0x00000000d5580000)
  object space 68608K, 2% used [0x0000000080000000,0x0000000080201648,0x0000000084300000)
 Metaspace       used 7931K, committed 8192K, reserved 1114112K
  class space    used 829K, committed 960K, reserved 1048576K
}
Event: 1.376 GC heap before
{Heap before GC invocations=3 (full 0):
 PSYoungGen      total 29696K, used 29669K [0x00000000d5580000, 0x00000000d7680000, 0x0000000100000000)
  eden space 25600K, 99% used [0x00000000d5580000,0x00000000d6e7ff40,0x00000000d6e80000)
  from space 4096K, 99% used [0x00000000d7280000,0x00000000d7679800,0x00000000d7680000)
  to   space 4096K, 0% used [0x00000000d6e80000,0x00000000d6e80000,0x00000000d7280000)
 ParOldGen       total 68608K, used 2053K [0x0000000080000000, 0x0000000084300000, 0x00000000d5580000)
  object space 68608K, 2% used [0x0000000080000000,0x0000000080201648,0x0000000084300000)
 Metaspace       used 9396K, committed 9728K, reserved 1114112K
  class space    used 1008K, committed 1152K, reserved 1048576K
}
Event: 1.380 GC heap after
{Heap after GC invocations=3 (full 0):
 PSYoungGen      total 29696K, used 4078K [0x00000000d5580000, 0x00000000d7680000, 0x0000000100000000)
  eden space 25600K, 0% used [0x00000000d5580000,0x00000000d5580000,0x00000000d6e80000)
  from space 4096K, 99% used [0x00000000d6e80000,0x00000000d727b818,0x00000000d7280000)
  to   space 4096K, 0% used [0x00000000d7280000,0x00000000d7280000,0x00000000d7680000)
 ParOldGen       total 68608K, used 4948K [0x0000000080000000, 0x0000000084300000, 0x00000000d5580000)
  object space 68608K, 7% used [0x0000000080000000,0x00000000804d5350,0x0000000084300000)
 Metaspace       used 9396K, committed 9728K, reserved 1114112K
  class space    used 1008K, committed 1152K, reserved 1048576K
}
Event: 1.687 GC heap before
{Heap before GC invocations=4 (full 0):
 PSYoungGen      total 29696K, used 29678K [0x00000000d5580000, 0x00000000d7680000, 0x0000000100000000)
  eden space 25600K, 100% used [0x00000000d5580000,0x00000000d6e80000,0x00000000d6e80000)
  from space 4096K, 99% used [0x00000000d6e80000,0x00000000d727b818,0x00000000d7280000)
  to   space 4096K, 0% used [0x00000000d7280000,0x00000000d7280000,0x00000000d7680000)
 ParOldGen       total 68608K, used 4948K [0x0000000080000000, 0x0000000084300000, 0x00000000d5580000)
  object space 68608K, 7% used [0x0000000080000000,0x00000000804d5350,0x0000000084300000)
 Metaspace       used 11665K, committed 12032K, reserved 1114112K
  class space    used 1237K, committed 1408K, reserved 1048576K
}
Event: 1.692 GC heap after
{Heap after GC invocations=4 (full 0):
 PSYoungGen      total 29696K, used 4082K [0x00000000d5580000, 0x00000000d7680000, 0x0000000100000000)
  eden space 25600K, 0% used [0x00000000d5580000,0x00000000d5580000,0x00000000d6e80000)
  from space 4096K, 99% used [0x00000000d7280000,0x00000000d767c9d0,0x00000000d7680000)
  to   space 4096K, 0% used [0x00000000d6e80000,0x00000000d6e80000,0x00000000d7280000)
 ParOldGen       total 68608K, used 6700K [0x0000000080000000, 0x0000000084300000, 0x00000000d5580000)
  object space 68608K, 9% used [0x0000000080000000,0x000000008068b0e8,0x0000000084300000)
 Metaspace       used 11665K, committed 12032K, reserved 1114112K
  class space    used 1237K, committed 1408K, reserved 1048576K
}
Event: 2.028 GC heap before
{Heap before GC invocations=5 (full 0):
 PSYoungGen      total 29696K, used 29682K [0x00000000d5580000, 0x00000000d7680000, 0x0000000100000000)
  eden space 25600K, 100% used [0x00000000d5580000,0x00000000d6e80000,0x00000000d6e80000)
  from space 4096K, 99% used [0x00000000d7280000,0x00000000d767c9d0,0x00000000d7680000)
  to   space 4096K, 0% used [0x00000000d6e80000,0x00000000d6e80000,0x00000000d7280000)
 ParOldGen       total 68608K, used 6700K [0x0000000080000000, 0x0000000084300000, 0x00000000d5580000)
  object space 68608K, 9% used [0x0000000080000000,0x000000008068b0e8,0x0000000084300000)
 Metaspace       used 15616K, committed 16256K, reserved 1114112K
  class space    used 1628K, committed 1920K, reserved 1048576K
}
Event: 2.031 GC heap after
{Heap after GC invocations=5 (full 0):
 PSYoungGen      total 29184K, used 4079K [0x00000000d5580000, 0x00000000d7900000, 0x0000000100000000)
  eden space 25088K, 0% used [0x00000000d5580000,0x00000000d5580000,0x00000000d6e00000)
  from space 4096K, 99% used [0x00000000d6e80000,0x00000000d727bf98,0x00000000d7280000)
  to   space 5632K, 0% used [0x00000000d7380000,0x00000000d7380000,0x00000000d7900000)
 ParOldGen       total 68608K, used 7849K [0x0000000080000000, 0x0000000084300000, 0x00000000d5580000)
  object space 68608K, 11% used [0x0000000080000000,0x00000000807aa4a0,0x0000000084300000)
 Metaspace       used 15616K, committed 16256K, reserved 1114112K
  class space    used 1628K, committed 1920K, reserved 1048576K
}
Event: 6.627 GC heap before
{Heap before GC invocations=6 (full 0):
 PSYoungGen      total 29184K, used 29167K [0x00000000d5580000, 0x00000000d7900000, 0x0000000100000000)
  eden space 25088K, 100% used [0x00000000d5580000,0x00000000d6e00000,0x00000000d6e00000)
  from space 4096K, 99% used [0x00000000d6e80000,0x00000000d727bf98,0x00000000d7280000)
  to   space 5632K, 0% used [0x00000000d7380000,0x00000000d7380000,0x00000000d7900000)
 ParOldGen       total 68608K, used 7849K [0x0000000080000000, 0x0000000084300000, 0x00000000d5580000)
  object space 68608K, 11% used [0x0000000080000000,0x00000000807aa4a0,0x0000000084300000)
 Metaspace       used 18660K, committed 19392K, reserved 1114112K
  class space    used 1970K, committed 2240K, reserved 1048576K
}
Event: 6.631 GC heap after
{Heap after GC invocations=6 (full 0):
 PSYoungGen      total 29696K, used 4764K [0x00000000d5580000, 0x00000000d7880000, 0x0000000100000000)
  eden space 24576K, 0% used [0x00000000d5580000,0x00000000d5580000,0x00000000d6d80000)
  from space 5120K, 93% used [0x00000000d7380000,0x00000000d7827338,0x00000000d7880000)
  to   space 5120K, 0% used [0x00000000d6e80000,0x00000000d6e80000,0x00000000d7380000)
 ParOldGen       total 68608K, used 7857K [0x0000000080000000, 0x0000000084300000, 0x00000000d5580000)
  object space 68608K, 11% used [0x0000000080000000,0x00000000807ac4a0,0x0000000084300000)
 Metaspace       used 18660K, committed 19392K, reserved 1114112K
  class space    used 1970K, committed 2240K, reserved 1048576K
}
Event: 6.795 GC heap before
{Heap before GC invocations=7 (full 0):
 PSYoungGen      total 29696K, used 24903K [0x00000000d5580000, 0x00000000d7880000, 0x0000000100000000)
  eden space 24576K, 81% used [0x00000000d5580000,0x00000000d692a8c8,0x00000000d6d80000)
  from space 5120K, 93% used [0x00000000d7380000,0x00000000d7827338,0x00000000d7880000)
  to   space 5120K, 0% used [0x00000000d6e80000,0x00000000d6e80000,0x00000000d7380000)
 ParOldGen       total 68608K, used 7857K [0x0000000080000000, 0x0000000084300000, 0x00000000d5580000)
  object space 68608K, 11% used [0x0000000080000000,0x00000000807ac4a0,0x0000000084300000)
 Metaspace       used 20691K, committed 21504K, reserved 1114112K
  class space    used 2199K, committed 2560K, reserved 1048576K
}
Event: 6.801 GC heap after
{Heap after GC invocations=7 (full 0):
 PSYoungGen      total 29184K, used 4498K [0x00000000d5580000, 0x00000000d7780000, 0x0000000100000000)
  eden space 24576K, 0% used [0x00000000d5580000,0x00000000d5580000,0x00000000d6d80000)
  from space 4608K, 97% used [0x00000000d6e80000,0x00000000d72e4b60,0x00000000d7300000)
  to   space 4608K, 0% used [0x00000000d7300000,0x00000000d7300000,0x00000000d7780000)
 ParOldGen       total 68608K, used 9329K [0x0000000080000000, 0x0000000084300000, 0x00000000d5580000)
  object space 68608K, 13% used [0x0000000080000000,0x000000008091c480,0x0000000084300000)
 Metaspace       used 20691K, committed 21504K, reserved 1114112K
  class space    used 2199K, committed 2560K, reserved 1048576K
}
Event: 6.801 GC heap before
{Heap before GC invocations=8 (full 1):
 PSYoungGen      total 29184K, used 4498K [0x00000000d5580000, 0x00000000d7780000, 0x0000000100000000)
  eden space 24576K, 0% used [0x00000000d5580000,0x00000000d5580000,0x00000000d6d80000)
  from space 4608K, 97% used [0x00000000d6e80000,0x00000000d72e4b60,0x00000000d7300000)
  to   space 4608K, 0% used [0x00000000d7300000,0x00000000d7300000,0x00000000d7780000)
 ParOldGen       total 68608K, used 9329K [0x0000000080000000, 0x0000000084300000, 0x00000000d5580000)
  object space 68608K, 13% used [0x0000000080000000,0x000000008091c480,0x0000000084300000)
 Metaspace       used 20691K, committed 21504K, reserved 1114112K
  class space    used 2199K, committed 2560K, reserved 1048576K
}
Event: 6.830 GC heap after
{Heap after GC invocations=8 (full 1):
 PSYoungGen      total 29184K, used 0K [0x00000000d5580000, 0x00000000d7780000, 0x0000000100000000)
  eden space 24576K, 0% used [0x00000000d5580000,0x00000000d5580000,0x00000000d6d80000)
  from space 4608K, 0% used [0x00000000d6e80000,0x00000000d6e80000,0x00000000d7300000)
  to   space 4608K, 0% used [0x00000000d7300000,0x00000000d7300000,0x00000000d7780000)
 ParOldGen       total 68608K, used 13250K [0x0000000080000000, 0x0000000084300000, 0x00000000d5580000)
  object space 68608K, 19% used [0x0000000080000000,0x0000000080cf0b78,0x0000000084300000)
 Metaspace       used 20678K, committed 21504K, reserved 1114112K
  class space    used 2195K, committed 2560K, reserved 1048576K
}
Event: 6.968 GC heap before
{Heap before GC invocations=9 (full 1):
 PSYoungGen      total 29184K, used 24576K [0x00000000d5580000, 0x00000000d7780000, 0x0000000100000000)
  eden space 24576K, 100% used [0x00000000d5580000,0x00000000d6d80000,0x00000000d6d80000)
  from space 4608K, 0% used [0x00000000d6e80000,0x00000000d6e80000,0x00000000d7300000)
  to   space 4608K, 0% used [0x00000000d7300000,0x00000000d7300000,0x00000000d7780000)
 ParOldGen       total 68608K, used 13250K [0x0000000080000000, 0x0000000084300000, 0x00000000d5580000)
  object space 68608K, 19% used [0x0000000080000000,0x0000000080cf0b78,0x0000000084300000)
 Metaspace       used 23197K, committed 24064K, reserved 1114112K
  class space    used 2363K, committed 2752K, reserved 1048576K
}
Event: 6.969 GC heap after
{Heap after GC invocations=9 (full 1):
 PSYoungGen      total 25088K, used 641K [0x00000000d5580000, 0x00000000d7400000, 0x0000000100000000)
  eden space 24064K, 0% used [0x00000000d5580000,0x00000000d5580000,0x00000000d6d00000)
  from space 1024K, 62% used [0x00000000d7300000,0x00000000d73a0400,0x00000000d7400000)
  to   space 2560K, 0% used [0x00000000d6f00000,0x00000000d6f00000,0x00000000d7180000)
 ParOldGen       total 68608K, used 13250K [0x0000000080000000, 0x0000000084300000, 0x00000000d5580000)
  object space 68608K, 19% used [0x0000000080000000,0x0000000080cf0b78,0x0000000084300000)
 Metaspace       used 23197K, committed 24064K, reserved 1114112K
  class space    used 2363K, committed 2752K, reserved 1048576K
}
Event: 12.187 GC heap before
{Heap before GC invocations=10 (full 1):
 PSYoungGen      total 25088K, used 24240K [0x00000000d5580000, 0x00000000d7400000, 0x0000000100000000)
  eden space 24064K, 98% used [0x00000000d5580000,0x00000000d6c8bdf0,0x00000000d6d00000)
  from space 1024K, 62% used [0x00000000d7300000,0x00000000d73a0400,0x00000000d7400000)
  to   space 2560K, 0% used [0x00000000d6f00000,0x00000000d6f00000,0x00000000d7180000)
 ParOldGen       total 68608K, used 13250K [0x0000000080000000, 0x0000000084300000, 0x00000000d5580000)
  object space 68608K, 19% used [0x0000000080000000,0x0000000080cf0b78,0x0000000084300000)
 Metaspace       used 26496K, committed 27392K, reserved 1114112K
  class space    used 2654K, committed 3008K, reserved 1048576K
}
Event: 12.189 GC heap after
{Heap after GC invocations=10 (full 1):
 PSYoungGen      total 26112K, used 1732K [0x00000000d5580000, 0x00000000d7380000, 0x0000000100000000)
  eden space 23552K, 0% used [0x00000000d5580000,0x00000000d5580000,0x00000000d6c80000)
  from space 2560K, 67% used [0x00000000d6f00000,0x00000000d70b10f8,0x00000000d7180000)
  to   space 2048K, 0% used [0x00000000d7180000,0x00000000d7180000,0x00000000d7380000)
 ParOldGen       total 68608K, used 13258K [0x0000000080000000, 0x0000000084300000, 0x00000000d5580000)
  object space 68608K, 19% used [0x0000000080000000,0x0000000080cf2b78,0x0000000084300000)
 Metaspace       used 26496K, committed 27392K, reserved 1114112K
  class space    used 2654K, committed 3008K, reserved 1048576K
}

Dll operation events (10 events):
Event: 0.009 Loaded shared library c:\Users\User\.vscode\extensions\redhat.java-1.53.0-win32-x64\jre\21.0.10-win32-x86_64\bin\java.dll
Event: 0.064 Loaded shared library c:\Users\User\.vscode\extensions\redhat.java-1.53.0-win32-x64\jre\21.0.10-win32-x86_64\bin\zip.dll
Event: 0.081 Loaded shared library C:\Users\User\.vscode\extensions\redhat.java-1.53.0-win32-x64\jre\21.0.10-win32-x86_64\bin\instrument.dll
Event: 0.085 Loaded shared library C:\Users\User\.vscode\extensions\redhat.java-1.53.0-win32-x64\jre\21.0.10-win32-x86_64\bin\net.dll
Event: 0.087 Loaded shared library C:\Users\User\.vscode\extensions\redhat.java-1.53.0-win32-x64\jre\21.0.10-win32-x86_64\bin\nio.dll
Event: 0.090 Loaded shared library C:\Users\User\.vscode\extensions\redhat.java-1.53.0-win32-x64\jre\21.0.10-win32-x86_64\bin\zip.dll
Event: 0.104 Loaded shared library C:\Users\User\.vscode\extensions\redhat.java-1.53.0-win32-x64\jre\21.0.10-win32-x86_64\bin\jimage.dll
Event: 0.157 Loaded shared library c:\Users\User\.vscode\extensions\redhat.java-1.53.0-win32-x64\jre\21.0.10-win32-x86_64\bin\verify.dll
Event: 1.107 Loaded shared library C:\Users\User\AppData\Roaming\Code\User\globalStorage\redhat.java\1.53.0\config_win\org.eclipse.equinox.launcher\org.eclipse.equinox.launcher.win32.win32.x86_64_1.3.0.v20260203-2149\eclipse_11919.dll
Event: 2.262 Loaded shared library C:\Users\User\AppData\Local\Temp\jna-2645995\jna13942181133365956288.dll

Deoptimization events (20 events):
Event: 12.194 Thread 0x000001acff691310 Uncommon trap: trap_request=0xffffffde fr.pc=0x000001acf0d030b8 relative=0x00000000000000f8
Event: 12.195 Thread 0x000001acff691310 Uncommon trap: reason=class_check action=maybe_recompile pc=0x000001acf0d030b8 method=java.lang.Character.codePointAt(Ljava/lang/CharSequence;I)I @ 2 c2
Event: 12.195 Thread 0x000001acff691310 DEOPT PACKING pc=0x000001acf0d030b8 sp=0x00000073f07fe6c0
Event: 12.195 Thread 0x000001acff691310 DEOPT UNPACKING pc=0x000001acf0603aa2 sp=0x00000073f07fe648 mode 2
Event: 12.195 Thread 0x000001acff691310 Uncommon trap: trap_request=0xffffffde fr.pc=0x000001acf0d030b8 relative=0x00000000000000f8
Event: 12.195 Thread 0x000001acff691310 Uncommon trap: reason=class_check action=maybe_recompile pc=0x000001acf0d030b8 method=java.lang.Character.codePointAt(Ljava/lang/CharSequence;I)I @ 2 c2
Event: 12.195 Thread 0x000001acff691310 DEOPT PACKING pc=0x000001acf0d030b8 sp=0x00000073f07fe6c0
Event: 12.195 Thread 0x000001acff691310 DEOPT UNPACKING pc=0x000001acf0603aa2 sp=0x00000073f07fe648 mode 2
Event: 12.195 Thread 0x000001acff691310 Uncommon trap: trap_request=0xffffffde fr.pc=0x000001acf0d030b8 relative=0x00000000000000f8
Event: 12.195 Thread 0x000001acff691310 Uncommon trap: reason=class_check action=maybe_recompile pc=0x000001acf0d030b8 method=java.lang.Character.codePointAt(Ljava/lang/CharSequence;I)I @ 2 c2
Event: 12.195 Thread 0x000001acff691310 DEOPT PACKING pc=0x000001acf0d030b8 sp=0x00000073f07fe6c0
Event: 12.195 Thread 0x000001acff691310 DEOPT UNPACKING pc=0x000001acf0603aa2 sp=0x00000073f07fe648 mode 2
Event: 12.195 Thread 0x000001acff691310 Uncommon trap: trap_request=0xffffffde fr.pc=0x000001acf0d030b8 relative=0x00000000000000f8
Event: 12.195 Thread 0x000001acff691310 Uncommon trap: reason=class_check action=maybe_recompile pc=0x000001acf0d030b8 method=java.lang.Character.codePointAt(Ljava/lang/CharSequence;I)I @ 2 c2
Event: 12.195 Thread 0x000001acff691310 DEOPT PACKING pc=0x000001acf0d030b8 sp=0x00000073f07fe6c0
Event: 12.195 Thread 0x000001acff691310 DEOPT UNPACKING pc=0x000001acf0603aa2 sp=0x00000073f07fe648 mode 2
Event: 12.195 Thread 0x000001acff691310 Uncommon trap: trap_request=0xffffff76 fr.pc=0x000001acf0ce3504 relative=0x0000000000000384
Event: 12.195 Thread 0x000001acff691310 Uncommon trap: reason=predicate action=maybe_recompile pc=0x000001acf0ce3504 method=java.util.regex.Pattern$BmpCharPropertyGreedy.match(Ljava/util/regex/Matcher;ILjava/lang/CharSequence;)Z @ 12 c2
Event: 12.195 Thread 0x000001acff691310 DEOPT PACKING pc=0x000001acf0ce3504 sp=0x00000073f07fe600
Event: 12.195 Thread 0x000001acff691310 DEOPT UNPACKING pc=0x000001acf0603aa2 sp=0x00000073f07fe5a8 mode 2

Classes loaded (20 events):
Event: 8.095 Loading class java/lang/invoke/MethodHandleImpl$Makers$1
Event: 8.096 Loading class java/lang/invoke/MethodHandleImpl$Makers$1 done
Event: 8.097 Loading class java/lang/invoke/MethodHandleImpl$Makers$2
Event: 8.097 Loading class java/lang/invoke/MethodHandleImpl$Makers$2 done
Event: 8.098 Loading class java/lang/invoke/MethodHandleImpl$Makers$3
Event: 8.098 Loading class java/lang/invoke/MethodHandleImpl$Makers$3 done
Event: 8.105 Loading class java/lang/runtime/ObjectMethods$1
Event: 8.106 Loading class java/lang/runtime/ObjectMethods$1 done
Event: 9.142 Loading class java/lang/invoke/MethodHandleImpl$CountingWrapper
Event: 9.142 Loading class java/lang/invoke/MethodHandleImpl$CountingWrapper done
Event: 12.194 Loading class java/io/FileReader
Event: 12.194 Loading class java/io/FileReader done
Event: 12.249 Loading class org/w3c/dom/DOMException
Event: 12.249 Loading class org/w3c/dom/DOMException done
Event: 12.259 Loading class java/util/concurrent/atomic/AtomicReferenceFieldUpdater
Event: 12.259 Loading class java/util/concurrent/atomic/AtomicReferenceFieldUpdater done
Event: 12.259 Loading class java/util/concurrent/atomic/AtomicReferenceFieldUpdater$AtomicReferenceFieldUpdaterImpl
Event: 12.259 Loading class java/util/concurrent/atomic/AtomicReferenceFieldUpdater$AtomicReferenceFieldUpdaterImpl done
Event: 12.259 Loading class java/util/concurrent/atomic/AtomicReferenceFieldUpdater$AtomicReferenceFieldUpdaterImpl$1
Event: 12.259 Loading class java/util/concurrent/atomic/AtomicReferenceFieldUpdater$AtomicReferenceFieldUpdaterImpl$1 done

Classes unloaded (7 events):
Event: 6.808 Thread 0x000001ace5f1f7f0 Unloading class 0x000001ac811a2800 'java/lang/invoke/LambdaForm$MH+0x000001ac811a2800'
Event: 6.808 Thread 0x000001ace5f1f7f0 Unloading class 0x000001ac811a2400 'java/lang/invoke/LambdaForm$MH+0x000001ac811a2400'
Event: 6.808 Thread 0x000001ace5f1f7f0 Unloading class 0x000001ac811a2000 'java/lang/invoke/LambdaForm$MH+0x000001ac811a2000'
Event: 6.808 Thread 0x000001ace5f1f7f0 Unloading class 0x000001ac811a1c00 'java/lang/invoke/LambdaForm$MH+0x000001ac811a1c00'
Event: 6.808 Thread 0x000001ace5f1f7f0 Unloading class 0x000001ac811a1800 'java/lang/invoke/LambdaForm$BMH+0x000001ac811a1800'
Event: 6.808 Thread 0x000001ace5f1f7f0 Unloading class 0x000001ac811a1400 'java/lang/invoke/LambdaForm$DMH+0x000001ac811a1400'
Event: 6.808 Thread 0x000001ace5f1f7f0 Unloading class 0x000001ac811a0000 'java/lang/invoke/LambdaForm$DMH+0x000001ac811a0000'

Classes redefined (0 events):
No events

Internal exceptions (20 events):
Event: 6.747 Thread 0x000001acfed20cf0 Exception <a 'java/lang/NoSuchMethodError'{0x00000000d6441040}: 'long java.lang.invoke.Invokers$Holder.invokeExact_MT(java.lang.Object, java.lang.Object)'> (0x00000000d6441040) 
thrown [s\src\hotspot\share\interpreter\linkResolver.cpp, line 773]
Event: 6.852 Thread 0x000001acfed20cf0 Exception <a 'java/lang/NoSuchMethodError'{0x00000000d57d7c50}: 'double java.lang.invoke.DirectMethodHandle$Holder.invokeStatic(java.lang.Object, java.lang.Object)'> (0x00000000d57d7c50) 
thrown [s\src\hotspot\share\interpreter\linkResolver.cpp, line 773]
Event: 6.853 Thread 0x000001acfed20cf0 Exception <a 'java/lang/NoSuchMethodError'{0x00000000d57db2e0}: 'double java.lang.invoke.DirectMethodHandle$Holder.invokeStaticInit(java.lang.Object, java.lang.Object)'> (0x00000000d57db2e0) 
thrown [s\src\hotspot\share\interpreter\linkResolver.cpp, line 773]
Event: 8.089 Thread 0x000001acff6919a0 Exception <a 'java/lang/NoSuchMethodError'{0x00000000d66aa488}: 'java.lang.Object java.lang.invoke.DirectMethodHandle$Holder.invokeStaticInit(java.lang.Object, java.lang.Object, java.lang.Object, java.lang.Object, java.lang.Object, java.lang.Object, java.lang.Object)'> (0x00000000d66aa488) 
thrown [s\src\hotspot\share\interpreter\linkResolver.cpp, line 773]
Event: 8.091 Thread 0x000001acff6919a0 Exception <a 'java/lang/NoSuchMethodError'{0x00000000d66aeec0}: 'java.lang.Object java.lang.invoke.Invokers$Holder.invoke_MT(java.lang.Object, java.lang.Object, java.lang.Object, java.lang.Object, java.lang.Object, java.lang.Object, java.lang.Object, java.lang.Object, java.lang.Object)'> (0x00000000d66aeec0) 
thrown [s\src\hotspot\share\interpreter\linkResolver.cpp, line 773]
Event: 8.106 Thread 0x000001acff6919a0 Exception <a 'java/lang/NoSuchMethodError'{0x00000000d67d4100}: 'int java.lang.invoke.DirectMethodHandle$Holder.invokeVirtual(java.lang.Object, java.lang.Object, java.lang.Object)'> (0x00000000d67d4100) 
thrown [s\src\hotspot\share\interpreter\linkResolver.cpp, line 773]
Event: 8.107 Thread 0x000001acff6919a0 Exception <a 'java/lang/NoSuchMethodError'{0x00000000d68580c0}: 'int java.lang.invoke.DirectMethodHandle$Holder.invokeStaticInit(java.lang.Object, int, int)'> (0x00000000d68580c0) 
thrown [s\src\hotspot\share\interpreter\linkResolver.cpp, line 773]
Event: 8.110 Thread 0x000001acff6919a0 Exception <a 'java/lang/NoSuchMethodError'{0x00000000d685f3d0}: 'int java.lang.invoke.DirectMethodHandle$Holder.invokeStaticInit(java.lang.Object, long, long)'> (0x00000000d685f3d0) 
thrown [s\src\hotspot\share\interpreter\linkResolver.cpp, line 773]
Event: 8.112 Thread 0x000001acff6919a0 Exception <a 'java/lang/NoSuchMethodError'{0x00000000d6874e28}: 'int java.lang.invoke.DirectMethodHandle$Holder.invokeStaticInit(java.lang.Object, float, float)'> (0x00000000d6874e28) 
thrown [s\src\hotspot\share\interpreter\linkResolver.cpp, line 773]
Event: 9.131 Thread 0x000001acff6919a0 Exception <a 'java/lang/NoSuchMethodError'{0x00000000d6881d10}: 'int java.lang.invoke.DirectMethodHandle$Holder.invokeStaticInit(java.lang.Object, double, double)'> (0x00000000d6881d10) 
thrown [s\src\hotspot\share\interpreter\linkResolver.cpp, line 773]
Event: 9.132 Thread 0x000001acff6919a0 Exception <a 'java/lang/NoSuchMethodError'{0x00000000d68860a0}: 'int java.lang.invoke.DirectMethodHandle$Holder.invokeStatic(java.lang.Object, long)'> (0x00000000d68860a0) 
thrown [s\src\hotspot\share\interpreter\linkResolver.cpp, line 773]
Event: 9.134 Thread 0x000001acff691310 Exception <a 'java/lang/NoSuchMethodError'{0x00000000d6898ed8}: 'int java.lang.invoke.DirectMethodHandle$Holder.invokeSpecial(java.lang.Object, java.lang.Object, int, int)'> (0x00000000d6898ed8) 
thrown [s\src\hotspot\share\interpreter\linkResolver.cpp, line 773]
Event: 9.134 Thread 0x000001acff6919a0 Exception <a 'java/lang/NoSuchMethodError'{0x00000000d689cd20}: 'int java.lang.invoke.DirectMethodHandle$Holder.invokeSpecial(java.lang.Object, java.lang.Object, int, int)'> (0x00000000d689cd20) 
thrown [s\src\hotspot\share\interpreter\linkResolver.cpp, line 773]
Event: 9.136 Thread 0x000001acff6919a0 Exception <a 'java/lang/NoSuchMethodError'{0x00000000d68bb9e0}: 'int java.lang.invoke.Invokers$Holder.linkToTargetMethod(java.lang.Object, java.lang.Object)'> (0x00000000d68bb9e0) 
thrown [s\src\hotspot\share\interpreter\linkResolver.cpp, line 773]
Event: 9.136 Thread 0x000001acff691310 Exception <a 'java/lang/NoSuchMethodError'{0x00000000d68b6780}: 'int java.lang.invoke.Invokers$Holder.linkToTargetMethod(java.lang.Object, java.lang.Object)'> (0x00000000d68b6780) 
thrown [s\src\hotspot\share\interpreter\linkResolver.cpp, line 773]
Event: 9.138 Thread 0x000001acff6919a0 Exception <a 'java/lang/NoSuchMethodError'{0x00000000d6948570}: 'int java.lang.invoke.DirectMethodHandle$Holder.invokeSpecial(java.lang.Object, java.lang.Object, java.lang.Object, java.lang.Object)'> (0x00000000d6948570) 
thrown [s\src\hotspot\share\interpreter\linkResolver.cpp, line 773]
Event: 9.140 Thread 0x000001acff6919a0 Exception <a 'java/lang/NoSuchMethodError'{0x00000000d695be40}: 'java.lang.Object java.lang.invoke.DirectMethodHandle$Holder.invokeStatic(java.lang.Object, int, java.lang.Object, java.lang.Object)'> (0x00000000d695be40) 
thrown [s\src\hotspot\share\interpreter\linkResolver.cpp, line 773]
Event: 9.141 Thread 0x000001acff6919a0 Exception <a 'java/lang/NoSuchMethodError'{0x00000000d695f878}: 'java.lang.Object java.lang.invoke.DelegatingMethodHandle$Holder.delegate(java.lang.Object, int, java.lang.Object, java.lang.Object)'> (0x00000000d695f878) 
thrown [s\src\hotspot\share\interpreter\linkResolver.cpp, line 773]
Event: 9.149 Thread 0x000001acff6919a0 Exception <a 'java/lang/NoSuchMethodError'{0x00000000d697dd70}: 'int java.lang.invoke.Invokers$Holder.linkToTargetMethod(java.lang.Object, java.lang.Object, java.lang.Object)'> (0x00000000d697dd70) 
thrown [s\src\hotspot\share\interpreter\linkResolver.cpp, line 773]
Event: 12.239 Thread 0x000001acff691310 Exception <a 'java/lang/NoSuchMethodError'{0x00000000d60585c0}: 'java.lang.Object java.lang.invoke.DirectMethodHandle$Holder.invokeSpecialIFC(java.lang.Object, java.lang.Object, java.lang.Object, java.lang.Object)'> (0x00000000d60585c0) 
thrown [s\src\hotspot\share\interpreter\linkResolver.cpp, line 773]

ZGC Phase Switch (0 events):
No events

VM Operations (20 events):
Event: 6.528 Executing non-safepoint VM operation: HandshakeAllThreads (Deoptimize)
Event: 6.528 Executing non-safepoint VM operation: HandshakeAllThreads (Deoptimize) done
Event: 6.627 Executing safepoint VM operation: ParallelGCFailedAllocation (Allocation Failure)
Event: 6.631 Executing safepoint VM operation: ParallelGCFailedAllocation (Allocation Failure) done
Event: 6.795 Executing safepoint VM operation: CollectForMetadataAllocation (Metadata GC Threshold)
Event: 6.830 Executing safepoint VM operation: CollectForMetadataAllocation (Metadata GC Threshold) done
Event: 6.968 Executing safepoint VM operation: ParallelGCFailedAllocation (Allocation Failure)
Event: 6.969 Executing safepoint VM operation: ParallelGCFailedAllocation (Allocation Failure) done
Event: 7.971 Executing safepoint VM operation: Cleanup
Event: 8.082 Executing safepoint VM operation: Cleanup done
Event: 9.095 Executing safepoint VM operation: Cleanup
Event: 9.095 Executing safepoint VM operation: Cleanup done
Event: 9.153 Executing non-safepoint VM operation: HandshakeAllThreads (Deoptimize)
Event: 9.153 Executing non-safepoint VM operation: HandshakeAllThreads (Deoptimize) done
Event: 10.165 Executing safepoint VM operation: Cleanup
Event: 10.166 Executing safepoint VM operation: Cleanup done
Event: 12.187 Executing safepoint VM operation: ParallelGCFailedAllocation (Allocation Failure)
Event: 12.189 Executing safepoint VM operation: ParallelGCFailedAllocation (Allocation Failure) done
Event: 13.196 Executing safepoint VM operation: Cleanup
Event: 13.196 Executing safepoint VM operation: Cleanup done

Memory protections (0 events):
No events

Nmethod flushes (0 events):
No events

Events (20 events):
Event: 0.151 Thread 0x000001acfc90e230 Thread added: 0x000001acfe3fab20
Event: 0.223 Thread 0x000001ace3c4a5c0 Thread added: 0x000001acfe5ae6f0
Event: 0.331 Thread 0x000001acfc90e230 Thread added: 0x000001acfe4d15f0
Event: 0.914 Thread 0x000001ace3c4a5c0 Thread added: 0x000001acfeae2cc0
Event: 1.101 Thread 0x000001ace3c4a5c0 Thread added: 0x000001acfed25a70
Event: 1.149 Thread 0x000001acfed25a70 Thread added: 0x000001acfed250e0
Event: 1.151 Thread 0x000001ace3c4a5c0 Thread added: 0x000001acfed20cf0
Event: 1.422 Thread 0x000001acfed20cf0 Thread added: 0x000001acff0f22b0
Event: 1.657 Thread 0x000001acfe4d15f0 Thread exited: 0x000001acfe4d15f0
Event: 1.664 Thread 0x000001acfed20cf0 Thread added: 0x000001acfe4d15f0
Event: 1.724 Thread 0x000001acfc90e230 Thread added: 0x000001acff1c6ef0
Event: 1.880 Thread 0x000001acfed20cf0 Thread added: 0x000001acff21e260
Event: 2.292 Thread 0x000001acfed20cf0 Thread added: 0x000001acff693a70
Event: 2.341 Thread 0x000001acfed20cf0 Thread added: 0x000001acff691310
Event: 3.355 Thread 0x000001acff1c6ef0 Thread exited: 0x000001acff1c6ef0
Event: 3.362 Thread 0x000001acfe3fab20 Thread exited: 0x000001acfe3fab20
Event: 4.403 Thread 0x000001acfed20cf0 Thread added: 0x000001acff6919a0
Event: 6.496 Thread 0x000001acfc90e230 Thread added: 0x000001acfe3fab20
Event: 8.066 Thread 0x000001acff691310 Thread added: 0x000001acff692030
Event: 8.083 Thread 0x000001acff6919a0 Thread added: 0x000001acff6926c0


Dynamic libraries:
0x00007ff672fe0000 - 0x00007ff672fee000 	c:\Users\User\.vscode\extensions\redhat.java-1.53.0-win32-x64\jre\21.0.10-win32-x86_64\bin\java.exe
0x00007ffc14360000 - 0x00007ffc145c7000 	C:\Windows\SYSTEM32\ntdll.dll
0x00007ffc12a40000 - 0x00007ffc12b09000 	C:\Windows\System32\KERNEL32.DLL
0x00007ffc11c50000 - 0x00007ffc12041000 	C:\Windows\System32\KERNELBASE.dll
0x00007ffc11910000 - 0x00007ffc11a5b000 	C:\Windows\System32\ucrtbase.dll
0x00007ffbe0800000 - 0x00007ffbe081e000 	c:\Users\User\.vscode\extensions\redhat.java-1.53.0-win32-x64\jre\21.0.10-win32-x86_64\bin\VCRUNTIME140.dll
0x00007ffbddcd0000 - 0x00007ffbddce8000 	c:\Users\User\.vscode\extensions\redhat.java-1.53.0-win32-x64\jre\21.0.10-win32-x86_64\bin\jli.dll
0x00007ffc126a0000 - 0x00007ffc12865000 	C:\Windows\System32\USER32.dll
0x00007ffbf2310000 - 0x00007ffbf25a3000 	C:\Windows\WinSxS\amd64_microsoft.windows.common-controls_6595b64144ccf1df_6.0.26100.8037_none_3e092faae333b53b\COMCTL32.dll
0x00007ffc13f60000 - 0x00007ffc14009000 	C:\Windows\System32\msvcrt.dll
0x00007ffc11850000 - 0x00007ffc11877000 	C:\Windows\System32\win32u.dll
0x00007ffc134f0000 - 0x00007ffc1351b000 	C:\Windows\System32\GDI32.dll
0x00007ffc11b20000 - 0x00007ffc11c4b000 	C:\Windows\System32\gdi32full.dll
0x00007ffc114b0000 - 0x00007ffc11553000 	C:\Windows\System32\msvcp_win.dll
0x00007ffc14010000 - 0x00007ffc14041000 	C:\Windows\System32\IMM32.DLL
0x00007ffc00610000 - 0x00007ffc0061c000 	c:\Users\User\.vscode\extensions\redhat.java-1.53.0-win32-x64\jre\21.0.10-win32-x86_64\bin\vcruntime140_1.dll
0x00007ffb93080000 - 0x00007ffb9310d000 	c:\Users\User\.vscode\extensions\redhat.java-1.53.0-win32-x64\jre\21.0.10-win32-x86_64\bin\msvcp140.dll
0x00007ffb4ea00000 - 0x00007ffb4f7a1000 	c:\Users\User\.vscode\extensions\redhat.java-1.53.0-win32-x64\jre\21.0.10-win32-x86_64\bin\server\jvm.dll
0x00007ffc13520000 - 0x00007ffc135db000 	C:\Windows\System32\ADVAPI32.dll
0x00007ffc12390000 - 0x00007ffc12437000 	C:\Windows\System32\sechost.dll
0x00007ffc12100000 - 0x00007ffc12218000 	C:\Windows\System32\RPCRT4.dll
0x00007ffc12970000 - 0x00007ffc129e4000 	C:\Windows\System32\WS2_32.dll
0x00007ffc10aa0000 - 0x00007ffc10afe000 	C:\Windows\SYSTEM32\POWRPROF.dll
0x00007ffbfe470000 - 0x00007ffbfe47b000 	C:\Windows\SYSTEM32\VERSION.dll
0x00007ffc07280000 - 0x00007ffc072b5000 	C:\Windows\SYSTEM32\WINMM.dll
0x00007ffc10a80000 - 0x00007ffc10a94000 	C:\Windows\SYSTEM32\UMPDC.dll
0x00007ffc0f9d0000 - 0x00007ffc0f9eb000 	C:\Windows\SYSTEM32\kernel.appcore.dll
0x00007ffbffdc0000 - 0x00007ffbffdca000 	c:\Users\User\.vscode\extensions\redhat.java-1.53.0-win32-x64\jre\21.0.10-win32-x86_64\bin\jimage.dll
0x00007ffc0ecb0000 - 0x00007ffc0eef2000 	C:\Windows\SYSTEM32\DBGHELP.DLL
0x00007ffc13020000 - 0x00007ffc133a2000 	C:\Windows\System32\combase.dll
0x00007ffc133b0000 - 0x00007ffc13487000 	C:\Windows\System32\OLEAUT32.dll
0x00007ffbe6d60000 - 0x00007ffbe6d9b000 	C:\Windows\SYSTEM32\dbgcore.DLL
0x00007ffc12050000 - 0x00007ffc120f5000 	C:\Windows\System32\bcryptPrimitives.dll
0x00007ffc094c0000 - 0x00007ffc094cf000 	c:\Users\User\.vscode\extensions\redhat.java-1.53.0-win32-x64\jre\21.0.10-win32-x86_64\bin\instrument.dll
0x00007ffbd63e0000 - 0x00007ffbd6400000 	c:\Users\User\.vscode\extensions\redhat.java-1.53.0-win32-x64\jre\21.0.10-win32-x86_64\bin\java.dll
0x00007ffc13670000 - 0x00007ffc13dcf000 	C:\Windows\System32\SHELL32.dll
0x00007ffc11560000 - 0x00007ffc116ca000 	C:\Windows\System32\wintypes.dll
0x00007ffc10c40000 - 0x00007ffc114a4000 	C:\Windows\System32\windows.storage.dll
0x00007ffc14220000 - 0x00007ffc14317000 	C:\Windows\System32\SHCORE.dll
0x00007ffc12320000 - 0x00007ffc12387000 	C:\Windows\System32\shlwapi.dll
0x00007ffc10b60000 - 0x00007ffc10b89000 	C:\Windows\SYSTEM32\profapi.dll
0x00007ffbd7be0000 - 0x00007ffbd7bf8000 	c:\Users\User\.vscode\extensions\redhat.java-1.53.0-win32-x64\jre\21.0.10-win32-x86_64\bin\zip.dll
0x00007ffc009a0000 - 0x00007ffc009b0000 	C:\Users\User\.vscode\extensions\redhat.java-1.53.0-win32-x64\jre\21.0.10-win32-x86_64\bin\net.dll
0x00007ffc01060000 - 0x00007ffc01187000 	C:\Windows\SYSTEM32\WINHTTP.dll
0x00007ffc0ff40000 - 0x00007ffc0ffab000 	C:\Windows\system32\mswsock.dll
0x00007ffbf9070000 - 0x00007ffbf9086000 	C:\Users\User\.vscode\extensions\redhat.java-1.53.0-win32-x64\jre\21.0.10-win32-x86_64\bin\nio.dll
0x00007ffc00680000 - 0x00007ffc00690000 	c:\Users\User\.vscode\extensions\redhat.java-1.53.0-win32-x64\jre\21.0.10-win32-x86_64\bin\verify.dll
0x00007ffbf8b40000 - 0x00007ffbf8b85000 	C:\Users\User\AppData\Roaming\Code\User\globalStorage\redhat.java\1.53.0\config_win\org.eclipse.equinox.launcher\org.eclipse.equinox.launcher.win32.win32.x86_64_1.3.0.v20260203-2149\eclipse_11919.dll
0x00007ffc14050000 - 0x00007ffc141e5000 	C:\Windows\System32\ole32.dll
0x00007ffc10220000 - 0x00007ffc1023b000 	C:\Windows\SYSTEM32\CRYPTSP.dll
0x00007ffc0f930000 - 0x00007ffc0f969000 	C:\Windows\system32\rsaenh.dll
0x00007ffc0fff0000 - 0x00007ffc10022000 	C:\Windows\SYSTEM32\USERENV.dll
0x00007ffc10b30000 - 0x00007ffc10b5a000 	C:\Windows\SYSTEM32\bcrypt.dll
0x00007ffc10240000 - 0x00007ffc1024c000 	C:\Windows\SYSTEM32\CRYPTBASE.dll
0x00007ffc0f380000 - 0x00007ffc0f3b3000 	C:\Windows\SYSTEM32\IPHLPAPI.DLL
0x00007ffc12940000 - 0x00007ffc1294a000 	C:\Windows\System32\NSI.dll
0x00007ffbf28e0000 - 0x00007ffbf2929000 	C:\Users\User\AppData\Local\Temp\jna-2645995\jna13942181133365956288.dll
0x00007ffc12950000 - 0x00007ffc12958000 	C:\Windows\System32\PSAPI.DLL

JVMTI agents:
c:\Users\User\.vscode\extensions\redhat.java-1.53.0-win32-x64\lombok\lombok-1.18.39-4050.jar path:c:\Users\User\.vscode\extensions\redhat.java-1.53.0-win32-x64\jre\21.0.10-win32-x86_64\bin\instrument.dll, loaded, initialized, instrumentlib options:none

dbghelp: loaded successfully - version: 4.0.5 - missing functions: none
symbol engine: initialized successfully - sym options: 0x614 - pdb path: .;c:\Users\User\.vscode\extensions\redhat.java-1.53.0-win32-x64\jre\21.0.10-win32-x86_64\bin;C:\Windows\SYSTEM32;C:\Windows\WinSxS\amd64_microsoft.windows.common-controls_6595b64144ccf1df_6.0.26100.8037_none_3e092faae333b53b;c:\Users\User\.vscode\extensions\redhat.java-1.53.0-win32-x64\jre\21.0.10-win32-x86_64\bin\server;C:\Users\User\AppData\Roaming\Code\User\globalStorage\redhat.java\1.53.0\config_win\org.eclipse.equinox.launcher\org.eclipse.equinox.launcher.win32.win32.x86_64_1.3.0.v20260203-2149;C:\Users\User\AppData\Local\Temp\jna-2645995

VM Arguments:
jvm_args: --add-modules=ALL-SYSTEM --add-opens=java.base/java.util=ALL-UNNAMED --add-opens=java.base/java.lang=ALL-UNNAMED --add-opens=java.base/sun.nio.fs=ALL-UNNAMED -Declipse.application=org.eclipse.jdt.ls.core.id1 -Dosgi.bundles.defaultStartLevel=4 -Declipse.product=org.eclipse.jdt.ls.core.product -Djava.import.generatesMetadataFilesAtProjectRoot=false -DDetectVMInstallationsJob.disabled=true -Dfile.encoding=utf8 -XX:+UseParallelGC -XX:GCTimeRatio=4 -XX:AdaptiveSizePolicyWeight=90 -Dsun.zip.disableMemoryMapping=true -Xmx2G -Xms100m -Xlog:disable -javaagent:c:\Users\User\.vscode\extensions\redhat.java-1.53.0-win32-x64\lombok\lombok-1.18.39-4050.jar -XX:+HeapDumpOnOutOfMemoryError -XX:HeapDumpPath=c:\Users\User\AppData\Roaming\Code\User\workspaceStorage\c5569fb98b53a5d29c62dc571740dfb3\redhat.java -Daether.dependencyCollector.impl=bf 
java_command: c:\Users\User\.vscode\extensions\redhat.java-1.53.0-win32-x64\server\plugins\org.eclipse.equinox.launcher_1.7.100.v20251111-0406.jar -configuration c:\Users\User\AppData\Roaming\Code\User\globalStorage\redhat.java\1.53.0\config_win -data c:\Users\User\AppData\Roaming\Code\User\workspaceStorage\c5569fb98b53a5d29c62dc571740dfb3\redhat.java\jdt_ws --pipe=\\.\pipe\lsp-86c318d8e4fbf036d28e5c48dcbeee13-sock
java_class_path (initial): c:\Users\User\.vscode\extensions\redhat.java-1.53.0-win32-x64\server\plugins\org.eclipse.equinox.launcher_1.7.100.v20251111-0406.jar
Launcher Type: SUN_STANDARD

[Global flags]
    uintx AdaptiveSizePolicyWeight                 = 90                                        {product} {command line}
     intx CICompilerCount                          = 4                                         {product} {ergonomic}
    uintx GCTimeRatio                              = 4                                         {product} {command line}
     bool HeapDumpOnOutOfMemoryError               = true                                   {manageable} {command line}
    ccstr HeapDumpPath                             = c:\Users\User\AppData\Roaming\Code\User\workspaceStorage\c5569fb98b53a5d29c62dc571740dfb3\redhat.java         {manageable} {command line}
   size_t InitialHeapSize                          = 104857600                                 {product} {command line}
   size_t MaxHeapSize                              = 2147483648                                {product} {command line}
   size_t MaxNewSize                               = 715653120                                 {product} {ergonomic}
   size_t MinHeapDeltaBytes                        = 524288                                    {product} {ergonomic}
   size_t MinHeapSize                              = 104857600                                 {product} {command line}
   size_t NewSize                                  = 34603008                                  {product} {ergonomic}
    uintx NonNMethodCodeHeapSize                   = 5839372                                {pd product} {ergonomic}
    uintx NonProfiledCodeHeapSize                  = 122909434                              {pd product} {ergonomic}
   size_t OldSize                                  = 70254592                                  {product} {ergonomic}
    uintx ProfiledCodeHeapSize                     = 122909434                              {pd product} {ergonomic}
    uintx ReservedCodeCacheSize                    = 251658240                              {pd product} {ergonomic}
     bool SegmentedCodeCache                       = true                                      {product} {ergonomic}
   size_t SoftMaxHeapSize                          = 2147483648                             {manageable} {ergonomic}
     bool UseCompressedOops                        = true                           {product lp64_product} {ergonomic}
     bool UseLargePagesIndividualAllocation        = false                                  {pd product} {ergonomic}
     bool UseParallelGC                            = true                                      {product} {command line}

Logging:
Log output configuration:
 #0: stdout all=off uptime,level,tags foldmultilines=false
 #1: stderr all=off uptime,level,tags foldmultilines=false

Release file:
JAVA_VERSION="21.0.10" 
MODULES="java.base java.compiler java.datatransfer java.xml java.prefs java.desktop java.instrument java.logging java.management java.security.sasl java.naming java.rmi java.management.rmi java.net.http java.scripting java.security.jgss java.transaction.xa java.sql java.sql.rowset java.xml.crypto java.se java.smartcardio jdk.accessibility jdk.internal.jvmstat jdk.attach jdk.charsets jdk.internal.opt jdk.zipfs jdk.compiler jdk.crypto.ec jdk.crypto.cryptoki jdk.crypto.mscapi jdk.dynalink jdk.internal.ed jdk.editpad jdk.hotspot.agent jdk.httpserver jdk.internal.le jdk.internal.vm.ci jdk.internal.vm.compiler jdk.internal.vm.compiler.management jdk.jartool jdk.javadoc jdk.jcmd jdk.management jdk.management.agent jdk.jconsole jdk.jdeps jdk.jdwp.agent jdk.jdi jdk.jfr jdk.jshell jdk.jsobject jdk.jstatd jdk.localedata jdk.management.jfr jdk.naming.dns jdk.naming.rmi jdk.net jdk.nio.mapmode jdk.random jdk.sctp jdk.security.auth jdk.security.jgss jdk.unsupported jdk.unsupported.desktop jdk.xml.dom" 

Environment Variables:
JAVA_HOME=C:\Program Files\Eclipse Adoptium\jdk-17.0.18.8-hotspot\
PATH=C:\Users\User\AppData\Local\Programs\Microsoft VS Code;C:\Program Files\Eclipse Adoptium\jdk-17.0.18.8-hotspot\bin;C:\Program Files (x86)\Common Files\Oracle\Java\javapath;C:\Windows\system32;C:\Windows;C:\Windows\System32\Wbem;C:\Windows\System32\WindowsPowerShell\v1.0\;C:\Windows\System32\OpenSSH\;C:\Program Files\Git\cmd;C:\ProgramData\chocolatey\bin;C:\Program Files\dotnet\;C:\Users\User\AppData\Local\Microsoft\WindowsApps;C:\Users\User\AppData\Local\Programs\Microsoft VS Code\bin;C:\Users\User\AppData\Local\GitHubDesktop\bin;C:\Program Files\JetBrains\IntelliJ IDEA 2025.3.2\bin;C:\Users\User\AppData\Local\Python\bin
USERNAME=User
OS=Windows_NT
PROCESSOR_IDENTIFIER=Intel64 Family 6 Model 154 Stepping 4, GenuineIntel
TMP=C:\Users\User\AppData\Local\Temp
TEMP=C:\Users\User\AppData\Local\Temp




Periodic native trim disabled

---------------  S Y S T E M  ---------------

OS:
 Windows 11 , 64 bit Build 26100 (10.0.26100.7920)
OS uptime: 0 days 16:09 hours
Hyper-V role detected

CPU: total 8 (initial active 8) (4 cores per cpu, 2 threads per core) family 6 model 154 stepping 4 microcode 0x437, cx8, cmov, fxsr, ht, mmx, 3dnowpref, sse, sse2, sse3, ssse3, sse4.1, sse4.2, popcnt, lzcnt, tsc, tscinvbit, avx, avx2, aes, erms, clmul, bmi1, bmi2, adx, sha, fma, vzeroupper, clflush, clflushopt, clwb, hv, serialize, rdtscp, rdpid, fsrm, f16c, cet_ibt, cet_ss
Processor Information for processor 0
  Max Mhz: 1200, Current Mhz: 1200, Mhz Limit: 1200
Processor Information for processor 1
  Max Mhz: 1200, Current Mhz: 1200, Mhz Limit: 1200
Processor Information for processor 2
  Max Mhz: 1200, Current Mhz: 1200, Mhz Limit: 1200
Processor Information for processor 3
  Max Mhz: 1200, Current Mhz: 1200, Mhz Limit: 1200
Processor Information for processor 4
  Max Mhz: 1200, Current Mhz: 900, Mhz Limit: 900
Processor Information for processor 5
  Max Mhz: 1200, Current Mhz: 900, Mhz Limit: 900
Processor Information for processor 6
  Max Mhz: 1200, Current Mhz: 900, Mhz Limit: 900
Processor Information for processor 7
  Max Mhz: 1200, Current Mhz: 900, Mhz Limit: 900

Memory: 4k page, system-wide physical 16057M (3108M free)
TotalPageFile size 57785M (AvailPageFile size 2M)
current process WorkingSet (physical memory assigned to process): 161M, peak: 161M
current process commit charge ("private bytes"): 289M, peak: 289M

vm_info: OpenJDK 64-Bit Server VM (21.0.10+7-LTS) for windows-amd64 JRE (21.0.10+7-LTS), built on 2026-01-20T00:00:00Z by "admin" with MS VC++ 17.12 (VS2022)

END.
