#
# There is insufficient memory for the Java Runtime Environment to continue.
# Native memory allocation (malloc) failed to allocate 1130736 bytes. Error detail: Chunk::new
# Possible reasons:
#   The system is out of physical RAM or swap space
#   This process is running with CompressedOops enabled, and the Java Heap may be blocking the growth of the native heap
# Possible solutions:
#   Reduce memory load on the system
#   Increase physical memory or swap space
#   Check if swap backing store is full
#   Decrease Java heap size (-Xmx/-Xms)
#   Decrease number of Java threads
#   Decrease Java thread stack sizes (-Xss)
#   Set larger code cache with -XX:ReservedCodeCacheSize=
#   JVM is running with Unscaled Compressed Oops mode in which the Java heap is
#     placed in the first 4GB address space. The Java Heap base address is the
#     maximum limit for the native heap growth. Please use -XX:HeapBaseMinAddress
#     to set the Java Heap base and to place the Java Heap above 4GB virtual address.
# This output file may be truncated or incomplete.
#
#  Out of Memory Error (arena.cpp:168), pid=25252, tid=24224
#
# JRE version: OpenJDK Runtime Environment Temurin-21.0.10+7 (21.0.10+7) (build 21.0.10+7-LTS)
# Java VM: OpenJDK 64-Bit Server VM Temurin-21.0.10+7 (21.0.10+7-LTS, mixed mode, sharing, tiered, compressed oops, compressed class ptrs, parallel gc, windows-amd64)
# No core dump will be written. Minidumps are not enabled by default on client versions of Windows
#

---------------  S U M M A R Y ------------

Command Line: --add-modules=ALL-SYSTEM --add-opens=java.base/java.util=ALL-UNNAMED --add-opens=java.base/java.lang=ALL-UNNAMED --add-opens=java.base/sun.nio.fs=ALL-UNNAMED -Declipse.application=org.eclipse.jdt.ls.core.id1 -Dosgi.bundles.defaultStartLevel=4 -Declipse.product=org.eclipse.jdt.ls.core.product -Djava.import.generatesMetadataFilesAtProjectRoot=false -DDetectVMInstallationsJob.disabled=true -Dfile.encoding=utf8 -XX:+UseParallelGC -XX:GCTimeRatio=4 -XX:AdaptiveSizePolicyWeight=90 -Dsun.zip.disableMemoryMapping=true -Xmx2G -Xms100m -Xlog:disable -javaagent:c:\Users\User\.vscode\extensions\redhat.java-1.53.0-win32-x64\lombok\lombok-1.18.39-4050.jar -XX:+HeapDumpOnOutOfMemoryError -XX:HeapDumpPath=c:\Users\User\AppData\Roaming\Code\User\workspaceStorage\c5569fb98b53a5d29c62dc571740dfb3\redhat.java -Daether.dependencyCollector.impl=bf c:\Users\User\.vscode\extensions\redhat.java-1.53.0-win32-x64\server\plugins\org.eclipse.equinox.launcher_1.7.100.v20251111-0406.jar -configuration c:\Users\User\AppData\Roaming\Code\User\globalStorage\redhat.java\1.53.0\config_win -data c:\Users\User\AppData\Roaming\Code\User\workspaceStorage\c5569fb98b53a5d29c62dc571740dfb3\redhat.java\jdt_ws --pipe=\\.\pipe\lsp-63f8bd34a59e518e774bc337c6ff629c-sock

Host: 12th Gen Intel(R) Core(TM) i3-1215U, 8 cores, 15G,  Windows 11 , 64 bit Build 26100 (10.0.26100.7920)
Time: Wed Mar 25 09:49:22 2026 E. Africa Standard Time elapsed time: 3329.031796 seconds (0d 0h 55m 29s)

---------------  T H R E A D  ---------------

Current thread (0x000002a8ad219500):  JavaThread "C2 CompilerThread0" daemon [_thread_in_native, id=24224, stack(0x000000e03a400000,0x000000e03a500000) (1024K)]


Current CompileTask:
C2:3329031 24757       4       lombok.eclipse.EclipseAST::buildTypes (53 bytes)

Stack: [0x000000e03a400000,0x000000e03a500000]
Native frames: (J=compiled Java code, j=interpreted, Vv=VM code, C=native code)
V  [jvm.dll+0x6d7a39]
V  [jvm.dll+0x8b4b26]
V  [jvm.dll+0x8b70de]
V  [jvm.dll+0x8b77c3]
V  [jvm.dll+0x284346]
V  [jvm.dll+0xc66ed]
V  [jvm.dll+0xc6c31]
V  [jvm.dll+0x2fb29e]
V  [jvm.dll+0x5fe884]
V  [jvm.dll+0x255b17]
V  [jvm.dll+0x24e12a]
V  [jvm.dll+0x24ba42]
V  [jvm.dll+0x1cb34e]
V  [jvm.dll+0x25b85d]
V  [jvm.dll+0x259dea]
V  [jvm.dll+0x3f857e]
V  [jvm.dll+0x85f59d]
V  [jvm.dll+0x6d626d]
C  [ucrtbase.dll+0x37b0]
C  [KERNEL32.DLL+0x2e8d7]
C  [ntdll.dll+0x8c48c]


---------------  P R O C E S S  ---------------

Threads class SMR info:
_java_thread_list=0x000002a8f829a560, length=51, elements={
0x000002a896a43230, 0x000002a8ad1fe8e0, 0x000002a8ad202d80, 0x000002a8ad2052c0,
0x000002a8ad208a20, 0x000002a8ad20b590, 0x000002a8ad2135c0, 0x000002a8ad219500,
0x000002a8ad216b30, 0x000002a8f4225340, 0x000002a8f43156e0, 0x000002a8f4bb2030,
0x000002a8f48db7e0, 0x000002a8f4a39700, 0x000002a8f4a3dff0, 0x000002a8f455f090,
0x000002a8f4772690, 0x000002a8f4a0d360, 0x000002a8f4f62390, 0x000002a8f6598e50,
0x000002a8f6596060, 0x000002a8f65994e0, 0x000002a8f6599b70, 0x000002a8f6596d80,
0x000002a8f6597410, 0x000002a8f65966f0, 0x000002a8f659a890, 0x000002a8f659a200,
0x000002a8f659af20, 0x000002a8f65987c0, 0x000002a8f659bc40, 0x000002a8f659cff0,
0x000002a8f840d170, 0x000002a8f8410c80, 0x000002a8f8411310, 0x000002a8f65959d0,
0x000002a8f4f630b0, 0x000002a8f564f300, 0x000002a8f5650020, 0x000002a8f564d8c0,
0x000002a8f840cae0, 0x000002a8f840d800, 0x000002a8f840ebb0, 0x000002a8f840ff60,
0x000002a8f840de90, 0x000002a8f84119a0, 0x000002a8f840e520, 0x000002a8f4e3c8c0,
0x000002a8f4e3c230, 0x000002a8f4e3e300, 0x000002a8f4e3d5e0
}

Java Threads: ( => current thread )
  0x000002a896a43230 JavaThread "main"                              [_thread_blocked, id=23832, stack(0x000000e039a00000,0x000000e039b00000) (1024K)]
  0x000002a8ad1fe8e0 JavaThread "Reference Handler"          daemon [_thread_blocked, id=24228, stack(0x000000e039e00000,0x000000e039f00000) (1024K)]
  0x000002a8ad202d80 JavaThread "Finalizer"                  daemon [_thread_blocked, id=5896, stack(0x000000e039f00000,0x000000e03a000000) (1024K)]
  0x000002a8ad2052c0 JavaThread "Signal Dispatcher"          daemon [_thread_blocked, id=24656, stack(0x000000e03a000000,0x000000e03a100000) (1024K)]
  0x000002a8ad208a20 JavaThread "Attach Listener"            daemon [_thread_blocked, id=23812, stack(0x000000e03a100000,0x000000e03a200000) (1024K)]
  0x000002a8ad20b590 JavaThread "Service Thread"             daemon [_thread_blocked, id=23808, stack(0x000000e03a200000,0x000000e03a300000) (1024K)]
  0x000002a8ad2135c0 JavaThread "Monitor Deflation Thread"   daemon [_thread_blocked, id=25212, stack(0x000000e03a300000,0x000000e03a400000) (1024K)]
=>0x000002a8ad219500 JavaThread "C2 CompilerThread0"         daemon [_thread_in_native, id=24224, stack(0x000000e03a400000,0x000000e03a500000) (1024K)]
  0x000002a8ad216b30 JavaThread "C1 CompilerThread0"         daemon [_thread_blocked, id=24652, stack(0x000000e03a500000,0x000000e03a600000) (1024K)]
  0x000002a8f4225340 JavaThread "Common-Cleaner"             daemon [_thread_blocked, id=25204, stack(0x000000e03a700000,0x000000e03a800000) (1024K)]
  0x000002a8f43156e0 JavaThread "Notification Thread"        daemon [_thread_blocked, id=25208, stack(0x000000e03a600000,0x000000e03a700000) (1024K)]
  0x000002a8f4bb2030 JavaThread "Active Thread: Equinox Container: 5b35600b-31d9-42ca-92c7-669334f8d25b"        [_thread_blocked, id=14172, stack(0x000000e03b000000,0x000000e03b100000) (1024K)]
  0x000002a8f48db7e0 JavaThread "Refresh Thread: Equinox Container: 5b35600b-31d9-42ca-92c7-669334f8d25b" daemon [_thread_blocked, id=24080, stack(0x000000e03a900000,0x000000e03aa00000) (1024K)]
  0x000002a8f4a39700 JavaThread "Framework Event Dispatcher: Equinox Container: 5b35600b-31d9-42ca-92c7-669334f8d25b" daemon [_thread_blocked, id=21936, stack(0x000000e03b100000,0x000000e03b200000) (1024K)]
  0x000002a8f4a3dff0 JavaThread "Start Level: Equinox Container: 5b35600b-31d9-42ca-92c7-669334f8d25b" daemon [_thread_blocked, id=24072, stack(0x000000e03b200000,0x000000e03b300000) (1024K)]
  0x000002a8f455f090 JavaThread "Bundle File Closer"         daemon [_thread_blocked, id=13616, stack(0x000000e03b400000,0x000000e03b500000) (1024K)]
  0x000002a8f4772690 JavaThread "SCR Component Actor"        daemon [_thread_blocked, id=18976, stack(0x000000e03b300000,0x000000e03b400000) (1024K)]
  0x000002a8f4a0d360 JavaThread "Worker-JM"                         [_thread_blocked, id=21468, stack(0x000000e03b700000,0x000000e03b800000) (1024K)]
  0x000002a8f4f62390 JavaThread "JNA Cleaner"                daemon [_thread_blocked, id=3552, stack(0x000000e03b600000,0x000000e03b700000) (1024K)]
  0x000002a8f6598e50 JavaThread "Java indexing"              daemon [_thread_in_native, id=12160, stack(0x000000e03ba00000,0x000000e03bb00000) (1024K)]
  0x000002a8f6596060 JavaThread "Thread-1"                   daemon [_thread_in_native, id=10824, stack(0x000000e03bf00000,0x000000e03c000000) (1024K)]
  0x000002a8f65994e0 JavaThread "Thread-2"                   daemon [_thread_in_native, id=26020, stack(0x000000e03c000000,0x000000e03c100000) (1024K)]
  0x000002a8f6599b70 JavaThread "Thread-3"                   daemon [_thread_in_native, id=25940, stack(0x000000e03c100000,0x000000e03c200000) (1024K)]
  0x000002a8f6596d80 JavaThread "Thread-4"                   daemon [_thread_blocked, id=17536, stack(0x000000e03c200000,0x000000e03c300000) (1024K)]
  0x000002a8f6597410 JavaThread "Thread-5"                   daemon [_thread_in_native, id=14400, stack(0x000000e03c300000,0x000000e03c400000) (1024K)]
  0x000002a8f65966f0 JavaThread "Thread-6"                   daemon [_thread_in_native, id=6184, stack(0x000000e03c400000,0x000000e03c500000) (1024K)]
  0x000002a8f659a890 JavaThread "Thread-7"                   daemon [_thread_in_native, id=2724, stack(0x000000e03c500000,0x000000e03c600000) (1024K)]
  0x000002a8f659a200 JavaThread "Thread-8"                   daemon [_thread_in_native, id=19532, stack(0x000000e03c600000,0x000000e03c700000) (1024K)]
  0x000002a8f659af20 JavaThread "Thread-9"                   daemon [_thread_in_native, id=20636, stack(0x000000e03c700000,0x000000e03c800000) (1024K)]
  0x000002a8f65987c0 JavaThread "pool-2-thread-1"                   [_thread_blocked, id=12892, stack(0x000000e03c800000,0x000000e03c900000) (1024K)]
  0x000002a8f659bc40 JavaThread "WorkspaceEventsHandler"            [_thread_blocked, id=19716, stack(0x000000e03cc00000,0x000000e03cd00000) (1024K)]
  0x000002a8f659cff0 JavaThread "pool-1-thread-1"                   [_thread_blocked, id=11608, stack(0x000000e03cd00000,0x000000e03ce00000) (1024K)]
  0x000002a8f840d170 JavaThread "Cleaner-0"                  daemon [_thread_blocked, id=11624, stack(0x000000e03d700000,0x000000e03d800000) (1024K)]
  0x000002a8f8410c80 JavaThread "Worker-9"                          [_thread_blocked, id=5732, stack(0x000000e03bb00000,0x000000e03bc00000) (1024K)]
  0x000002a8f8411310 JavaThread "Worker-11"                         [_thread_blocked, id=4868, stack(0x000000e03bd00000,0x000000e03be00000) (1024K)]
  0x000002a8f65959d0 JavaThread "ForkJoinPool.commonPool-worker-13" daemon [_thread_blocked, id=19068, stack(0x000000e03d000000,0x000000e03d100000) (1024K)]
  0x000002a8f4f630b0 JavaThread "ForkJoinPool.commonPool-worker-14" daemon [_thread_blocked, id=11636, stack(0x000000e03d100000,0x000000e03d200000) (1024K)]
  0x000002a8f564f300 JavaThread "ForkJoinPool.commonPool-worker-15" daemon [_thread_blocked, id=26916, stack(0x000000e039700000,0x000000e039800000) (1024K)]
  0x000002a8f5650020 JavaThread "Compiler Source File Reader" daemon [_thread_blocked, id=13948, stack(0x000000e039800000,0x000000e039900000) (1024K)]
  0x000002a8f564d8c0 JavaThread "Compiler Processing Task"   daemon [_thread_blocked, id=8796, stack(0x000000e039900000,0x000000e039a00000) (1024K)]
  0x000002a8f840cae0 JavaThread "Compiler Source File Reader" daemon [_thread_blocked, id=27848, stack(0x000000e03b500000,0x000000e03b600000) (1024K)]
  0x000002a8f840d800 JavaThread "ForkJoinPool.commonPool-worker-16" daemon [_thread_blocked, id=10900, stack(0x000000e03b800000,0x000000e03b900000) (1024K)]
  0x000002a8f840ebb0 JavaThread "ForkJoinPool.commonPool-worker-17" daemon [_thread_blocked, id=26408, stack(0x000000e03b900000,0x000000e03ba00000) (1024K)]
  0x000002a8f840ff60 JavaThread "Compiler Source File Reader" daemon [_thread_blocked, id=20716, stack(0x000000e03bc00000,0x000000e03bd00000) (1024K)]
  0x000002a8f840de90 JavaThread "Worker-14"                         [_thread_blocked, id=25664, stack(0x000000e03be00000,0x000000e03bf00000) (1024K)]
  0x000002a8f84119a0 JavaThread "Compiler Source File Reader" daemon [_thread_blocked, id=16496, stack(0x000000e03c900000,0x000000e03ca00000) (1024K)]
  0x000002a8f840e520 JavaThread "Compiler Source File Reader" daemon [_thread_blocked, id=17132, stack(0x000000e03ca00000,0x000000e03cb00000) (1024K)]
  0x000002a8f4e3c8c0 JavaThread "Compiler Source File Reader" daemon [_thread_blocked, id=10324, stack(0x000000e03d800000,0x000000e03d900000) (1024K)]
  0x000002a8f4e3c230 JavaThread "Worker-15: Building"               [_thread_blocked, id=24464, stack(0x000000e03cf00000,0x000000e03d000000) (1024K)]
  0x000002a8f4e3e300 JavaThread "ForkJoinPool.commonPool-worker-18" daemon [_thread_blocked, id=23400, stack(0x000000e03cb00000,0x000000e03cc00000) (1024K)]
  0x000002a8f4e3d5e0 JavaThread "ForkJoinPool.commonPool-worker-19" daemon [_thread_blocked, id=14736, stack(0x000000e03ce00000,0x000000e03cf00000) (1024K)]
Total: 51

Other Threads:
  0x000002a896afec00 VMThread "VM Thread"                           [id=10460, stack(0x000000e039d00000,0x000000e039e00000) (1024K)]
  0x000002a8ad11ca00 WatcherThread "VM Periodic Task Thread"        [id=24660, stack(0x000000e039c00000,0x000000e039d00000) (1024K)]
  0x000002a896a619b0 WorkerThread "GC Thread#0"                     [id=23824, stack(0x000000e039b00000,0x000000e039c00000) (1024K)]
  0x000002a8f4d6c7d0 WorkerThread "GC Thread#1"                     [id=24212, stack(0x000000e03aa00000,0x000000e03ab00000) (1024K)]
  0x000002a8f4d6cb80 WorkerThread "GC Thread#2"                     [id=25192, stack(0x000000e03ab00000,0x000000e03ac00000) (1024K)]
  0x000002a8f4684e10 WorkerThread "GC Thread#3"                     [id=24644, stack(0x000000e03ac00000,0x000000e03ad00000) (1024K)]
  0x000002a8f46851c0 WorkerThread "GC Thread#4"                     [id=24640, stack(0x000000e03ad00000,0x000000e03ae00000) (1024K)]
  0x000002a8f4685570 WorkerThread "GC Thread#5"                     [id=24208, stack(0x000000e03ae00000,0x000000e03af00000) (1024K)]
  0x000002a8f4685920 WorkerThread "GC Thread#6"                     [id=25180, stack(0x000000e03af00000,0x000000e03b000000) (1024K)]
  0x000002a8ad21afb0 WorkerThread "GC Thread#7"                     [id=3016, stack(0x000000e03a800000,0x000000e03a900000) (1024K)]
Total: 10

Threads with active compile tasks:
C2 CompilerThread0  3329067 24757       4       lombok.eclipse.EclipseAST::buildTypes (53 bytes)
Total: 1

VM state: at safepoint (normal execution)

VM Mutex/Monitor currently owned by a thread:  ([mutex/lock_event])
[0x00007ffba429e560] Threads_lock - owner thread: 0x000002a896afec00
[0x00007ffba429e660] Heap_lock - owner thread: 0x000002a8f564d8c0

Heap address: 0x0000000080000000, size: 2048 MB, Compressed Oops mode: 32-bit

CDS archive(s) mapped at: [0x000002a8ae000000-0x000002a8aeba0000-0x000002a8aeba0000), size 12189696, SharedBaseAddress: 0x000002a8ae000000, ArchiveRelocationMode: 1.
Compressed class space mapped at: 0x000002a8af000000-0x000002a8ef000000, reserved size: 1073741824
Narrow klass base: 0x000002a8ae000000, Narrow klass shift: 0, Narrow klass range: 0x100000000

GC Precious Log:
 CardTable entry size: 512
 CPUs: 8 total, 8 available
 Memory: 16057M
 Large Page Support: Disabled
 NUMA Support: Disabled
 Compressed Oops: Enabled (32-bit)
 Alignments: Space 512K, Generation 512K, Heap 2M
 Heap Min Capacity: 100M
 Heap Initial Capacity: 100M
 Heap Max Capacity: 2G
 Pre-touch: Disabled
 Parallel Workers: 8

Heap:
 PSYoungGen      total 3072K, used 496K [0x00000000d5580000, 0x00000000d5980000, 0x0000000100000000)
  eden space 2560K, 0% used [0x00000000d5580000,0x00000000d5580000,0x00000000d5800000)
  from space 512K, 96% used [0x00000000d5900000,0x00000000d597c010,0x00000000d5980000)
  to   space 512K, 0% used [0x00000000d5880000,0x00000000d5880000,0x00000000d5900000)
 ParOldGen       total 86016K, used 63709K [0x0000000080000000, 0x0000000085400000, 0x00000000d5580000)
  object space 86016K, 74% used [0x0000000080000000,0x0000000083e376f8,0x0000000085400000)
 Metaspace       used 89845K, committed 91520K, reserved 1179648K
  class space    used 8913K, committed 9664K, reserved 1048576K

Card table byte_map: [0x000002a8962f0000,0x000002a896700000] _byte_map_base: 0x000002a895ef0000

Marking Bits: (ParMarkBitMap*) 0x00007ffba42a3450
 Begin Bits: [0x000002a8a8c40000, 0x000002a8aac40000)
 End Bits:   [0x000002a8aac40000, 0x000002a8acc40000)

Polling page: 0x000002a894770000

Metaspace:

Usage:
  Non-class:     79.04 MB used.
      Class:      8.70 MB used.
       Both:     87.74 MB used.

Virtual space:
  Non-class space:      128.00 MB reserved,      79.94 MB ( 62%) committed,  2 nodes.
      Class space:        1.00 GB reserved,       9.44 MB ( <1%) committed,  1 nodes.
             Both:        1.12 GB reserved,      89.38 MB (  8%) committed. 

Chunk freelists:
   Non-Class:  16.05 MB
       Class:  6.49 MB
        Both:  22.55 MB

MaxMetaspaceSize: unlimited
CompressedClassSpaceSize: 1.00 GB
Initial GC threshold: 21.00 MB
Current GC threshold: 149.00 MB
CDS: on
 - commit_granule_bytes: 65536.
 - commit_granule_words: 8192.
 - virtual_space_node_default_size: 8388608.
 - enlarge_chunks_in_place: 1.
 - use_allocation_guard: 0.


Internal statistics:

num_allocs_failed_limit: 9.
num_arena_births: 1762.
num_arena_deaths: 378.
num_vsnodes_births: 3.
num_vsnodes_deaths: 0.
num_space_committed: 1430.
num_space_uncommitted: 0.
num_chunks_returned_to_freelist: 440.
num_chunks_taken_from_freelist: 6313.
num_chunk_merges: 110.
num_chunk_splits: 3670.
num_chunks_enlarged: 1976.
num_inconsistent_stats: 0.

CodeHeap 'non-profiled nmethods': size=120000Kb used=17519Kb max_used=23399Kb free=102480Kb
 bounds [0x000002a8a1710000, 0x000002a8a2df0000, 0x000002a8a8c40000]
CodeHeap 'profiled nmethods': size=120000Kb used=30113Kb max_used=45144Kb free=89886Kb
 bounds [0x000002a899c40000, 0x000002a89c8a0000, 0x000002a8a1170000]
CodeHeap 'non-nmethods': size=5760Kb used=1524Kb max_used=1597Kb free=4235Kb
 bounds [0x000002a8a1170000, 0x000002a8a13e0000, 0x000002a8a1710000]
CodeCache: size=245760Kb, used=49156Kb, max_used=70140Kb, free=196601Kb
 total_blobs=13698, nmethods=12860, adapters=739, full_count=0
Compilation: enabled, stopped_count=0, restarted_count=0

Compilation events (20 events):
Event: 3326.231 Thread 0x000002a8ad216b30 nmethod 24752 0x000002a89b572d10 code [0x000002a89b573140, 0x000002a89b574f08]
Event: 3326.235 Thread 0x000002a8ad216b30 24753   !   3       org.eclipse.core.internal.filebuffers.SynchronizableDocument::containsPositionCategory (30 bytes)
Event: 3326.236 Thread 0x000002a8ad216b30 nmethod 24753 0x000002a899ef6210 code [0x000002a899ef6400, 0x000002a899ef6a38]
Event: 3326.280 Thread 0x000002a8ad219500 24754   !   4       org.eclipse.jdt.ls.core.internal.handlers.SymbolUtils::isSyntheticElement (38 bytes)
Event: 3326.282 Thread 0x000002a8ad219500 nmethod 24754 0x000002a8a1c21710 code [0x000002a8a1c218a0, 0x000002a8a1c219c8]
Event: 3326.319 Thread 0x000002a8ad216b30 24755  s    3       org.eclipse.core.internal.events.ResourceChangeListenerList::remove (68 bytes)
Event: 3326.320 Thread 0x000002a8ad216b30 nmethod 24755 0x000002a899de7e90 code [0x000002a899de80c0, 0x000002a899de89d8]
Event: 3326.327 Thread 0x000002a8ad216b30 24756       3       java.util.Formatter$FormatSpecifier::localizedMagnitude (20 bytes)
Event: 3326.327 Thread 0x000002a8ad216b30 nmethod 24756 0x000002a899e24090 code [0x000002a899e24240, 0x000002a899e24400]
Event: 3326.854 Thread 0x000002a8ad219500 24757       4       lombok.eclipse.EclipseAST::buildTypes (53 bytes)
Event: 3327.866 Thread 0x000002a8ad216b30 24758       1       java.lang.StackStreamFactory$StackFrameTraverser::characteristics (4 bytes)
Event: 3327.866 Thread 0x000002a8ad216b30 nmethod 24758 0x000002a8a17a4490 code [0x000002a8a17a4620, 0x000002a8a17a46e8]
Event: 3327.866 Thread 0x000002a8ad216b30 24759       1       java.lang.StackStreamFactory$FrameBuffer::startIndex (2 bytes)
Event: 3327.866 Thread 0x000002a8ad216b30 nmethod 24759 0x000002a8a17c0210 code [0x000002a8a17c03a0, 0x000002a8a17c0468]
Event: 3327.866 Thread 0x000002a8ad216b30 24760       1       java.lang.StackStreamFactory$StackFrameTraverser$StackFrameBuffer::frames (5 bytes)
Event: 3327.867 Thread 0x000002a8ad216b30 nmethod 24760 0x000002a8a17c3310 code [0x000002a8a17c34a0, 0x000002a8a17c3568]
Event: 3328.127 Thread 0x000002a8ad216b30 24762  s    3       org.eclipse.core.internal.events.ResourceChangeListenerList::add (114 bytes)
Event: 3328.128 Thread 0x000002a8ad216b30 nmethod 24762 0x000002a899e45c10 code [0x000002a899e45ea0, 0x000002a899e46b48]
Event: 3328.128 Thread 0x000002a8ad216b30 24763       3       org.eclipse.jface.text.AbstractDocument::addDocumentListener (13 bytes)
Event: 3328.129 Thread 0x000002a8ad216b30 nmethod 24763 0x000002a899f5a410 code [0x000002a899f5a600, 0x000002a899f5a990]

GC Heap History (20 events):
Event: 3326.243 GC heap after
{Heap after GC invocations=6607 (full 10):
 PSYoungGen      total 3072K, used 224K [0x00000000d5580000, 0x00000000d5980000, 0x0000000100000000)
  eden space 2560K, 0% used [0x00000000d5580000,0x00000000d5580000,0x00000000d5800000)
  from space 512K, 43% used [0x00000000d5900000,0x00000000d5938000,0x00000000d5980000)
  to   space 512K, 0% used [0x00000000d5880000,0x00000000d5880000,0x00000000d5900000)
 ParOldGen       total 86016K, used 62895K [0x0000000080000000, 0x0000000085400000, 0x00000000d5580000)
  object space 86016K, 73% used [0x0000000080000000,0x0000000083d6bc78,0x0000000085400000)
 Metaspace       used 89841K, committed 91520K, reserved 1179648K
  class space    used 8913K, committed 9664K, reserved 1048576K
}
Event: 3326.252 GC heap before
{Heap before GC invocations=6608 (full 10):
 PSYoungGen      total 3072K, used 2784K [0x00000000d5580000, 0x00000000d5980000, 0x0000000100000000)
  eden space 2560K, 100% used [0x00000000d5580000,0x00000000d5800000,0x00000000d5800000)
  from space 512K, 43% used [0x00000000d5900000,0x00000000d5938000,0x00000000d5980000)
  to   space 512K, 0% used [0x00000000d5880000,0x00000000d5880000,0x00000000d5900000)
 ParOldGen       total 86016K, used 62895K [0x0000000080000000, 0x0000000085400000, 0x00000000d5580000)
  object space 86016K, 73% used [0x0000000080000000,0x0000000083d6bc78,0x0000000085400000)
 Metaspace       used 89841K, committed 91520K, reserved 1179648K
  class space    used 8913K, committed 9664K, reserved 1048576K
}
Event: 3326.253 GC heap after
{Heap after GC invocations=6608 (full 10):
 PSYoungGen      total 3072K, used 512K [0x00000000d5580000, 0x00000000d5a00000, 0x0000000100000000)
  eden space 2560K, 0% used [0x00000000d5580000,0x00000000d5580000,0x00000000d5800000)
  from space 512K, 100% used [0x00000000d5880000,0x00000000d5900000,0x00000000d5900000)
  to   space 1024K, 0% used [0x00000000d5900000,0x00000000d5900000,0x00000000d5a00000)
 ParOldGen       total 86016K, used 62951K [0x0000000080000000, 0x0000000085400000, 0x00000000d5580000)
  object space 86016K, 73% used [0x0000000080000000,0x0000000083d79c88,0x0000000085400000)
 Metaspace       used 89841K, committed 91520K, reserved 1179648K
  class space    used 8913K, committed 9664K, reserved 1048576K
}
Event: 3326.273 GC heap before
{Heap before GC invocations=6609 (full 10):
 PSYoungGen      total 3072K, used 3071K [0x00000000d5580000, 0x00000000d5a00000, 0x0000000100000000)
  eden space 2560K, 99% used [0x00000000d5580000,0x00000000d57ffff8,0x00000000d5800000)
  from space 512K, 100% used [0x00000000d5880000,0x00000000d5900000,0x00000000d5900000)
  to   space 1024K, 0% used [0x00000000d5900000,0x00000000d5900000,0x00000000d5a00000)
 ParOldGen       total 86016K, used 62951K [0x0000000080000000, 0x0000000085400000, 0x00000000d5580000)
  object space 86016K, 73% used [0x0000000080000000,0x0000000083d79c88,0x0000000085400000)
 Metaspace       used 89841K, committed 91520K, reserved 1179648K
  class space    used 8913K, committed 9664K, reserved 1048576K
}
Event: 3326.274 GC heap after
{Heap after GC invocations=6609 (full 10):
 PSYoungGen      total 3072K, used 416K [0x00000000d5580000, 0x00000000d5980000, 0x0000000100000000)
  eden space 2560K, 0% used [0x00000000d5580000,0x00000000d5580000,0x00000000d5800000)
  from space 512K, 81% used [0x00000000d5900000,0x00000000d5968000,0x00000000d5980000)
  to   space 512K, 0% used [0x00000000d5880000,0x00000000d5880000,0x00000000d5900000)
 ParOldGen       total 86016K, used 63007K [0x0000000080000000, 0x0000000085400000, 0x00000000d5580000)
  object space 86016K, 73% used [0x0000000080000000,0x0000000083d87c88,0x0000000085400000)
 Metaspace       used 89841K, committed 91520K, reserved 1179648K
  class space    used 8913K, committed 9664K, reserved 1048576K
}
Event: 3326.302 GC heap before
{Heap before GC invocations=6610 (full 10):
 PSYoungGen      total 3072K, used 2975K [0x00000000d5580000, 0x00000000d5980000, 0x0000000100000000)
  eden space 2560K, 99% used [0x00000000d5580000,0x00000000d57fffc0,0x00000000d5800000)
  from space 512K, 81% used [0x00000000d5900000,0x00000000d5968000,0x00000000d5980000)
  to   space 512K, 0% used [0x00000000d5880000,0x00000000d5880000,0x00000000d5900000)
 ParOldGen       total 86016K, used 63007K [0x0000000080000000, 0x0000000085400000, 0x00000000d5580000)
  object space 86016K, 73% used [0x0000000080000000,0x0000000083d87c88,0x0000000085400000)
 Metaspace       used 89841K, committed 91520K, reserved 1179648K
  class space    used 8913K, committed 9664K, reserved 1048576K
}
Event: 3326.303 GC heap after
{Heap after GC invocations=6610 (full 10):
 PSYoungGen      total 3072K, used 320K [0x00000000d5580000, 0x00000000d5980000, 0x0000000100000000)
  eden space 2560K, 0% used [0x00000000d5580000,0x00000000d5580000,0x00000000d5800000)
  from space 512K, 62% used [0x00000000d5880000,0x00000000d58d0020,0x00000000d5900000)
  to   space 512K, 0% used [0x00000000d5900000,0x00000000d5900000,0x00000000d5980000)
 ParOldGen       total 86016K, used 63063K [0x0000000080000000, 0x0000000085400000, 0x00000000d5580000)
  object space 86016K, 73% used [0x0000000080000000,0x0000000083d95c88,0x0000000085400000)
 Metaspace       used 89841K, committed 91520K, reserved 1179648K
  class space    used 8913K, committed 9664K, reserved 1048576K
}
Event: 3326.316 GC heap before
{Heap before GC invocations=6611 (full 10):
 PSYoungGen      total 3072K, used 2879K [0x00000000d5580000, 0x00000000d5980000, 0x0000000100000000)
  eden space 2560K, 99% used [0x00000000d5580000,0x00000000d57fffd8,0x00000000d5800000)
  from space 512K, 62% used [0x00000000d5880000,0x00000000d58d0020,0x00000000d5900000)
  to   space 512K, 0% used [0x00000000d5900000,0x00000000d5900000,0x00000000d5980000)
 ParOldGen       total 86016K, used 63063K [0x0000000080000000, 0x0000000085400000, 0x00000000d5580000)
  object space 86016K, 73% used [0x0000000080000000,0x0000000083d95c88,0x0000000085400000)
 Metaspace       used 89841K, committed 91520K, reserved 1179648K
  class space    used 8913K, committed 9664K, reserved 1048576K
}
Event: 3326.317 GC heap after
{Heap after GC invocations=6611 (full 10):
 PSYoungGen      total 3072K, used 496K [0x00000000d5580000, 0x00000000d5a00000, 0x0000000100000000)
  eden space 2560K, 0% used [0x00000000d5580000,0x00000000d5580000,0x00000000d5800000)
  from space 512K, 96% used [0x00000000d5900000,0x00000000d597c010,0x00000000d5980000)
  to   space 1024K, 0% used [0x00000000d5800000,0x00000000d5800000,0x00000000d5900000)
 ParOldGen       total 86016K, used 63175K [0x0000000080000000, 0x0000000085400000, 0x00000000d5580000)
  object space 86016K, 73% used [0x0000000080000000,0x0000000083db1ca8,0x0000000085400000)
 Metaspace       used 89841K, committed 91520K, reserved 1179648K
  class space    used 8913K, committed 9664K, reserved 1048576K
}
Event: 3326.562 GC heap before
{Heap before GC invocations=6612 (full 10):
 PSYoungGen      total 3072K, used 3048K [0x00000000d5580000, 0x00000000d5a00000, 0x0000000100000000)
  eden space 2560K, 99% used [0x00000000d5580000,0x00000000d57fe0e0,0x00000000d5800000)
  from space 512K, 96% used [0x00000000d5900000,0x00000000d597c010,0x00000000d5980000)
  to   space 1024K, 0% used [0x00000000d5800000,0x00000000d5800000,0x00000000d5900000)
 ParOldGen       total 86016K, used 63175K [0x0000000080000000, 0x0000000085400000, 0x00000000d5580000)
  object space 86016K, 73% used [0x0000000080000000,0x0000000083db1ca8,0x0000000085400000)
 Metaspace       used 89843K, committed 91520K, reserved 1179648K
  class space    used 8913K, committed 9664K, reserved 1048576K
}
Event: 3326.564 GC heap after
{Heap after GC invocations=6612 (full 10):
 PSYoungGen      total 3584K, used 224K [0x00000000d5580000, 0x00000000d5980000, 0x0000000100000000)
  eden space 2560K, 0% used [0x00000000d5580000,0x00000000d5580000,0x00000000d5800000)
  from space 1024K, 21% used [0x00000000d5800000,0x00000000d5838000,0x00000000d5900000)
  to   space 512K, 0% used [0x00000000d5900000,0x00000000d5900000,0x00000000d5980000)
 ParOldGen       total 86016K, used 63223K [0x0000000080000000, 0x0000000085400000, 0x00000000d5580000)
  object space 86016K, 73% used [0x0000000080000000,0x0000000083dbdca8,0x0000000085400000)
 Metaspace       used 89843K, committed 91520K, reserved 1179648K
  class space    used 8913K, committed 9664K, reserved 1048576K
}
Event: 3326.732 GC heap before
{Heap before GC invocations=6613 (full 10):
 PSYoungGen      total 3584K, used 2784K [0x00000000d5580000, 0x00000000d5980000, 0x0000000100000000)
  eden space 2560K, 100% used [0x00000000d5580000,0x00000000d5800000,0x00000000d5800000)
  from space 1024K, 21% used [0x00000000d5800000,0x00000000d5838000,0x00000000d5900000)
  to   space 512K, 0% used [0x00000000d5900000,0x00000000d5900000,0x00000000d5980000)
 ParOldGen       total 86016K, used 63223K [0x0000000080000000, 0x0000000085400000, 0x00000000d5580000)
  object space 86016K, 73% used [0x0000000080000000,0x0000000083dbdca8,0x0000000085400000)
 Metaspace       used 89843K, committed 91520K, reserved 1179648K
  class space    used 8913K, committed 9664K, reserved 1048576K
}
Event: 3326.733 GC heap after
{Heap after GC invocations=6613 (full 10):
 PSYoungGen      total 3072K, used 288K [0x00000000d5580000, 0x00000000d5980000, 0x0000000100000000)
  eden space 2560K, 0% used [0x00000000d5580000,0x00000000d5580000,0x00000000d5800000)
  from space 512K, 56% used [0x00000000d5900000,0x00000000d5948000,0x00000000d5980000)
  to   space 512K, 0% used [0x00000000d5880000,0x00000000d5880000,0x00000000d5900000)
 ParOldGen       total 86016K, used 63271K [0x0000000080000000, 0x0000000085400000, 0x00000000d5580000)
  object space 86016K, 73% used [0x0000000080000000,0x0000000083dc9ca8,0x0000000085400000)
 Metaspace       used 89843K, committed 91520K, reserved 1179648K
  class space    used 8913K, committed 9664K, reserved 1048576K
}
Event: 3326.855 GC heap before
{Heap before GC invocations=6614 (full 10):
 PSYoungGen      total 3072K, used 2847K [0x00000000d5580000, 0x00000000d5980000, 0x0000000100000000)
  eden space 2560K, 99% used [0x00000000d5580000,0x00000000d57fffd0,0x00000000d5800000)
  from space 512K, 56% used [0x00000000d5900000,0x00000000d5948000,0x00000000d5980000)
  to   space 512K, 0% used [0x00000000d5880000,0x00000000d5880000,0x00000000d5900000)
 ParOldGen       total 86016K, used 63271K [0x0000000080000000, 0x0000000085400000, 0x00000000d5580000)
  object space 86016K, 73% used [0x0000000080000000,0x0000000083dc9ca8,0x0000000085400000)
 Metaspace       used 89843K, committed 91520K, reserved 1179648K
  class space    used 8913K, committed 9664K, reserved 1048576K
}
Event: 3327.857 GC heap after
{Heap after GC invocations=6614 (full 10):
 PSYoungGen      total 3072K, used 480K [0x00000000d5580000, 0x00000000d5a00000, 0x0000000100000000)
  eden space 2560K, 0% used [0x00000000d5580000,0x00000000d5580000,0x00000000d5800000)
  from space 512K, 93% used [0x00000000d5880000,0x00000000d58f8000,0x00000000d5900000)
  to   space 1024K, 0% used [0x00000000d5900000,0x00000000d5900000,0x00000000d5a00000)
 ParOldGen       total 86016K, used 63327K [0x0000000080000000, 0x0000000085400000, 0x00000000d5580000)
  object space 86016K, 73% used [0x0000000080000000,0x0000000083dd7ca8,0x0000000085400000)
 Metaspace       used 89843K, committed 91520K, reserved 1179648K
  class space    used 8913K, committed 9664K, reserved 1048576K
}
Event: 3327.892 GC heap before
{Heap before GC invocations=6615 (full 10):
 PSYoungGen      total 3072K, used 3040K [0x00000000d5580000, 0x00000000d5a00000, 0x0000000100000000)
  eden space 2560K, 100% used [0x00000000d5580000,0x00000000d5800000,0x00000000d5800000)
  from space 512K, 93% used [0x00000000d5880000,0x00000000d58f8000,0x00000000d5900000)
  to   space 1024K, 0% used [0x00000000d5900000,0x00000000d5900000,0x00000000d5a00000)
 ParOldGen       total 86016K, used 63327K [0x0000000080000000, 0x0000000085400000, 0x00000000d5580000)
  object space 86016K, 73% used [0x0000000080000000,0x0000000083dd7ca8,0x0000000085400000)
 Metaspace       used 89843K, committed 91520K, reserved 1179648K
  class space    used 8913K, committed 9664K, reserved 1048576K
}
Event: 3327.895 GC heap after
{Heap after GC invocations=6615 (full 10):
 PSYoungGen      total 3072K, used 320K [0x00000000d5580000, 0x00000000d5980000, 0x0000000100000000)
  eden space 2560K, 0% used [0x00000000d5580000,0x00000000d5580000,0x00000000d5800000)
  from space 512K, 62% used [0x00000000d5900000,0x00000000d5950000,0x00000000d5980000)
  to   space 512K, 0% used [0x00000000d5880000,0x00000000d5880000,0x00000000d5900000)
 ParOldGen       total 86016K, used 63375K [0x0000000080000000, 0x0000000085400000, 0x00000000d5580000)
  object space 86016K, 73% used [0x0000000080000000,0x0000000083de3ca8,0x0000000085400000)
 Metaspace       used 89843K, committed 91520K, reserved 1179648K
  class space    used 8913K, committed 9664K, reserved 1048576K
}
Event: 3327.919 GC heap before
{Heap before GC invocations=6616 (full 10):
 PSYoungGen      total 3072K, used 2880K [0x00000000d5580000, 0x00000000d5980000, 0x0000000100000000)
  eden space 2560K, 100% used [0x00000000d5580000,0x00000000d5800000,0x00000000d5800000)
  from space 512K, 62% used [0x00000000d5900000,0x00000000d5950000,0x00000000d5980000)
  to   space 512K, 0% used [0x00000000d5880000,0x00000000d5880000,0x00000000d5900000)
 ParOldGen       total 86016K, used 63375K [0x0000000080000000, 0x0000000085400000, 0x00000000d5580000)
  object space 86016K, 73% used [0x0000000080000000,0x0000000083de3ca8,0x0000000085400000)
 Metaspace       used 89843K, committed 91520K, reserved 1179648K
  class space    used 8913K, committed 9664K, reserved 1048576K
}
Event: 3327.921 GC heap after
{Heap after GC invocations=6616 (full 10):
 PSYoungGen      total 3072K, used 368K [0x00000000d5580000, 0x00000000d5980000, 0x0000000100000000)
  eden space 2560K, 0% used [0x00000000d5580000,0x00000000d5580000,0x00000000d5800000)
  from space 512K, 71% used [0x00000000d5880000,0x00000000d58dc010,0x00000000d5900000)
  to   space 512K, 0% used [0x00000000d5900000,0x00000000d5900000,0x00000000d5980000)
 ParOldGen       total 86016K, used 63415K [0x0000000080000000, 0x0000000085400000, 0x00000000d5580000)
  object space 86016K, 73% used [0x0000000080000000,0x0000000083dedca8,0x0000000085400000)
 Metaspace       used 89843K, committed 91520K, reserved 1179648K
  class space    used 8913K, committed 9664K, reserved 1048576K
}
Event: 3328.280 GC heap before
{Heap before GC invocations=6617 (full 10):
 PSYoungGen      total 3072K, used 2928K [0x00000000d5580000, 0x00000000d5980000, 0x0000000100000000)
  eden space 2560K, 100% used [0x00000000d5580000,0x00000000d5800000,0x00000000d5800000)
  from space 512K, 71% used [0x00000000d5880000,0x00000000d58dc010,0x00000000d5900000)
  to   space 512K, 0% used [0x00000000d5900000,0x00000000d5900000,0x00000000d5980000)
 ParOldGen       total 86016K, used 63415K [0x0000000080000000, 0x0000000085400000, 0x00000000d5580000)
  object space 86016K, 73% used [0x0000000080000000,0x0000000083dedca8,0x0000000085400000)
 Metaspace       used 89845K, committed 91520K, reserved 1179648K
  class space    used 8913K, committed 9664K, reserved 1048576K
}

Dll operation events (12 events):
Event: 0.015 Loaded shared library c:\Users\User\.vscode\extensions\redhat.java-1.53.0-win32-x64\jre\21.0.10-win32-x86_64\bin\java.dll
Event: 0.096 Loaded shared library c:\Users\User\.vscode\extensions\redhat.java-1.53.0-win32-x64\jre\21.0.10-win32-x86_64\bin\zip.dll
Event: 0.120 Loaded shared library C:\Users\User\.vscode\extensions\redhat.java-1.53.0-win32-x64\jre\21.0.10-win32-x86_64\bin\instrument.dll
Event: 0.125 Loaded shared library C:\Users\User\.vscode\extensions\redhat.java-1.53.0-win32-x64\jre\21.0.10-win32-x86_64\bin\net.dll
Event: 0.146 Loaded shared library C:\Users\User\.vscode\extensions\redhat.java-1.53.0-win32-x64\jre\21.0.10-win32-x86_64\bin\nio.dll
Event: 0.150 Loaded shared library C:\Users\User\.vscode\extensions\redhat.java-1.53.0-win32-x64\jre\21.0.10-win32-x86_64\bin\zip.dll
Event: 0.173 Loaded shared library C:\Users\User\.vscode\extensions\redhat.java-1.53.0-win32-x64\jre\21.0.10-win32-x86_64\bin\jimage.dll
Event: 0.349 Loaded shared library c:\Users\User\.vscode\extensions\redhat.java-1.53.0-win32-x64\jre\21.0.10-win32-x86_64\bin\verify.dll
Event: 17.059 Loaded shared library C:\Users\User\AppData\Roaming\Code\User\globalStorage\redhat.java\1.53.0\config_win\org.eclipse.equinox.launcher\org.eclipse.equinox.launcher.win32.win32.x86_64_1.3.0.v20260203-2149\eclipse_11919.dll
Event: 33.919 Loaded shared library C:\Users\User\AppData\Local\Temp\jna-2645995\jna9378566092154188777.dll
Event: 35.599 Loaded shared library C:\Users\User\.vscode\extensions\redhat.java-1.53.0-win32-x64\jre\21.0.10-win32-x86_64\bin\sunmscapi.dll
Event: 36.165 Loaded shared library C:\Users\User\.vscode\extensions\redhat.java-1.53.0-win32-x64\jre\21.0.10-win32-x86_64\bin\extnet.dll

Deoptimization events (20 events):
Event: 3237.795 Thread 0x000002a8f840de90 Uncommon trap: trap_request=0xffffff45 fr.pc=0x000002a8a2d642a8 relative=0x0000000000000108
Event: 3237.796 Thread 0x000002a8f840de90 Uncommon trap: reason=unstable_if action=reinterpret pc=0x000002a8a2d642a8 method=org.eclipse.core.internal.jobs.JobQueue.canOvertake(Lorg/eclipse/core/internal/jobs/InternalJob;Lorg/eclipse/core/internal/jobs/InternalJob;)Z @ 54 c2
Event: 3237.796 Thread 0x000002a8f840de90 DEOPT PACKING pc=0x000002a8a2d642a8 sp=0x000000e03befee00
Event: 3237.796 Thread 0x000002a8f840de90 DEOPT UNPACKING pc=0x000002a8a11c3aa2 sp=0x000000e03befed98 mode 2
Event: 3304.495 Thread 0x000002a8f840d800 Uncommon trap: trap_request=0xfffffff4 fr.pc=0x000002a8a1cd00f4 relative=0x00000000000014b4
Event: 3304.495 Thread 0x000002a8f840d800 Uncommon trap: reason=null_check action=make_not_entrant pc=0x000002a8a1cd00f4 method=java.lang.Class.reflectionData()Ljava/lang/Class$ReflectionData; @ 18 c2
Event: 3304.495 Thread 0x000002a8f840d800 DEOPT PACKING pc=0x000002a8a1cd00f4 sp=0x000000e03b8feb90
Event: 3304.495 Thread 0x000002a8f840d800 DEOPT UNPACKING pc=0x000002a8a11c3aa2 sp=0x000000e03b8fea30 mode 2
Event: 3304.495 Thread 0x000002a8f840d800 Uncommon trap: trap_request=0xfffffff4 fr.pc=0x000002a8a1da32a4 relative=0x0000000000002184
Event: 3304.495 Thread 0x000002a8f840d800 Uncommon trap: reason=null_check action=make_not_entrant pc=0x000002a8a1da32a4 method=org.eclipse.jdt.internal.compiler.ast.NameReference.isTypeReference()Z @ 4 c2
Event: 3304.495 Thread 0x000002a8f840d800 DEOPT PACKING pc=0x000002a8a1da32a4 sp=0x000000e03b8fea10
Event: 3304.495 Thread 0x000002a8f840d800 DEOPT UNPACKING pc=0x000002a8a11c3aa2 sp=0x000000e03b8fe940 mode 2
Event: 3304.521 Thread 0x000002a8f659cff0 Uncommon trap: trap_request=0xffffff45 fr.pc=0x000002a8a207b1c4 relative=0x0000000000000c84
Event: 3304.521 Thread 0x000002a8f4e3e300 Uncommon trap: trap_request=0xffffff45 fr.pc=0x000002a8a19c49a4 relative=0x0000000000000684
Event: 3304.521 Thread 0x000002a8f659cff0 Uncommon trap: reason=unstable_if action=reinterpret pc=0x000002a8a207b1c4 method=java.util.concurrent.ForkJoinPool.signalWork()V @ 184 c2
Event: 3304.521 Thread 0x000002a8f4e3e300 Uncommon trap: reason=unstable_if action=reinterpret pc=0x000002a8a19c49a4 method=java.util.concurrent.ForkJoinPool.awaitWork(Ljava/util/concurrent/ForkJoinPool$WorkQueue;)I @ 178 c2
Event: 3304.521 Thread 0x000002a8f4e3e300 DEOPT PACKING pc=0x000002a8a19c49a4 sp=0x000000e03cbfefb0
Event: 3304.521 Thread 0x000002a8f659cff0 DEOPT PACKING pc=0x000002a8a207b1c4 sp=0x000000e03cdfef80
Event: 3304.521 Thread 0x000002a8f4e3e300 DEOPT UNPACKING pc=0x000002a8a11c3aa2 sp=0x000000e03cbfef30 mode 2
Event: 3304.521 Thread 0x000002a8f659cff0 DEOPT UNPACKING pc=0x000002a8a11c3aa2 sp=0x000000e03cdfec68 mode 2

Classes loaded (20 events):
Event: 414.019 Loading class sun/net/www/http/KeepAliveCleanerEntry
Event: 414.020 Loading class sun/net/www/http/KeepAliveCleanerEntry done
Event: 414.020 Loading class sun/net/www/http/KeepAliveStream$1
Event: 414.020 Loading class sun/net/www/http/KeepAliveStream$1 done
Event: 414.020 Loading class sun/net/www/http/ChunkedInputStream
Event: 414.021 Loading class sun/net/www/http/ChunkedInputStream done
Event: 456.397 Loading class java/lang/Throwable$WrappedPrintWriter
Event: 456.397 Loading class java/lang/Throwable$PrintStreamOrWriter
Event: 456.397 Loading class java/lang/Throwable$PrintStreamOrWriter done
Event: 456.397 Loading class java/lang/Throwable$WrappedPrintWriter done
Event: 469.150 Loading class java/nio/channels/CompletionHandler
Event: 469.150 Loading class java/nio/channels/CompletionHandler done
Event: 2768.083 Loading class java/util/ArrayDeque$DeqSpliterator
Event: 2768.083 Loading class java/util/ArrayDeque$DeqSpliterator done
Event: 2769.364 Loading class java/util/concurrent/ConcurrentHashMap$KeySpliterator
Event: 2769.364 Loading class java/util/concurrent/ConcurrentHashMap$KeySpliterator done
Event: 2937.428 Loading class java/util/stream/ReferencePipeline$15
Event: 2937.428 Loading class java/util/stream/ReferencePipeline$15 done
Event: 2937.430 Loading class java/util/stream/ReferencePipeline$15$1
Event: 2937.430 Loading class java/util/stream/ReferencePipeline$15$1 done

Classes unloaded (20 events):
Event: 3177.397 Thread 0x000002a896afec00 Unloading class 0x000002a8af23d800 'java/lang/invoke/LambdaForm$MH+0x000002a8af23d800'
Event: 3177.397 Thread 0x000002a896afec00 Unloading class 0x000002a8af23d000 'java/lang/invoke/LambdaForm$MH+0x000002a8af23d000'
Event: 3177.397 Thread 0x000002a896afec00 Unloading class 0x000002a8af23c400 'java/lang/invoke/LambdaForm$MH+0x000002a8af23c400'
Event: 3177.397 Thread 0x000002a896afec00 Unloading class 0x000002a8af23bc00 'java/lang/invoke/LambdaForm$MH+0x000002a8af23bc00'
Event: 3177.397 Thread 0x000002a896afec00 Unloading class 0x000002a8af23b400 'java/lang/invoke/LambdaForm$MH+0x000002a8af23b400'
Event: 3177.397 Thread 0x000002a896afec00 Unloading class 0x000002a8af23b000 'java/lang/invoke/LambdaForm$MH+0x000002a8af23b000'
Event: 3177.397 Thread 0x000002a896afec00 Unloading class 0x000002a8af228400 'java/lang/invoke/LambdaForm$MH+0x000002a8af228400'
Event: 3177.397 Thread 0x000002a896afec00 Unloading class 0x000002a8af228000 'java/lang/invoke/LambdaForm$MH+0x000002a8af228000'
Event: 3177.397 Thread 0x000002a896afec00 Unloading class 0x000002a8af225400 'java/lang/invoke/LambdaForm$MH+0x000002a8af225400'
Event: 3177.397 Thread 0x000002a896afec00 Unloading class 0x000002a8af202400 'java/lang/invoke/LambdaForm$MH+0x000002a8af202400'
Event: 3177.397 Thread 0x000002a896afec00 Unloading class 0x000002a8af201400 'java/lang/invoke/LambdaForm$MH+0x000002a8af201400'
Event: 3177.397 Thread 0x000002a896afec00 Unloading class 0x000002a8af201000 'java/lang/invoke/LambdaForm$MH+0x000002a8af201000'
Event: 3177.397 Thread 0x000002a896afec00 Unloading class 0x000002a8af200800 'java/lang/invoke/LambdaForm$MH+0x000002a8af200800'
Event: 3177.397 Thread 0x000002a896afec00 Unloading class 0x000002a8af200000 'java/lang/invoke/LambdaForm$MH+0x000002a8af200000'
Event: 3177.397 Thread 0x000002a896afec00 Unloading class 0x000002a8af019400 'java/lang/invoke/LambdaForm$MH+0x000002a8af019400'
Event: 3177.397 Thread 0x000002a896afec00 Unloading class 0x000002a8af018400 'java/lang/invoke/LambdaForm$MH+0x000002a8af018400'
Event: 3177.397 Thread 0x000002a896afec00 Unloading class 0x000002a8af018000 'java/lang/invoke/LambdaForm$MH+0x000002a8af018000'
Event: 3177.397 Thread 0x000002a896afec00 Unloading class 0x000002a8af017400 'java/lang/invoke/LambdaForm$MH+0x000002a8af017400'
Event: 3177.397 Thread 0x000002a896afec00 Unloading class 0x000002a8af016400 'java/lang/invoke/LambdaForm$MH+0x000002a8af016400'
Event: 3177.397 Thread 0x000002a896afec00 Unloading class 0x000002a8af000400 'java/lang/invoke/LambdaForm$MH+0x000002a8af000400'

Classes redefined (0 events):
No events

Internal exceptions (20 events):
Event: 3276.346 Thread 0x000002a8f6598e50 Exception <a 'sun/nio/fs/WindowsException'{0x00000000d55c59f8}> (0x00000000d55c59f8) 
thrown [s\src\hotspot\share\prims\jni.cpp, line 520]
Event: 3277.570 Thread 0x000002a8f6598e50 Exception <a 'sun/nio/fs/WindowsException'{0x00000000d56d7858}> (0x00000000d56d7858) 
thrown [s\src\hotspot\share\prims\jni.cpp, line 520]
Event: 3277.697 Thread 0x000002a8f6598e50 Exception <a 'sun/nio/fs/WindowsException'{0x00000000d57aa548}> (0x00000000d57aa548) 
thrown [s\src\hotspot\share\prims\jni.cpp, line 520]
Event: 3280.240 Thread 0x000002a8f6598e50 Exception <a 'sun/nio/fs/WindowsException'{0x00000000d56c2be0}> (0x00000000d56c2be0) 
thrown [s\src\hotspot\share\prims\jni.cpp, line 520]
Event: 3280.463 Thread 0x000002a8f6598e50 Exception <a 'sun/nio/fs/WindowsException'{0x00000000d561b988}> (0x00000000d561b988) 
thrown [s\src\hotspot\share\prims\jni.cpp, line 520]
Event: 3285.058 Thread 0x000002a8f6598e50 Exception <a 'sun/nio/fs/WindowsException'{0x00000000d56501a8}> (0x00000000d56501a8) 
thrown [s\src\hotspot\share\prims\jni.cpp, line 520]
Event: 3285.189 Thread 0x000002a8f6598e50 Exception <a 'sun/nio/fs/WindowsException'{0x00000000d5656b48}> (0x00000000d5656b48) 
thrown [s\src\hotspot\share\prims\jni.cpp, line 520]
Event: 3288.748 Thread 0x000002a8f6598e50 Exception <a 'sun/nio/fs/WindowsException'{0x00000000d58185d8}> (0x00000000d58185d8) 
thrown [s\src\hotspot\share\prims\jni.cpp, line 520]
Event: 3288.853 Thread 0x000002a8f6598e50 Exception <a 'sun/nio/fs/WindowsException'{0x00000000d559c9f8}> (0x00000000d559c9f8) 
thrown [s\src\hotspot\share\prims\jni.cpp, line 520]
Event: 3292.035 Thread 0x000002a8f6598e50 Exception <a 'sun/nio/fs/WindowsException'{0x00000000d5752e18}> (0x00000000d5752e18) 
thrown [s\src\hotspot\share\prims\jni.cpp, line 520]
Event: 3292.155 Thread 0x000002a8f6598e50 Exception <a 'sun/nio/fs/WindowsException'{0x00000000d57bcbc8}> (0x00000000d57bcbc8) 
thrown [s\src\hotspot\share\prims\jni.cpp, line 520]
Event: 3304.495 Thread 0x000002a8f840d800 Implicit null exception at 0x000002a8a1ccec98 to 0x000002a8a1cd00d8
Event: 3304.495 Thread 0x000002a8f840d800 Implicit null exception at 0x000002a8a1da1dab to 0x000002a8a1da3294
Event: 3304.555 Thread 0x000002a8f6598e50 Exception <a 'sun/nio/fs/WindowsException'{0x00000000d55db7d8}> (0x00000000d55db7d8) 
thrown [s\src\hotspot\share\prims\jni.cpp, line 520]
Event: 3304.687 Thread 0x000002a8f6598e50 Exception <a 'sun/nio/fs/WindowsException'{0x00000000d5604d90}> (0x00000000d5604d90) 
thrown [s\src\hotspot\share\prims\jni.cpp, line 520]
Event: 3305.764 Thread 0x000002a8f6598e50 Exception <a 'sun/nio/fs/WindowsException'{0x00000000d5703b88}> (0x00000000d5703b88) 
thrown [s\src\hotspot\share\prims\jni.cpp, line 520]
Event: 3305.894 Thread 0x000002a8f6598e50 Exception <a 'sun/nio/fs/WindowsException'{0x00000000d55decc0}> (0x00000000d55decc0) 
thrown [s\src\hotspot\share\prims\jni.cpp, line 520]
Event: 3310.687 Thread 0x000002a8f659cff0 Exception <a 'java/lang/ArrayIndexOutOfBoundsException'{0x00000000d56a60a8}> (0x00000000d56a60a8) 
thrown [s\src\hotspot\share\runtime\sharedRuntime.cpp, line 625]
Event: 3311.727 Thread 0x000002a8f6598e50 Exception <a 'sun/nio/fs/WindowsException'{0x00000000d56cebc0}> (0x00000000d56cebc0) 
thrown [s\src\hotspot\share\prims\jni.cpp, line 520]
Event: 3326.182 Thread 0x000002a8f6598e50 Exception <a 'sun/nio/fs/WindowsException'{0x00000000d5644bb0}> (0x00000000d5644bb0) 
thrown [s\src\hotspot\share\prims\jni.cpp, line 520]

ZGC Phase Switch (0 events):
No events

VM Operations (20 events):
Event: 3326.243 Executing safepoint VM operation: ParallelGCFailedAllocation (Allocation Failure) done
Event: 3326.252 Executing safepoint VM operation: ParallelGCFailedAllocation (Allocation Failure)
Event: 3326.253 Executing safepoint VM operation: ParallelGCFailedAllocation (Allocation Failure) done
Event: 3326.273 Executing safepoint VM operation: ParallelGCFailedAllocation (Allocation Failure)
Event: 3326.274 Executing safepoint VM operation: ParallelGCFailedAllocation (Allocation Failure) done
Event: 3326.302 Executing safepoint VM operation: ParallelGCFailedAllocation (Allocation Failure)
Event: 3326.303 Executing safepoint VM operation: ParallelGCFailedAllocation (Allocation Failure) done
Event: 3326.316 Executing safepoint VM operation: ParallelGCFailedAllocation (Allocation Failure)
Event: 3326.317 Executing safepoint VM operation: ParallelGCFailedAllocation (Allocation Failure) done
Event: 3326.562 Executing safepoint VM operation: ParallelGCFailedAllocation (Allocation Failure)
Event: 3326.564 Executing safepoint VM operation: ParallelGCFailedAllocation (Allocation Failure) done
Event: 3326.732 Executing safepoint VM operation: ParallelGCFailedAllocation (Allocation Failure)
Event: 3326.733 Executing safepoint VM operation: ParallelGCFailedAllocation (Allocation Failure) done
Event: 3326.855 Executing safepoint VM operation: ParallelGCFailedAllocation (Allocation Failure)
Event: 3327.857 Executing safepoint VM operation: ParallelGCFailedAllocation (Allocation Failure) done
Event: 3327.892 Executing safepoint VM operation: ParallelGCFailedAllocation (Allocation Failure)
Event: 3327.895 Executing safepoint VM operation: ParallelGCFailedAllocation (Allocation Failure) done
Event: 3327.919 Executing safepoint VM operation: ParallelGCFailedAllocation (Allocation Failure)
Event: 3327.921 Executing safepoint VM operation: ParallelGCFailedAllocation (Allocation Failure) done
Event: 3328.280 Executing safepoint VM operation: ParallelGCFailedAllocation (Allocation Failure)

Memory protections (0 events):
No events

Nmethod flushes (20 events):
Event: 3325.958 Thread 0x000002a896afec00 flushing  nmethod 0x000002a89bd14910
Event: 3325.958 Thread 0x000002a896afec00 flushing  nmethod 0x000002a89bd15c10
Event: 3325.958 Thread 0x000002a896afec00 flushing  nmethod 0x000002a89bd18a10
Event: 3325.958 Thread 0x000002a896afec00 flushing  nmethod 0x000002a89bd3b290
Event: 3325.958 Thread 0x000002a896afec00 flushing  nmethod 0x000002a89bd41f10
Event: 3325.958 Thread 0x000002a896afec00 flushing  nmethod 0x000002a89bd45090
Event: 3325.958 Thread 0x000002a896afec00 flushing  nmethod 0x000002a89bd46090
Event: 3325.958 Thread 0x000002a896afec00 flushing  nmethod 0x000002a89bdbde90
Event: 3325.958 Thread 0x000002a896afec00 flushing  nmethod 0x000002a89becd110
Event: 3325.958 Thread 0x000002a896afec00 flushing  nmethod 0x000002a89beeb810
Event: 3325.958 Thread 0x000002a896afec00 flushing  nmethod 0x000002a89bf95690
Event: 3325.958 Thread 0x000002a896afec00 flushing  nmethod 0x000002a89c0ec910
Event: 3325.958 Thread 0x000002a896afec00 flushing  nmethod 0x000002a89c14d810
Event: 3325.958 Thread 0x000002a896afec00 flushing  nmethod 0x000002a89c241a10
Event: 3325.958 Thread 0x000002a896afec00 flushing  nmethod 0x000002a89c244910
Event: 3325.958 Thread 0x000002a896afec00 flushing  nmethod 0x000002a89c424d90
Event: 3325.958 Thread 0x000002a896afec00 flushing  nmethod 0x000002a89c515c10
Event: 3325.958 Thread 0x000002a896afec00 flushing  nmethod 0x000002a89c5a2410
Event: 3325.958 Thread 0x000002a896afec00 flushing  nmethod 0x000002a89c5a2810
Event: 3325.958 Thread 0x000002a896afec00 flushing  nmethod 0x000002a89c748990

Events (20 events):
Event: 3074.108 Thread 0x000002a8f4e3e300 Thread exited: 0x000002a8f4e3e300
Event: 3074.110 Thread 0x000002a8f4e3dc70 Thread exited: 0x000002a8f4e3dc70
Event: 3074.111 Thread 0x000002a8f4e3b510 Thread exited: 0x000002a8f4e3b510
Event: 3074.111 Thread 0x000002a8f4e3ae80 Thread exited: 0x000002a8f4e3ae80
Event: 3074.125 Thread 0x000002a8f4e3f020 Thread exited: 0x000002a8f4e3f020
Event: 3074.125 Thread 0x000002a8f4e3e990 Thread exited: 0x000002a8f4e3e990
Event: 3074.843 Thread 0x000002a8f4e3fd40 Thread exited: 0x000002a8f4e3fd40
Event: 3134.033 Thread 0x000002a8f659c960 Thread exited: 0x000002a8f659c960
Event: 3194.048 Thread 0x000002a8f4e3d5e0 Thread exited: 0x000002a8f4e3d5e0
Event: 3246.010 Thread 0x000002a8f8411310 Thread added: 0x000002a8f4e3e300
Event: 3246.011 Thread 0x000002a8f4e3e300 Thread exited: 0x000002a8f4e3e300
Event: 3246.013 Thread 0x000002a8f8411310 Thread added: 0x000002a8f4e3cf50
Event: 3246.014 Thread 0x000002a8f4e3cf50 Thread added: 0x000002a8f4e3d5e0
Event: 3246.015 Thread 0x000002a8f4e3cf50 Thread added: 0x000002a8f4e3bba0
Event: 3246.015 Thread 0x000002a8f4e3bba0 Thread exited: 0x000002a8f4e3bba0
Event: 3246.015 Thread 0x000002a8f4e3cf50 Thread exited: 0x000002a8f4e3cf50
Event: 3246.015 Thread 0x000002a8f4e3d5e0 Thread exited: 0x000002a8f4e3d5e0
Event: 3254.060 Thread 0x000002a8f659c2d0 Thread exited: 0x000002a8f659c2d0
Event: 3304.520 Thread 0x000002a8f659cff0 Thread added: 0x000002a8f4e3e300
Event: 3304.521 Thread 0x000002a8f659cff0 Thread added: 0x000002a8f4e3d5e0


Dynamic libraries:
0x00007ff6382c0000 - 0x00007ff6382ce000 	c:\Users\User\.vscode\extensions\redhat.java-1.53.0-win32-x64\jre\21.0.10-win32-x86_64\bin\java.exe
0x00007ffc5de00000 - 0x00007ffc5e067000 	C:\Windows\SYSTEM32\ntdll.dll
0x00007ffc5cf10000 - 0x00007ffc5cfd9000 	C:\Windows\System32\KERNEL32.DLL
0x00007ffc5a9b0000 - 0x00007ffc5ada1000 	C:\Windows\System32\KERNELBASE.dll
0x00007ffc5b620000 - 0x00007ffc5b76b000 	C:\Windows\System32\ucrtbase.dll
0x00007ffc34d80000 - 0x00007ffc34d98000 	c:\Users\User\.vscode\extensions\redhat.java-1.53.0-win32-x64\jre\21.0.10-win32-x86_64\bin\jli.dll
0x00007ffc2f960000 - 0x00007ffc2f97e000 	c:\Users\User\.vscode\extensions\redhat.java-1.53.0-win32-x64\jre\21.0.10-win32-x86_64\bin\VCRUNTIME140.dll
0x00007ffc5cff0000 - 0x00007ffc5d1b5000 	C:\Windows\System32\USER32.dll
0x00007ffc3bc00000 - 0x00007ffc3be93000 	C:\Windows\WinSxS\amd64_microsoft.windows.common-controls_6595b64144ccf1df_6.0.26100.8037_none_3e092faae333b53b\COMCTL32.dll
0x00007ffc5a6e0000 - 0x00007ffc5a707000 	C:\Windows\System32\win32u.dll
0x00007ffc5d1d0000 - 0x00007ffc5d279000 	C:\Windows\System32\msvcrt.dll
0x00007ffc5c120000 - 0x00007ffc5c14b000 	C:\Windows\System32\GDI32.dll
0x00007ffc5a710000 - 0x00007ffc5a83b000 	C:\Windows\System32\gdi32full.dll
0x00007ffc5b800000 - 0x00007ffc5b8a3000 	C:\Windows\System32\msvcp_win.dll
0x00007ffc5dd50000 - 0x00007ffc5dd81000 	C:\Windows\System32\IMM32.DLL
0x00007ffc452c0000 - 0x00007ffc452cc000 	c:\Users\User\.vscode\extensions\redhat.java-1.53.0-win32-x64\jre\21.0.10-win32-x86_64\bin\vcruntime140_1.dll
0x00007ffbd25f0000 - 0x00007ffbd267d000 	c:\Users\User\.vscode\extensions\redhat.java-1.53.0-win32-x64\jre\21.0.10-win32-x86_64\bin\msvcp140.dll
0x00007ffba35e0000 - 0x00007ffba4381000 	c:\Users\User\.vscode\extensions\redhat.java-1.53.0-win32-x64\jre\21.0.10-win32-x86_64\bin\server\jvm.dll
0x00007ffc5ce50000 - 0x00007ffc5cf0b000 	C:\Windows\System32\ADVAPI32.dll
0x00007ffc5d5c0000 - 0x00007ffc5d667000 	C:\Windows\System32\sechost.dll
0x00007ffc5c9a0000 - 0x00007ffc5cab8000 	C:\Windows\System32\RPCRT4.dll
0x00007ffc5c1b0000 - 0x00007ffc5c224000 	C:\Windows\System32\WS2_32.dll
0x00007ffc5a540000 - 0x00007ffc5a59e000 	C:\Windows\SYSTEM32\POWRPROF.dll
0x00007ffc50c60000 - 0x00007ffc50c95000 	C:\Windows\SYSTEM32\WINMM.dll
0x00007ffc48090000 - 0x00007ffc4809b000 	C:\Windows\SYSTEM32\VERSION.dll
0x00007ffc5a520000 - 0x00007ffc5a534000 	C:\Windows\SYSTEM32\UMPDC.dll
0x00007ffc59470000 - 0x00007ffc5948b000 	C:\Windows\SYSTEM32\kernel.appcore.dll
0x00007ffc43000000 - 0x00007ffc4300a000 	c:\Users\User\.vscode\extensions\redhat.java-1.53.0-win32-x64\jre\21.0.10-win32-x86_64\bin\jimage.dll
0x00007ffc58580000 - 0x00007ffc587c2000 	C:\Windows\SYSTEM32\DBGHELP.DLL
0x00007ffc5cac0000 - 0x00007ffc5ce42000 	C:\Windows\System32\combase.dll
0x00007ffc5d810000 - 0x00007ffc5d8e7000 	C:\Windows\System32\OLEAUT32.dll
0x00007ffc306e0000 - 0x00007ffc3071b000 	C:\Windows\SYSTEM32\dbgcore.DLL
0x00007ffc5baf0000 - 0x00007ffc5bb95000 	C:\Windows\System32\bcryptPrimitives.dll
0x00007ffc3b870000 - 0x00007ffc3b87f000 	c:\Users\User\.vscode\extensions\redhat.java-1.53.0-win32-x64\jre\21.0.10-win32-x86_64\bin\instrument.dll
0x00007ffc20da0000 - 0x00007ffc20dc0000 	c:\Users\User\.vscode\extensions\redhat.java-1.53.0-win32-x64\jre\21.0.10-win32-x86_64\bin\java.dll
0x00007ffc5c230000 - 0x00007ffc5c98f000 	C:\Windows\System32\SHELL32.dll
0x00007ffc5a840000 - 0x00007ffc5a9aa000 	C:\Windows\System32\wintypes.dll
0x00007ffc5adb0000 - 0x00007ffc5b614000 	C:\Windows\System32\windows.storage.dll
0x00007ffc5da20000 - 0x00007ffc5db17000 	C:\Windows\System32\SHCORE.dll
0x00007ffc5c0b0000 - 0x00007ffc5c117000 	C:\Windows\System32\shlwapi.dll
0x00007ffc5a600000 - 0x00007ffc5a629000 	C:\Windows\SYSTEM32\profapi.dll
0x00007ffc0cf10000 - 0x00007ffc0cf28000 	c:\Users\User\.vscode\extensions\redhat.java-1.53.0-win32-x64\jre\21.0.10-win32-x86_64\bin\zip.dll
0x00007ffc3b840000 - 0x00007ffc3b850000 	C:\Users\User\.vscode\extensions\redhat.java-1.53.0-win32-x64\jre\21.0.10-win32-x86_64\bin\net.dll
0x00007ffc4a7a0000 - 0x00007ffc4a8c7000 	C:\Windows\SYSTEM32\WINHTTP.dll
0x00007ffc599e0000 - 0x00007ffc59a4b000 	C:\Windows\system32\mswsock.dll
0x00007ffc08210000 - 0x00007ffc08226000 	C:\Users\User\.vscode\extensions\redhat.java-1.53.0-win32-x64\jre\21.0.10-win32-x86_64\bin\nio.dll
0x00007ffc3ac00000 - 0x00007ffc3ac10000 	c:\Users\User\.vscode\extensions\redhat.java-1.53.0-win32-x64\jre\21.0.10-win32-x86_64\bin\verify.dll
0x00007ffbe83e0000 - 0x00007ffbe8425000 	C:\Users\User\AppData\Roaming\Code\User\globalStorage\redhat.java\1.53.0\config_win\org.eclipse.equinox.launcher\org.eclipse.equinox.launcher.win32.win32.x86_64_1.3.0.v20260203-2149\eclipse_11919.dll
0x00007ffc5d670000 - 0x00007ffc5d805000 	C:\Windows\System32\ole32.dll
0x00007ffc59cd0000 - 0x00007ffc59ceb000 	C:\Windows\SYSTEM32\CRYPTSP.dll
0x00007ffc593d0000 - 0x00007ffc59409000 	C:\Windows\system32\rsaenh.dll
0x00007ffc59a90000 - 0x00007ffc59ac2000 	C:\Windows\SYSTEM32\USERENV.dll
0x00007ffc5a5d0000 - 0x00007ffc5a5fa000 	C:\Windows\SYSTEM32\bcrypt.dll
0x00007ffc59cc0000 - 0x00007ffc59ccc000 	C:\Windows\SYSTEM32\CRYPTBASE.dll
0x00007ffc58e10000 - 0x00007ffc58e43000 	C:\Windows\SYSTEM32\IPHLPAPI.DLL
0x00007ffc5dd90000 - 0x00007ffc5dd9a000 	C:\Windows\System32\NSI.dll
0x00007ffbe3880000 - 0x00007ffbe38c9000 	C:\Users\User\AppData\Local\Temp\jna-2645995\jna9378566092154188777.dll
0x00007ffc5dd40000 - 0x00007ffc5dd48000 	C:\Windows\System32\PSAPI.DLL
0x00007ffc52510000 - 0x00007ffc5252d000 	C:\Windows\SYSTEM32\dhcpcsvc6.DLL
0x00007ffc523f0000 - 0x00007ffc52413000 	C:\Windows\SYSTEM32\dhcpcsvc.DLL
0x00007ffc37e10000 - 0x00007ffc37e1e000 	C:\Users\User\.vscode\extensions\redhat.java-1.53.0-win32-x64\jre\21.0.10-win32-x86_64\bin\sunmscapi.dll
0x00007ffc5b970000 - 0x00007ffc5bae7000 	C:\Windows\System32\CRYPT32.dll
0x00007ffc59ee0000 - 0x00007ffc59f10000 	C:\Windows\SYSTEM32\ncrypt.dll
0x00007ffc59e90000 - 0x00007ffc59ecf000 	C:\Windows\SYSTEM32\NTASN1.dll
0x00007ffc58ed0000 - 0x00007ffc58ffa000 	C:\Windows\SYSTEM32\DNSAPI.dll
0x00007ffc49e20000 - 0x00007ffc49e2b000 	C:\Windows\System32\rasadhlp.dll
0x00007ffc52a60000 - 0x00007ffc52ae6000 	C:\Windows\System32\fwpuclnt.dll
0x00007ffc37710000 - 0x00007ffc37719000 	C:\Users\User\.vscode\extensions\redhat.java-1.53.0-win32-x64\jre\21.0.10-win32-x86_64\bin\extnet.dll

JVMTI agents:
c:\Users\User\.vscode\extensions\redhat.java-1.53.0-win32-x64\lombok\lombok-1.18.39-4050.jar path:c:\Users\User\.vscode\extensions\redhat.java-1.53.0-win32-x64\jre\21.0.10-win32-x86_64\bin\instrument.dll, loaded, initialized, instrumentlib options:none

dbghelp: loaded successfully - version: 4.0.5 - missing functions: none
symbol engine: initialized successfully - sym options: 0x614 - pdb path: .;c:\Users\User\.vscode\extensions\redhat.java-1.53.0-win32-x64\jre\21.0.10-win32-x86_64\bin;C:\Windows\SYSTEM32;C:\Windows\WinSxS\amd64_microsoft.windows.common-controls_6595b64144ccf1df_6.0.26100.8037_none_3e092faae333b53b;c:\Users\User\.vscode\extensions\redhat.java-1.53.0-win32-x64\jre\21.0.10-win32-x86_64\bin\server;C:\Users\User\AppData\Roaming\Code\User\globalStorage\redhat.java\1.53.0\config_win\org.eclipse.equinox.launcher\org.eclipse.equinox.launcher.win32.win32.x86_64_1.3.0.v20260203-2149;C:\Users\User\AppData\Local\Temp\jna-2645995

VM Arguments:
jvm_args: --add-modules=ALL-SYSTEM --add-opens=java.base/java.util=ALL-UNNAMED --add-opens=java.base/java.lang=ALL-UNNAMED --add-opens=java.base/sun.nio.fs=ALL-UNNAMED -Declipse.application=org.eclipse.jdt.ls.core.id1 -Dosgi.bundles.defaultStartLevel=4 -Declipse.product=org.eclipse.jdt.ls.core.product -Djava.import.generatesMetadataFilesAtProjectRoot=false -DDetectVMInstallationsJob.disabled=true -Dfile.encoding=utf8 -XX:+UseParallelGC -XX:GCTimeRatio=4 -XX:AdaptiveSizePolicyWeight=90 -Dsun.zip.disableMemoryMapping=true -Xmx2G -Xms100m -Xlog:disable -javaagent:c:\Users\User\.vscode\extensions\redhat.java-1.53.0-win32-x64\lombok\lombok-1.18.39-4050.jar -XX:+HeapDumpOnOutOfMemoryError -XX:HeapDumpPath=c:\Users\User\AppData\Roaming\Code\User\workspaceStorage\c5569fb98b53a5d29c62dc571740dfb3\redhat.java -Daether.dependencyCollector.impl=bf 
java_command: c:\Users\User\.vscode\extensions\redhat.java-1.53.0-win32-x64\server\plugins\org.eclipse.equinox.launcher_1.7.100.v20251111-0406.jar -configuration c:\Users\User\AppData\Roaming\Code\User\globalStorage\redhat.java\1.53.0\config_win -data c:\Users\User\AppData\Roaming\Code\User\workspaceStorage\c5569fb98b53a5d29c62dc571740dfb3\redhat.java\jdt_ws --pipe=\\.\pipe\lsp-63f8bd34a59e518e774bc337c6ff629c-sock
java_class_path (initial): c:\Users\User\.vscode\extensions\redhat.java-1.53.0-win32-x64\server\plugins\org.eclipse.equinox.launcher_1.7.100.v20251111-0406.jar
Launcher Type: SUN_STANDARD

[Global flags]
    uintx AdaptiveSizePolicyWeight                 = 90                                        {product} {command line}
     intx CICompilerCount                          = 4                                         {product} {ergonomic}
    uintx GCTimeRatio                              = 4                                         {product} {command line}
     bool HeapDumpOnOutOfMemoryError               = true                                   {manageable} {command line}
    ccstr HeapDumpPath                             = c:\Users\User\AppData\Roaming\Code\User\workspaceStorage\c5569fb98b53a5d29c62dc571740dfb3\redhat.java         {manageable} {command line}
   size_t InitialHeapSize                          = 104857600                                 {product} {command line}
   size_t MaxHeapSize                              = 2147483648                                {product} {command line}
   size_t MaxNewSize                               = 715653120                                 {product} {ergonomic}
   size_t MinHeapDeltaBytes                        = 524288                                    {product} {ergonomic}
   size_t MinHeapSize                              = 104857600                                 {product} {command line}
   size_t NewSize                                  = 34603008                                  {product} {ergonomic}
    uintx NonNMethodCodeHeapSize                   = 5839372                                {pd product} {ergonomic}
    uintx NonProfiledCodeHeapSize                  = 122909434                              {pd product} {ergonomic}
   size_t OldSize                                  = 70254592                                  {product} {ergonomic}
    uintx ProfiledCodeHeapSize                     = 122909434                              {pd product} {ergonomic}
    uintx ReservedCodeCacheSize                    = 251658240                              {pd product} {ergonomic}
     bool SegmentedCodeCache                       = true                                      {product} {ergonomic}
   size_t SoftMaxHeapSize                          = 2147483648                             {manageable} {ergonomic}
     bool UseCompressedOops                        = true                           {product lp64_product} {ergonomic}
     bool UseLargePagesIndividualAllocation        = false                                  {pd product} {ergonomic}
     bool UseParallelGC                            = true                                      {product} {command line}

Logging:
Log output configuration:
 #0: stdout all=off uptime,level,tags foldmultilines=false
 #1: stderr all=off uptime,level,tags foldmultilines=false

Release file:
JAVA_VERSION="21.0.10" 
MODULES="java.base java.compiler java.datatransfer java.xml java.prefs java.desktop java.instrument java.logging java.management java.security.sasl java.naming java.rmi java.management.rmi java.net.http java.scripting java.security.jgss java.transaction.xa java.sql java.sql.rowset java.xml.crypto java.se java.smartcardio jdk.accessibility jdk.internal.jvmstat jdk.attach jdk.charsets jdk.internal.opt jdk.zipfs jdk.compiler jdk.crypto.ec jdk.crypto.cryptoki jdk.crypto.mscapi jdk.dynalink jdk.internal.ed jdk.editpad jdk.hotspot.agent jdk.httpserver jdk.internal.le jdk.internal.vm.ci jdk.internal.vm.compiler jdk.internal.vm.compiler.management jdk.jartool jdk.javadoc jdk.jcmd jdk.management jdk.management.agent jdk.jconsole jdk.jdeps jdk.jdwp.agent jdk.jdi jdk.jfr jdk.jshell jdk.jsobject jdk.jstatd jdk.localedata jdk.management.jfr jdk.naming.dns jdk.naming.rmi jdk.net jdk.nio.mapmode jdk.random jdk.sctp jdk.security.auth jdk.security.jgss jdk.unsupported jdk.unsupported.desktop jdk.xml.dom" 

Environment Variables:
JAVA_HOME=C:\Program Files\Eclipse Adoptium\jdk-17.0.18.8-hotspot\
PATH=C:\Users\User\AppData\Local\Programs\Microsoft VS Code;C:\Program Files\Eclipse Adoptium\jdk-17.0.18.8-hotspot\bin;C:\Program Files (x86)\Common Files\Oracle\Java\javapath;C:\Windows\system32;C:\Windows;C:\Windows\System32\Wbem;C:\Windows\System32\WindowsPowerShell\v1.0\;C:\Windows\System32\OpenSSH\;C:\Program Files\Git\cmd;C:\ProgramData\chocolatey\bin;C:\Program Files\dotnet\;C:\Users\User\AppData\Local\Microsoft\WindowsApps;C:\Users\User\AppData\Local\Programs\Microsoft VS Code\bin;C:\Users\User\AppData\Local\GitHubDesktop\bin;C:\Program Files\JetBrains\IntelliJ IDEA 2025.3.2\bin;C:\Users\User\AppData\Local\Python\bin
USERNAME=User
OS=Windows_NT
PROCESSOR_IDENTIFIER=Intel64 Family 6 Model 154 Stepping 4, GenuineIntel
TMP=C:\Users\User\AppData\Local\Temp
TEMP=C:\Users\User\AppData\Local\Temp




Periodic native trim disabled

---------------  S Y S T E M  ---------------

OS:
 Windows 11 , 64 bit Build 26100 (10.0.26100.7920)
OS uptime: 1 days 14:42 hours
Hyper-V role detected

CPU: total 8 (initial active 8) (4 cores per cpu, 2 threads per core) family 6 model 154 stepping 4 microcode 0x437, cx8, cmov, fxsr, ht, mmx, 3dnowpref, sse, sse2, sse3, ssse3, sse4.1, sse4.2, popcnt, lzcnt, tsc, tscinvbit, avx, avx2, aes, erms, clmul, bmi1, bmi2, adx, sha, fma, vzeroupper, clflush, clflushopt, clwb, hv, serialize, rdtscp, rdpid, fsrm, f16c, cet_ibt, cet_ss
Processor Information for processor 0
  Max Mhz: 1200, Current Mhz: 1200, Mhz Limit: 1200
Processor Information for processor 1
  Max Mhz: 1200, Current Mhz: 1200, Mhz Limit: 1200
Processor Information for processor 2
  Max Mhz: 1200, Current Mhz: 1200, Mhz Limit: 1200
Processor Information for processor 3
  Max Mhz: 1200, Current Mhz: 1200, Mhz Limit: 1200
Processor Information for processor 4
  Max Mhz: 1200, Current Mhz: 900, Mhz Limit: 900
Processor Information for processor 5
  Max Mhz: 1200, Current Mhz: 900, Mhz Limit: 900
Processor Information for processor 6
  Max Mhz: 1200, Current Mhz: 900, Mhz Limit: 900
Processor Information for processor 7
  Max Mhz: 1200, Current Mhz: 900, Mhz Limit: 900

Memory: 4k page, system-wide physical 16057M (7646M free)
TotalPageFile size 35191M (AvailPageFile size 6M)
current process WorkingSet (physical memory assigned to process): 419M, peak: 1714M
current process commit charge ("private bytes"): 452M, peak: 1751M

vm_info: OpenJDK 64-Bit Server VM (21.0.10+7-LTS) for windows-amd64 JRE (21.0.10+7-LTS), built on 2026-01-20T00:00:00Z by "admin" with MS VC++ 17.12 (VS2022)

END.
